#
# There is insufficient memory for the Java Runtime Environment to continue.
# Native memory allocation (malloc) failed to allocate 2637200 bytes. Error detail: Chunk::new
# Possible reasons:
#   The system is out of physical RAM or swap space
#   This process is running with CompressedOops enabled, and the Java Heap may be blocking the growth of the native heap
# Possible solutions:
#   Reduce memory load on the system
#   Increase physical memory or swap space
#   Check if swap backing store is full
#   Decrease Java heap size (-Xmx/-Xms)
#   Decrease number of Java threads
#   Decrease Java thread stack sizes (-Xss)
#   Set larger code cache with -XX:ReservedCodeCacheSize=
#   JVM is running with Unscaled Compressed Oops mode in which the Java heap is
#     placed in the first 4GB address space. The Java Heap base address is the
#     maximum limit for the native heap growth. Please use -XX:HeapBaseMinAddress
#     to set the Java Heap base and to place the Java Heap above 4GB virtual address.
# This output file may be truncated or incomplete.
#
#  Out of Memory Error (arena.cpp:191), pid=11432, tid=7944
#
# JRE version: OpenJDK Runtime Environment Temurin-17.0.12+7 (17.0.12+7) (build 17.0.12+7)
# Java VM: OpenJDK 64-Bit Server VM Temurin-17.0.12+7 (17.0.12+7, mixed mode, tiered, compressed oops, compressed class ptrs, parallel gc, windows-amd64)
# No core dump will be written. Minidumps are not enabled by default on client versions of Windows
#

---------------  S U M M A R Y ------------

Command Line: --add-modules=ALL-SYSTEM --add-opens=java.base/java.util=ALL-UNNAMED --add-opens=java.base/java.lang=ALL-UNNAMED --add-opens=java.base/sun.nio.fs=ALL-UNNAMED -Declipse.application=org.eclipse.jdt.ls.core.id1 -Dosgi.bundles.defaultStartLevel=4 -Declipse.product=org.eclipse.jdt.ls.core.product -Djava.import.generatesMetadataFilesAtProjectRoot=false -DDetectVMInstallationsJob.disabled=true -Dfile.encoding=utf8 -XX:+UseParallelGC -XX:GCTimeRatio=4 -XX:AdaptiveSizePolicyWeight=90 -Dsun.zip.disableMemoryMapping=true -Xmx1G -Xms100m -Xlog:disable -javaagent:c:\Users\Nayan Mandal\.vscode\extensions\redhat.java-1.35.0-win32-x64\lombok\lombok-1.18.33.jar c:\Users\Nayan Mandal\.vscode\extensions\redhat.java-1.35.0-win32-x64\server\plugins\org.eclipse.equinox.launcher_1.6.900.v20240613-2009.jar -configuration c:\Users\Nayan Mandal\AppData\Roaming\Code\User\globalStorage\redhat.java\1.35.0\config_ss_win -data c:\Users\Nayan Mandal\AppData\Roaming\Code\User\workspaceStorage\14b7aa4224a939eacf2cdfc44a398597\redhat.java\ss_ws --pipe=\\.\pipe\lsp-25e4c16826cb3e1906059d09cb997706-sock

Host: Intel(R) Core(TM) i3-1005G1 CPU @ 1.20GHz, 4 cores, 3G,  Windows 11 , 64 bit Build 22621 (10.0.22621.3958)
Time: Sat Sep 28 19:04:30 2024 India Standard Time elapsed time: 8.681069 seconds (0d 0h 0m 8s)

---------------  T H R E A D  ---------------

Current thread (0x00000287e18b08a0):  JavaThread "C2 CompilerThread0" daemon [_thread_in_native, id=7944, stack(0x0000009e97b00000,0x0000009e97c00000)]


Current CompileTask:
C2:   8681 2471       4       org.lombokweb.asm.ClassReader::readMethod (1066 bytes)

Stack: [0x0000009e97b00000,0x0000009e97c00000]
Native frames: (J=compiled Java code, j=interpreted, Vv=VM code, C=native code)
V  [jvm.dll+0x67f929]
V  [jvm.dll+0x8371ba]
V  [jvm.dll+0x838c7e]
V  [jvm.dll+0x8392e3]
V  [jvm.dll+0x24834f]
V  [jvm.dll+0xac9d4]
V  [jvm.dll+0xad01c]
V  [jvm.dll+0x3674a7]
V  [jvm.dll+0x1bd562]
V  [jvm.dll+0x21aa09]
V  [jvm.dll+0x219cf1]
V  [jvm.dll+0x1a58bd]
V  [jvm.dll+0x229a2d]
V  [jvm.dll+0x227bdc]
V  [jvm.dll+0x7ec1f7]
V  [jvm.dll+0x7e65dc]
V  [jvm.dll+0x67e7f7]
C  [ucrtbase.dll+0x29333]
C  [KERNEL32.DLL+0x1257d]
C  [ntdll.dll+0x5af28]


---------------  P R O C E S S  ---------------

Threads class SMR info:
_java_thread_list=0x00000287e84addb0, length=22, elements={
0x00000287cbadd080, 0x00000287e187f010, 0x00000287e1880400, 0x00000287cbb8d280,
0x00000287cbb8db50, 0x00000287e18ad010, 0x00000287e18af500, 0x00000287e18b08a0,
0x00000287e6a98120, 0x00000287e6aeb570, 0x00000287e6b9e390, 0x00000287e6e773f0,
0x00000287e73001a0, 0x00000287e764f510, 0x00000287e740f880, 0x00000287e72d8e60,
0x00000287e7657fb0, 0x00000287e75cf530, 0x00000287e75cfa40, 0x00000287e75d18a0,
0x00000287e75d27d0, 0x00000287e75d1390
}

Java Threads: ( => current thread )
  0x00000287cbadd080 JavaThread "main" [_thread_in_Java, id=13480, stack(0x0000009e97200000,0x0000009e97300000)]
  0x00000287e187f010 JavaThread "Reference Handler" daemon [_thread_blocked, id=4140, stack(0x0000009e97500000,0x0000009e97600000)]
  0x00000287e1880400 JavaThread "Finalizer" daemon [_thread_blocked, id=13168, stack(0x0000009e97600000,0x0000009e97700000)]
  0x00000287cbb8d280 JavaThread "Signal Dispatcher" daemon [_thread_blocked, id=18580, stack(0x0000009e97700000,0x0000009e97800000)]
  0x00000287cbb8db50 JavaThread "Attach Listener" daemon [_thread_blocked, id=10036, stack(0x0000009e97800000,0x0000009e97900000)]
  0x00000287e18ad010 JavaThread "Service Thread" daemon [_thread_blocked, id=21568, stack(0x0000009e97900000,0x0000009e97a00000)]
  0x00000287e18af500 JavaThread "Monitor Deflation Thread" daemon [_thread_blocked, id=6692, stack(0x0000009e97a00000,0x0000009e97b00000)]
=>0x00000287e18b08a0 JavaThread "C2 CompilerThread0" daemon [_thread_in_native, id=7944, stack(0x0000009e97b00000,0x0000009e97c00000)]
  0x00000287e6a98120 JavaThread "C1 CompilerThread0" daemon [_thread_in_vm, id=14480, stack(0x0000009e97c00000,0x0000009e97d00000)]
  0x00000287e6aeb570 JavaThread "Sweeper thread" daemon [_thread_blocked, id=22756, stack(0x0000009e97d00000,0x0000009e97e00000)]
  0x00000287e6b9e390 JavaThread "Common-Cleaner" daemon [_thread_blocked, id=19816, stack(0x0000009e97e00000,0x0000009e97f00000)]
  0x00000287e6e773f0 JavaThread "Notification Thread" daemon [_thread_blocked, id=21832, stack(0x0000009e97f00000,0x0000009e98000000)]
  0x00000287e73001a0 JavaThread "Active Thread: Equinox Container: a8e1d280-6599-4fab-bf9c-7e13dec6d1b1" [_thread_blocked, id=17224, stack(0x0000009e98400000,0x0000009e98500000)]
  0x00000287e764f510 JavaThread "Framework Event Dispatcher: Equinox Container: a8e1d280-6599-4fab-bf9c-7e13dec6d1b1" daemon [_thread_blocked, id=3960, stack(0x0000009e98500000,0x0000009e98600000)]
  0x00000287e740f880 JavaThread "Start Level: Equinox Container: a8e1d280-6599-4fab-bf9c-7e13dec6d1b1" daemon [_thread_in_Java, id=20340, stack(0x0000009e98600000,0x0000009e98700000)]
  0x00000287e72d8e60 JavaThread "SCR Component Actor" daemon [_thread_blocked, id=13252, stack(0x0000009e98700000,0x0000009e98800000)]
  0x00000287e7657fb0 JavaThread "SCR Component Registry" daemon [_thread_blocked, id=17072, stack(0x0000009e98800000,0x0000009e98900000)]
  0x00000287e75cf530 JavaThread "Worker-JM" [_thread_blocked, id=17676, stack(0x0000009e98900000,0x0000009e98a00000)]
  0x00000287e75cfa40 JavaThread "JNA Cleaner" daemon [_thread_blocked, id=9744, stack(0x0000009e98a00000,0x0000009e98b00000)]
  0x00000287e75d18a0 JavaThread "Worker-0" [_thread_blocked, id=11160, stack(0x0000009e98b00000,0x0000009e98c00000)]
  0x00000287e75d27d0 JavaThread "Worker-1" [_thread_blocked, id=4648, stack(0x0000009e98c00000,0x0000009e98d00000)]
  0x00000287e75d1390 JavaThread "Java indexing" daemon [_thread_new, id=22256, stack(0x0000000000000000,0x0000000000000000)]

Other Threads:
  0x00000287cbb66420 VMThread "VM Thread" [stack: 0x0000009e97400000,0x0000009e97500000] [id=23092]
  0x00000287e6e778d0 WatcherThread [stack: 0x0000009e98000000,0x0000009e98100000] [id=17708]
  0x00000287cbaf0870 GCTaskThread "GC Thread#0" [stack: 0x0000009e97300000,0x0000009e97400000] [id=6696]
  0x00000287e7208920 GCTaskThread "GC Thread#1" [stack: 0x0000009e98100000,0x0000009e98200000] [id=20428]
  0x00000287e720ccd0 GCTaskThread "GC Thread#2" [stack: 0x0000009e98200000,0x0000009e98300000] [id=3584]
  0x00000287e720cf90 GCTaskThread "GC Thread#3" [stack: 0x0000009e98300000,0x0000009e98400000] [id=7688]

Threads with active compile tasks:
C2 CompilerThread0     8706 2471       4       org.lombokweb.asm.ClassReader::readMethod (1066 bytes)
C1 CompilerThread0     8706 2642       3       sun.util.locale.LocaleUtils::toUpperString (95 bytes)

VM state: not at safepoint (normal execution)

VM Mutex/Monitor currently owned by a thread: None

Heap address: 0x00000000c0000000, size: 1024 MB, Compressed Oops mode: 32-bit

CDS archive(s) not mapped
Compressed class space mapped at: 0x0000000100000000-0x0000000140000000, reserved size: 1073741824
Narrow klass base: 0x0000000000000000, Narrow klass shift: 3, Narrow klass range: 0x140000000

GC Precious Log:
 CPUs: 4 total, 4 available
 Memory: 3863M
 Large Page Support: Disabled
 NUMA Support: Disabled
 Compressed Oops: Enabled (32-bit)
 Alignments: Space 512K, Generation 512K, Heap 2M
 Heap Min Capacity: 100M
 Heap Initial Capacity: 100M
 Heap Max Capacity: 1G
 Pre-touch: Disabled
 Parallel Workers: 4

Heap:
 PSYoungGen      total 26624K, used 23803K [0x00000000eab00000, 0x00000000ec900000, 0x0000000100000000)
  eden space 24576K, 88% used [0x00000000eab00000,0x00000000ec043e98,0x00000000ec300000)
  from space 2048K, 99% used [0x00000000ec700000,0x00000000ec8faec8,0x00000000ec900000)
  to   space 2560K, 0% used [0x00000000ec400000,0x00000000ec400000,0x00000000ec680000)
 ParOldGen       total 68608K, used 6844K [0x00000000c0000000, 0x00000000c4300000, 0x00000000eab00000)
  object space 68608K, 9% used [0x00000000c0000000,0x00000000c06af2c8,0x00000000c4300000)
 Metaspace       used 29799K, committed 30272K, reserved 1114112K
  class space    used 2891K, committed 3072K, reserved 1048576K

Card table byte_map: [0x00000287df140000,0x00000287df350000] _byte_map_base: 0x00000287deb40000

Marking Bits: (ParMarkBitMap*) 0x00007ffcafaf58b0
 Begin Bits: [0x00000287df4b0000, 0x00000287e04b0000)
 End Bits:   [0x00000287e04b0000, 0x00000287e14b0000)

Polling page: 0x00000287cbb90000

Metaspace:

Usage:
  Non-class:     26.28 MB used.
      Class:      2.82 MB used.
       Both:     29.10 MB used.

Virtual space:
  Non-class space:       64.00 MB reserved,      26.56 MB ( 42%) committed,  1 nodes.
      Class space:        1.00 GB reserved,       3.00 MB ( <1%) committed,  1 nodes.
             Both:        1.06 GB reserved,      29.56 MB (  3%) committed. 

Chunk freelists:
   Non-Class:  4.53 MB
       Class:  13.01 MB
        Both:  17.54 MB

MaxMetaspaceSize: unlimited
CompressedClassSpaceSize: 1.00 GB
Initial GC threshold: 21.00 MB
Current GC threshold: 35.00 MB
CDS: off
MetaspaceReclaimPolicy: balanced
 - commit_granule_bytes: 65536.
 - commit_granule_words: 8192.
 - virtual_space_node_default_size: 8388608.
 - enlarge_chunks_in_place: 1.
 - new_chunks_are_fully_committed: 0.
 - uncommit_free_chunks: 1.
 - use_allocation_guard: 0.
 - handle_deallocations: 1.


Internal statistics:

num_allocs_failed_limit: 3.
num_arena_births: 314.
num_arena_deaths: 14.
num_vsnodes_births: 2.
num_vsnodes_deaths: 0.
num_space_committed: 473.
num_space_uncommitted: 0.
num_chunks_returned_to_freelist: 17.
num_chunks_taken_from_freelist: 1130.
num_chunk_merges: 8.
num_chunk_splits: 746.
num_chunks_enlarged: 524.
num_inconsistent_stats: 0.

CodeHeap 'non-profiled nmethods': size=120000Kb used=980Kb max_used=980Kb free=119019Kb
 bounds [0x00000287d7a30000, 0x00000287d7ca0000, 0x00000287def60000]
CodeHeap 'profiled nmethods': size=120000Kb used=5271Kb max_used=5271Kb free=114728Kb
 bounds [0x00000287cff60000, 0x00000287d0490000, 0x00000287d7490000]
CodeHeap 'non-nmethods': size=5760Kb used=1255Kb max_used=1255Kb free=4504Kb
 bounds [0x00000287d7490000, 0x00000287d7700000, 0x00000287d7a30000]
 total_blobs=3184 nmethods=2626 adapters=472
 compilation: enabled
              stopped_count=0, restarted_count=0
 full_count=0

Compilation events (20 events):
Event: 8.661 Thread 0x00000287e6a98120 2613       1       sun.util.locale.BaseLocale::getRegion (5 bytes)
Event: 8.661 Thread 0x00000287e6a98120 nmethod 2613 0x00000287d7b23490 code [0x00000287d7b23620, 0x00000287d7b236f8]
Event: 8.662 Thread 0x00000287e6a98120 2614       1       sun.util.locale.BaseLocale::getVariant (5 bytes)
Event: 8.662 Thread 0x00000287e6a98120 nmethod 2614 0x00000287d7b23790 code [0x00000287d7b23920, 0x00000287d7b239f8]
Event: 8.662 Thread 0x00000287e6a98120 2615       1       sun.util.locale.BaseLocale::getScript (5 bytes)
Event: 8.662 Thread 0x00000287e6a98120 nmethod 2615 0x00000287d7b23a90 code [0x00000287d7b23c20, 0x00000287d7b23cf8]
Event: 8.662 Thread 0x00000287e6a98120 2616       3       sun.util.locale.LocaleUtils::isAlpha (30 bytes)
Event: 8.662 Thread 0x00000287e6a98120 nmethod 2616 0x00000287d0479610 code [0x00000287d04797a0, 0x00000287d0479998]
Event: 8.663 Thread 0x00000287e6a98120 2617       1       sun.util.locale.StringTokenIterator::current (5 bytes)
Event: 8.663 Thread 0x00000287e6a98120 nmethod 2617 0x00000287d7b23d90 code [0x00000287d7b23f20, 0x00000287d7b23ff8]
Event: 8.665 Thread 0x00000287e6a98120 2618       3       sun.util.locale.LocaleUtils::toLowerString (95 bytes)
Event: 8.666 Thread 0x00000287e6a98120 nmethod 2618 0x00000287d0479a10 code [0x00000287d0479ce0, 0x00000287d047ae88]
Event: 8.666 Thread 0x00000287e6a98120 2619       1       sun.util.locale.StringTokenIterator::currentEnd (5 bytes)
Event: 8.667 Thread 0x00000287e6a98120 nmethod 2619 0x00000287d7b24090 code [0x00000287d7b24220, 0x00000287d7b242f8]
Event: 8.667 Thread 0x00000287e6a98120 2620       1       sun.util.locale.BaseLocale$Key::hashCode (5 bytes)
Event: 8.667 Thread 0x00000287e6a98120 nmethod 2620 0x00000287d7b24390 code [0x00000287d7b24520, 0x00000287d7b245f8]
Event: 8.667 Thread 0x00000287e6a98120 2621       3       sun.util.locale.LocaleUtils::isLower (18 bytes)
Event: 8.667 Thread 0x00000287e6a98120 nmethod 2621 0x00000287d047b590 code [0x00000287d047b720, 0x00000287d047b898]
Event: 8.674 Thread 0x00000287e6a98120 2622       3       sun.util.locale.BaseLocale::hashCode (67 bytes)
Event: 8.674 Thread 0x00000287e6a98120 nmethod 2622 0x00000287d047b910 code [0x00000287d047bae0, 0x00000287d047bdb8]

GC Heap History (14 events):
Event: 2.183 GC heap before
{Heap before GC invocations=1 (full 0):
 PSYoungGen      total 29696K, used 25600K [0x00000000eab00000, 0x00000000ecc00000, 0x0000000100000000)
  eden space 25600K, 100% used [0x00000000eab00000,0x00000000ec400000,0x00000000ec400000)
  from space 4096K, 0% used [0x00000000ec800000,0x00000000ec800000,0x00000000ecc00000)
  to   space 4096K, 0% used [0x00000000ec400000,0x00000000ec400000,0x00000000ec800000)
 ParOldGen       total 68608K, used 0K [0x00000000c0000000, 0x00000000c4300000, 0x00000000eab00000)
  object space 68608K, 0% used [0x00000000c0000000,0x00000000c0000000,0x00000000c4300000)
 Metaspace       used 10961K, committed 11136K, reserved 1114112K
  class space    used 1087K, committed 1152K, reserved 1048576K
}
Event: 2.194 GC heap after
{Heap after GC invocations=1 (full 0):
 PSYoungGen      total 29696K, used 3172K [0x00000000eab00000, 0x00000000ecc00000, 0x0000000100000000)
  eden space 25600K, 0% used [0x00000000eab00000,0x00000000eab00000,0x00000000ec400000)
  from space 4096K, 77% used [0x00000000ec400000,0x00000000ec719340,0x00000000ec800000)
  to   space 4096K, 0% used [0x00000000ec800000,0x00000000ec800000,0x00000000ecc00000)
 ParOldGen       total 68608K, used 0K [0x00000000c0000000, 0x00000000c4300000, 0x00000000eab00000)
  object space 68608K, 0% used [0x00000000c0000000,0x00000000c0000000,0x00000000c4300000)
 Metaspace       used 10961K, committed 11136K, reserved 1114112K
  class space    used 1087K, committed 1152K, reserved 1048576K
}
Event: 4.062 GC heap before
{Heap before GC invocations=2 (full 0):
 PSYoungGen      total 29696K, used 28772K [0x00000000eab00000, 0x00000000ecc00000, 0x0000000100000000)
  eden space 25600K, 100% used [0x00000000eab00000,0x00000000ec400000,0x00000000ec400000)
  from space 4096K, 77% used [0x00000000ec400000,0x00000000ec719340,0x00000000ec800000)
  to   space 4096K, 0% used [0x00000000ec800000,0x00000000ec800000,0x00000000ecc00000)
 ParOldGen       total 68608K, used 0K [0x00000000c0000000, 0x00000000c4300000, 0x00000000eab00000)
  object space 68608K, 0% used [0x00000000c0000000,0x00000000c0000000,0x00000000c4300000)
 Metaspace       used 14599K, committed 14784K, reserved 1114112K
  class space    used 1475K, committed 1536K, reserved 1048576K
}
Event: 4.069 GC heap after
{Heap after GC invocations=2 (full 0):
 PSYoungGen      total 29696K, used 4084K [0x00000000eab00000, 0x00000000ecc00000, 0x0000000100000000)
  eden space 25600K, 0% used [0x00000000eab00000,0x00000000eab00000,0x00000000ec400000)
  from space 4096K, 99% used [0x00000000ec800000,0x00000000ecbfd350,0x00000000ecc00000)
  to   space 4096K, 0% used [0x00000000ec400000,0x00000000ec400000,0x00000000ec800000)
 ParOldGen       total 68608K, used 760K [0x00000000c0000000, 0x00000000c4300000, 0x00000000eab00000)
  object space 68608K, 1% used [0x00000000c0000000,0x00000000c00be010,0x00000000c4300000)
 Metaspace       used 14599K, committed 14784K, reserved 1114112K
  class space    used 1475K, committed 1536K, reserved 1048576K
}
Event: 6.148 GC heap before
{Heap before GC invocations=3 (full 0):
 PSYoungGen      total 29696K, used 29664K [0x00000000eab00000, 0x00000000ecc00000, 0x0000000100000000)
  eden space 25600K, 99% used [0x00000000eab00000,0x00000000ec3fafe8,0x00000000ec400000)
  from space 4096K, 99% used [0x00000000ec800000,0x00000000ecbfd350,0x00000000ecc00000)
  to   space 4096K, 0% used [0x00000000ec400000,0x00000000ec400000,0x00000000ec800000)
 ParOldGen       total 68608K, used 760K [0x00000000c0000000, 0x00000000c4300000, 0x00000000eab00000)
  object space 68608K, 1% used [0x00000000c0000000,0x00000000c00be010,0x00000000c4300000)
 Metaspace       used 19703K, committed 20096K, reserved 1114112K
  class space    used 2010K, committed 2176K, reserved 1048576K
}
Event: 6.155 GC heap after
{Heap after GC invocations=3 (full 0):
 PSYoungGen      total 29696K, used 4091K [0x00000000eab00000, 0x00000000ecc00000, 0x0000000100000000)
  eden space 25600K, 0% used [0x00000000eab00000,0x00000000eab00000,0x00000000ec400000)
  from space 4096K, 99% used [0x00000000ec400000,0x00000000ec7fef58,0x00000000ec800000)
  to   space 4096K, 0% used [0x00000000ec800000,0x00000000ec800000,0x00000000ecc00000)
 ParOldGen       total 68608K, used 2444K [0x00000000c0000000, 0x00000000c4300000, 0x00000000eab00000)
  object space 68608K, 3% used [0x00000000c0000000,0x00000000c02633b0,0x00000000c4300000)
 Metaspace       used 19703K, committed 20096K, reserved 1114112K
  class space    used 2010K, committed 2176K, reserved 1048576K
}
Event: 6.579 GC heap before
{Heap before GC invocations=4 (full 0):
 PSYoungGen      total 29696K, used 11197K [0x00000000eab00000, 0x00000000ecc00000, 0x0000000100000000)
  eden space 25600K, 27% used [0x00000000eab00000,0x00000000eb1f06b0,0x00000000ec400000)
  from space 4096K, 99% used [0x00000000ec400000,0x00000000ec7fef58,0x00000000ec800000)
  to   space 4096K, 0% used [0x00000000ec800000,0x00000000ec800000,0x00000000ecc00000)
 ParOldGen       total 68608K, used 2444K [0x00000000c0000000, 0x00000000c4300000, 0x00000000eab00000)
  object space 68608K, 3% used [0x00000000c0000000,0x00000000c02633b0,0x00000000c4300000)
 Metaspace       used 21057K, committed 21504K, reserved 1114112K
  class space    used 2146K, committed 2368K, reserved 1048576K
}
Event: 6.585 GC heap after
{Heap after GC invocations=4 (full 0):
 PSYoungGen      total 29696K, used 4069K [0x00000000eab00000, 0x00000000ecc00000, 0x0000000100000000)
  eden space 25600K, 0% used [0x00000000eab00000,0x00000000eab00000,0x00000000ec400000)
  from space 4096K, 99% used [0x00000000ec800000,0x00000000ecbf9598,0x00000000ecc00000)
  to   space 4096K, 0% used [0x00000000ec400000,0x00000000ec400000,0x00000000ec800000)
 ParOldGen       total 68608K, used 2897K [0x00000000c0000000, 0x00000000c4300000, 0x00000000eab00000)
  object space 68608K, 4% used [0x00000000c0000000,0x00000000c02d45c0,0x00000000c4300000)
 Metaspace       used 21057K, committed 21504K, reserved 1114112K
  class space    used 2146K, committed 2368K, reserved 1048576K
}
Event: 6.585 GC heap before
{Heap before GC invocations=5 (full 1):
 PSYoungGen      total 29696K, used 4069K [0x00000000eab00000, 0x00000000ecc00000, 0x0000000100000000)
  eden space 25600K, 0% used [0x00000000eab00000,0x00000000eab00000,0x00000000ec400000)
  from space 4096K, 99% used [0x00000000ec800000,0x00000000ecbf9598,0x00000000ecc00000)
  to   space 4096K, 0% used [0x00000000ec400000,0x00000000ec400000,0x00000000ec800000)
 ParOldGen       total 68608K, used 2897K [0x00000000c0000000, 0x00000000c4300000, 0x00000000eab00000)
  object space 68608K, 4% used [0x00000000c0000000,0x00000000c02d45c0,0x00000000c4300000)
 Metaspace       used 21057K, committed 21504K, reserved 1114112K
  class space    used 2146K, committed 2368K, reserved 1048576K
}
Event: 6.617 GC heap after
{Heap after GC invocations=5 (full 1):
 PSYoungGen      total 29696K, used 0K [0x00000000eab00000, 0x00000000ecc00000, 0x0000000100000000)
  eden space 25600K, 0% used [0x00000000eab00000,0x00000000eab00000,0x00000000ec400000)
  from space 4096K, 0% used [0x00000000ec800000,0x00000000ec800000,0x00000000ecc00000)
  to   space 4096K, 0% used [0x00000000ec400000,0x00000000ec400000,0x00000000ec800000)
 ParOldGen       total 68608K, used 6836K [0x00000000c0000000, 0x00000000c4300000, 0x00000000eab00000)
  object space 68608K, 9% used [0x00000000c0000000,0x00000000c06ad2c8,0x00000000c4300000)
 Metaspace       used 21044K, committed 21504K, reserved 1114112K
  class space    used 2143K, committed 2368K, reserved 1048576K
}
Event: 7.627 GC heap before
{Heap before GC invocations=6 (full 1):
 PSYoungGen      total 29696K, used 25512K [0x00000000eab00000, 0x00000000ecc00000, 0x0000000100000000)
  eden space 25600K, 99% used [0x00000000eab00000,0x00000000ec3ea0f0,0x00000000ec400000)
  from space 4096K, 0% used [0x00000000ec800000,0x00000000ec800000,0x00000000ecc00000)
  to   space 4096K, 0% used [0x00000000ec400000,0x00000000ec400000,0x00000000ec800000)
 ParOldGen       total 68608K, used 6836K [0x00000000c0000000, 0x00000000c4300000, 0x00000000eab00000)
  object space 68608K, 9% used [0x00000000c0000000,0x00000000c06ad2c8,0x00000000c4300000)
 Metaspace       used 24086K, committed 24640K, reserved 1114112K
  class space    used 2453K, committed 2688K, reserved 1048576K
}
Event: 7.630 GC heap after
{Heap after GC invocations=6 (full 1):
 PSYoungGen      total 28160K, used 2787K [0x00000000eab00000, 0x00000000eca80000, 0x0000000100000000)
  eden space 25088K, 0% used [0x00000000eab00000,0x00000000eab00000,0x00000000ec380000)
  from space 3072K, 90% used [0x00000000ec400000,0x00000000ec6b8f28,0x00000000ec700000)
  to   space 3584K, 0% used [0x00000000ec700000,0x00000000ec700000,0x00000000eca80000)
 ParOldGen       total 68608K, used 6844K [0x00000000c0000000, 0x00000000c4300000, 0x00000000eab00000)
  object space 68608K, 9% used [0x00000000c0000000,0x00000000c06af2c8,0x00000000c4300000)
 Metaspace       used 24086K, committed 24640K, reserved 1114112K
  class space    used 2453K, committed 2688K, reserved 1048576K
}
Event: 8.298 GC heap before
{Heap before GC invocations=7 (full 1):
 PSYoungGen      total 28160K, used 27353K [0x00000000eab00000, 0x00000000eca80000, 0x0000000100000000)
  eden space 25088K, 97% used [0x00000000eab00000,0x00000000ec2fd7a8,0x00000000ec380000)
  from space 3072K, 90% used [0x00000000ec400000,0x00000000ec6b8f28,0x00000000ec700000)
  to   space 3584K, 0% used [0x00000000ec700000,0x00000000ec700000,0x00000000eca80000)
 ParOldGen       total 68608K, used 6844K [0x00000000c0000000, 0x00000000c4300000, 0x00000000eab00000)
  object space 68608K, 9% used [0x00000000c0000000,0x00000000c06af2c8,0x00000000c4300000)
 Metaspace       used 28173K, committed 28736K, reserved 1114112K
  class space    used 2761K, committed 3008K, reserved 1048576K
}
Event: 8.299 GC heap after
{Heap after GC invocations=7 (full 1):
 PSYoungGen      total 26624K, used 2027K [0x00000000eab00000, 0x00000000ec900000, 0x0000000100000000)
  eden space 24576K, 0% used [0x00000000eab00000,0x00000000eab00000,0x00000000ec300000)
  from space 2048K, 99% used [0x00000000ec700000,0x00000000ec8faec8,0x00000000ec900000)
  to   space 2560K, 0% used [0x00000000ec400000,0x00000000ec400000,0x00000000ec680000)
 ParOldGen       total 68608K, used 6844K [0x00000000c0000000, 0x00000000c4300000, 0x00000000eab00000)
  object space 68608K, 9% used [0x00000000c0000000,0x00000000c06af2c8,0x00000000c4300000)
 Metaspace       used 28173K, committed 28736K, reserved 1114112K
  class space    used 2761K, committed 3008K, reserved 1048576K
}

Dll operation events (10 events):
Event: 0.083 Loaded shared library c:\Users\Nayan Mandal\.vscode\extensions\redhat.java-1.35.0-win32-x64\jre\17.0.12-win32-x86_64\bin\java.dll
Event: 0.450 Loaded shared library c:\Users\Nayan Mandal\.vscode\extensions\redhat.java-1.35.0-win32-x64\jre\17.0.12-win32-x86_64\bin\zip.dll
Event: 0.454 Loaded shared library C:\Users\Nayan Mandal\.vscode\extensions\redhat.java-1.35.0-win32-x64\jre\17.0.12-win32-x86_64\bin\instrument.dll
Event: 0.487 Loaded shared library C:\Users\Nayan Mandal\.vscode\extensions\redhat.java-1.35.0-win32-x64\jre\17.0.12-win32-x86_64\bin\net.dll
Event: 0.489 Loaded shared library C:\Users\Nayan Mandal\.vscode\extensions\redhat.java-1.35.0-win32-x64\jre\17.0.12-win32-x86_64\bin\nio.dll
Event: 0.502 Loaded shared library C:\Users\Nayan Mandal\.vscode\extensions\redhat.java-1.35.0-win32-x64\jre\17.0.12-win32-x86_64\bin\zip.dll
Event: 0.535 Loaded shared library C:\Users\Nayan Mandal\.vscode\extensions\redhat.java-1.35.0-win32-x64\jre\17.0.12-win32-x86_64\bin\jimage.dll
Event: 0.694 Loaded shared library c:\Users\Nayan Mandal\.vscode\extensions\redhat.java-1.35.0-win32-x64\jre\17.0.12-win32-x86_64\bin\verify.dll
Event: 3.681 Loaded shared library C:\Users\Nayan Mandal\AppData\Roaming\Code\User\globalStorage\redhat.java\1.35.0\config_ss_win\org.eclipse.equinox.launcher\org.eclipse.equinox.launcher.win32.win32.x86_64_1.2.1100.v20240722-2106\eclipse_11904.dll
Event: 7.097 Loaded shared library C:\Users\Nayan Mandal\AppData\Local\Temp\jna-803531042\jna8208474305342266676.dll

Deoptimization events (20 events):
Event: 8.560 Thread 0x00000287e740f880 DEOPT PACKING pc=0x00000287d7afde68 sp=0x0000009e986f79b0
Event: 8.560 Thread 0x00000287e740f880 DEOPT UNPACKING pc=0x00000287d74e9ea3 sp=0x0000009e986f7990 mode 2
Event: 8.561 Thread 0x00000287e740f880 DEOPT PACKING pc=0x00000287d005359e sp=0x0000009e986f7980
Event: 8.561 Thread 0x00000287e740f880 DEOPT UNPACKING pc=0x00000287d74ea9e3 sp=0x0000009e986f6e78 mode 0
Event: 8.563 Thread 0x00000287e740f880 Uncommon trap: trap_request=0xffffffc6 fr.pc=0x00000287d7abda00 relative=0x0000000000000940
Event: 8.563 Thread 0x00000287e740f880 Uncommon trap: reason=bimorphic_or_optimized_type_check action=maybe_recompile pc=0x00000287d7abda00 method=java.util.HashMap.putVal(ILjava/lang/Object;Ljava/lang/Object;ZZ)Ljava/lang/Object; @ 56 c2
Event: 8.563 Thread 0x00000287e740f880 DEOPT PACKING pc=0x00000287d7abda00 sp=0x0000009e986f94e0
Event: 8.563 Thread 0x00000287e740f880 DEOPT UNPACKING pc=0x00000287d74e9ea3 sp=0x0000009e986f9438 mode 2
Event: 8.563 Thread 0x00000287e740f880 Uncommon trap: trap_request=0xffffffc6 fr.pc=0x00000287d7abda88 relative=0x00000000000009c8
Event: 8.563 Thread 0x00000287e740f880 Uncommon trap: reason=bimorphic_or_optimized_type_check action=maybe_recompile pc=0x00000287d7abda88 method=java.util.HashMap.putVal(ILjava/lang/Object;Ljava/lang/Object;ZZ)Ljava/lang/Object; @ 253 c2
Event: 8.563 Thread 0x00000287e740f880 DEOPT PACKING pc=0x00000287d7abda88 sp=0x0000009e986f9430
Event: 8.563 Thread 0x00000287e740f880 DEOPT UNPACKING pc=0x00000287d74e9ea3 sp=0x0000009e986f93b0 mode 2
Event: 8.605 Thread 0x00000287e740f880 DEOPT PACKING pc=0x00000287d005359e sp=0x0000009e986f8860
Event: 8.605 Thread 0x00000287e740f880 DEOPT UNPACKING pc=0x00000287d74ea9e3 sp=0x0000009e986f7d58 mode 0
Event: 8.607 Thread 0x00000287e740f880 DEOPT PACKING pc=0x00000287d005359e sp=0x0000009e986f8860
Event: 8.607 Thread 0x00000287e740f880 DEOPT UNPACKING pc=0x00000287d74ea9e3 sp=0x0000009e986f7d58 mode 0
Event: 8.607 Thread 0x00000287e740f880 DEOPT PACKING pc=0x00000287d005359e sp=0x0000009e986f8860
Event: 8.607 Thread 0x00000287e740f880 DEOPT UNPACKING pc=0x00000287d74ea9e3 sp=0x0000009e986f7d58 mode 0
Event: 8.608 Thread 0x00000287e740f880 DEOPT PACKING pc=0x00000287d005359e sp=0x0000009e986f8860
Event: 8.608 Thread 0x00000287e740f880 DEOPT UNPACKING pc=0x00000287d74ea9e3 sp=0x0000009e986f7d58 mode 0

Classes loaded (20 events):
Event: 8.650 Loading class java/text/spi/CollatorProvider
Event: 8.650 Loading class java/text/spi/CollatorProvider done
Event: 8.650 Loading class java/text/spi/DateFormatSymbolsProvider
Event: 8.650 Loading class java/text/spi/DateFormatSymbolsProvider done
Event: 8.650 Loading class java/text/spi/NumberFormatProvider
Event: 8.650 Loading class java/text/spi/NumberFormatProvider done
Event: 8.650 Loading class java/util/spi/CurrencyNameProvider
Event: 8.650 Loading class java/util/spi/CurrencyNameProvider done
Event: 8.650 Loading class java/util/spi/LocaleNameProvider
Event: 8.656 Loading class java/util/spi/LocaleNameProvider done
Event: 8.656 Loading class java/util/spi/TimeZoneNameProvider
Event: 8.656 Loading class java/util/spi/TimeZoneNameProvider done
Event: 8.657 Loading class sun/util/locale/provider/CalendarDataUtility$CalendarWeekParameterGetter
Event: 8.657 Loading class sun/util/locale/provider/LocaleServiceProviderPool$LocalizedObjectGetter
Event: 8.657 Loading class sun/util/locale/provider/LocaleServiceProviderPool$LocalizedObjectGetter done
Event: 8.657 Loading class sun/util/locale/provider/CalendarDataUtility$CalendarWeekParameterGetter done
Event: 8.659 Loading class sun/util/cldr/CLDRCalendarDataProviderImpl
Event: 8.659 Loading class sun/util/locale/provider/CalendarDataProviderImpl
Event: 8.659 Loading class sun/util/locale/provider/CalendarDataProviderImpl done
Event: 8.659 Loading class sun/util/cldr/CLDRCalendarDataProviderImpl done

Classes unloaded (7 events):
Event: 6.591 Thread 0x00000287cbb66420 Unloading class 0x000000010021e400 'java/lang/invoke/LambdaForm$MH+0x000000010021e400'
Event: 6.591 Thread 0x00000287cbb66420 Unloading class 0x000000010021e000 'java/lang/invoke/LambdaForm$MH+0x000000010021e000'
Event: 6.591 Thread 0x00000287cbb66420 Unloading class 0x000000010021dc00 'java/lang/invoke/LambdaForm$MH+0x000000010021dc00'
Event: 6.591 Thread 0x00000287cbb66420 Unloading class 0x000000010021d800 'java/lang/invoke/LambdaForm$MH+0x000000010021d800'
Event: 6.591 Thread 0x00000287cbb66420 Unloading class 0x000000010021d400 'java/lang/invoke/LambdaForm$BMH+0x000000010021d400'
Event: 6.591 Thread 0x00000287cbb66420 Unloading class 0x000000010021d000 'java/lang/invoke/LambdaForm$DMH+0x000000010021d000'
Event: 6.591 Thread 0x00000287cbb66420 Unloading class 0x0000000100218400 'java/lang/invoke/LambdaForm$DMH+0x0000000100218400'

Classes redefined (0 events):
No events

Internal exceptions (20 events):
Event: 6.893 Thread 0x00000287e740f880 Exception <a 'java/lang/NoSuchMethodError'{0x00000000eacb44e0}: 'java.lang.Object java.lang.invoke.DirectMethodHandle$Holder.invokeStaticInit(java.lang.Object, java.lang.Object, int, int, int, int)'> (0x00000000eacb44e0) 
thrown [s\src\hotspot\share\interpreter\linkResolver.cpp, line 759]
Event: 7.228 Thread 0x00000287e740f880 Exception <a 'java/lang/NoSuchMethodError'{0x00000000eafb4728}: 'java.lang.Object java.lang.invoke.DirectMethodHandle$Holder.invokeSpecial(java.lang.Object, java.lang.Object, java.lang.Object, long, java.lang.Object)'> (0x00000000eafb4728) 
thrown [s\src\hotspot\share\interpreter\linkResolver.cpp, line 759]
Event: 7.230 Thread 0x00000287e740f880 Exception <a 'java/lang/NoSuchMethodError'{0x00000000eafbc8e0}: 'java.lang.Object java.lang.invoke.DirectMethodHandle$Holder.newInvokeSpecial(java.lang.Object, java.lang.Object, java.lang.Object, long)'> (0x00000000eafbc8e0) 
thrown [s\src\hotspot\share\interpreter\linkResolver.cpp, line 759]
Event: 7.230 Thread 0x00000287e740f880 Exception <a 'java/lang/NoSuchMethodError'{0x00000000eafc0e80}: 'java.lang.Object java.lang.invoke.DirectMethodHandle$Holder.invokeSpecial(java.lang.Object, java.lang.Object, java.lang.Object, java.lang.Object, long)'> (0x00000000eafc0e80) 
thrown [s\src\hotspot\share\interpreter\linkResolver.cpp, line 759]
Event: 7.231 Thread 0x00000287e740f880 Exception <a 'java/lang/NoSuchMethodError'{0x00000000eafc4cf8}: 'java.lang.Object java.lang.invoke.Invokers$Holder.linkToTargetMethod(java.lang.Object, java.lang.Object, long, java.lang.Object)'> (0x00000000eafc4cf8) 
thrown [s\src\hotspot\share\interpreter\linkResolver.cpp, line 759]
Event: 7.242 Thread 0x00000287e740f880 Exception <a 'java/lang/NoSuchMethodError'{0x00000000eb018a48}: 'int java.lang.invoke.DirectMethodHandle$Holder.invokeStaticInit(java.lang.Object, java.lang.Object, java.lang.Object)'> (0x00000000eb018a48) 
thrown [s\src\hotspot\share\interpreter\linkResolver.cpp, line 759]
Event: 7.300 Thread 0x00000287e740f880 Exception <a 'java/lang/IncompatibleClassChangeError'{0x00000000eb265b20}: Found class java.lang.Object, but interface was expected> (0x00000000eb265b20) 
thrown [s\src\hotspot\share\interpreter\linkResolver.cpp, line 826]
Event: 7.308 Thread 0x00000287e740f880 Exception <a 'java/lang/NoSuchMethodError'{0x00000000eb27a878}: 'java.lang.Object java.lang.invoke.DirectMethodHandle$Holder.invokeSpecial(java.lang.Object, java.lang.Object, java.lang.Object, int, java.lang.Object, java.lang.Object)'> (0x00000000eb27a878) 
thrown [s\src\hotspot\share\interpreter\linkResolver.cpp, line 759]
Event: 7.309 Thread 0x00000287e740f880 Exception <a 'java/lang/NoSuchMethodError'{0x00000000eb283000}: 'java.lang.Object java.lang.invoke.DirectMethodHandle$Holder.newInvokeSpecial(java.lang.Object, java.lang.Object, java.lang.Object, int, java.lang.Object)'> (0x00000000eb283000) 
thrown [s\src\hotspot\share\interpreter\linkResolver.cpp, line 759]
Event: 7.310 Thread 0x00000287e740f880 Exception <a 'java/lang/NoSuchMethodError'{0x00000000eb287458}: 'java.lang.Object java.lang.invoke.DirectMethodHandle$Holder.invokeSpecial(java.lang.Object, java.lang.Object, java.lang.Object, java.lang.Object, int, java.lang.Object)'> (0x00000000eb287458) 
thrown [s\src\hotspot\share\interpreter\linkResolver.cpp, line 759]
Event: 7.312 Thread 0x00000287e75d18a0 Exception <a 'java/lang/NoSuchMethodError'{0x00000000eb06b8d0}: 'java.lang.Object java.lang.invoke.DirectMethodHandle$Holder.invokeSpecial(java.lang.Object, java.lang.Object, int, java.lang.Object, java.lang.Object)'> (0x00000000eb06b8d0) 
thrown [s\src\hotspot\share\interpreter\linkResolver.cpp, line 759]
Event: 7.313 Thread 0x00000287e75d18a0 Exception <a 'java/lang/NoSuchMethodError'{0x00000000eb072fa0}: 'java.lang.Object java.lang.invoke.DirectMethodHandle$Holder.newInvokeSpecial(java.lang.Object, java.lang.Object, int, java.lang.Object)'> (0x00000000eb072fa0) 
thrown [s\src\hotspot\share\interpreter\linkResolver.cpp, line 759]
Event: 7.313 Thread 0x00000287e75d18a0 Exception <a 'java/lang/NoSuchMethodError'{0x00000000eb076ab0}: 'java.lang.Object java.lang.invoke.DirectMethodHandle$Holder.invokeSpecial(java.lang.Object, java.lang.Object, java.lang.Object, int, java.lang.Object)'> (0x00000000eb076ab0) 
thrown [s\src\hotspot\share\interpreter\linkResolver.cpp, line 759]
Event: 7.444 Thread 0x00000287e740f880 Exception <a 'java/lang/NoSuchMethodError'{0x00000000eb661a08}: 'double java.lang.invoke.DirectMethodHandle$Holder.invokeStatic(java.lang.Object, java.lang.Object)'> (0x00000000eb661a08) 
thrown [s\src\hotspot\share\interpreter\linkResolver.cpp, line 759]
Event: 7.444 Thread 0x00000287e740f880 Exception <a 'java/lang/NoSuchMethodError'{0x00000000eb665320}: 'double java.lang.invoke.DirectMethodHandle$Holder.invokeStaticInit(java.lang.Object, java.lang.Object)'> (0x00000000eb665320) 
thrown [s\src\hotspot\share\interpreter\linkResolver.cpp, line 759]
Event: 8.159 Thread 0x00000287e740f880 Implicit null exception at 0x00000287d7b1cdc8 to 0x00000287d7b1ceb4
Event: 8.598 Thread 0x00000287e740f880 Exception <a 'java/lang/ClassNotFoundException'{0x00000000ebdadec0}: com/sun/org/apache/xerces/internal/impl/msg/spi/DOMMessagesProvider> (0x00000000ebdadec0) 
thrown [s\src\hotspot\share\classfile\systemDictionary.cpp, line 256]
Event: 8.604 Thread 0x00000287e740f880 Exception <a 'java/lang/ClassNotFoundException'{0x00000000ebdd5970}: com/sun/org/apache/xerces/internal/impl/msg/spi/XMLSerializerMessagesProvider> (0x00000000ebdd5970) 
thrown [s\src\hotspot\share\classfile\systemDictionary.cpp, line 256]
Event: 8.606 Thread 0x00000287e740f880 Exception <a 'java/lang/ClassNotFoundException'{0x00000000ebde2e38}: com/sun/org/apache/xerces/internal/impl/msg/spi/XMLMessagesProvider> (0x00000000ebde2e38) 
thrown [s\src\hotspot\share\classfile\systemDictionary.cpp, line 256]
Event: 8.639 Thread 0x00000287e740f880 Exception <a 'java/lang/NoSuchMethodError'{0x00000000ebf3fe18}: 'java.lang.Object java.lang.invoke.DirectMethodHandle$Holder.newInvokeSpecial(java.lang.Object, int, java.lang.Object, java.lang.Object)'> (0x00000000ebf3fe18) 
thrown [s\src\hotspot\share\interpreter\linkResolver.cpp, line 759]

VM Operations (20 events):
Event: 5.934 Executing VM operation: HandshakeAllThreads
Event: 5.934 Executing VM operation: HandshakeAllThreads done
Event: 6.148 Executing VM operation: ParallelGCFailedAllocation
Event: 6.156 Executing VM operation: ParallelGCFailedAllocation done
Event: 6.579 Executing VM operation: CollectForMetadataAllocation
Event: 6.617 Executing VM operation: CollectForMetadataAllocation done
Event: 6.682 Executing VM operation: HandshakeAllThreads
Event: 6.682 Executing VM operation: HandshakeAllThreads done
Event: 7.108 Executing VM operation: HandshakeAllThreads
Event: 7.108 Executing VM operation: HandshakeAllThreads done
Event: 7.255 Executing VM operation: HandshakeAllThreads
Event: 7.255 Executing VM operation: HandshakeAllThreads done
Event: 7.284 Executing VM operation: HandshakeAllThreads
Event: 7.284 Executing VM operation: HandshakeAllThreads done
Event: 7.627 Executing VM operation: ParallelGCFailedAllocation
Event: 7.630 Executing VM operation: ParallelGCFailedAllocation done
Event: 8.298 Executing VM operation: ParallelGCFailedAllocation
Event: 8.299 Executing VM operation: ParallelGCFailedAllocation done
Event: 8.548 Executing VM operation: HandshakeAllThreads
Event: 8.548 Executing VM operation: HandshakeAllThreads done

Events (20 events):
Event: 0.225 Thread 0x00000287e1880400 Thread added: 0x00000287e1880400
Event: 0.252 Thread 0x00000287cbb8d280 Thread added: 0x00000287cbb8d280
Event: 0.252 Thread 0x00000287cbb8db50 Thread added: 0x00000287cbb8db50
Event: 0.252 Thread 0x00000287e18ad010 Thread added: 0x00000287e18ad010
Event: 0.252 Thread 0x00000287e18af500 Thread added: 0x00000287e18af500
Event: 0.252 Thread 0x00000287e18b08a0 Thread added: 0x00000287e18b08a0
Event: 0.253 Thread 0x00000287e6a98120 Thread added: 0x00000287e6a98120
Event: 0.254 Thread 0x00000287e6aeb570 Thread added: 0x00000287e6aeb570
Event: 0.380 Thread 0x00000287e6b9e390 Thread added: 0x00000287e6b9e390
Event: 0.867 Thread 0x00000287e6e773f0 Thread added: 0x00000287e6e773f0
Event: 2.819 Thread 0x00000287e73001a0 Thread added: 0x00000287e73001a0
Event: 3.664 Thread 0x00000287e764f510 Thread added: 0x00000287e764f510
Event: 3.677 Thread 0x00000287e740f880 Thread added: 0x00000287e740f880
Event: 3.766 Thread 0x00000287e72d8e60 Thread added: 0x00000287e72d8e60
Event: 4.383 Thread 0x00000287e7657fb0 Thread added: 0x00000287e7657fb0
Event: 5.627 Thread 0x00000287e75cf530 Thread added: 0x00000287e75cf530
Event: 7.126 Thread 0x00000287e75cfa40 Thread added: 0x00000287e75cfa40
Event: 7.235 Thread 0x00000287e75d18a0 Thread added: 0x00000287e75d18a0
Event: 7.316 Thread 0x00000287e75d27d0 Thread added: 0x00000287e75d27d0
Event: 8.625 Thread 0x00000287e75d1390 Thread added: 0x00000287e75d1390


Dynamic libraries:
0x00007ff76ac20000 - 0x00007ff76ac2e000 	c:\Users\Nayan Mandal\.vscode\extensions\redhat.java-1.35.0-win32-x64\jre\17.0.12-win32-x86_64\bin\java.exe
0x00007ffd35690000 - 0x00007ffd358a7000 	C:\WINDOWS\SYSTEM32\ntdll.dll
0x00007ffd35130000 - 0x00007ffd351f4000 	C:\WINDOWS\System32\KERNEL32.DLL
0x00007ffd32e60000 - 0x00007ffd3320d000 	C:\WINDOWS\System32\KERNELBASE.dll
0x00007ffd329b0000 - 0x00007ffd32ac1000 	C:\WINDOWS\System32\ucrtbase.dll
0x00007ffd20a10000 - 0x00007ffd20a27000 	c:\Users\Nayan Mandal\.vscode\extensions\redhat.java-1.35.0-win32-x64\jre\17.0.12-win32-x86_64\bin\jli.dll
0x00007ffd33740000 - 0x00007ffd338ee000 	C:\WINDOWS\System32\USER32.dll
0x00007ffd32cc0000 - 0x00007ffd32ce6000 	C:\WINDOWS\System32\win32u.dll
0x00007ffd340d0000 - 0x00007ffd340f9000 	C:\WINDOWS\System32\GDI32.dll
0x00007ffd32b70000 - 0x00007ffd32c89000 	C:\WINDOWS\System32\gdi32full.dll
0x00007ffd32ad0000 - 0x00007ffd32b6a000 	C:\WINDOWS\System32\msvcp_win.dll
0x00007ffd1ea30000 - 0x00007ffd1ea4b000 	c:\Users\Nayan Mandal\.vscode\extensions\redhat.java-1.35.0-win32-x64\jre\17.0.12-win32-x86_64\bin\VCRUNTIME140.dll
0x00007ffd1b6d0000 - 0x00007ffd1b963000 	C:\WINDOWS\WinSxS\amd64_microsoft.windows.common-controls_6595b64144ccf1df_6.0.22621.3672_none_2713b9d173822955\COMCTL32.dll
0x00007ffd33590000 - 0x00007ffd33637000 	C:\WINDOWS\System32\msvcrt.dll
0x00007ffd333c0000 - 0x00007ffd333f1000 	C:\WINDOWS\System32\IMM32.DLL
0x00007ffd2f0f0000 - 0x00007ffd2f0fc000 	c:\Users\Nayan Mandal\.vscode\extensions\redhat.java-1.35.0-win32-x64\jre\17.0.12-win32-x86_64\bin\vcruntime140_1.dll
0x00007ffd06770000 - 0x00007ffd067fd000 	c:\Users\Nayan Mandal\.vscode\extensions\redhat.java-1.35.0-win32-x64\jre\17.0.12-win32-x86_64\bin\msvcp140.dll
0x00007ffcaef50000 - 0x00007ffcafbba000 	c:\Users\Nayan Mandal\.vscode\extensions\redhat.java-1.35.0-win32-x64\jre\17.0.12-win32-x86_64\bin\server\jvm.dll
0x00007ffd334d0000 - 0x00007ffd33582000 	C:\WINDOWS\System32\ADVAPI32.dll
0x00007ffd34250000 - 0x00007ffd342f9000 	C:\WINDOWS\System32\sechost.dll
0x00007ffd32c90000 - 0x00007ffd32cb8000 	C:\WINDOWS\System32\bcrypt.dll
0x00007ffd34120000 - 0x00007ffd34234000 	C:\WINDOWS\System32\RPCRT4.dll
0x00007ffd339a0000 - 0x00007ffd33a11000 	C:\WINDOWS\System32\WS2_32.dll
0x00007ffd32880000 - 0x00007ffd328cd000 	C:\WINDOWS\SYSTEM32\POWRPROF.dll
0x00007ffd2a240000 - 0x00007ffd2a274000 	C:\WINDOWS\SYSTEM32\WINMM.dll
0x00007ffd296e0000 - 0x00007ffd296ea000 	C:\WINDOWS\SYSTEM32\VERSION.dll
0x00007ffd32860000 - 0x00007ffd32873000 	C:\WINDOWS\SYSTEM32\UMPDC.dll
0x00007ffd31a00000 - 0x00007ffd31a18000 	C:\WINDOWS\SYSTEM32\kernel.appcore.dll
0x00007ffd21e10000 - 0x00007ffd21e1a000 	c:\Users\Nayan Mandal\.vscode\extensions\redhat.java-1.35.0-win32-x64\jre\17.0.12-win32-x86_64\bin\jimage.dll
0x00007ffd30250000 - 0x00007ffd30482000 	C:\WINDOWS\SYSTEM32\DBGHELP.DLL
0x00007ffd34b70000 - 0x00007ffd34efe000 	C:\WINDOWS\System32\combase.dll
0x00007ffd34f90000 - 0x00007ffd35067000 	C:\WINDOWS\System32\OLEAUT32.dll
0x00007ffd016b0000 - 0x00007ffd016e2000 	C:\WINDOWS\SYSTEM32\dbgcore.DLL
0x00007ffd33340000 - 0x00007ffd333bb000 	C:\WINDOWS\System32\bcryptPrimitives.dll
0x00007ffd21e00000 - 0x00007ffd21e0e000 	c:\Users\Nayan Mandal\.vscode\extensions\redhat.java-1.35.0-win32-x64\jre\17.0.12-win32-x86_64\bin\instrument.dll
0x00007ffd213a0000 - 0x00007ffd213c5000 	c:\Users\Nayan Mandal\.vscode\extensions\redhat.java-1.35.0-win32-x64\jre\17.0.12-win32-x86_64\bin\java.dll
0x00007ffd1e950000 - 0x00007ffd1e968000 	c:\Users\Nayan Mandal\.vscode\extensions\redhat.java-1.35.0-win32-x64\jre\17.0.12-win32-x86_64\bin\zip.dll
0x00007ffd34300000 - 0x00007ffd34b67000 	C:\WINDOWS\System32\SHELL32.dll
0x00007ffd30930000 - 0x00007ffd3122f000 	C:\WINDOWS\SYSTEM32\windows.storage.dll
0x00007ffd307f0000 - 0x00007ffd3092f000 	C:\WINDOWS\SYSTEM32\wintypes.dll
0x00007ffd33640000 - 0x00007ffd33739000 	C:\WINDOWS\System32\SHCORE.dll
0x00007ffd33400000 - 0x00007ffd3345e000 	C:\WINDOWS\System32\shlwapi.dll
0x00007ffd328e0000 - 0x00007ffd32907000 	C:\WINDOWS\SYSTEM32\profapi.dll
0x00007ffd06c70000 - 0x00007ffd06c89000 	C:\Users\Nayan Mandal\.vscode\extensions\redhat.java-1.35.0-win32-x64\jre\17.0.12-win32-x86_64\bin\net.dll
0x00007ffd2bc70000 - 0x00007ffd2bda6000 	C:\WINDOWS\SYSTEM32\WINHTTP.dll
0x00007ffd31e70000 - 0x00007ffd31ed9000 	C:\WINDOWS\system32\mswsock.dll
0x00007ffcff910000 - 0x00007ffcff926000 	C:\Users\Nayan Mandal\.vscode\extensions\redhat.java-1.35.0-win32-x64\jre\17.0.12-win32-x86_64\bin\nio.dll
0x00007ffd21df0000 - 0x00007ffd21e00000 	c:\Users\Nayan Mandal\.vscode\extensions\redhat.java-1.35.0-win32-x64\jre\17.0.12-win32-x86_64\bin\verify.dll
0x00007ffce2b00000 - 0x00007ffce2b45000 	C:\Users\Nayan Mandal\AppData\Roaming\Code\User\globalStorage\redhat.java\1.35.0\config_ss_win\org.eclipse.equinox.launcher\org.eclipse.equinox.launcher.win32.win32.x86_64_1.2.1100.v20240722-2106\eclipse_11904.dll
0x00007ffd33a20000 - 0x00007ffd33bc5000 	C:\WINDOWS\System32\ole32.dll
0x00007ffd320c0000 - 0x00007ffd320db000 	C:\WINDOWS\SYSTEM32\CRYPTSP.dll
0x00007ffd31960000 - 0x00007ffd31995000 	C:\WINDOWS\system32\rsaenh.dll
0x00007ffd31f60000 - 0x00007ffd31f88000 	C:\WINDOWS\SYSTEM32\USERENV.dll
0x00007ffd320e0000 - 0x00007ffd320ec000 	C:\WINDOWS\SYSTEM32\CRYPTBASE.dll
0x00007ffd31490000 - 0x00007ffd314bd000 	C:\WINDOWS\SYSTEM32\IPHLPAPI.DLL
0x00007ffd34240000 - 0x00007ffd34249000 	C:\WINDOWS\System32\NSI.dll
0x00007ffd2c070000 - 0x00007ffd2c089000 	C:\WINDOWS\SYSTEM32\dhcpcsvc6.DLL
0x00007ffd2c030000 - 0x00007ffd2c04f000 	C:\WINDOWS\SYSTEM32\dhcpcsvc.DLL
0x00007ffd31500000 - 0x00007ffd315f8000 	C:\WINDOWS\SYSTEM32\DNSAPI.dll
0x00007ffce2780000 - 0x00007ffce27c9000 	C:\Users\Nayan Mandal\AppData\Local\Temp\jna-803531042\jna8208474305342266676.dll
0x00007ffd35310000 - 0x00007ffd35318000 	C:\WINDOWS\System32\PSAPI.DLL

dbghelp: loaded successfully - version: 4.0.5 - missing functions: none
symbol engine: initialized successfully - sym options: 0x614 - pdb path: .;c:\Users\Nayan Mandal\.vscode\extensions\redhat.java-1.35.0-win32-x64\jre\17.0.12-win32-x86_64\bin;C:\WINDOWS\SYSTEM32;C:\WINDOWS\WinSxS\amd64_microsoft.windows.common-controls_6595b64144ccf1df_6.0.22621.3672_none_2713b9d173822955;c:\Users\Nayan Mandal\.vscode\extensions\redhat.java-1.35.0-win32-x64\jre\17.0.12-win32-x86_64\bin\server;C:\Users\Nayan Mandal\AppData\Roaming\Code\User\globalStorage\redhat.java\1.35.0\config_ss_win\org.eclipse.equinox.launcher\org.eclipse.equinox.launcher.win32.win32.x86_64_1.2.1100.v20240722-2106;C:\Users\Nayan Mandal\AppData\Local\Temp\jna-803531042

VM Arguments:
jvm_args: --add-modules=ALL-SYSTEM --add-opens=java.base/java.util=ALL-UNNAMED --add-opens=java.base/java.lang=ALL-UNNAMED --add-opens=java.base/sun.nio.fs=ALL-UNNAMED -Declipse.application=org.eclipse.jdt.ls.core.id1 -Dosgi.bundles.defaultStartLevel=4 -Declipse.product=org.eclipse.jdt.ls.core.product -Djava.import.generatesMetadataFilesAtProjectRoot=false -DDetectVMInstallationsJob.disabled=true -Dfile.encoding=utf8 -XX:+UseParallelGC -XX:GCTimeRatio=4 -XX:AdaptiveSizePolicyWeight=90 -Dsun.zip.disableMemoryMapping=true -Xmx1G -Xms100m -Xlog:disable -javaagent:c:\Users\Nayan Mandal\.vscode\extensions\redhat.java-1.35.0-win32-x64\lombok\lombok-1.18.33.jar 
java_command: c:\Users\Nayan Mandal\.vscode\extensions\redhat.java-1.35.0-win32-x64\server\plugins\org.eclipse.equinox.launcher_1.6.900.v20240613-2009.jar -configuration c:\Users\Nayan Mandal\AppData\Roaming\Code\User\globalStorage\redhat.java\1.35.0\config_ss_win -data c:\Users\Nayan Mandal\AppData\Roaming\Code\User\workspaceStorage\14b7aa4224a939eacf2cdfc44a398597\redhat.java\ss_ws --pipe=\\.\pipe\lsp-25e4c16826cb3e1906059d09cb997706-sock
java_class_path (initial): c:\Users\Nayan Mandal\.vscode\extensions\redhat.java-1.35.0-win32-x64\server\plugins\org.eclipse.equinox.launcher_1.6.900.v20240613-2009.jar
Launcher Type: SUN_STANDARD

[Global flags]
    uintx AdaptiveSizePolicyWeight                 = 90                                        {product} {command line}
     intx CICompilerCount                          = 3                                         {product} {ergonomic}
    uintx GCTimeRatio                              = 4                                         {product} {command line}
   size_t InitialHeapSize                          = 104857600                                 {product} {command line}
   size_t MaxHeapSize                              = 1073741824                                {product} {command line}
   size_t MaxNewSize                               = 357564416                                 {product} {ergonomic}
   size_t MinHeapDeltaBytes                        = 524288                                    {product} {ergonomic}
   size_t MinHeapSize                              = 104857600                                 {product} {command line}
   size_t NewSize                                  = 34603008                                  {product} {ergonomic}
    uintx NonNMethodCodeHeapSize                   = 5832780                                {pd product} {ergonomic}
    uintx NonProfiledCodeHeapSize                  = 122912730                              {pd product} {ergonomic}
   size_t OldSize                                  = 70254592                                  {product} {ergonomic}
    uintx ProfiledCodeHeapSize                     = 122912730                              {pd product} {ergonomic}
    uintx ReservedCodeCacheSize                    = 251658240                              {pd product} {ergonomic}
     bool SegmentedCodeCache                       = true                                      {product} {ergonomic}
   size_t SoftMaxHeapSize                          = 1073741824                             {manageable} {ergonomic}
     bool UseCompressedClassPointers               = true                           {product lp64_product} {ergonomic}
     bool UseCompressedOops                        = true                           {product lp64_product} {ergonomic}
     bool UseLargePagesIndividualAllocation        = false                                  {pd product} {ergonomic}
     bool UseParallelGC                            = true                                      {product} {command line}

Logging:
Log output configuration:
 #0: stdout all=off uptime,level,tags
 #1: stderr all=off uptime,level,tags

Environment Variables:
PATH=C:\Program Files\Common Files\Oracle\Java\javapath;C:\WINDOWS\system32;C:\WINDOWS;C:\WINDOWS\System32\Wbem;C:\WINDOWS\System32\WindowsPowerShell\v1.0\;C:\WINDOWS\System32\OpenSSH\;C:\Program Files\Git\cmd;C:\Program Files\MySQL\MySQL Shell 8.0\bin\;C:\Users\Nayan Mandal\AppData\Local\Microsoft\WindowsApps;C:\Users\Nayan Mandal\AppData\Local\Programs\Microsoft VS Code\bin;C:\MinGW\bin;
USERNAME=Nayan Mandal
OS=Windows_NT
PROCESSOR_IDENTIFIER=Intel64 Family 6 Model 126 Stepping 5, GenuineIntel
TMP=C:\Users\NAYANM~1\AppData\Local\Temp
TEMP=C:\Users\NAYANM~1\AppData\Local\Temp



Periodic native trim disabled


---------------  S Y S T E M  ---------------

OS:
 Windows 11 , 64 bit Build 22621 (10.0.22621.3958)
OS uptime: 2 days 8:01 hours

CPU: total 4 (initial active 4) (2 cores per cpu, 2 threads per core) family 6 model 126 stepping 5 microcode 0xc2, cx8, cmov, fxsr, ht, mmx, 3dnowpref, sse, sse2, sse3, ssse3, sse4.1, sse4.2, popcnt, lzcnt, tsc, tscinvbit, avx, avx2, aes, erms, clmul, bmi1, bmi2, adx, avx512f, avx512dq, avx512cd, avx512bw, avx512vl, sha, fma, vzeroupper, avx512_vpopcntdq, avx512_vpclmulqdq, avx512_vaes, avx512_vnni, clflush, clflushopt, avx512_vbmi2, avx512_vbmi
Processor Information for all 4 processors :
  Max Mhz: 1190, Current Mhz: 1190, Mhz Limit: 1190

Memory: 4k page, system-wide physical 3863M (121M free)
TotalPageFile size 10531M (AvailPageFile size 4M)
current process WorkingSet (physical memory assigned to process): 137M, peak: 141M
current process commit charge ("private bytes"): 233M, peak: 235M

vm_info: OpenJDK 64-Bit Server VM (17.0.12+7) for windows-amd64 JRE (17.0.12+7), built on Jul 16 2024 22:08:24 by "admin" with MS VC++ 16.10 / 16.11 (VS2019)

END.
