#
# There is insufficient memory for the Java Runtime Environment to continue.
# Native memory allocation (malloc) failed to allocate 618128 bytes. Error detail: Chunk::new
# Possible reasons:
#   The system is out of physical RAM or swap space
#   This process is running with CompressedOops enabled, and the Java Heap may be blocking the growth of the native heap
# Possible solutions:
#   Reduce memory load on the system
#   Increase physical memory or swap space
#   Check if swap backing store is full
#   Decrease Java heap size (-Xmx/-Xms)
#   Decrease number of Java threads
#   Decrease Java thread stack sizes (-Xss)
#   Set larger code cache with -XX:ReservedCodeCacheSize=
#   JVM is running with Unscaled Compressed Oops mode in which the Java heap is
#     placed in the first 4GB address space. The Java Heap base address is the
#     maximum limit for the native heap growth. Please use -XX:HeapBaseMinAddress
#     to set the Java Heap base and to place the Java Heap above 4GB virtual address.
# This output file may be truncated or incomplete.
#
#  Out of Memory Error (arena.cpp:150), pid=10088, tid=8396
#
# JRE version: Java(TM) SE Runtime Environment (22.0.2+9) (build 22.0.2+9-70)
# Java VM: Java HotSpot(TM) 64-Bit Server VM (22.0.2+9-70, mixed mode, sharing, tiered, compressed oops, compressed class ptrs, g1 gc, windows-amd64)
# No core dump will be written. Minidumps are not enabled by default on client versions of Windows
#

---------------  S U M M A R Y ------------

Command Line: -Dcom.sun.management.jmxremote -Dcom.sun.management.jmxremote.port=53708 -Dcom.sun.management.jmxremote.authenticate=false -Dcom.sun.management.jmxremote.ssl=false -Dspring.jmx.enabled=true -Djava.rmi.server.hostname=localhost -Dspring.application.admin.enabled=true -Dspring.boot.project.name=contact -XX:+ShowCodeDetailsInExceptionMessages com.contact.contact.ContactApplication

Host: Intel(R) Core(TM) i3-1005G1 CPU @ 1.20GHz, 4 cores, 3G,  Windows 11 , 64 bit Build 22621 (10.0.22621.3958)
Time: Wed Oct  2 21:03:25 2024 India Standard Time elapsed time: 1010.120953 seconds (0d 0h 16m 50s)

---------------  T H R E A D  ---------------

Current thread (0x000001dcd87abb20):  JavaThread "C2 CompilerThread0" daemon [_thread_in_native, id=8396, stack(0x0000003643600000,0x0000003643700000) (1024K)]


Current CompileTask:
C2:1010121 10397       4       sun.security.ec.ECOperations::setSum (685 bytes)

Stack: [0x0000003643600000,0x0000003643700000]
Native frames: (J=compiled Java code, j=interpreted, Vv=VM code, C=native code)
V  [jvm.dll+0x6e26e9]  (no source info available)
V  [jvm.dll+0x875753]  (no source info available)
V  [jvm.dll+0x877b7e]  (no source info available)
V  [jvm.dll+0x878253]  (no source info available)
V  [jvm.dll+0x27fc86]  (no source info available)
V  [jvm.dll+0xc3d0f]  (no source info available)
V  [jvm.dll+0xc3f6b]  (no source info available)
V  [jvm.dll+0x1d76df]  (no source info available)
V  [jvm.dll+0x672e45]  (no source info available)
V  [jvm.dll+0x671355]  (no source info available)
V  [jvm.dll+0x247677]  (no source info available)
V  [jvm.dll+0x246e9f]  (no source info available)
V  [jvm.dll+0x1c4e80]  (no source info available)
V  [jvm.dll+0x2568f3]  (no source info available)
V  [jvm.dll+0x254baa]  (no source info available)
V  [jvm.dll+0x3f57a6]  (no source info available)
V  [jvm.dll+0x81dc0b]  (no source info available)
V  [jvm.dll+0x6e0d85]  (no source info available)
C  [ucrtbase.dll+0x29333]  (no source info available)
C  [KERNEL32.DLL+0x1257d]  (no source info available)
C  [ntdll.dll+0x5af28]  (no source info available)


---------------  P R O C E S S  ---------------

Threads class SMR info:
_java_thread_list=0x000001dd20fc7460, length=24, elements={
0x000001dcd8796eb0, 0x000001dcd8798550, 0x000001dcd879c420, 0x000001dcd879cf70,
0x000001dcd879dac0, 0x000001dcd87aad90, 0x000001dcd87abb20, 0x000001dcd87ced40,
0x000001dcd89ba1e0, 0x000001dcd8a90b50, 0x000001dd1ebc8570, 0x000001dd1e7c40d0,
0x000001dd1e7b7140, 0x000001dd1eff33d0, 0x000001dd208ea9a0, 0x000001dd1f86e7c0,
0x000001dd2167c5e0, 0x000001dd1f86daa0, 0x000001dd1f86ee50, 0x000001dd1f870890,
0x000001dd1f86d410, 0x000001dd1f86f4e0, 0x000001dd1f86fb70, 0x000001dd1f870200
}

Java Threads: ( => current thread )
  0x000001dcd8796eb0 JavaThread "Reference Handler"          daemon [_thread_blocked, id=16036, stack(0x0000003643000000,0x0000003643100000) (1024K)]
  0x000001dcd8798550 JavaThread "Finalizer"                  daemon [_thread_blocked, id=11588, stack(0x0000003643100000,0x0000003643200000) (1024K)]
  0x000001dcd879c420 JavaThread "Signal Dispatcher"          daemon [_thread_blocked, id=3512, stack(0x0000003643200000,0x0000003643300000) (1024K)]
  0x000001dcd879cf70 JavaThread "Attach Listener"            daemon [_thread_blocked, id=9520, stack(0x0000003643300000,0x0000003643400000) (1024K)]
  0x000001dcd879dac0 JavaThread "Service Thread"             daemon [_thread_blocked, id=8240, stack(0x0000003643400000,0x0000003643500000) (1024K)]
  0x000001dcd87aad90 JavaThread "Monitor Deflation Thread"   daemon [_thread_blocked, id=6560, stack(0x0000003643500000,0x0000003643600000) (1024K)]
=>0x000001dcd87abb20 JavaThread "C2 CompilerThread0"         daemon [_thread_in_native, id=8396, stack(0x0000003643600000,0x0000003643700000) (1024K)]
  0x000001dcd87ced40 JavaThread "C1 CompilerThread0"         daemon [_thread_blocked, id=2904, stack(0x0000003643700000,0x0000003643800000) (1024K)]
  0x000001dcd89ba1e0 JavaThread "Common-Cleaner"             daemon [_thread_blocked, id=10660, stack(0x0000003643800000,0x0000003643900000) (1024K)]
  0x000001dcd8a90b50 JavaThread "Notification Thread"        daemon [_thread_blocked, id=8656, stack(0x0000003643900000,0x0000003643a00000) (1024K)]
  0x000001dd1ebc8570 JavaThread "RMI TCP Accept-0"           daemon [_thread_in_native, id=17712, stack(0x0000003643a00000,0x0000003643b00000) (1024K)]
  0x000001dd1e7c40d0 JavaThread "RMI TCP Accept-53708"       daemon [_thread_in_native, id=17464, stack(0x0000003643e00000,0x0000003643f00000) (1024K)]
  0x000001dd1e7b7140 JavaThread "RMI TCP Accept-0"           daemon [_thread_in_native, id=3224, stack(0x0000003643f00000,0x0000003644000000) (1024K)]
  0x000001dd1eff33d0 JavaThread "WindowsStreamPump"          daemon [_thread_in_native, id=11744, stack(0x0000003644300000,0x0000003644400000) (1024K)]
  0x000001dd208ea9a0 JavaThread "mysql-cj-abandoned-connection-cleanup" daemon [_thread_blocked, id=1668, stack(0x0000003644600000,0x0000003644700000) (1024K)]
  0x000001dd1f86e7c0 JavaThread "Live Reload Server"         daemon [_thread_in_native, id=17320, stack(0x0000003644b00000,0x0000003644c00000) (1024K)]
  0x000001dd2167c5e0 JavaThread "DestroyJavaVM"                     [_thread_blocked, id=8164, stack(0x0000003642800000,0x0000003642900000) (1024K)]
  0x000001dd1f86daa0 JavaThread "Thread-15"                         [_thread_blocked, id=7964, stack(0x0000003642500000,0x0000003642600000) (1024K)]
  0x000001dd1f86ee50 JavaThread "restartedMain"                     [_thread_in_Java, id=2976, stack(0x0000003644000000,0x0000003644100000) (1024K)]
  0x000001dd1f870890 JavaThread "Catalina-utility-1"                [_thread_blocked, id=18248, stack(0x0000003642700000,0x0000003642800000) (1024K)]
  0x000001dd1f86d410 JavaThread "Catalina-utility-2"                [_thread_blocked, id=6584, stack(0x0000003644100000,0x0000003644200000) (1024K)]
  0x000001dd1f86f4e0 JavaThread "container-0"                       [_thread_blocked, id=1576, stack(0x0000003644200000,0x0000003644300000) (1024K)]
  0x000001dd1f86fb70 JavaThread "HikariPool-5 housekeeper"   daemon [_thread_blocked, id=9148, stack(0x0000003644400000,0x0000003644500000) (1024K)]
  0x000001dd1f870200 JavaThread "HikariPool-5 connection adder" daemon [_thread_blocked, id=13360, stack(0x0000003644500000,0x0000003644600000) (1024K)]
Total: 24

Other Threads:
  0x000001dcd877b290 VMThread "VM Thread"                           [id=17916, stack(0x0000003642f00000,0x0000003643000000) (1024K)]
  0x000001dcd876c5a0 WatcherThread "VM Periodic Task Thread"        [id=13328, stack(0x0000003642e00000,0x0000003642f00000) (1024K)]
  0x000001dcbdd10910 WorkerThread "GC Thread#0"                     [id=15068, stack(0x0000003642900000,0x0000003642a00000) (1024K)]
  0x000001dd1e6d2560 WorkerThread "GC Thread#1"                     [id=11084, stack(0x0000003643b00000,0x0000003643c00000) (1024K)]
  0x000001dd1e5b0ad0 WorkerThread "GC Thread#2"                     [id=3552, stack(0x0000003643c00000,0x0000003643d00000) (1024K)]
  0x000001dd1e2c3840 WorkerThread "GC Thread#3"                     [id=13636, stack(0x0000003643d00000,0x0000003643e00000) (1024K)]
  0x000001dcbdd199d0 ConcurrentGCThread "G1 Main Marker"            [id=5020, stack(0x0000003642a00000,0x0000003642b00000) (1024K)]
  0x000001dcbdd1a690 WorkerThread "G1 Conc#0"                       [id=6636, stack(0x0000003642b00000,0x0000003642c00000) (1024K)]
  0x000001dcbdd71130 ConcurrentGCThread "G1 Refine#0"               [id=6268, stack(0x0000003642c00000,0x0000003642d00000) (1024K)]
  0x000001dcbdd71eb0 ConcurrentGCThread "G1 Service"                [id=13880, stack(0x0000003642d00000,0x0000003642e00000) (1024K)]
Total: 10

Threads with active compile tasks:
C2 CompilerThread0  1010308 10397       4       sun.security.ec.ECOperations::setSum (685 bytes)
Total: 1

VM state: not at safepoint (normal execution)

VM Mutex/Monitor currently owned by a thread: None

Heap address: 0x00000000c3a00000, size: 966 MB, Compressed Oops mode: 32-bit

CDS archive(s) mapped at: [0x000001dcd9000000-0x000001dcd9c60000-0x000001dcd9c60000), size 12976128, SharedBaseAddress: 0x000001dcd9000000, ArchiveRelocationMode: 1.
Compressed class space mapped at: 0x000001dcda000000-0x000001dd1a000000, reserved size: 1073741824
Narrow klass base: 0x000001dcd9000000, Narrow klass shift: 0, Narrow klass range: 0x41000000

GC Precious Log:
 CardTable entry size: 512
 Card Set container configuration: InlinePtr #cards 5 size 8 Array Of Cards #cards 12 size 40 Howl #buckets 4 coarsen threshold 1843 Howl Bitmap #cards 512 size 80 coarsen threshold 460 Card regions per heap region 1 cards per card region 2048
 CPUs: 4 total, 4 available
 Memory: 3863M
 Large Page Support: Disabled
 NUMA Support: Disabled
 Compressed Oops: Enabled (32-bit)
 Heap Region Size: 1M
 Heap Min Capacity: 8M
 Heap Initial Capacity: 62M
 Heap Max Capacity: 966M
 Pre-touch: Disabled
 Parallel Workers: 4
 Concurrent Workers: 1
 Concurrent Refinement Workers: 4
 Periodic GC: Disabled

Heap:
 garbage-first heap   total reserved 989184K, committed 63488K, used 50042K [0x00000000c3a00000, 0x0000000100000000)
  region size 1024K, 19 young (19456K), 2 survivors (2048K)
 Metaspace       used 79303K, committed 80128K, reserved 1179648K
  class space    used 10814K, committed 11136K, reserved 1048576K

Heap Regions: E=young(eden), S=young(survivor), O=old, HS=humongous(starts), HC=humongous(continues), CS=collection set, F=free, TAMS=top-at-mark-start, PB=parsable bottom
|   0|0x00000000c3a00000, 0x00000000c3b00000, 0x00000000c3b00000|100%|HS|  |TAMS 0x00000000c3a00000| PB 0x00000000c3a00000| Untracked |  0
|   1|0x00000000c3b00000, 0x00000000c3c00000, 0x00000000c3c00000|100%| O|  |TAMS 0x00000000c3b00000| PB 0x00000000c3b00000| Untracked |  0
|   2|0x00000000c3c00000, 0x00000000c3cffff8, 0x00000000c3d00000| 99%| O|  |TAMS 0x00000000c3c00000| PB 0x00000000c3c00000| Untracked |  0
|   3|0x00000000c3d00000, 0x00000000c3e00000, 0x00000000c3e00000|100%| O|  |TAMS 0x00000000c3d00000| PB 0x00000000c3d00000| Untracked |  0
|   4|0x00000000c3e00000, 0x00000000c3effff8, 0x00000000c3f00000| 99%| O|  |TAMS 0x00000000c3e00000| PB 0x00000000c3e00000| Untracked |  0
|   5|0x00000000c3f00000, 0x00000000c4000000, 0x00000000c4000000|100%| O|  |TAMS 0x00000000c3f00000| PB 0x00000000c3f00000| Untracked |  0
|   6|0x00000000c4000000, 0x00000000c40fffe8, 0x00000000c4100000| 99%| O|  |TAMS 0x00000000c4000000| PB 0x00000000c4000000| Untracked |  0
|   7|0x00000000c4100000, 0x00000000c41ffff8, 0x00000000c4200000| 99%| O|  |TAMS 0x00000000c4100000| PB 0x00000000c4100000| Untracked |  0
|   8|0x00000000c4200000, 0x00000000c42fff40, 0x00000000c4300000| 99%| O|  |TAMS 0x00000000c4200000| PB 0x00000000c4200000| Untracked |  0
|   9|0x00000000c4300000, 0x00000000c43fffe8, 0x00000000c4400000| 99%| O|  |TAMS 0x00000000c4300000| PB 0x00000000c4300000| Untracked |  0
|  10|0x00000000c4400000, 0x00000000c44fff98, 0x00000000c4500000| 99%| O|  |TAMS 0x00000000c4400000| PB 0x00000000c4400000| Untracked |  0
|  11|0x00000000c4500000, 0x00000000c45ffff0, 0x00000000c4600000| 99%| O|  |TAMS 0x00000000c4500000| PB 0x00000000c4500000| Untracked |  0
|  12|0x00000000c4600000, 0x00000000c46ffff0, 0x00000000c4700000| 99%| O|  |TAMS 0x00000000c4600000| PB 0x00000000c4600000| Untracked |  0
|  13|0x00000000c4700000, 0x00000000c47fffc0, 0x00000000c4800000| 99%| O|  |TAMS 0x00000000c4700000| PB 0x00000000c4700000| Untracked |  0
|  14|0x00000000c4800000, 0x00000000c48fffe0, 0x00000000c4900000| 99%| O|  |TAMS 0x00000000c4800000| PB 0x00000000c4800000| Untracked |  0
|  15|0x00000000c4900000, 0x00000000c49fe808, 0x00000000c4a00000| 99%| O|  |TAMS 0x00000000c4900000| PB 0x00000000c4900000| Untracked |  0
|  16|0x00000000c4a00000, 0x00000000c4afffe8, 0x00000000c4b00000| 99%| O|  |TAMS 0x00000000c4a00000| PB 0x00000000c4a00000| Untracked |  0
|  17|0x00000000c4b00000, 0x00000000c4bffff0, 0x00000000c4c00000| 99%| O|  |TAMS 0x00000000c4b00000| PB 0x00000000c4b00000| Untracked |  0
|  18|0x00000000c4c00000, 0x00000000c4d00000, 0x00000000c4d00000|100%| O|  |TAMS 0x00000000c4c00000| PB 0x00000000c4c00000| Untracked |  0
|  19|0x00000000c4d00000, 0x00000000c4df90e0, 0x00000000c4e00000| 97%| O|  |TAMS 0x00000000c4d00000| PB 0x00000000c4d00000| Untracked |  0
|  20|0x00000000c4e00000, 0x00000000c4efffe0, 0x00000000c4f00000| 99%| O|  |TAMS 0x00000000c4e00000| PB 0x00000000c4e00000| Untracked |  0
|  21|0x00000000c4f00000, 0x00000000c5000000, 0x00000000c5000000|100%| O|  |TAMS 0x00000000c4f00000| PB 0x00000000c4f00000| Untracked |  0
|  22|0x00000000c5000000, 0x00000000c5100000, 0x00000000c5100000|100%| O|  |TAMS 0x00000000c5000000| PB 0x00000000c5000000| Untracked |  0
|  23|0x00000000c5100000, 0x00000000c51ffff0, 0x00000000c5200000| 99%| O|  |TAMS 0x00000000c5100000| PB 0x00000000c5100000| Untracked |  0
|  24|0x00000000c5200000, 0x00000000c52ffe48, 0x00000000c5300000| 99%| O|  |TAMS 0x00000000c5200000| PB 0x00000000c5200000| Untracked |  0
|  25|0x00000000c5300000, 0x00000000c53ffff8, 0x00000000c5400000| 99%| O|  |TAMS 0x00000000c5300000| PB 0x00000000c5300000| Untracked |  0
|  26|0x00000000c5400000, 0x00000000c5500000, 0x00000000c5500000|100%| O|  |TAMS 0x00000000c5400000| PB 0x00000000c5400000| Untracked |  0
|  27|0x00000000c5500000, 0x00000000c55f6370, 0x00000000c5600000| 96%| O|  |TAMS 0x00000000c5500000| PB 0x00000000c5500000| Untracked |  0
|  28|0x00000000c5600000, 0x00000000c56d39f8, 0x00000000c5700000| 82%| O|  |TAMS 0x00000000c5600000| PB 0x00000000c5600000| Untracked |  0
|  29|0x00000000c5700000, 0x00000000c5711728, 0x00000000c5800000|  6%| O|  |TAMS 0x00000000c5700000| PB 0x00000000c5700000| Untracked |  0
|  30|0x00000000c5800000, 0x00000000c5900000, 0x00000000c5900000|100%| O|  |TAMS 0x00000000c5800000| PB 0x00000000c5800000| Untracked |  0
|  31|0x00000000c5900000, 0x00000000c5a00000, 0x00000000c5a00000|100%| O|  |TAMS 0x00000000c5900000| PB 0x00000000c5900000| Untracked |  0
|  32|0x00000000c5a00000, 0x00000000c5a11478, 0x00000000c5b00000|  6%| O|  |TAMS 0x00000000c5a00000| PB 0x00000000c5a00000| Untracked |  0
|  33|0x00000000c5b00000, 0x00000000c5b00000, 0x00000000c5c00000|  0%| F|  |TAMS 0x00000000c5b00000| PB 0x00000000c5b00000| Untracked |  0
|  34|0x00000000c5c00000, 0x00000000c5c00000, 0x00000000c5d00000|  0%| F|  |TAMS 0x00000000c5c00000| PB 0x00000000c5c00000| Untracked |  0
|  35|0x00000000c5d00000, 0x00000000c5d00000, 0x00000000c5e00000|  0%| F|  |TAMS 0x00000000c5d00000| PB 0x00000000c5d00000| Untracked |  0
|  36|0x00000000c5e00000, 0x00000000c5e00000, 0x00000000c5f00000|  0%| F|  |TAMS 0x00000000c5e00000| PB 0x00000000c5e00000| Untracked |  0
|  37|0x00000000c5f00000, 0x00000000c5f00000, 0x00000000c6000000|  0%| F|  |TAMS 0x00000000c5f00000| PB 0x00000000c5f00000| Untracked |  0
|  38|0x00000000c6000000, 0x00000000c60fac40, 0x00000000c6100000| 97%| S|CS|TAMS 0x00000000c6000000| PB 0x00000000c6000000| Complete |  0
|  39|0x00000000c6100000, 0x00000000c6200000, 0x00000000c6200000|100%| S|CS|TAMS 0x00000000c6100000| PB 0x00000000c6100000| Complete |  0
|  40|0x00000000c6200000, 0x00000000c6200000, 0x00000000c6300000|  0%| F|  |TAMS 0x00000000c6200000| PB 0x00000000c6200000| Untracked |  0
|  41|0x00000000c6300000, 0x00000000c6300000, 0x00000000c6400000|  0%| F|  |TAMS 0x00000000c6300000| PB 0x00000000c6300000| Untracked |  0
|  42|0x00000000c6400000, 0x00000000c6400000, 0x00000000c6500000|  0%| F|  |TAMS 0x00000000c6400000| PB 0x00000000c6400000| Untracked |  0
|  43|0x00000000c6500000, 0x00000000c6500000, 0x00000000c6600000|  0%| F|  |TAMS 0x00000000c6500000| PB 0x00000000c6500000| Untracked |  0
|  44|0x00000000c6600000, 0x00000000c6600000, 0x00000000c6700000|  0%| F|  |TAMS 0x00000000c6600000| PB 0x00000000c6600000| Untracked |  0
|  45|0x00000000c6700000, 0x00000000c67f01e0, 0x00000000c6800000| 93%| E|  |TAMS 0x00000000c6700000| PB 0x00000000c6700000| Complete |  0
|  46|0x00000000c6800000, 0x00000000c6900000, 0x00000000c6900000|100%| E|CS|TAMS 0x00000000c6800000| PB 0x00000000c6800000| Complete |  0
|  47|0x00000000c6900000, 0x00000000c6a00000, 0x00000000c6a00000|100%| E|CS|TAMS 0x00000000c6900000| PB 0x00000000c6900000| Complete |  0
|  48|0x00000000c6a00000, 0x00000000c6b00000, 0x00000000c6b00000|100%| E|CS|TAMS 0x00000000c6a00000| PB 0x00000000c6a00000| Complete |  0
|  49|0x00000000c6b00000, 0x00000000c6c00000, 0x00000000c6c00000|100%| E|CS|TAMS 0x00000000c6b00000| PB 0x00000000c6b00000| Complete |  0
|  50|0x00000000c6c00000, 0x00000000c6d00000, 0x00000000c6d00000|100%| E|CS|TAMS 0x00000000c6c00000| PB 0x00000000c6c00000| Complete |  0
|  51|0x00000000c6d00000, 0x00000000c6e00000, 0x00000000c6e00000|100%| E|CS|TAMS 0x00000000c6d00000| PB 0x00000000c6d00000| Complete |  0
|  52|0x00000000c6e00000, 0x00000000c6f00000, 0x00000000c6f00000|100%| E|CS|TAMS 0x00000000c6e00000| PB 0x00000000c6e00000| Complete |  0
|  53|0x00000000c6f00000, 0x00000000c7000000, 0x00000000c7000000|100%| E|CS|TAMS 0x00000000c6f00000| PB 0x00000000c6f00000| Complete |  0
|  54|0x00000000c7000000, 0x00000000c7100000, 0x00000000c7100000|100%| E|CS|TAMS 0x00000000c7000000| PB 0x00000000c7000000| Complete |  0
|  55|0x00000000c7100000, 0x00000000c7200000, 0x00000000c7200000|100%| E|CS|TAMS 0x00000000c7100000| PB 0x00000000c7100000| Complete |  0
|  56|0x00000000c7200000, 0x00000000c7300000, 0x00000000c7300000|100%| E|CS|TAMS 0x00000000c7200000| PB 0x00000000c7200000| Complete |  0
|  57|0x00000000c7300000, 0x00000000c7400000, 0x00000000c7400000|100%| E|CS|TAMS 0x00000000c7300000| PB 0x00000000c7300000| Complete |  0
|  58|0x00000000c7400000, 0x00000000c7500000, 0x00000000c7500000|100%| E|CS|TAMS 0x00000000c7400000| PB 0x00000000c7400000| Complete |  0
|  59|0x00000000c7500000, 0x00000000c7600000, 0x00000000c7600000|100%| E|CS|TAMS 0x00000000c7500000| PB 0x00000000c7500000| Complete |  0
|  60|0x00000000c7600000, 0x00000000c7700000, 0x00000000c7700000|100%| E|CS|TAMS 0x00000000c7600000| PB 0x00000000c7600000| Complete |  0
|  61|0x00000000c7700000, 0x00000000c7800000, 0x00000000c7800000|100%| E|CS|TAMS 0x00000000c7700000| PB 0x00000000c7700000| Complete |  0

Card table byte_map: [0x000001dcd5210000,0x000001dcd5400000] _byte_map_base: 0x000001dcd4bf3000

Marking Bits: (CMBitMap*) 0x000001dcbdd11830
 Bits: [0x000001dcd5400000, 0x000001dcd6318000)

Polling page: 0x000001dcbbc70000

Metaspace:

Usage:
  Non-class:     66.88 MB used.
      Class:     10.56 MB used.
       Both:     77.44 MB used.

Virtual space:
  Non-class space:      128.00 MB reserved,      67.38 MB ( 53%) committed,  2 nodes.
      Class space:        1.00 GB reserved,      10.88 MB (  1%) committed,  1 nodes.
             Both:        1.12 GB reserved,      78.25 MB (  7%) committed. 

Chunk freelists:
   Non-Class:  11.92 MB
       Class:  5.02 MB
        Both:  16.93 MB

MaxMetaspaceSize: unlimited
CompressedClassSpaceSize: 1.00 GB
Initial GC threshold: 21.00 MB
Current GC threshold: 129.50 MB
CDS: on
 - commit_granule_bytes: 65536.
 - commit_granule_words: 8192.
 - virtual_space_node_default_size: 8388608.
 - enlarge_chunks_in_place: 1.
 - use_allocation_guard: 0.


Internal statistics:

num_allocs_failed_limit: 6.
num_arena_births: 1006.
num_arena_deaths: 6.
num_vsnodes_births: 3.
num_vsnodes_deaths: 0.
num_space_committed: 1252.
num_space_uncommitted: 0.
num_chunks_returned_to_freelist: 12.
num_chunks_taken_from_freelist: 3701.
num_chunk_merges: 6.
num_chunk_splits: 2653.
num_chunks_enlarged: 2065.
num_inconsistent_stats: 0.

CodeHeap 'non-profiled nmethods': size=120000Kb used=5054Kb max_used=5054Kb free=114946Kb
 bounds [0x000001dccdaf0000, 0x000001dccdfe0000, 0x000001dcd5020000]
CodeHeap 'profiled nmethods': size=120000Kb used=14820Kb max_used=14820Kb free=105179Kb
 bounds [0x000001dcc6020000, 0x000001dcc6ec0000, 0x000001dccd550000]
CodeHeap 'non-nmethods': size=5760Kb used=1981Kb max_used=2035Kb free=3779Kb
 bounds [0x000001dccd550000, 0x000001dccd7c0000, 0x000001dccdaf0000]
 total_blobs=8951 nmethods=8183 adapters=671
 compilation: enabled
              stopped_count=0, restarted_count=0
 full_count=0

Compilation events (20 events):
Event: 1009.663 Thread 0x000001dcd87ced40 10486       3       java.util.ImmutableCollections::listFromTrustedArrayNullsAllowed (42 bytes)
Event: 1009.664 Thread 0x000001dcd87ced40 nmethod 10486 0x000001dcc6479c90 code [0x000001dcc6479e60, 0x000001dcc647a268]
Event: 1009.664 Thread 0x000001dcd87ced40 10487       3       java.util.AbstractList$RandomAccessSpliterator::forEachRemaining (62 bytes)
Event: 1009.665 Thread 0x000001dcd87ced40 nmethod 10487 0x000001dcc65bc390 code [0x000001dcc65bc5e0, 0x000001dcc65bce00]
Event: 1009.666 Thread 0x000001dcd87ced40 10488       3       org.springframework.core.annotation.TypeMappedAnnotations::spliterator (14 bytes)
Event: 1009.666 Thread 0x000001dcd87ced40 nmethod 10488 0x000001dcc68f0e10 code [0x000001dcc68f0fe0, 0x000001dcc68f1378]
Event: 1009.668 Thread 0x000001dcd87ced40 10489       3       org.springframework.context.support.AbstractApplicationContext::assertBeanFactoryActive (55 bytes)
Event: 1009.669 Thread 0x000001dcd87ced40 nmethod 10489 0x000001dcc689ff10 code [0x000001dcc68a0120, 0x000001dcc68a0788]
Event: 1009.669 Thread 0x000001dcd87ced40 10490       1       org.springframework.web.servlet.mvc.method.RequestMappingInfo::hashCode (5 bytes)
Event: 1009.669 Thread 0x000001dcd87abb20 nmethod 10391 0x000001dccdfde510 code [0x000001dccdfde700, 0x000001dccdfdeb48]
Event: 1009.669 Thread 0x000001dcd87ced40 nmethod 10490 0x000001dccdfdef10 code [0x000001dccdfdf0a0, 0x000001dccdfdf168]
Event: 1009.669 Thread 0x000001dcd87abb20 10397       4       sun.security.ec.ECOperations::setSum (685 bytes)
Event: 1009.678 Thread 0x000001dcd87ced40 10491       3       org.springframework.core.SimpleAliasRegistry$$Lambda/0x000001dcda426470::accept (24 bytes)
Event: 1009.679 Thread 0x000001dcd87ced40 nmethod 10491 0x000001dcc65d9710 code [0x000001dcc65d9960, 0x000001dcc65da4c0]
Event: 1009.753 Thread 0x000001dcd87ced40 10493   !   3       org.springframework.core.SimpleAliasRegistry::getAliases (38 bytes)
Event: 1009.754 Thread 0x000001dcd87ced40 nmethod 10493 0x000001dcc6227d90 code [0x000001dcc6228020, 0x000001dcc6228fc0]
Event: 1009.776 Thread 0x000001dcd87ced40 10494       3       java.util.stream.SortedOps$RefSortingSink::accept (10 bytes)
Event: 1009.776 Thread 0x000001dcd87ced40 nmethod 10494 0x000001dcc6227390 code [0x000001dcc6227560, 0x000001dcc6227a58]
Event: 1009.783 Thread 0x000001dcd87ced40 10495       3       java.util.stream.SortedOps$RefSortingSink$$Lambda/0x000001dcda1f1718::accept (11 bytes)
Event: 1009.784 Thread 0x000001dcd87ced40 nmethod 10495 0x000001dcc640ad90 code [0x000001dcc640af40, 0x000001dcc640b118]

GC Heap History (20 events):
Event: 106.128 GC heap before
{Heap before GC invocations=33 (full 2):
 garbage-first heap   total reserved 989184K, committed 60416K, used 49768K [0x00000000c3a00000, 0x0000000100000000)
  region size 1024K, 22 young (22528K), 3 survivors (3072K)
 Metaspace       used 77728K, committed 78528K, reserved 1179648K
  class space    used 10762K, committed 11072K, reserved 1048576K
}
Event: 106.136 GC heap after
{Heap after GC invocations=34 (full 2):
 garbage-first heap   total reserved 989184K, committed 60416K, used 32894K [0x00000000c3a00000, 0x0000000100000000)
  region size 1024K, 2 young (2048K), 2 survivors (2048K)
 Metaspace       used 77728K, committed 78528K, reserved 1179648K
  class space    used 10762K, committed 11072K, reserved 1048576K
}
Event: 106.784 GC heap before
{Heap before GC invocations=34 (full 2):
 garbage-first heap   total reserved 989184K, committed 60416K, used 52350K [0x00000000c3a00000, 0x0000000100000000)
  region size 1024K, 21 young (21504K), 2 survivors (2048K)
 Metaspace       used 78124K, committed 78848K, reserved 1179648K
  class space    used 10774K, committed 11072K, reserved 1048576K
}
Event: 106.788 GC heap after
{Heap after GC invocations=35 (full 2):
 garbage-first heap   total reserved 989184K, committed 60416K, used 34714K [0x00000000c3a00000, 0x0000000100000000)
  region size 1024K, 3 young (3072K), 3 survivors (3072K)
 Metaspace       used 78124K, committed 78848K, reserved 1179648K
  class space    used 10774K, committed 11072K, reserved 1048576K
}
Event: 109.005 GC heap before
{Heap before GC invocations=36 (full 2):
 garbage-first heap   total reserved 989184K, committed 63488K, used 47002K [0x00000000c3a00000, 0x0000000100000000)
  region size 1024K, 16 young (16384K), 3 survivors (3072K)
 Metaspace       used 78158K, committed 78912K, reserved 1179648K
  class space    used 10775K, committed 11072K, reserved 1048576K
}
Event: 109.073 GC heap after
{Heap after GC invocations=37 (full 3):
 garbage-first heap   total reserved 989184K, committed 63488K, used 29257K [0x00000000c3a00000, 0x0000000100000000)
  region size 1024K, 0 young (0K), 0 survivors (0K)
 Metaspace       used 78155K, committed 78912K, reserved 1179648K
  class space    used 10774K, committed 11072K, reserved 1048576K
}
Event: 109.816 GC heap before
{Heap before GC invocations=37 (full 3):
 garbage-first heap   total reserved 989184K, committed 63488K, used 54857K [0x00000000c3a00000, 0x0000000100000000)
  region size 1024K, 25 young (25600K), 0 survivors (0K)
 Metaspace       used 78255K, committed 79040K, reserved 1179648K
  class space    used 10781K, committed 11072K, reserved 1048576K
}
Event: 109.819 GC heap after
{Heap after GC invocations=38 (full 3):
 garbage-first heap   total reserved 989184K, committed 63488K, used 31694K [0x00000000c3a00000, 0x0000000100000000)
  region size 1024K, 3 young (3072K), 3 survivors (3072K)
 Metaspace       used 78255K, committed 79040K, reserved 1179648K
  class space    used 10781K, committed 11072K, reserved 1048576K
}
Event: 110.369 GC heap before
{Heap before GC invocations=38 (full 3):
 garbage-first heap   total reserved 989184K, committed 63488K, used 53198K [0x00000000c3a00000, 0x0000000100000000)
  region size 1024K, 25 young (25600K), 3 survivors (3072K)
 Metaspace       used 78503K, committed 79296K, reserved 1179648K
  class space    used 10787K, committed 11136K, reserved 1048576K
}
Event: 110.373 GC heap after
{Heap after GC invocations=39 (full 3):
 garbage-first heap   total reserved 989184K, committed 63488K, used 33360K [0x00000000c3a00000, 0x0000000100000000)
  region size 1024K, 2 young (2048K), 2 survivors (2048K)
 Metaspace       used 78503K, committed 79296K, reserved 1179648K
  class space    used 10787K, committed 11136K, reserved 1048576K
}
Event: 110.722 GC heap before
{Heap before GC invocations=39 (full 3):
 garbage-first heap   total reserved 989184K, committed 63488K, used 54864K [0x00000000c3a00000, 0x0000000100000000)
  region size 1024K, 23 young (23552K), 2 survivors (2048K)
 Metaspace       used 78740K, committed 79552K, reserved 1179648K
  class space    used 10794K, committed 11136K, reserved 1048576K
}
Event: 110.727 GC heap after
{Heap after GC invocations=40 (full 3):
 garbage-first heap   total reserved 989184K, committed 63488K, used 35561K [0x00000000c3a00000, 0x0000000100000000)
  region size 1024K, 3 young (3072K), 3 survivors (3072K)
 Metaspace       used 78740K, committed 79552K, reserved 1179648K
  class space    used 10794K, committed 11136K, reserved 1048576K
}
Event: 650.880 GC heap before
{Heap before GC invocations=41 (full 3):
 garbage-first heap   total reserved 989184K, committed 63488K, used 53993K [0x00000000c3a00000, 0x0000000100000000)
  region size 1024K, 21 young (21504K), 3 survivors (3072K)
 Metaspace       used 78832K, committed 79680K, reserved 1179648K
  class space    used 10794K, committed 11136K, reserved 1048576K
}
Event: 650.930 GC heap after
{Heap after GC invocations=42 (full 3):
 garbage-first heap   total reserved 989184K, committed 63488K, used 35844K [0x00000000c3a00000, 0x0000000100000000)
  region size 1024K, 1 young (1024K), 1 survivors (1024K)
 Metaspace       used 78832K, committed 79680K, reserved 1179648K
  class space    used 10794K, committed 11136K, reserved 1048576K
}
Event: 1006.825 GC heap before
{Heap before GC invocations=42 (full 3):
 garbage-first heap   total reserved 989184K, committed 63488K, used 46084K [0x00000000c3a00000, 0x0000000100000000)
  region size 1024K, 12 young (12288K), 1 survivors (1024K)
 Metaspace       used 78847K, committed 79680K, reserved 1179648K
  class space    used 10794K, committed 11136K, reserved 1048576K
}
Event: 1007.818 GC heap after
{Heap after GC invocations=43 (full 4):
 garbage-first heap   total reserved 989184K, committed 63488K, used 29514K [0x00000000c3a00000, 0x0000000100000000)
  region size 1024K, 0 young (0K), 0 survivors (0K)
 Metaspace       used 78844K, committed 79680K, reserved 1179648K
  class space    used 10794K, committed 11136K, reserved 1048576K
}
Event: 1008.838 GC heap before
{Heap before GC invocations=43 (full 4):
 garbage-first heap   total reserved 989184K, committed 63488K, used 54090K [0x00000000c3a00000, 0x0000000100000000)
  region size 1024K, 25 young (25600K), 0 survivors (0K)
 Metaspace       used 78935K, committed 79744K, reserved 1179648K
  class space    used 10800K, committed 11136K, reserved 1048576K
}
Event: 1008.847 GC heap after
{Heap after GC invocations=44 (full 4):
 garbage-first heap   total reserved 989184K, committed 63488K, used 31901K [0x00000000c3a00000, 0x0000000100000000)
  region size 1024K, 3 young (3072K), 3 survivors (3072K)
 Metaspace       used 78935K, committed 79744K, reserved 1179648K
  class space    used 10800K, committed 11136K, reserved 1048576K
}
Event: 1009.384 GC heap before
{Heap before GC invocations=44 (full 4):
 garbage-first heap   total reserved 989184K, committed 63488K, used 53405K [0x00000000c3a00000, 0x0000000100000000)
  region size 1024K, 25 young (25600K), 3 survivors (3072K)
 Metaspace       used 79106K, committed 79872K, reserved 1179648K
  class space    used 10806K, committed 11136K, reserved 1048576K
}
Event: 1009.394 GC heap after
{Heap after GC invocations=45 (full 4):
 garbage-first heap   total reserved 989184K, committed 63488K, used 33658K [0x00000000c3a00000, 0x0000000100000000)
  region size 1024K, 2 young (2048K), 2 survivors (2048K)
 Metaspace       used 79106K, committed 79872K, reserved 1179648K
  class space    used 10806K, committed 11136K, reserved 1048576K
}

Dll operation events (12 events):
Event: 0.017 Loaded shared library C:\Program Files\Java\jdk-22\bin\java.dll
Event: 0.109 Loaded shared library C:\Program Files\Java\jdk-22\bin\jsvml.dll
Event: 0.275 Loaded shared library C:\Program Files\Java\jdk-22\bin\jimage.dll
Event: 0.294 Loaded shared library C:\Program Files\Java\jdk-22\bin\net.dll
Event: 0.297 Loaded shared library C:\Program Files\Java\jdk-22\bin\nio.dll
Event: 0.301 Loaded shared library C:\Program Files\Java\jdk-22\bin\zip.dll
Event: 0.506 Loaded shared library C:\Program Files\Java\jdk-22\bin\management.dll
Event: 0.520 Loaded shared library C:\Program Files\Java\jdk-22\bin\management_ext.dll
Event: 1.126 Loaded shared library C:\Program Files\Java\jdk-22\bin\extnet.dll
Event: 2.841 Loaded shared library C:\Program Files\Java\jdk-22\bin\le.dll
Event: 4.028 Loaded shared library C:\Program Files\Java\jdk-22\bin\sunmscapi.dll
Event: 9.270 Loaded shared library C:\Program Files\Java\jdk-22\bin\verify.dll

Deoptimization events (20 events):
Event: 1009.456 Thread 0x000001dd1f870200 Uncommon trap: trap_request=0xffffffbe fr.pc=0x000001dccdfcf2a4 relative=0x00000000000004e4
Event: 1009.456 Thread 0x000001dd1f870200 Uncommon trap: reason=profile_predicate action=maybe_recompile pc=0x000001dccdfcf2a4 method=com.sun.crypto.provider.HmacCore.engineInit(Ljava/security/Key;Ljava/security/spec/AlgorithmParameterSpec;)V @ 88 c2
Event: 1009.456 Thread 0x000001dd1f870200 DEOPT PACKING pc=0x000001dccdfcf2a4 sp=0x00000036445fdfa0
Event: 1009.456 Thread 0x000001dd1f870200 DEOPT UNPACKING pc=0x000001dccd5a7da2 sp=0x00000036445fdf38 mode 2
Event: 1009.457 Thread 0x000001dd1f870200 Uncommon trap: trap_request=0xffffffbe fr.pc=0x000001dccdfcf2a4 relative=0x00000000000004e4
Event: 1009.457 Thread 0x000001dd1f870200 Uncommon trap: reason=profile_predicate action=maybe_recompile pc=0x000001dccdfcf2a4 method=com.sun.crypto.provider.HmacCore.engineInit(Ljava/security/Key;Ljava/security/spec/AlgorithmParameterSpec;)V @ 88 c2
Event: 1009.457 Thread 0x000001dd1f870200 DEOPT PACKING pc=0x000001dccdfcf2a4 sp=0x00000036445fe0c0
Event: 1009.457 Thread 0x000001dd1f870200 DEOPT UNPACKING pc=0x000001dccd5a7da2 sp=0x00000036445fe058 mode 2
Event: 1009.457 Thread 0x000001dd1f870200 Uncommon trap: trap_request=0xffffffbe fr.pc=0x000001dccdfcf2a4 relative=0x00000000000004e4
Event: 1009.457 Thread 0x000001dd1f870200 Uncommon trap: reason=profile_predicate action=maybe_recompile pc=0x000001dccdfcf2a4 method=com.sun.crypto.provider.HmacCore.engineInit(Ljava/security/Key;Ljava/security/spec/AlgorithmParameterSpec;)V @ 88 c2
Event: 1009.457 Thread 0x000001dd1f870200 DEOPT PACKING pc=0x000001dccdfcf2a4 sp=0x00000036445fe0c0
Event: 1009.457 Thread 0x000001dd1f870200 DEOPT UNPACKING pc=0x000001dccd5a7da2 sp=0x00000036445fe058 mode 2
Event: 1009.460 Thread 0x000001dd1f86ee50 Uncommon trap: trap_request=0xfffffff4 fr.pc=0x000001dccdf263c8 relative=0x0000000000001668
Event: 1009.460 Thread 0x000001dd1f86ee50 Uncommon trap: reason=null_check action=make_not_entrant pc=0x000001dccdf263c8 method=org.springframework.orm.jpa.support.PersistenceAnnotationBeanPostProcessor$PersistenceElement.<init>(Lorg/springframework/orm/jpa/support/PersistenceAnnotationBeanPostPr
Event: 1009.460 Thread 0x000001dd1f86ee50 DEOPT PACKING pc=0x000001dccdf263c8 sp=0x00000036440fd660
Event: 1009.460 Thread 0x000001dd1f86ee50 DEOPT UNPACKING pc=0x000001dccd5a7da2 sp=0x00000036440fd568 mode 2
Event: 1009.567 Thread 0x000001dd1f870200 DEOPT PACKING pc=0x000001dcc6bb3741 sp=0x00000036445fdf50
Event: 1009.567 Thread 0x000001dd1f870200 DEOPT UNPACKING pc=0x000001dccd5a88e2 sp=0x00000036445fd460 mode 0
Event: 1009.626 Thread 0x000001dd1f870200 DEOPT PACKING pc=0x000001dcc699b0b9 sp=0x00000036445fde50
Event: 1009.626 Thread 0x000001dd1f870200 DEOPT UNPACKING pc=0x000001dccd5a88e2 sp=0x00000036445fd2d0 mode 0

Classes loaded (20 events):
Event: 85.464 Loading class java/util/concurrent/locks/AbstractQueuedSynchronizer$SharedNode
Event: 85.466 Loading class java/util/concurrent/locks/AbstractQueuedSynchronizer$SharedNode done
Event: 85.584 Loading class java/util/AbstractMap$2
Event: 85.585 Loading class java/util/AbstractMap$2 done
Event: 85.586 Loading class java/util/AbstractMap$ValueIterator
Event: 85.586 Loading class java/util/AbstractMap$ValueIterator done
Event: 85.605 Loading class sun/security/ssl/Alert
Event: 85.605 Loading class sun/security/ssl/Alert done
Event: 85.606 Loading class sun/security/ssl/Alert$AlertConsumer
Event: 85.606 Loading class sun/security/ssl/Alert$AlertConsumer done
Event: 85.606 Loading class sun/security/ssl/Alert$Level
Event: 85.607 Loading class sun/security/ssl/Alert$Level done
Event: 85.610 Loading class sun/net/ConnectionResetException
Event: 85.611 Loading class sun/net/ConnectionResetException done
Event: 85.833 Loading class java/lang/ref/Finalizer$2
Event: 85.834 Loading class java/lang/ref/Finalizer$2 done
Event: 85.834 Loading class java/lang/ref/Finalizer$1
Event: 85.834 Loading class java/lang/ref/Finalizer$1 done
Event: 1008.831 Loading class java/lang/invoke/MethodHandleImpl$CountingWrapper$1
Event: 1008.834 Loading class java/lang/invoke/MethodHandleImpl$CountingWrapper$1 done

Classes unloaded (3 events):
Event: 103.040 Thread 0x000001dcd877b290 Unloading class 0x000001dcdaadc000 'org/apache/catalina/loader/JdbcLeakPrevention'
Event: 109.030 Thread 0x000001dcd877b290 Unloading class 0x000001dcdaae2800 'org/apache/catalina/loader/JdbcLeakPrevention'
Event: 1006.987 Thread 0x000001dcd877b290 Unloading class 0x000001dcdaae9800 'org/apache/catalina/loader/JdbcLeakPrevention'

Classes redefined (0 events):
No events

Internal exceptions (20 events):
Event: 109.826 Thread 0x000001dd2218e490 Exception <a 'java/lang/NoClassDefFoundError'{0x00000000c7736630}: org/flywaydb/core/Flyway> (0x00000000c7736630) 
thrown [s\open\src\hotspot\share\oops\constantPool.cpp, line 872]
Event: 109.826 Thread 0x000001dd2218e490 Exception <a 'java/lang/NoClassDefFoundError'{0x00000000c7736c90}: liquibase/integration/spring/SpringLiquibase> (0x00000000c7736c90) 
thrown [s\open\src\hotspot\share\oops\constantPool.cpp, line 872]
Event: 109.832 Thread 0x000001dd2218e490 Exception <a 'java/lang/NoClassDefFoundError'{0x00000000c7784940}: org/jooq/DSLContext> (0x00000000c7784940) 
thrown [s\open\src\hotspot\share\oops\constantPool.cpp, line 872]
Event: 109.832 Thread 0x000001dd2218e490 Exception <a 'java/lang/NoClassDefFoundError'{0x00000000c778c2b8}: org/springframework/batch/core/repository/JobRepository> (0x00000000c778c2b8) 
thrown [s\open\src\hotspot\share\oops\constantPool.cpp, line 872]
Event: 109.832 Thread 0x000001dd2218e490 Exception <a 'java/lang/NoClassDefFoundError'{0x00000000c778c910}: org/quartz/Scheduler> (0x00000000c778c910) 
thrown [s\open\src\hotspot\share\oops\constantPool.cpp, line 872]
Event: 109.832 Thread 0x000001dd2218e490 Exception <a 'java/lang/NoClassDefFoundError'{0x00000000c778cf90}: org/springframework/session/jdbc/JdbcIndexedSessionRepository> (0x00000000c778cf90) 
thrown [s\open\src\hotspot\share\oops\constantPool.cpp, line 872]
Event: 109.952 Thread 0x000001dd2218e490 Exception <a 'java/io/FileNotFoundException'{0x00000000c70264a0}> (0x00000000c70264a0) 
thrown [s\open\src\hotspot\share\prims\jni.cpp, line 520]
Event: 110.006 Thread 0x000001dd2218e490 Exception <a 'java/io/FileNotFoundException'{0x00000000c6e03278}> (0x00000000c6e03278) 
thrown [s\open\src\hotspot\share\prims\jni.cpp, line 520]
Event: 110.382 Thread 0x000001dd2218e490 Implicit null exception at 0x000001dccdf1df03 to 0x000001dccdf1edc0
Event: 1006.819 Thread 0x000001dd22188220 Exception <a 'java/lang/InterruptedException'{0x00000000c6da3fe8}: sleep interrupted> (0x00000000c6da3fe8) 
thrown [s\open\src\hotspot\share\prims\jvm.cpp, line 3093]
Event: 1007.954 Thread 0x000001dd1f86ee50 Exception <a 'sun/nio/fs/WindowsException'{0x00000000c7764490}> (0x00000000c7764490) 
thrown [s\open\src\hotspot\share\prims\jni.cpp, line 520]
Event: 1008.853 Thread 0x000001dd1f86ee50 Exception <a 'java/lang/NoClassDefFoundError'{0x00000000c771e540}: org/flywaydb/core/Flyway> (0x00000000c771e540) 
thrown [s\open\src\hotspot\share\oops\constantPool.cpp, line 872]
Event: 1008.853 Thread 0x000001dd1f86ee50 Exception <a 'java/lang/NoClassDefFoundError'{0x00000000c771eba0}: liquibase/integration/spring/SpringLiquibase> (0x00000000c771eba0) 
thrown [s\open\src\hotspot\share\oops\constantPool.cpp, line 872]
Event: 1008.858 Thread 0x000001dd1f86ee50 Exception <a 'java/lang/NoClassDefFoundError'{0x00000000c776bc08}: org/jooq/DSLContext> (0x00000000c776bc08) 
thrown [s\open\src\hotspot\share\oops\constantPool.cpp, line 872]
Event: 1008.858 Thread 0x000001dd1f86ee50 Exception <a 'java/lang/NoClassDefFoundError'{0x00000000c7773550}: org/springframework/batch/core/repository/JobRepository> (0x00000000c7773550) 
thrown [s\open\src\hotspot\share\oops\constantPool.cpp, line 872]
Event: 1008.858 Thread 0x000001dd1f86ee50 Exception <a 'java/lang/NoClassDefFoundError'{0x00000000c7773ba8}: org/quartz/Scheduler> (0x00000000c7773ba8) 
thrown [s\open\src\hotspot\share\oops\constantPool.cpp, line 872]
Event: 1008.858 Thread 0x000001dd1f86ee50 Exception <a 'java/lang/NoClassDefFoundError'{0x00000000c7774228}: org/springframework/session/jdbc/JdbcIndexedSessionRepository> (0x00000000c7774228) 
thrown [s\open\src\hotspot\share\oops\constantPool.cpp, line 872]
Event: 1008.984 Thread 0x000001dd1f86ee50 Exception <a 'java/io/FileNotFoundException'{0x00000000c700d748}> (0x00000000c700d748) 
thrown [s\open\src\hotspot\share\prims\jni.cpp, line 520]
Event: 1009.027 Thread 0x000001dd1f86ee50 Exception <a 'java/io/FileNotFoundException'{0x00000000c6fea638}> (0x00000000c6fea638) 
thrown [s\open\src\hotspot\share\prims\jni.cpp, line 520]
Event: 1009.460 Thread 0x000001dd1f86ee50 Implicit null exception at 0x000001dccdf2549f to 0x000001dccdf263b0

ZGC Phase Switch (0 events):
No events

VM Operations (20 events):
Event: 650.880 Executing VM operation: G1CollectForAllocation (G1 Evacuation Pause)
Event: 650.930 Executing VM operation: G1CollectForAllocation (G1 Evacuation Pause) done
Event: 681.184 Executing VM operation: Cleanup
Event: 681.184 Executing VM operation: Cleanup done
Event: 792.253 Executing VM operation: Cleanup
Event: 792.253 Executing VM operation: Cleanup done
Event: 892.220 Executing VM operation: Cleanup
Event: 892.220 Executing VM operation: Cleanup done
Event: 913.410 Executing VM operation: Cleanup
Event: 913.410 Executing VM operation: Cleanup done
Event: 1006.260 Executing VM operation: Cleanup
Event: 1006.260 Executing VM operation: Cleanup done
Event: 1006.822 Executing VM operation: G1CollectFull (System.gc())
Event: 1007.818 Executing VM operation: G1CollectFull (System.gc()) done
Event: 1008.837 Executing VM operation: G1CollectForAllocation (G1 Evacuation Pause)
Event: 1008.847 Executing VM operation: G1CollectForAllocation (G1 Evacuation Pause) done
Event: 1009.286 Executing VM operation: ICBufferFull
Event: 1009.286 Executing VM operation: ICBufferFull done
Event: 1009.384 Executing VM operation: G1CollectForAllocation (G1 Evacuation Pause)
Event: 1009.394 Executing VM operation: G1CollectForAllocation (G1 Evacuation Pause) done

Memory protections (0 events):
No events

Nmethod flushes (20 events):
Event: 1007.759 Thread 0x000001dcd877b290 flushing  nmethod 0x000001dcc6832790
Event: 1007.759 Thread 0x000001dcd877b290 flushing  nmethod 0x000001dcc684d390
Event: 1007.759 Thread 0x000001dcd877b290 flushing  nmethod 0x000001dcc6851e90
Event: 1007.760 Thread 0x000001dcd877b290 flushing  nmethod 0x000001dcc687a210
Event: 1007.760 Thread 0x000001dcd877b290 flushing  nmethod 0x000001dcc688ff90
Event: 1007.760 Thread 0x000001dcd877b290 flushing  nmethod 0x000001dcc68c4590
Event: 1007.760 Thread 0x000001dcd877b290 flushing  nmethod 0x000001dcc68cca10
Event: 1007.760 Thread 0x000001dcd877b290 flushing  nmethod 0x000001dcc68ef210
Event: 1007.760 Thread 0x000001dcd877b290 flushing  nmethod 0x000001dcc68f0e10
Event: 1007.760 Thread 0x000001dcd877b290 flushing  nmethod 0x000001dcc68f1110
Event: 1007.760 Thread 0x000001dcd877b290 flushing  nmethod 0x000001dcc68f1d10
Event: 1007.760 Thread 0x000001dcd877b290 flushing  nmethod 0x000001dcc6910190
Event: 1007.761 Thread 0x000001dcd877b290 flushing  nmethod 0x000001dcc6921b10
Event: 1007.761 Thread 0x000001dcd877b290 flushing  nmethod 0x000001dcc6a17590
Event: 1007.761 Thread 0x000001dcd877b290 flushing  nmethod 0x000001dcc6a18510
Event: 1007.762 Thread 0x000001dcd877b290 flushing  nmethod 0x000001dcc6a5d610
Event: 1007.762 Thread 0x000001dcd877b290 flushing  nmethod 0x000001dcc6aa5790
Event: 1007.763 Thread 0x000001dcd877b290 flushing  nmethod 0x000001dcc6ace190
Event: 1007.764 Thread 0x000001dcd877b290 flushing  nmethod 0x000001dcc6c39310
Event: 1007.764 Thread 0x000001dcd877b290 flushing  nmethod 0x000001dcc6da7d90

Events (20 events):
Event: 1006.360 Thread 0x000001dd22189c60 Thread exited: 0x000001dd22189c60
Event: 1006.361 Thread 0x000001dd2218a980 Thread exited: 0x000001dd2218a980
Event: 1006.361 Thread 0x000001dd2218d0e0 Thread exited: 0x000001dd2218d0e0
Event: 1006.361 Thread 0x000001dd2218de00 Thread exited: 0x000001dd2218de00
Event: 1006.496 Thread 0x000001dd1f86daa0 Thread added: 0x000001dd1f86e130
Event: 1006.505 Thread 0x000001dd2218bd30 Thread exited: 0x000001dd2218bd30
Event: 1006.597 Thread 0x000001dd1f86e130 Thread exited: 0x000001dd1f86e130
Event: 1006.817 Thread 0x000001dd2218b6a0 Thread exited: 0x000001dd2218b6a0
Event: 1006.817 Thread 0x000001dd2218f1b0 Thread exited: 0x000001dd2218f1b0
Event: 1006.820 Thread 0x000001dd22188220 Thread exited: 0x000001dd22188220
Event: 1007.819 Thread 0x000001dd1f86daa0 Thread added: 0x000001dd1f86ee50
Event: 1007.820 Thread 0x000001dd1f86ee50 Thread exited: 0x000001dd1f86ee50
Event: 1007.821 Thread 0x000001dd1f86daa0 Thread added: 0x000001dd1f86ee50
Event: 1008.125 Thread 0x000001dd1f86ee50 Thread added: 0x000001dd1f86f4e0
Event: 1008.149 Thread 0x000001dd1f86f4e0 Thread exited: 0x000001dd1f86f4e0
Event: 1009.029 Thread 0x000001dd1f86ee50 Thread added: 0x000001dd1f870890
Event: 1009.030 Thread 0x000001dd1f86ee50 Thread added: 0x000001dd1f86d410
Event: 1009.030 Thread 0x000001dd1f86ee50 Thread added: 0x000001dd1f86f4e0
Event: 1009.138 Thread 0x000001dd1f86ee50 Thread added: 0x000001dd1f86fb70
Event: 1009.252 Thread 0x000001dd1f86fb70 Thread added: 0x000001dd1f870200


Dynamic libraries:
0x00007ff750bd0000 - 0x00007ff750be0000 	C:\Program Files\Java\jdk-22\bin\java.exe
0x00007ffaaafb0000 - 0x00007ffaab1c7000 	C:\WINDOWS\SYSTEM32\ntdll.dll
0x00007ffaaa610000 - 0x00007ffaaa6d4000 	C:\WINDOWS\System32\KERNEL32.DLL
0x00007ffaa8680000 - 0x00007ffaa8a2d000 	C:\WINDOWS\System32\KERNELBASE.dll
0x00007ffaa8bc0000 - 0x00007ffaa8cd1000 	C:\WINDOWS\System32\ucrtbase.dll
0x00007ffa67d80000 - 0x00007ffa67d9b000 	C:\Program Files\Java\jdk-22\bin\VCRUNTIME140.dll
0x00007ffa98890000 - 0x00007ffa988a7000 	C:\Program Files\Java\jdk-22\bin\jli.dll
0x00007ffaa90d0000 - 0x00007ffaa927e000 	C:\WINDOWS\System32\USER32.dll
0x00007ffaa8a60000 - 0x00007ffaa8a86000 	C:\WINDOWS\System32\win32u.dll
0x00007ffa962c0000 - 0x00007ffa96553000 	C:\WINDOWS\WinSxS\amd64_microsoft.windows.common-controls_6595b64144ccf1df_6.0.22621.3672_none_2713b9d173822955\COMCTL32.dll
0x00007ffaaa420000 - 0x00007ffaaa449000 	C:\WINDOWS\System32\GDI32.dll
0x00007ffaa8ce0000 - 0x00007ffaa8d87000 	C:\WINDOWS\System32\msvcrt.dll
0x00007ffaa8350000 - 0x00007ffaa8469000 	C:\WINDOWS\System32\gdi32full.dll
0x00007ffaa85e0000 - 0x00007ffaa867a000 	C:\WINDOWS\System32\msvcp_win.dll
0x00007ffaaaab0000 - 0x00007ffaaaae1000 	C:\WINDOWS\System32\IMM32.DLL
0x00007ffa98860000 - 0x00007ffa9886c000 	C:\Program Files\Java\jdk-22\bin\vcruntime140_1.dll
0x00007ffa67cf0000 - 0x00007ffa67d7e000 	C:\Program Files\Java\jdk-22\bin\msvcp140.dll
0x00007ffa07b60000 - 0x00007ffa088a9000 	C:\Program Files\Java\jdk-22\bin\server\jvm.dll
0x00007ffaa9280000 - 0x00007ffaa9332000 	C:\WINDOWS\System32\ADVAPI32.dll
0x00007ffaa9340000 - 0x00007ffaa93e9000 	C:\WINDOWS\System32\sechost.dll
0x00007ffaa8a30000 - 0x00007ffaa8a58000 	C:\WINDOWS\System32\bcrypt.dll
0x00007ffaa9880000 - 0x00007ffaa9994000 	C:\WINDOWS\System32\RPCRT4.dll
0x00007ffaa8ef0000 - 0x00007ffaa8f61000 	C:\WINDOWS\System32\WS2_32.dll
0x00007ffaa81a0000 - 0x00007ffaa81ed000 	C:\WINDOWS\SYSTEM32\POWRPROF.dll
0x00007ffa99460000 - 0x00007ffa9946a000 	C:\WINDOWS\SYSTEM32\VERSION.dll
0x00007ffaa0b20000 - 0x00007ffaa0b54000 	C:\WINDOWS\SYSTEM32\WINMM.dll
0x00007ffaa8180000 - 0x00007ffaa8193000 	C:\WINDOWS\SYSTEM32\UMPDC.dll
0x00007ffaa7320000 - 0x00007ffaa7338000 	C:\WINDOWS\SYSTEM32\kernel.appcore.dll
0x00007ffa96cd0000 - 0x00007ffa96cda000 	C:\Program Files\Java\jdk-22\bin\jimage.dll
0x00007ffaa5b70000 - 0x00007ffaa5da2000 	C:\WINDOWS\SYSTEM32\DBGHELP.DLL
0x00007ffaaa720000 - 0x00007ffaaaaae000 	C:\WINDOWS\System32\combase.dll
0x00007ffaa93f0000 - 0x00007ffaa94c7000 	C:\WINDOWS\System32\OLEAUT32.dll
0x00007ffa7ee50000 - 0x00007ffa7ee82000 	C:\WINDOWS\SYSTEM32\dbgcore.DLL
0x00007ffaa82d0000 - 0x00007ffaa834b000 	C:\WINDOWS\System32\bcryptPrimitives.dll
0x00007ffa67cd0000 - 0x00007ffa67cee000 	C:\Program Files\Java\jdk-22\bin\java.dll
0x00007ffaa99a0000 - 0x00007ffaaa207000 	C:\WINDOWS\System32\SHELL32.dll
0x00007ffaa94d0000 - 0x00007ffaa9675000 	C:\WINDOWS\System32\ole32.dll
0x00007ffaa6250000 - 0x00007ffaa6b4f000 	C:\WINDOWS\SYSTEM32\windows.storage.dll
0x00007ffaa6110000 - 0x00007ffaa624f000 	C:\WINDOWS\SYSTEM32\wintypes.dll
0x00007ffaaa210000 - 0x00007ffaaa309000 	C:\WINDOWS\System32\SHCORE.dll
0x00007ffaaa310000 - 0x00007ffaaa36e000 	C:\WINDOWS\System32\shlwapi.dll
0x00007ffaa8200000 - 0x00007ffaa8227000 	C:\WINDOWS\SYSTEM32\profapi.dll
0x00007ffa67bf0000 - 0x00007ffa67cc7000 	C:\Program Files\Java\jdk-22\bin\jsvml.dll
0x00007ffa93070000 - 0x00007ffa93080000 	C:\Program Files\Java\jdk-22\bin\net.dll
0x00007ffaa7790000 - 0x00007ffaa77f9000 	C:\WINDOWS\system32\mswsock.dll
0x00007ffa67bd0000 - 0x00007ffa67be6000 	C:\Program Files\Java\jdk-22\bin\nio.dll
0x00007ffa54ab0000 - 0x00007ffa54ac7000 	C:\Program Files\Java\jdk-22\bin\zip.dll
0x00007ffa92850000 - 0x00007ffa9285a000 	C:\Program Files\Java\jdk-22\bin\management.dll
0x00007ffa92440000 - 0x00007ffa9244b000 	C:\Program Files\Java\jdk-22\bin\management_ext.dll
0x00007ffaaa6e0000 - 0x00007ffaaa6e8000 	C:\WINDOWS\System32\PSAPI.DLL
0x00007ffa7ee90000 - 0x00007ffa7eea7000 	C:\WINDOWS\system32\napinsp.dll
0x00007ffa7e280000 - 0x00007ffa7e29b000 	C:\WINDOWS\system32\pnrpnsp.dll
0x00007ffa7e250000 - 0x00007ffa7e277000 	C:\WINDOWS\system32\nlansp_c.dll
0x00007ffaa6e20000 - 0x00007ffaa6f18000 	C:\WINDOWS\SYSTEM32\DNSAPI.dll
0x00007ffaa6df0000 - 0x00007ffaa6e1d000 	C:\WINDOWS\SYSTEM32\IPHLPAPI.DLL
0x00007ffaa97c0000 - 0x00007ffaa97c9000 	C:\WINDOWS\System32\NSI.dll
0x00007ffa7e230000 - 0x00007ffa7e241000 	C:\WINDOWS\System32\winrnr.dll
0x00007ffaa0b00000 - 0x00007ffaa0b15000 	C:\WINDOWS\system32\wshbth.dll
0x00007ffaa0aa0000 - 0x00007ffaa0aaa000 	C:\Windows\System32\rasadhlp.dll
0x00007ffa9ef20000 - 0x00007ffa9efa3000 	C:\WINDOWS\System32\fwpuclnt.dll
0x00007ffaa79e0000 - 0x00007ffaa79fb000 	C:\WINDOWS\SYSTEM32\CRYPTSP.dll
0x00007ffaa7280000 - 0x00007ffaa72b5000 	C:\WINDOWS\system32\rsaenh.dll
0x00007ffaa7880000 - 0x00007ffaa78a8000 	C:\WINDOWS\SYSTEM32\USERENV.dll
0x00007ffaa7a00000 - 0x00007ffaa7a0c000 	C:\WINDOWS\SYSTEM32\CRYPTBASE.dll
0x00007ffa92160000 - 0x00007ffa92169000 	C:\Program Files\Java\jdk-22\bin\extnet.dll
0x00007ffa91f20000 - 0x00007ffa91f2b000 	C:\Program Files\Java\jdk-22\bin\le.dll
0x00007ffa91ef0000 - 0x00007ffa91efe000 	C:\Program Files\Java\jdk-22\bin\sunmscapi.dll
0x00007ffaa8470000 - 0x00007ffaa85d6000 	C:\WINDOWS\System32\CRYPT32.dll
0x00007ffaa7ba0000 - 0x00007ffaa7bce000 	C:\WINDOWS\SYSTEM32\ncrypt.dll
0x00007ffaa7b60000 - 0x00007ffaa7b97000 	C:\WINDOWS\SYSTEM32\NTASN1.dll
0x00007ffa918d0000 - 0x00007ffa918e0000 	C:\Program Files\Java\jdk-22\bin\verify.dll
0x00007ffa96a00000 - 0x00007ffa96a08000 	C:\WINDOWS\system32\wshunix.dll

dbghelp: loaded successfully - version: 4.0.5 - missing functions: none
symbol engine: initialized successfully - sym options: 0x614 - pdb path: .;C:\Program Files\Java\jdk-22\bin;C:\WINDOWS\SYSTEM32;C:\WINDOWS\WinSxS\amd64_microsoft.windows.common-controls_6595b64144ccf1df_6.0.22621.3672_none_2713b9d173822955;C:\Program Files\Java\jdk-22\bin\server

VM Arguments:
jvm_args: -Dcom.sun.management.jmxremote -Dcom.sun.management.jmxremote.port=53708 -Dcom.sun.management.jmxremote.authenticate=false -Dcom.sun.management.jmxremote.ssl=false -Dspring.jmx.enabled=true -Djava.rmi.server.hostname=localhost -Dspring.application.admin.enabled=true -Dspring.boot.project.name=contact -XX:+ShowCodeDetailsInExceptionMessages 
java_command: com.contact.contact.ContactApplication
java_class_path (initial): E:\SpringBoot\Contact Manager\contact\target\classes;C:\Users\Nayan Mandal\.m2\repository\org\springframework\boot\spring-boot-starter-data-jpa\3.2.9\spring-boot-starter-data-jpa-3.2.9.jar;C:\Users\Nayan Mandal\.m2\repository\org\springframework\boot\spring-boot-starter-aop\3.2.9\spring-boot-starter-aop-3.2.9.jar;C:\Users\Nayan Mandal\.m2\repository\org\aspectj\aspectjweaver\1.9.22.1\aspectjweaver-1.9.22.1.jar;C:\Users\Nayan Mandal\.m2\repository\org\springframework\boot\spring-boot-starter-jdbc\3.2.9\spring-boot-starter-jdbc-3.2.9.jar;C:\Users\Nayan Mandal\.m2\repository\com\zaxxer\HikariCP\5.0.1\HikariCP-5.0.1.jar;C:\Users\Nayan Mandal\.m2\repository\org\springframework\spring-jdbc\6.1.12\spring-jdbc-6.1.12.jar;C:\Users\Nayan Mandal\.m2\repository\org\hibernate\orm\hibernate-core\6.4.10.Final\hibernate-core-6.4.10.Final.jar;C:\Users\Nayan Mandal\.m2\repository\jakarta\persistence\jakarta.persistence-api\3.1.0\jakarta.persistence-api-3.1.0.jar;C:\Users\Nayan Mandal\.m2\repository\jakarta\transaction\jakarta.transaction-api\2.0.1\jakarta.transaction-api-2.0.1.jar;C:\Users\Nayan Mandal\.m2\repository\org\hibernate\common\hibernate-commons-annotations\6.0.6.Final\hibernate-commons-annotations-6.0.6.Final.jar;C:\Users\Nayan Mandal\.m2\repository\io\smallrye\jandex\3.1.2\jandex-3.1.2.jar;C:\Users\Nayan Mandal\.m2\repository\net\bytebuddy\byte-buddy\1.14.19\byte-buddy-1.14.19.jar;C:\Users\Nayan Mandal\.m2\repository\org\glassfish\jaxb\jaxb-runtime\4.0.5\jaxb-runtime-4.0.5.jar;C:\Users\Nayan Mandal\.m2\repository\org\glassfish\jaxb\jaxb-core\4.0.5\jaxb-core-4.0.5.jar;C:\Users\Nayan Mandal\.m2\repository\org\eclipse\angus\angus-activation\2.0.2\angus-activation-2.0.2.jar;C:\Users\Nayan Mandal\.m2\repository\org\glassfish\jaxb\txw2\4.0.5\txw2-4.0.5.jar;C:\Users\Nayan Mandal\.m2\repository\com\sun\istack\istack-commons-runtime\4.1.2\istack-commons-runtime-4.1.2.jar;C:\Users\Nayan Mandal\.m2\repository\jakarta\inject\jakarta.inject-api\2.0.1\jakarta.inject-api-2.0.1.jar;C:\Users\Nayan Mandal\.m2\repository\org\antlr\antlr4-runtime\4.13.0\antlr4-runtime-4.13.0.jar;C:\Users\Nayan Mandal\.m2\repository\org\springframework\data\spring-data-jpa\3.2.9\spring-data-jpa-3.2.9.jar;C:\Users\Nayan Mandal\.m2\repository\org\springframework\data\spring-data-commons\3.2.9\spring-data-commons-3.2.9.jar;C:\Users\Nayan Mandal\.m2\repository\org\springframework\spring-orm\6.1.12\spring-orm-6.1.12.jar;C:\Users\Nayan Mandal\.m2\repository\org\springframework\spring-context\6.1.12\spring-context-6.1.12.jar;C:\Users\Nayan Mandal\.m2\repository\org\springframework\spring-tx\6.1.12\spring-tx-6.1.12.jar;C:\Users\Nayan Mandal\.m2\repository\org\springframework\spring-beans\6.1.12\spring-beans-6.1.12.jar;C:\Users\Nayan Mandal\.m2\repository\jakarta\annotation\jakarta.annotation-api\2.1.1\jakarta.annotation-api-2.1.1.jar;C:\Users\Nayan Mandal\.m2\repository\org\slf4j\slf4j-api\2.0.16\slf4j-api-2.0.16.jar;C:\Users\Nayan Mandal\.m2\repository\org\springframework\spring-aspects\6.1.12\spring-aspects-6.1.12.jar;C:\Users\Nayan Mandal\.m2\repository\org\springframework\boot\spring-boot-starter-thymeleaf\3.2.9\spring-boot-starter-thymeleaf-3.2.9.jar;C:\Users\Nayan Mandal\.m2\repository\org\springframework\boot\spring-boot-starter\3.2.9\spring-boot-starter-3.2.9.jar;C:\Users\Nayan Mandal\.m2\repository\org\springframework\boot\spring-boot-starter-logging\3.2.9\spring-boot-starter-logging-3.2.9.jar;C:\Users\Nayan Mandal\.m2\repository\ch\qos\logback\logback-classic\1.4.14\logback-classic-1.4.14.jar;C:\Users\Nayan Mandal\.m2\repository\ch\qos\logback\logback-core\1.4.14\logback-core-1.4.14.jar;C:\Users\Nayan Mandal\.m2\repository\org\apache\logging\log4j\log4j-to-slf4j\2.21.1\log4j-to-slf4j-2.21.1.jar;C:\Users\Nayan Mandal\.m2\repository\org\apache\logging\log4j\log4j-api\2.21.1\log4j-api-2.21.1.jar;C:\Users\Nayan Mandal\.m2\repository\org\slf4j\jul-to-slf4j\2.0.16\jul-to-slf4j-2.0.16.jar;C:\Users\Nayan Mandal\.m2\repository\org\yaml\snakeyaml\2.2\snakeyaml-2.2.jar;C:\Users\Nayan Mandal\.m2\repository\org\thymeleaf\thymeleaf-spring6\3.1.2.RELEASE\thymeleaf-spring6-3.1.2.RELEASE.jar;C:\Users\Nayan Mandal\.m2\repository\org\thymeleaf\thymeleaf\3.1.2.RELEASE\thymeleaf-3.1.2.RELEASE.jar;C:\Users\Nayan Mandal\.m2\repository\org\attoparser\attoparser\2.0.7.RELEASE\attoparser-2.0.7.RELEASE.jar;C:\Users\Nayan Mandal\.m2\repository\org\unbescape\unbescape\1.1.6.RELEASE\unbescape-1.1.6.RELEASE.jar;C:\Users\Nayan Mandal\.m2\repository\org\springframework\boot\spring-boot-starter-web\3.2.9\spring-boot-starter-web-3.2.9.jar;C:\Users\Nayan Mandal\.m2\repository\org\springframework\boot\spring-boot-starter-json\3.2.9\spring-boot-starter-json-3.2.9.jar;C:\Users\Nayan Mandal\.m2\repository\com\fasterxml\jackson\core\jackson-databind\2.15.4\jackson-databind-2.15.4.jar;C:\Users\Nayan Mandal\.m2\repository\com\fasterxml\jackson\core\jackson-annotations\2.15.4\jackson-annotations-2.15.4.jar;C:\Users\Nayan Mandal\.m2\repository\com\fasterxml\jackson\core\jackson-core\2.15.4\jackson-core-2.15.4.jar;C:\Users\Nayan Mandal\.m2\repository\com\fasterxml\jackson\datatype\jackson-datatype-jdk8\2.15.4\jackson-datatype-jdk8-2.15.4.jar;C:\Users\Nayan Mandal\.m2\repository\com\fasterxml\jackson\datatype\jackson-datatype-jsr310\2.15.4\jackson-datatype-jsr310-2.15.4.jar;C:\Users\Nayan Mandal\.m2\repository\com\fasterxml\jackson\module\jackson-module-parameter-names\2.15.4\jackson-module-parameter-names-2.15.4.jar;C:\Users\Nayan Mandal\.m2\repository\org\springframework\boot\spring-boot-starter-tomcat\3.2.9\spring-boot-starter-tomcat-3.2.9.jar;C:\Users\Nayan Mandal\.m2\repository\org\apache\tomcat\embed\tomcat-embed-core\10.1.28\tomcat-embed-core-10.1.28.jar;C:\Users\Nayan Mandal\.m2\repository\org\apache\tomcat\embed\tomcat-embed-el\10.1.28\tomcat-embed-el-10.1.28.jar;C:\Users\Nayan Mandal\.m2\repository\org\apache\tomcat\embed\tomcat-embed-websocket\10.1.28\tomcat-embed-websocket-10.1.28.jar;C:\Users\Nayan Mandal\.m2\repository\org\springframework\spring-web\6.1.12\spring-web-6.1.12.jar;C:\Users\Nayan Mandal\.m2\repository\io\micrometer\micrometer-observation\1.12.9\micrometer-observation-1.12.9.jar;C:\Users\Nayan Mandal\.m2\repository\io\micrometer\micrometer-commons\1.12.9\micrometer-commons-1.12.9.jar;C:\Users\Nayan Mandal\.m2\repository\org\springframework\spring-webmvc\6.1.12\spring-webmvc-6.1.12.jar;C:\Users\Nayan Mandal\.m2\repository\org\springframework\spring-expression\6.1.12\spring-expression-6.1.12.jar;C:\Users\Nayan Mandal\.m2\repository\org\springframework\boot\spring-boot-devtools\3.2.9\spring-boot-devtools-3.2.9.jar;C:\Users\Nayan Mandal\.m2\repository\org\springframework\boot\spring-boot\3.2.9\spring-boot-3.2.9.jar;C:\Users\Nayan Mandal\.m2\repository\org\springframework\boot\spring-boot-autoconfigure\3.2.9\spring-boot-autoconfigure-3.2.9.jar;C:\Users\Nayan Mandal\.m2\repository\com\mysql\mysql-connector-j\8.3.0\mysql-connector-j-8.3.0.jar;C:\Users\Nayan Mandal\.m2\repository\jakarta\xml\bind\jakarta.xml.bind-api\4.0.2\jakarta.xml.bind-api-4.0.2.jar;C:\Users\Nayan Mandal\.m2\repository\jakarta\activation\jakarta.activation-api\2.1.3\jakarta.activation-api-2.1.3.jar;C:\Users\Nayan Mandal\.m2\repository\org\springframework\spring-core\6.1.12\spring-core-6.1.12.jar;C:\Users\Nayan Mandal\.m2\repository\org\springframework\spring-jcl\6.1.12\spring-jcl-6.1.12.jar;C:\Users\Nayan Mandal\.m2\repository\javax\validation\validation-api\2.0.1.Final\validation-api-2.0.1.Final.jar;C:\Users\Nayan Mandal\.m2\repository\org\hibernate\validator\hibernate-validator\8.0.1.Final\hibernate-validator-8.0.1.Final.jar;C:\Users\Nayan Mandal\.m2\repository\jakarta\validation\jakarta.validation-api\3.0.2\jakarta.validation-api-3.0.2.jar;C:\Users\Nayan Mandal\.m2\repository\org\jboss\logging\jboss-logging\3.5.3.Final\jboss-logging-3.5.3.Final.jar;C:\Users\Nayan Mandal\.m2\repository\com\fasterxml\classmate\1.6.0\classmate-1.6.0.jar;C:\Users\Nayan Mandal\.m2\repository\org\springframework\boot\spring-boot-starter-security\3.2.9\spring-boot-starter-security-3.2.9.jar;C:\Users\Nayan Mandal\.m2\repository\org\springframework\spring-aop\6.1.12\spring-aop-6.1.12.jar;C:\Users\Nayan Mandal\.m2\repository\org\springframework\security\spring-security-config\6.2.6\spring-security-config-6.2.6.jar;C:\Users\Nayan Mandal\.m2\repository\org\springframework\security\spring-security-core\6.2.6\spring-security-core-6.2.6.jar;C:\Users\Nayan Mandal\.m2\repository\org\springframework\security\spring-security-crypto\6.2.6\spring-security-crypto-6.2.6.jar;C:\Users\Nayan Mandal\.m2\repository\org\springframework\security\spring-security-web\6.2.6\spring-security-web-6.2.6.jar
Launcher Type: SUN_STANDARD

[Global flags]
     intx CICompilerCount                          = 3                                         {product} {ergonomic}
     uint ConcGCThreads                            = 1                                         {product} {ergonomic}
     uint G1ConcRefinementThreads                  = 4                                         {product} {ergonomic}
   size_t G1HeapRegionSize                         = 1048576                                   {product} {ergonomic}
   size_t InitialHeapSize                          = 65011712                                  {product} {ergonomic}
     bool ManagementServer                         = true                                      {product} {command line}
   size_t MarkStackSize                            = 4194304                                   {product} {ergonomic}
   size_t MaxHeapSize                              = 1012924416                                {product} {ergonomic}
   size_t MaxNewSize                               = 607125504                                 {product} {ergonomic}
   size_t MinHeapDeltaBytes                        = 1048576                                   {product} {ergonomic}
   size_t MinHeapSize                              = 8388608                                   {product} {ergonomic}
    uintx NonNMethodCodeHeapSize                   = 5832780                                {pd product} {ergonomic}
    uintx NonProfiledCodeHeapSize                  = 122912730                              {pd product} {ergonomic}
    uintx ProfiledCodeHeapSize                     = 122912730                              {pd product} {ergonomic}
    uintx ReservedCodeCacheSize                    = 251658240                              {pd product} {ergonomic}
     bool SegmentedCodeCache                       = true                                      {product} {ergonomic}
     bool ShowCodeDetailsInExceptionMessages       = true                                   {manageable} {command line}
   size_t SoftMaxHeapSize                          = 1012924416                             {manageable} {ergonomic}
     bool UseCompressedOops                        = true                           {product lp64_product} {ergonomic}
     bool UseG1GC                                  = true                                      {product} {ergonomic}
     bool UseLargePagesIndividualAllocation        = false                                  {pd product} {ergonomic}

Logging:
Log output configuration:
 #0: stdout all=warning uptime,level,tags foldmultilines=false
 #1: stderr all=off uptime,level,tags foldmultilines=false

Environment Variables:
PATH=C:\Program Files\Common Files\Oracle\Java\javapath;C:\WINDOWS\system32;C:\WINDOWS;C:\WINDOWS\System32\Wbem;C:\WINDOWS\System32\WindowsPowerShell\v1.0\;C:\WINDOWS\System32\OpenSSH\;C:\Program Files\Git\cmd;C:\Program Files\MySQL\MySQL Shell 8.0\bin\;C:\Users\Nayan Mandal\AppData\Local\Microsoft\WindowsApps;C:\Users\Nayan Mandal\AppData\Local\Programs\Microsoft VS Code\bin;C:\MinGW\bin;
USERNAME=Nayan Mandal
LANG=en_US.UTF-8
OS=Windows_NT
PROCESSOR_IDENTIFIER=Intel64 Family 6 Model 126 Stepping 5, GenuineIntel
TMP=C:\Users\NAYANM~1\AppData\Local\Temp
TEMP=C:\Users\NAYANM~1\AppData\Local\Temp




Periodic native trim disabled

---------------  S Y S T E M  ---------------

OS:
 Windows 11 , 64 bit Build 22621 (10.0.22621.3958)
OS uptime: 4 days 0:27 hours

CPU: total 4 (initial active 4) (2 cores per cpu, 2 threads per core) family 6 model 126 stepping 5 microcode 0xc2, cx8, cmov, fxsr, ht, mmx, 3dnowpref, sse, sse2, sse3, ssse3, sse4.1, sse4.2, popcnt, lzcnt, tsc, tscinvbit, avx, avx2, aes, erms, clmul, bmi1, bmi2, adx, avx512f, avx512dq, avx512cd, avx512bw, avx512vl, sha, fma, vzeroupper, avx512_vpopcntdq, avx512_vpclmulqdq, avx512_vaes, avx512_vnni, clflush, clflushopt, avx512_vbmi2, avx512_vbmi, rdtscp, rdpid, fsrm, gfni, avx512_bitalg, f16c, pku, avx512_ifma
Processor Information for all 4 processors :
  Max Mhz: 1190, Current Mhz: 1190, Mhz Limit: 1190

Memory: 4k page, system-wide physical 3863M (151M free)
TotalPageFile size 10050M (AvailPageFile size 5M)
current process WorkingSet (physical memory assigned to process): 240M, peak: 248M
current process commit charge ("private bytes"): 300M, peak: 300M

vm_info: Java HotSpot(TM) 64-Bit Server VM (22.0.2+9-70) for windows-amd64 JRE (22.0.2+9-70), built on 2024-06-04T16:52:23Z by "mach5one" with MS VC++ 17.6 (VS2022)

END.
