#
# There is insufficient memory for the Java Runtime Environment to continue.
# Native memory allocation (malloc) failed to allocate 764896 bytes. Error detail: Chunk::new
# Possible reasons:
#   The system is out of physical RAM or swap space
#   This process is running with CompressedOops enabled, and the Java Heap may be blocking the growth of the native heap
# Possible solutions:
#   Reduce memory load on the system
#   Increase physical memory or swap space
#   Check if swap backing store is full
#   Decrease Java heap size (-Xmx/-Xms)
#   Decrease number of Java threads
#   Decrease Java thread stack sizes (-Xss)
#   Set larger code cache with -XX:ReservedCodeCacheSize=
#   JVM is running with Unscaled Compressed Oops mode in which the Java heap is
#     placed in the first 4GB address space. The Java Heap base address is the
#     maximum limit for the native heap growth. Please use -XX:HeapBaseMinAddress
#     to set the Java Heap base and to place the Java Heap above 4GB virtual address.
# This output file may be truncated or incomplete.
#
#  Out of Memory Error (arena.cpp:191), pid=11192, tid=5444
#
# JRE version: OpenJDK Runtime Environment Temurin-17.0.12+7 (17.0.12+7) (build 17.0.12+7)
# Java VM: OpenJDK 64-Bit Server VM Temurin-17.0.12+7 (17.0.12+7, mixed mode, tiered, compressed oops, compressed class ptrs, parallel gc, windows-amd64)
# No core dump will be written. Minidumps are not enabled by default on client versions of Windows
#

---------------  S U M M A R Y ------------

Command Line: --add-modules=ALL-SYSTEM --add-opens=java.base/java.util=ALL-UNNAMED --add-opens=java.base/java.lang=ALL-UNNAMED --add-opens=java.base/sun.nio.fs=ALL-UNNAMED -Declipse.application=org.eclipse.jdt.ls.core.id1 -Dosgi.bundles.defaultStartLevel=4 -Declipse.product=org.eclipse.jdt.ls.core.product -Djava.import.generatesMetadataFilesAtProjectRoot=false -DDetectVMInstallationsJob.disabled=true -Dfile.encoding=utf8 -XX:+UseParallelGC -XX:GCTimeRatio=4 -XX:AdaptiveSizePolicyWeight=90 -Dsun.zip.disableMemoryMapping=true -Xmx1G -Xms100m -Xlog:disable -javaagent:c:\Users\Nayan Mandal\.vscode\extensions\redhat.java-1.35.0-win32-x64\lombok\lombok-1.18.33.jar -XX:+HeapDumpOnOutOfMemoryError -XX:HeapDumpPath=c:\Users\Nayan Mandal\AppData\Roaming\Code\User\workspaceStorage\14b7aa4224a939eacf2cdfc44a398597\redhat.java -Daether.dependencyCollector.impl=bf c:\Users\Nayan Mandal\.vscode\extensions\redhat.java-1.35.0-win32-x64\server\plugins\org.eclipse.equinox.launcher_1.6.900.v20240613-2009.jar -configuration c:\Users\Nayan Mandal\AppData\Roaming\Code\User\globalStorage\redhat.java\1.35.0\config_win -data c:\Users\Nayan Mandal\AppData\Roaming\Code\User\workspaceStorage\14b7aa4224a939eacf2cdfc44a398597\redhat.java\jdt_ws --pipe=\\.\pipe\lsp-13f130de4b0fa52f00f65cb8ae8bc255-sock

Host: Intel(R) Core(TM) i3-1005G1 CPU @ 1.20GHz, 4 cores, 3G,  Windows 11 , 64 bit Build 22621 (10.0.22621.3958)
Time: Wed Oct  2 21:15:09 2024 India Standard Time elapsed time: 14.050705 seconds (0d 0h 0m 14s)

---------------  T H R E A D  ---------------

Current thread (0x0000022c16be82b0):  JavaThread "C2 CompilerThread0" daemon [_thread_in_native, id=5444, stack(0x00000040d0b00000,0x00000040d0c00000)]


Current CompileTask:
C2:  14050 4435       4       org.eclipse.osgi.internal.loader.BundleLoader::addExportedProvidersFor (167 bytes)

Stack: [0x00000040d0b00000,0x00000040d0c00000]
Native frames: (J=compiled Java code, j=interpreted, Vv=VM code, C=native code)
V  [jvm.dll+0x67f929]
V  [jvm.dll+0x8371ba]
V  [jvm.dll+0x838c7e]
V  [jvm.dll+0x8392e3]
V  [jvm.dll+0x24834f]
V  [jvm.dll+0xac9d4]
V  [jvm.dll+0xad01c]
V  [jvm.dll+0x2af96f]
V  [jvm.dll+0x5868d7]
V  [jvm.dll+0x2231c2]
V  [jvm.dll+0x21c4d0]
V  [jvm.dll+0x219be1]
V  [jvm.dll+0x1a58bd]
V  [jvm.dll+0x229a2d]
V  [jvm.dll+0x227bdc]
V  [jvm.dll+0x7ec1f7]
V  [jvm.dll+0x7e65dc]
V  [jvm.dll+0x67e7f7]
C  [ucrtbase.dll+0x29333]
C  [KERNEL32.DLL+0x1257d]
C  [ntdll.dll+0x5af28]


---------------  P R O C E S S  ---------------

Threads class SMR info:
_java_thread_list=0x0000022c1e236c70, length=24, elements={
0x0000022c02d6cb80, 0x0000022c02e1af60, 0x0000022c02e1d460, 0x0000022c16bc6d20,
0x0000022c16be4500, 0x0000022c16be4dd0, 0x0000022c16be76b0, 0x0000022c16be82b0,
0x0000022c1be10bb0, 0x0000022c1be13880, 0x0000022c02dcd570, 0x0000022c1c05d200,
0x0000022c1c6a1040, 0x0000022c1c87e2d0, 0x0000022c1c87e7b0, 0x0000022c1cf85230,
0x0000022c1ce62f20, 0x0000022c1cdca4b0, 0x0000022c1c0c8b10, 0x0000022c1c0ca970,
0x0000022c1c0cb8a0, 0x0000022c1c0c9020, 0x0000022c1c0cc2c0, 0x0000022c1c0cae80
}

Java Threads: ( => current thread )
  0x0000022c02d6cb80 JavaThread "main" [_thread_in_vm, id=14036, stack(0x00000040d0200000,0x00000040d0300000)]
  0x0000022c02e1af60 JavaThread "Reference Handler" daemon [_thread_blocked, id=5020, stack(0x00000040d0500000,0x00000040d0600000)]
  0x0000022c02e1d460 JavaThread "Finalizer" daemon [_thread_blocked, id=2652, stack(0x00000040d0600000,0x00000040d0700000)]
  0x0000022c16bc6d20 JavaThread "Signal Dispatcher" daemon [_thread_blocked, id=11924, stack(0x00000040d0700000,0x00000040d0800000)]
  0x0000022c16be4500 JavaThread "Attach Listener" daemon [_thread_blocked, id=13988, stack(0x00000040d0800000,0x00000040d0900000)]
  0x0000022c16be4dd0 JavaThread "Service Thread" daemon [_thread_blocked, id=12344, stack(0x00000040d0900000,0x00000040d0a00000)]
  0x0000022c16be76b0 JavaThread "Monitor Deflation Thread" daemon [_thread_blocked, id=10088, stack(0x00000040d0a00000,0x00000040d0b00000)]
=>0x0000022c16be82b0 JavaThread "C2 CompilerThread0" daemon [_thread_in_native, id=5444, stack(0x00000040d0b00000,0x00000040d0c00000)]
  0x0000022c1be10bb0 JavaThread "C1 CompilerThread0" daemon [_thread_blocked, id=17892, stack(0x00000040d0c00000,0x00000040d0d00000)]
  0x0000022c1be13880 JavaThread "Sweeper thread" daemon [_thread_blocked, id=10480, stack(0x00000040d0d00000,0x00000040d0e00000)]
  0x0000022c02dcd570 JavaThread "Common-Cleaner" daemon [_thread_blocked, id=10952, stack(0x00000040d0e00000,0x00000040d0f00000)]
  0x0000022c1c05d200 JavaThread "Notification Thread" daemon [_thread_blocked, id=16740, stack(0x00000040d0f00000,0x00000040d1000000)]
  0x0000022c1c6a1040 JavaThread "Active Thread: Equinox Container: f95e33c8-78bc-4cad-9137-601125081946" [_thread_blocked, id=8904, stack(0x00000040d1400000,0x00000040d1500000)]
  0x0000022c1c87e2d0 JavaThread "Framework Event Dispatcher: Equinox Container: f95e33c8-78bc-4cad-9137-601125081946" daemon [_thread_blocked, id=8604, stack(0x00000040d1500000,0x00000040d1600000)]
  0x0000022c1c87e7b0 JavaThread "Start Level: Equinox Container: f95e33c8-78bc-4cad-9137-601125081946" daemon [_thread_blocked, id=11936, stack(0x00000040d1600000,0x00000040d1700000)]
  0x0000022c1cf85230 JavaThread "Bundle File Closer" daemon [_thread_blocked, id=6416, stack(0x00000040d1700000,0x00000040d1800000)]
  0x0000022c1ce62f20 JavaThread "SCR Component Actor" daemon [_thread_blocked, id=10752, stack(0x00000040d1800000,0x00000040d1900000)]
  0x0000022c1cdca4b0 JavaThread "SCR Component Registry" daemon [_thread_blocked, id=10556, stack(0x00000040d1900000,0x00000040d1a00000)]
  0x0000022c1c0c8b10 JavaThread "Worker-JM" [_thread_blocked, id=11764, stack(0x00000040d1a00000,0x00000040d1b00000)]
  0x0000022c1c0ca970 JavaThread "JNA Cleaner" daemon [_thread_blocked, id=10096, stack(0x00000040d1b00000,0x00000040d1c00000)]
  0x0000022c1c0cb8a0 JavaThread "Worker-0: Repository registry initialization" [_thread_in_vm, id=18084, stack(0x00000040d1c00000,0x00000040d1d00000)]
  0x0000022c1c0c9020 JavaThread "Worker-1" [_thread_blocked, id=12688, stack(0x00000040d1d00000,0x00000040d1e00000)]
  0x0000022c1c0cc2c0 JavaThread "Worker-2" [_thread_blocked, id=11112, stack(0x00000040d1e00000,0x00000040d1f00000)]
  0x0000022c1c0cae80 JavaThread "Java indexing" daemon [_thread_blocked, id=16704, stack(0x00000040d1f00000,0x00000040d2000000)]

Other Threads:
  0x0000022c16b9bb90 VMThread "VM Thread" [stack: 0x00000040d0400000,0x00000040d0500000] [id=11736]
  0x0000022c1c05d6e0 WatcherThread [stack: 0x00000040d1000000,0x00000040d1100000] [id=10476]
  0x0000022c02d82380 GCTaskThread "GC Thread#0" [stack: 0x00000040d0300000,0x00000040d0400000] [id=17668]
  0x0000022c1c6d3b30 GCTaskThread "GC Thread#1" [stack: 0x00000040d1100000,0x00000040d1200000] [id=15596]
  0x0000022c1c6d4200 GCTaskThread "GC Thread#2" [stack: 0x00000040d1200000,0x00000040d1300000] [id=15304]
  0x0000022c1c6d44c0 GCTaskThread "GC Thread#3" [stack: 0x00000040d1300000,0x00000040d1400000] [id=7804]

Threads with active compile tasks:
C2 CompilerThread0    14104 4435       4       org.eclipse.osgi.internal.loader.BundleLoader::addExportedProvidersFor (167 bytes)

VM state: not at safepoint (normal execution)

VM Mutex/Monitor currently owned by a thread:  ([mutex/lock_event])
[0x0000022c02d67d20] SystemDictionary_lock - owner thread: 0x0000022c1c0cb8a0

Heap address: 0x00000000c0000000, size: 1024 MB, Compressed Oops mode: 32-bit

CDS archive(s) not mapped
Compressed class space mapped at: 0x0000000100000000-0x0000000140000000, reserved size: 1073741824
Narrow klass base: 0x0000000000000000, Narrow klass shift: 3, Narrow klass range: 0x140000000

GC Precious Log:
 CPUs: 4 total, 4 available
 Memory: 3863M
 Large Page Support: Disabled
 NUMA Support: Disabled
 Compressed Oops: Enabled (32-bit)
 Alignments: Space 512K, Generation 512K, Heap 2M
 Heap Min Capacity: 100M
 Heap Initial Capacity: 100M
 Heap Max Capacity: 1G
 Pre-touch: Disabled
 Parallel Workers: 4

Heap:
 PSYoungGen      total 23552K, used 9207K [0x00000000eab00000, 0x00000000ec700000, 0x0000000100000000)
  eden space 22016K, 36% used [0x00000000eab00000,0x00000000eb2edc78,0x00000000ec080000)
  from space 1536K, 70% used [0x00000000ec480000,0x00000000ec590000,0x00000000ec600000)
  to   space 1024K, 0% used [0x00000000ec600000,0x00000000ec600000,0x00000000ec700000)
 ParOldGen       total 68608K, used 16107K [0x00000000c0000000, 0x00000000c4300000, 0x00000000eab00000)
  object space 68608K, 23% used [0x00000000c0000000,0x00000000c0fbac30,0x00000000c4300000)
 Metaspace       used 41254K, committed 42240K, reserved 1114112K
  class space    used 4228K, committed 4672K, reserved 1048576K

Card table byte_map: [0x0000022c02730000,0x0000022c02940000] _byte_map_base: 0x0000022c02130000

Marking Bits: (ParMarkBitMap*) 0x00007ffa507158b0
 Begin Bits: [0x0000022c14a00000, 0x0000022c15a00000)
 End Bits:   [0x0000022c15a00000, 0x0000022c16a00000)

Polling page: 0x0000022c02520000

Metaspace:

Usage:
  Non-class:     36.16 MB used.
      Class:      4.13 MB used.
       Both:     40.29 MB used.

Virtual space:
  Non-class space:       64.00 MB reserved,      36.69 MB ( 57%) committed,  1 nodes.
      Class space:        1.00 GB reserved,       4.56 MB ( <1%) committed,  1 nodes.
             Both:        1.06 GB reserved,      41.25 MB (  4%) committed. 

Chunk freelists:
   Non-Class:  11.10 MB
       Class:  11.46 MB
        Both:  22.55 MB

MaxMetaspaceSize: unlimited
CompressedClassSpaceSize: 1.00 GB
Initial GC threshold: 21.00 MB
Current GC threshold: 58.38 MB
CDS: off
MetaspaceReclaimPolicy: balanced
 - commit_granule_bytes: 65536.
 - commit_granule_words: 8192.
 - virtual_space_node_default_size: 8388608.
 - enlarge_chunks_in_place: 1.
 - new_chunks_are_fully_committed: 0.
 - uncommit_free_chunks: 1.
 - use_allocation_guard: 0.
 - handle_deallocations: 1.


Internal statistics:

num_allocs_failed_limit: 6.
num_arena_births: 632.
num_arena_deaths: 14.
num_vsnodes_births: 2.
num_vsnodes_deaths: 0.
num_space_committed: 660.
num_space_uncommitted: 0.
num_chunks_returned_to_freelist: 20.
num_chunks_taken_from_freelist: 2071.
num_chunk_merges: 11.
num_chunk_splits: 1287.
num_chunks_enlarged: 767.
num_inconsistent_stats: 0.

CodeHeap 'non-profiled nmethods': size=120000Kb used=2001Kb max_used=2001Kb free=117998Kb
 bounds [0x0000022c0d4d0000, 0x0000022c0d740000, 0x0000022c14a00000]
CodeHeap 'profiled nmethods': size=120000Kb used=9583Kb max_used=9583Kb free=110416Kb
 bounds [0x0000022c05a00000, 0x0000022c06360000, 0x0000022c0cf30000]
CodeHeap 'non-nmethods': size=5760Kb used=1287Kb max_used=1337Kb free=4472Kb
 bounds [0x0000022c0cf30000, 0x0000022c0d1a0000, 0x0000022c0d4d0000]
 total_blobs=5060 nmethods=4461 adapters=513
 compilation: enabled
              stopped_count=0, restarted_count=0
 full_count=0

Compilation events (20 events):
Event: 14.004 Thread 0x0000022c1be10bb0 4447       3       sun.reflect.generics.parser.SignatureParser::parseClassTypeSignature (118 bytes)
Event: 14.006 Thread 0x0000022c1be10bb0 nmethod 4447 0x0000022c06353f10 code [0x0000022c063542a0, 0x0000022c06355658]
Event: 14.010 Thread 0x0000022c1be10bb0 4450       3       com.google.common.cache.LocalCache::expiresAfterWrite (15 bytes)
Event: 14.010 Thread 0x0000022c1be10bb0 nmethod 4450 0x0000022c06355e10 code [0x0000022c06355fa0, 0x0000022c06356118]
Event: 14.012 Thread 0x0000022c1be10bb0 4451       3       sun.reflect.generics.parser.SignatureParser::parseFieldTypeSignature (6 bytes)
Event: 14.013 Thread 0x0000022c1be10bb0 nmethod 4451 0x0000022c06356190 code [0x0000022c06356320, 0x0000022c06356468]
Event: 14.013 Thread 0x0000022c1be10bb0 4452       3       sun.reflect.generics.parser.SignatureParser::parseFieldTypeSignature (73 bytes)
Event: 14.013 Thread 0x0000022c1be10bb0 nmethod 4452 0x0000022c06356510 code [0x0000022c06356760, 0x0000022c06356c58]
Event: 14.020 Thread 0x0000022c1be10bb0 4453       3       sun.reflect.generics.factory.CoreReflectionFactory::getDeclsLoader (85 bytes)
Event: 14.022 Thread 0x0000022c1be10bb0 nmethod 4453 0x0000022c06356e90 code [0x0000022c06357280, 0x0000022c06359458]
Event: 14.036 Thread 0x0000022c1be10bb0 4455       3       java.lang.invoke.LambdaForm$NamedFunction::<init> (15 bytes)
Event: 14.036 Thread 0x0000022c1be10bb0 nmethod 4455 0x0000022c06359d10 code [0x0000022c06359ea0, 0x0000022c0635a038]
Event: 14.037 Thread 0x0000022c1be10bb0 4456       3       java.lang.invoke.InvokerBytecodeGenerator::emitIconstInsn (75 bytes)
Event: 14.037 Thread 0x0000022c1be10bb0 nmethod 4456 0x0000022c0635a110 code [0x0000022c0635a340, 0x0000022c0635abd8]
Event: 14.044 Thread 0x0000022c1be10bb0 4460       1       org.eclipse.core.internal.resources.ResourceInfo::getFlags (5 bytes)
Event: 14.044 Thread 0x0000022c1be10bb0 nmethod 4460 0x0000022c0d6c3f10 code [0x0000022c0d6c40a0, 0x0000022c0d6c4178]
Event: 14.045 Thread 0x0000022c1be10bb0 4461       3       org.eclipse.core.runtime.Path::lastSegment (22 bytes)
Event: 14.045 Thread 0x0000022c1be10bb0 nmethod 4461 0x0000022c0635ae10 code [0x0000022c0635afc0, 0x0000022c0635b198]
Event: 14.045 Thread 0x0000022c1be10bb0 4462       1       org.eclipse.core.internal.dtree.AbstractDataTreeNode::getName (5 bytes)
Event: 14.045 Thread 0x0000022c1be10bb0 nmethod 4462 0x0000022c0d6c4210 code [0x0000022c0d6c43a0, 0x0000022c0d6c4478]

GC Heap History (20 events):
Event: 7.694 GC heap before
{Heap before GC invocations=6 (full 1):
 PSYoungGen      total 29696K, used 4072K [0x00000000eab00000, 0x00000000ece00000, 0x0000000100000000)
  eden space 25600K, 0% used [0x00000000eab00000,0x00000000eab00000,0x00000000ec400000)
  from space 4096K, 99% used [0x00000000ec400000,0x00000000ec7fa0f8,0x00000000ec800000)
  to   space 5120K, 0% used [0x00000000ec900000,0x00000000ec900000,0x00000000ece00000)
 ParOldGen       total 68608K, used 6941K [0x00000000c0000000, 0x00000000c4300000, 0x00000000eab00000)
  object space 68608K, 10% used [0x00000000c0000000,0x00000000c06c75a0,0x00000000c4300000)
 Metaspace       used 21114K, committed 21504K, reserved 1114112K
  class space    used 2136K, committed 2304K, reserved 1048576K
}
Event: 7.736 GC heap after
{Heap after GC invocations=6 (full 1):
 PSYoungGen      total 29696K, used 0K [0x00000000eab00000, 0x00000000ece00000, 0x0000000100000000)
  eden space 25600K, 0% used [0x00000000eab00000,0x00000000eab00000,0x00000000ec400000)
  from space 4096K, 0% used [0x00000000ec400000,0x00000000ec400000,0x00000000ec800000)
  to   space 5120K, 0% used [0x00000000ec900000,0x00000000ec900000,0x00000000ece00000)
 ParOldGen       total 68608K, used 10736K [0x00000000c0000000, 0x00000000c4300000, 0x00000000eab00000)
  object space 68608K, 15% used [0x00000000c0000000,0x00000000c0a7c098,0x00000000c4300000)
 Metaspace       used 21100K, committed 21504K, reserved 1114112K
  class space    used 2132K, committed 2304K, reserved 1048576K
}
Event: 9.238 GC heap before
{Heap before GC invocations=7 (full 1):
 PSYoungGen      total 29696K, used 25600K [0x00000000eab00000, 0x00000000ece00000, 0x0000000100000000)
  eden space 25600K, 100% used [0x00000000eab00000,0x00000000ec400000,0x00000000ec400000)
  from space 4096K, 0% used [0x00000000ec400000,0x00000000ec400000,0x00000000ec800000)
  to   space 5120K, 0% used [0x00000000ec900000,0x00000000ec900000,0x00000000ece00000)
 ParOldGen       total 68608K, used 10736K [0x00000000c0000000, 0x00000000c4300000, 0x00000000eab00000)
  object space 68608K, 15% used [0x00000000c0000000,0x00000000c0a7c098,0x00000000c4300000)
 Metaspace       used 24849K, committed 25472K, reserved 1114112K
  class space    used 2536K, committed 2816K, reserved 1048576K
}
Event: 9.242 GC heap after
{Heap after GC invocations=7 (full 1):
 PSYoungGen      total 26112K, used 949K [0x00000000eab00000, 0x00000000eca00000, 0x0000000100000000)
  eden space 25088K, 0% used [0x00000000eab00000,0x00000000eab00000,0x00000000ec380000)
  from space 1024K, 92% used [0x00000000ec900000,0x00000000ec9ed540,0x00000000eca00000)
  to   space 2560K, 0% used [0x00000000ec500000,0x00000000ec500000,0x00000000ec780000)
 ParOldGen       total 68608K, used 10744K [0x00000000c0000000, 0x00000000c4300000, 0x00000000eab00000)
  object space 68608K, 15% used [0x00000000c0000000,0x00000000c0a7e098,0x00000000c4300000)
 Metaspace       used 24849K, committed 25472K, reserved 1114112K
  class space    used 2536K, committed 2816K, reserved 1048576K
}
Event: 10.670 GC heap before
{Heap before GC invocations=8 (full 1):
 PSYoungGen      total 26112K, used 26037K [0x00000000eab00000, 0x00000000eca00000, 0x0000000100000000)
  eden space 25088K, 100% used [0x00000000eab00000,0x00000000ec380000,0x00000000ec380000)
  from space 1024K, 92% used [0x00000000ec900000,0x00000000ec9ed540,0x00000000eca00000)
  to   space 2560K, 0% used [0x00000000ec500000,0x00000000ec500000,0x00000000ec780000)
 ParOldGen       total 68608K, used 10744K [0x00000000c0000000, 0x00000000c4300000, 0x00000000eab00000)
  object space 68608K, 15% used [0x00000000c0000000,0x00000000c0a7e098,0x00000000c4300000)
 Metaspace       used 27639K, committed 28352K, reserved 1114112K
  class space    used 2869K, committed 3200K, reserved 1048576K
}
Event: 10.674 GC heap after
{Heap after GC invocations=8 (full 1):
 PSYoungGen      total 27136K, used 2554K [0x00000000eab00000, 0x00000000ecb00000, 0x0000000100000000)
  eden space 24576K, 0% used [0x00000000eab00000,0x00000000eab00000,0x00000000ec300000)
  from space 2560K, 99% used [0x00000000ec500000,0x00000000ec77e890,0x00000000ec780000)
  to   space 3584K, 0% used [0x00000000ec780000,0x00000000ec780000,0x00000000ecb00000)
 ParOldGen       total 68608K, used 11445K [0x00000000c0000000, 0x00000000c4300000, 0x00000000eab00000)
  object space 68608K, 16% used [0x00000000c0000000,0x00000000c0b2d7c8,0x00000000c4300000)
 Metaspace       used 27639K, committed 28352K, reserved 1114112K
  class space    used 2869K, committed 3200K, reserved 1048576K
}
Event: 11.490 GC heap before
{Heap before GC invocations=9 (full 1):
 PSYoungGen      total 27136K, used 27130K [0x00000000eab00000, 0x00000000ecb00000, 0x0000000100000000)
  eden space 24576K, 100% used [0x00000000eab00000,0x00000000ec300000,0x00000000ec300000)
  from space 2560K, 99% used [0x00000000ec500000,0x00000000ec77e890,0x00000000ec780000)
  to   space 3584K, 0% used [0x00000000ec780000,0x00000000ec780000,0x00000000ecb00000)
 ParOldGen       total 68608K, used 11445K [0x00000000c0000000, 0x00000000c4300000, 0x00000000eab00000)
  object space 68608K, 16% used [0x00000000c0000000,0x00000000c0b2d7c8,0x00000000c4300000)
 Metaspace       used 29976K, committed 30784K, reserved 1114112K
  class space    used 3040K, committed 3392K, reserved 1048576K
}
Event: 11.493 GC heap after
{Heap after GC invocations=9 (full 1):
 PSYoungGen      total 27648K, used 3332K [0x00000000eab00000, 0x00000000ecb00000, 0x0000000100000000)
  eden space 24064K, 0% used [0x00000000eab00000,0x00000000eab00000,0x00000000ec280000)
  from space 3584K, 92% used [0x00000000ec780000,0x00000000ecac11a8,0x00000000ecb00000)
  to   space 3584K, 0% used [0x00000000ec400000,0x00000000ec400000,0x00000000ec780000)
 ParOldGen       total 68608K, used 11453K [0x00000000c0000000, 0x00000000c4300000, 0x00000000eab00000)
  object space 68608K, 16% used [0x00000000c0000000,0x00000000c0b2f7c8,0x00000000c4300000)
 Metaspace       used 29976K, committed 30784K, reserved 1114112K
  class space    used 3040K, committed 3392K, reserved 1048576K
}
Event: 12.029 GC heap before
{Heap before GC invocations=10 (full 1):
 PSYoungGen      total 27648K, used 27396K [0x00000000eab00000, 0x00000000ecb00000, 0x0000000100000000)
  eden space 24064K, 100% used [0x00000000eab00000,0x00000000ec280000,0x00000000ec280000)
  from space 3584K, 92% used [0x00000000ec780000,0x00000000ecac11a8,0x00000000ecb00000)
  to   space 3584K, 0% used [0x00000000ec400000,0x00000000ec400000,0x00000000ec780000)
 ParOldGen       total 68608K, used 11453K [0x00000000c0000000, 0x00000000c4300000, 0x00000000eab00000)
  object space 68608K, 16% used [0x00000000c0000000,0x00000000c0b2f7c8,0x00000000c4300000)
 Metaspace       used 33421K, committed 34304K, reserved 1114112K
  class space    used 3332K, committed 3712K, reserved 1048576K
}
Event: 12.033 GC heap after
{Heap after GC invocations=10 (full 1):
 PSYoungGen      total 26624K, used 2911K [0x00000000eab00000, 0x00000000ec800000, 0x0000000100000000)
  eden space 23552K, 0% used [0x00000000eab00000,0x00000000eab00000,0x00000000ec200000)
  from space 3072K, 94% used [0x00000000ec400000,0x00000000ec6d7eb0,0x00000000ec700000)
  to   space 1024K, 0% used [0x00000000ec700000,0x00000000ec700000,0x00000000ec800000)
 ParOldGen       total 68608K, used 12225K [0x00000000c0000000, 0x00000000c4300000, 0x00000000eab00000)
  object space 68608K, 17% used [0x00000000c0000000,0x00000000c0bf0480,0x00000000c4300000)
 Metaspace       used 33421K, committed 34304K, reserved 1114112K
  class space    used 3332K, committed 3712K, reserved 1048576K
}
Event: 12.275 GC heap before
{Heap before GC invocations=11 (full 1):
 PSYoungGen      total 26624K, used 26463K [0x00000000eab00000, 0x00000000ec800000, 0x0000000100000000)
  eden space 23552K, 100% used [0x00000000eab00000,0x00000000ec200000,0x00000000ec200000)
  from space 3072K, 94% used [0x00000000ec400000,0x00000000ec6d7eb0,0x00000000ec700000)
  to   space 1024K, 0% used [0x00000000ec700000,0x00000000ec700000,0x00000000ec800000)
 ParOldGen       total 68608K, used 12225K [0x00000000c0000000, 0x00000000c4300000, 0x00000000eab00000)
  object space 68608K, 17% used [0x00000000c0000000,0x00000000c0bf0480,0x00000000c4300000)
 Metaspace       used 34910K, committed 35712K, reserved 1114112K
  class space    used 3476K, committed 3840K, reserved 1048576K
}
Event: 12.280 GC heap after
{Heap after GC invocations=11 (full 1):
 PSYoungGen      total 24064K, used 997K [0x00000000eab00000, 0x00000000ec800000, 0x0000000100000000)
  eden space 23040K, 0% used [0x00000000eab00000,0x00000000eab00000,0x00000000ec180000)
  from space 1024K, 97% used [0x00000000ec700000,0x00000000ec7f94a0,0x00000000ec800000)
  to   space 2048K, 0% used [0x00000000ec400000,0x00000000ec400000,0x00000000ec600000)
 ParOldGen       total 68608K, used 16165K [0x00000000c0000000, 0x00000000c4300000, 0x00000000eab00000)
  object space 68608K, 23% used [0x00000000c0000000,0x00000000c0fc9618,0x00000000c4300000)
 Metaspace       used 34910K, committed 35712K, reserved 1114112K
  class space    used 3476K, committed 3840K, reserved 1048576K
}
Event: 12.295 GC heap before
{Heap before GC invocations=12 (full 1):
 PSYoungGen      total 24064K, used 2215K [0x00000000eab00000, 0x00000000ec800000, 0x0000000100000000)
  eden space 23040K, 5% used [0x00000000eab00000,0x00000000eac309b0,0x00000000ec180000)
  from space 1024K, 97% used [0x00000000ec700000,0x00000000ec7f94a0,0x00000000ec800000)
  to   space 2048K, 0% used [0x00000000ec400000,0x00000000ec400000,0x00000000ec600000)
 ParOldGen       total 68608K, used 16165K [0x00000000c0000000, 0x00000000c4300000, 0x00000000eab00000)
  object space 68608K, 23% used [0x00000000c0000000,0x00000000c0fc9618,0x00000000c4300000)
 Metaspace       used 35033K, committed 35840K, reserved 1114112K
  class space    used 3486K, committed 3840K, reserved 1048576K
}
Event: 12.298 GC heap after
{Heap after GC invocations=12 (full 1):
 PSYoungGen      total 25088K, used 96K [0x00000000eab00000, 0x00000000ec780000, 0x0000000100000000)
  eden space 23040K, 0% used [0x00000000eab00000,0x00000000eab00000,0x00000000ec180000)
  from space 2048K, 4% used [0x00000000ec400000,0x00000000ec418000,0x00000000ec600000)
  to   space 1024K, 0% used [0x00000000ec680000,0x00000000ec680000,0x00000000ec780000)
 ParOldGen       total 68608K, used 16687K [0x00000000c0000000, 0x00000000c4300000, 0x00000000eab00000)
  object space 68608K, 24% used [0x00000000c0000000,0x00000000c104be48,0x00000000c4300000)
 Metaspace       used 35033K, committed 35840K, reserved 1114112K
  class space    used 3486K, committed 3840K, reserved 1048576K
}
Event: 12.298 GC heap before
{Heap before GC invocations=13 (full 2):
 PSYoungGen      total 25088K, used 96K [0x00000000eab00000, 0x00000000ec780000, 0x0000000100000000)
  eden space 23040K, 0% used [0x00000000eab00000,0x00000000eab00000,0x00000000ec180000)
  from space 2048K, 4% used [0x00000000ec400000,0x00000000ec418000,0x00000000ec600000)
  to   space 1024K, 0% used [0x00000000ec680000,0x00000000ec680000,0x00000000ec780000)
 ParOldGen       total 68608K, used 16687K [0x00000000c0000000, 0x00000000c4300000, 0x00000000eab00000)
  object space 68608K, 24% used [0x00000000c0000000,0x00000000c104be48,0x00000000c4300000)
 Metaspace       used 35033K, committed 35840K, reserved 1114112K
  class space    used 3486K, committed 3840K, reserved 1048576K
}
Event: 12.343 GC heap after
{Heap after GC invocations=13 (full 2):
 PSYoungGen      total 25088K, used 0K [0x00000000eab00000, 0x00000000ec780000, 0x0000000100000000)
  eden space 23040K, 0% used [0x00000000eab00000,0x00000000eab00000,0x00000000ec180000)
  from space 2048K, 0% used [0x00000000ec400000,0x00000000ec400000,0x00000000ec600000)
  to   space 1024K, 0% used [0x00000000ec680000,0x00000000ec680000,0x00000000ec780000)
 ParOldGen       total 68608K, used 14940K [0x00000000c0000000, 0x00000000c4300000, 0x00000000eab00000)
  object space 68608K, 21% used [0x00000000c0000000,0x00000000c0e97220,0x00000000c4300000)
 Metaspace       used 35033K, committed 35840K, reserved 1114112K
  class space    used 3486K, committed 3840K, reserved 1048576K
}
Event: 12.895 GC heap before
{Heap before GC invocations=14 (full 2):
 PSYoungGen      total 25088K, used 23040K [0x00000000eab00000, 0x00000000ec780000, 0x0000000100000000)
  eden space 23040K, 100% used [0x00000000eab00000,0x00000000ec180000,0x00000000ec180000)
  from space 2048K, 0% used [0x00000000ec400000,0x00000000ec400000,0x00000000ec600000)
  to   space 1024K, 0% used [0x00000000ec680000,0x00000000ec680000,0x00000000ec780000)
 ParOldGen       total 68608K, used 14940K [0x00000000c0000000, 0x00000000c4300000, 0x00000000eab00000)
  object space 68608K, 21% used [0x00000000c0000000,0x00000000c0e97220,0x00000000c4300000)
 Metaspace       used 38394K, committed 39232K, reserved 1114112K
  class space    used 3886K, committed 4288K, reserved 1048576K
}
Event: 12.900 GC heap after
{Heap after GC invocations=14 (full 2):
 PSYoungGen      total 23552K, used 1010K [0x00000000eab00000, 0x00000000ec780000, 0x0000000100000000)
  eden space 22528K, 0% used [0x00000000eab00000,0x00000000eab00000,0x00000000ec100000)
  from space 1024K, 98% used [0x00000000ec680000,0x00000000ec77c808,0x00000000ec780000)
  to   space 1536K, 0% used [0x00000000ec480000,0x00000000ec480000,0x00000000ec600000)
 ParOldGen       total 68608K, used 15133K [0x00000000c0000000, 0x00000000c4300000, 0x00000000eab00000)
  object space 68608K, 22% used [0x00000000c0000000,0x00000000c0ec74d8,0x00000000c4300000)
 Metaspace       used 38394K, committed 39232K, reserved 1114112K
  class space    used 3886K, committed 4288K, reserved 1048576K
}
Event: 13.720 GC heap before
{Heap before GC invocations=15 (full 2):
 PSYoungGen      total 23552K, used 23538K [0x00000000eab00000, 0x00000000ec780000, 0x0000000100000000)
  eden space 22528K, 100% used [0x00000000eab00000,0x00000000ec100000,0x00000000ec100000)
  from space 1024K, 98% used [0x00000000ec680000,0x00000000ec77c808,0x00000000ec780000)
  to   space 1536K, 0% used [0x00000000ec480000,0x00000000ec480000,0x00000000ec600000)
 ParOldGen       total 68608K, used 15133K [0x00000000c0000000, 0x00000000c4300000, 0x00000000eab00000)
  object space 68608K, 22% used [0x00000000c0000000,0x00000000c0ec74d8,0x00000000c4300000)
 Metaspace       used 40370K, committed 41344K, reserved 1114112K
  class space    used 4134K, committed 4608K, reserved 1048576K
}
Event: 13.724 GC heap after
{Heap after GC invocations=15 (full 2):
 PSYoungGen      total 23552K, used 1088K [0x00000000eab00000, 0x00000000ec700000, 0x0000000100000000)
  eden space 22016K, 0% used [0x00000000eab00000,0x00000000eab00000,0x00000000ec080000)
  from space 1536K, 70% used [0x00000000ec480000,0x00000000ec590000,0x00000000ec600000)
  to   space 1024K, 0% used [0x00000000ec600000,0x00000000ec600000,0x00000000ec700000)
 ParOldGen       total 68608K, used 16107K [0x00000000c0000000, 0x00000000c4300000, 0x00000000eab00000)
  object space 68608K, 23% used [0x00000000c0000000,0x00000000c0fbac30,0x00000000c4300000)
 Metaspace       used 40370K, committed 41344K, reserved 1114112K
  class space    used 4134K, committed 4608K, reserved 1048576K
}

Dll operation events (10 events):
Event: 0.023 Loaded shared library c:\Users\Nayan Mandal\.vscode\extensions\redhat.java-1.35.0-win32-x64\jre\17.0.12-win32-x86_64\bin\java.dll
Event: 0.779 Loaded shared library c:\Users\Nayan Mandal\.vscode\extensions\redhat.java-1.35.0-win32-x64\jre\17.0.12-win32-x86_64\bin\zip.dll
Event: 0.792 Loaded shared library C:\Users\Nayan Mandal\.vscode\extensions\redhat.java-1.35.0-win32-x64\jre\17.0.12-win32-x86_64\bin\instrument.dll
Event: 1.011 Loaded shared library C:\Users\Nayan Mandal\.vscode\extensions\redhat.java-1.35.0-win32-x64\jre\17.0.12-win32-x86_64\bin\net.dll
Event: 1.014 Loaded shared library C:\Users\Nayan Mandal\.vscode\extensions\redhat.java-1.35.0-win32-x64\jre\17.0.12-win32-x86_64\bin\nio.dll
Event: 1.025 Loaded shared library C:\Users\Nayan Mandal\.vscode\extensions\redhat.java-1.35.0-win32-x64\jre\17.0.12-win32-x86_64\bin\zip.dll
Event: 1.105 Loaded shared library C:\Users\Nayan Mandal\.vscode\extensions\redhat.java-1.35.0-win32-x64\jre\17.0.12-win32-x86_64\bin\jimage.dll
Event: 1.294 Loaded shared library c:\Users\Nayan Mandal\.vscode\extensions\redhat.java-1.35.0-win32-x64\jre\17.0.12-win32-x86_64\bin\verify.dll
Event: 4.478 Loaded shared library C:\Users\Nayan Mandal\AppData\Roaming\Code\User\globalStorage\redhat.java\1.35.0\config_win\org.eclipse.equinox.launcher\org.eclipse.equinox.launcher.win32.win32.x86_64_1.2.1100.v20240722-2106\eclipse_11904.dll
Event: 8.453 Loaded shared library C:\Users\Nayan Mandal\AppData\Local\Temp\jna-803531042\jna14631805204325113520.dll

Deoptimization events (20 events):
Event: 13.291 Thread 0x0000022c1c87e7b0 Uncommon trap: trap_request=0xffffffde fr.pc=0x0000022c0d63d3a0 relative=0x00000000000001e0
Event: 13.291 Thread 0x0000022c1c87e7b0 Uncommon trap: reason=class_check action=maybe_recompile pc=0x0000022c0d63d3a0 method=java.io.ObjectInputStream$PeekInputStream.read()I @ 23 c2
Event: 13.291 Thread 0x0000022c1c87e7b0 DEOPT PACKING pc=0x0000022c0d63d3a0 sp=0x00000040d16fe030
Event: 13.291 Thread 0x0000022c1c87e7b0 DEOPT UNPACKING pc=0x0000022c0cf89ea3 sp=0x00000040d16fdf70 mode 2
Event: 13.292 Thread 0x0000022c1c87e7b0 Uncommon trap: trap_request=0xffffffde fr.pc=0x0000022c0d63d3a0 relative=0x00000000000001e0
Event: 13.292 Thread 0x0000022c1c87e7b0 Uncommon trap: reason=class_check action=maybe_recompile pc=0x0000022c0d63d3a0 method=java.io.ObjectInputStream$PeekInputStream.read()I @ 23 c2
Event: 13.292 Thread 0x0000022c1c87e7b0 DEOPT PACKING pc=0x0000022c0d63d3a0 sp=0x00000040d16fe030
Event: 13.292 Thread 0x0000022c1c87e7b0 DEOPT UNPACKING pc=0x0000022c0cf89ea3 sp=0x00000040d16fdf70 mode 2
Event: 13.403 Thread 0x0000022c1c87e7b0 Uncommon trap: trap_request=0xffffff45 fr.pc=0x0000022c0d5e742c relative=0x0000000000000acc
Event: 13.403 Thread 0x0000022c1c87e7b0 Uncommon trap: reason=unstable_if action=reinterpret pc=0x0000022c0d5e742c method=jdk.internal.org.objectweb.asm.SymbolTable.put(Ljdk/internal/org/objectweb/asm/SymbolTable$Entry;)Ljdk/internal/org/objectweb/asm/SymbolTable$Entry; @ 13 c2
Event: 13.403 Thread 0x0000022c1c87e7b0 DEOPT PACKING pc=0x0000022c0d5e742c sp=0x00000040d16fbdc0
Event: 13.403 Thread 0x0000022c1c87e7b0 DEOPT UNPACKING pc=0x0000022c0cf89ea3 sp=0x00000040d16fbd08 mode 2
Event: 13.509 Thread 0x0000022c1c0cb8a0 DEOPT PACKING pc=0x0000022c062fecbb sp=0x00000040d1cfe180
Event: 13.509 Thread 0x0000022c1c0cb8a0 DEOPT UNPACKING pc=0x0000022c0cf8a9e3 sp=0x00000040d1cfd5f0 mode 0
Event: 13.801 Thread 0x0000022c02d6cb80 DEOPT PACKING pc=0x0000022c05f5a0ce sp=0x00000040d02f7a30
Event: 13.801 Thread 0x0000022c02d6cb80 DEOPT UNPACKING pc=0x0000022c0cf8a9e3 sp=0x00000040d02f6f20 mode 0
Event: 13.899 Thread 0x0000022c02d6cb80 Uncommon trap: trap_request=0xffffff45 fr.pc=0x0000022c0d6bf940 relative=0x0000000000001b60
Event: 13.899 Thread 0x0000022c02d6cb80 Uncommon trap: reason=unstable_if action=reinterpret pc=0x0000022c0d6bf940 method=java.util.Properties.loadConvert([CIILjava/lang/StringBuilder;)Ljava/lang/String; @ 477 c2
Event: 13.899 Thread 0x0000022c02d6cb80 DEOPT PACKING pc=0x0000022c0d6bf940 sp=0x00000040d02f95f0
Event: 13.899 Thread 0x0000022c02d6cb80 DEOPT UNPACKING pc=0x0000022c0cf89ea3 sp=0x00000040d02f95b8 mode 2

Classes loaded (20 events):
Event: 13.675 Loading class java/util/concurrent/ForkJoinPool$DefaultCommonPoolForkJoinWorkerThreadFactory
Event: 13.675 Loading class java/util/concurrent/ForkJoinPool$DefaultCommonPoolForkJoinWorkerThreadFactory done
Event: 13.676 Loading class java/util/concurrent/ForkJoinPool$WorkQueue
Event: 13.676 Loading class java/util/concurrent/ForkJoinPool$WorkQueue done
Event: 13.676 Loading class java/util/concurrent/CompletableFuture$Completion
Event: 13.676 Loading class java/util/concurrent/CompletableFuture$AsynchronousCompletionTask
Event: 13.676 Loading class java/util/concurrent/CompletableFuture$AsynchronousCompletionTask done
Event: 13.676 Loading class java/util/concurrent/ForkJoinTask
Event: 13.677 Loading class java/util/concurrent/ForkJoinTask done
Event: 13.677 Loading class java/util/concurrent/CompletableFuture$Completion done
Event: 13.679 Loading class java/util/concurrent/CompletableFuture$UniAccept
Event: 13.680 Loading class java/util/concurrent/CompletableFuture$UniCompletion
Event: 13.680 Loading class java/util/concurrent/CompletableFuture$UniCompletion done
Event: 13.680 Loading class java/util/concurrent/CompletableFuture$UniAccept done
Event: 13.682 Loading class java/util/concurrent/ForkJoinTask$Aux
Event: 13.682 Loading class java/util/concurrent/ForkJoinTask$Aux done
Event: 13.751 Loading class java/util/concurrent/Executors$DefaultThreadFactory
Event: 13.751 Loading class java/util/concurrent/Executors$DefaultThreadFactory done
Event: 13.771 Loading class javax/xml/parsers/FactoryConfigurationError
Event: 13.771 Loading class javax/xml/parsers/FactoryConfigurationError done

Classes unloaded (7 events):
Event: 7.701 Thread 0x0000022c16b9bb90 Unloading class 0x0000000100248400 'java/lang/invoke/LambdaForm$MH+0x0000000100248400'
Event: 7.701 Thread 0x0000022c16b9bb90 Unloading class 0x0000000100248000 'java/lang/invoke/LambdaForm$MH+0x0000000100248000'
Event: 7.701 Thread 0x0000022c16b9bb90 Unloading class 0x0000000100247c00 'java/lang/invoke/LambdaForm$MH+0x0000000100247c00'
Event: 7.701 Thread 0x0000022c16b9bb90 Unloading class 0x0000000100247800 'java/lang/invoke/LambdaForm$MH+0x0000000100247800'
Event: 7.701 Thread 0x0000022c16b9bb90 Unloading class 0x0000000100247400 'java/lang/invoke/LambdaForm$BMH+0x0000000100247400'
Event: 7.701 Thread 0x0000022c16b9bb90 Unloading class 0x0000000100247000 'java/lang/invoke/LambdaForm$DMH+0x0000000100247000'
Event: 7.701 Thread 0x0000022c16b9bb90 Unloading class 0x0000000100244400 'java/lang/invoke/LambdaForm$DMH+0x0000000100244400'

Classes redefined (0 events):
No events

Internal exceptions (20 events):
Event: 10.701 Thread 0x0000022c1c87e7b0 Exception <a 'java/lang/NoSuchMethodError'{0x00000000eaba1bd0}: static Lorg/eclipse/m2e/core/internal/project/registry/MavenProjectFacade$MavenProjectConfiguration;.<clinit>()V> (0x00000000eaba1bd0) 
thrown [s\src\hotspot\share\prims\jni.cpp, line 1112]
Event: 10.937 Thread 0x0000022c1c87e7b0 Exception <a 'java/lang/NoSuchMethodError'{0x00000000eb004338}: 'double java.lang.invoke.DirectMethodHandle$Holder.invokeStatic(java.lang.Object, java.lang.Object)'> (0x00000000eb004338) 
thrown [s\src\hotspot\share\interpreter\linkResolver.cpp, line 759]
Event: 10.938 Thread 0x0000022c1c87e7b0 Exception <a 'java/lang/NoSuchMethodError'{0x00000000eb007c50}: 'double java.lang.invoke.DirectMethodHandle$Holder.invokeStaticInit(java.lang.Object, java.lang.Object)'> (0x00000000eb007c50) 
thrown [s\src\hotspot\share\interpreter\linkResolver.cpp, line 759]
Event: 11.442 Thread 0x0000022c1c87e7b0 Exception <a 'java/io/FileNotFoundException'{0x00000000ec0d6970}> (0x00000000ec0d6970) 
thrown [s\src\hotspot\share\prims\jni.cpp, line 516]
Event: 11.442 Thread 0x0000022c1c87e7b0 Exception <a 'java/io/FileNotFoundException'{0x00000000ec0d7a18}> (0x00000000ec0d7a18) 
thrown [s\src\hotspot\share\prims\jni.cpp, line 516]
Event: 11.443 Thread 0x0000022c1c87e7b0 Exception <a 'java/io/FileNotFoundException'{0x00000000ec0d89b0}> (0x00000000ec0d89b0) 
thrown [s\src\hotspot\share\prims\jni.cpp, line 516]
Event: 11.760 Thread 0x0000022c1c87e7b0 Implicit null exception at 0x0000022c0d6517c8 to 0x0000022c0d6518b4
Event: 11.994 Thread 0x0000022c1c0cb8a0 Exception <a 'java/lang/NoSuchMethodError'{0x00000000ebf652e0}: 'java.lang.Object java.lang.invoke.DirectMethodHandle$Holder.invokeSpecialIFC(java.lang.Object, java.lang.Object, java.lang.Object, java.lang.Object)'> (0x00000000ebf652e0) 
thrown [s\src\hotspot\share\interpreter\linkResolver.cpp, line 759]
Event: 12.136 Thread 0x0000022c1c87e7b0 Exception <a 'java/lang/NoSuchMethodError'{0x00000000ebab2800}: 'java.lang.Object java.lang.invoke.DirectMethodHandle$Holder.newInvokeSpecial(java.lang.Object, int, java.lang.Object, java.lang.Object)'> (0x00000000ebab2800) 
thrown [s\src\hotspot\share\interpreter\linkResolver.cpp, line 759]
Event: 12.141 Thread 0x0000022c1c87e7b0 Exception <a 'java/io/FileNotFoundException'{0x00000000ebb302f8}> (0x00000000ebb302f8) 
thrown [s\src\hotspot\share\prims\jni.cpp, line 516]
Event: 12.456 Thread 0x0000022c1c0cb8a0 Exception <a 'java/lang/NoSuchMethodError'{0x00000000eafd0fc8}: 'int java.lang.invoke.DirectMethodHandle$Holder.invokeStatic(java.lang.Object, java.lang.Object, java.lang.Object, java.lang.Object, java.lang.Object)'> (0x00000000eafd0fc8) 
thrown [s\src\hotspot\share\interpreter\linkResolver.cpp, line 759]
Event: 12.511 Thread 0x0000022c1c87e7b0 Exception <a 'java/lang/ClassNotFoundException'{0x00000000eb1bd988}: com/sun/org/apache/xerces/internal/impl/msg/spi/DOMMessagesProvider> (0x00000000eb1bd988) 
thrown [s\src\hotspot\share\classfile\systemDictionary.cpp, line 256]
Event: 12.513 Thread 0x0000022c1c87e7b0 Exception <a 'java/lang/ClassNotFoundException'{0x00000000eb260ff8}: com/sun/org/apache/xerces/internal/impl/msg/spi/XMLSerializerMessagesProvider> (0x00000000eb260ff8) 
thrown [s\src\hotspot\share\classfile\systemDictionary.cpp, line 256]
Event: 12.517 Thread 0x0000022c1c87e7b0 Exception <a 'java/lang/ClassNotFoundException'{0x00000000eb26e280}: com/sun/org/apache/xerces/internal/impl/msg/spi/XMLMessagesProvider> (0x00000000eb26e280) 
thrown [s\src\hotspot\share\classfile\systemDictionary.cpp, line 256]
Event: 12.779 Thread 0x0000022c1c0cb8a0 Exception <a 'java/lang/NoClassDefFoundError'{0x00000000ebe0dfe0}: javax/enterprise/inject/Typed> (0x00000000ebe0dfe0) 
thrown [s\src\hotspot\share\classfile\systemDictionary.cpp, line 245]
Event: 12.859 Thread 0x0000022c1c87e7b0 Exception <a 'java/lang/ClassNotFoundException'{0x00000000ec076070}: com/sun/org/apache/xml/internal/serializer/spi/XMLEntitiesProvider> (0x00000000ec076070) 
thrown [s\src\hotspot\share\classfile\systemDictionary.cpp, line 256]
Event: 13.360 Thread 0x0000022c1c87e7b0 Exception <a 'java/io/FileNotFoundException'{0x00000000eb8f1d60}> (0x00000000eb8f1d60) 
thrown [s\src\hotspot\share\prims\jni.cpp, line 516]
Event: 13.437 Thread 0x0000022c1c87e7b0 Exception <a 'java/lang/UnsatisfiedLinkError'{0x00000000ebaa0d08}: The specified procedure could not be found.
> (0x00000000ebaa0d08) 
thrown [s\src\hotspot\share\prims\jni.cpp, line 535]
Event: 13.445 Thread 0x0000022c1c87e7b0 Exception <a 'java/io/FileNotFoundException'{0x00000000ebab8e80}> (0x00000000ebab8e80) 
thrown [s\src\hotspot\share\prims\jni.cpp, line 516]
Event: 13.476 Thread 0x0000022c1c87e7b0 Exception <a 'java/lang/UnsatisfiedLinkError'{0x00000000ebb894d8}: The specified procedure could not be found.
> (0x00000000ebb894d8) 
thrown [s\src\hotspot\share\prims\jni.cpp, line 535]

VM Operations (20 events):
Event: 12.029 Executing VM operation: ParallelGCFailedAllocation
Event: 12.033 Executing VM operation: ParallelGCFailedAllocation done
Event: 12.275 Executing VM operation: ParallelGCFailedAllocation
Event: 12.280 Executing VM operation: ParallelGCFailedAllocation done
Event: 12.295 Executing VM operation: CollectForMetadataAllocation
Event: 12.344 Executing VM operation: CollectForMetadataAllocation done
Event: 12.404 Executing VM operation: HandshakeAllThreads
Event: 12.404 Executing VM operation: HandshakeAllThreads done
Event: 12.598 Executing VM operation: HandshakeAllThreads
Event: 12.613 Executing VM operation: HandshakeAllThreads done
Event: 12.721 Executing VM operation: HandshakeAllThreads
Event: 12.721 Executing VM operation: HandshakeAllThreads done
Event: 12.895 Executing VM operation: ParallelGCFailedAllocation
Event: 12.901 Executing VM operation: ParallelGCFailedAllocation done
Event: 13.074 Executing VM operation: HandshakeAllThreads
Event: 13.074 Executing VM operation: HandshakeAllThreads done
Event: 13.388 Executing VM operation: HandshakeAllThreads
Event: 13.391 Executing VM operation: HandshakeAllThreads done
Event: 13.702 Executing VM operation: ParallelGCFailedAllocation
Event: 13.763 Executing VM operation: ParallelGCFailedAllocation done

Events (20 events):
Event: 0.263 Thread 0x0000022c16be4500 Thread added: 0x0000022c16be4500
Event: 0.263 Thread 0x0000022c16be4dd0 Thread added: 0x0000022c16be4dd0
Event: 0.264 Thread 0x0000022c16be76b0 Thread added: 0x0000022c16be76b0
Event: 0.264 Thread 0x0000022c16be82b0 Thread added: 0x0000022c16be82b0
Event: 0.363 Thread 0x0000022c1be10bb0 Thread added: 0x0000022c1be10bb0
Event: 0.429 Thread 0x0000022c1be13880 Thread added: 0x0000022c1be13880
Event: 0.665 Thread 0x0000022c02dcd570 Thread added: 0x0000022c02dcd570
Event: 1.714 Thread 0x0000022c1c05d200 Thread added: 0x0000022c1c05d200
Event: 3.801 Thread 0x0000022c1c6a1040 Thread added: 0x0000022c1c6a1040
Event: 4.459 Thread 0x0000022c1c87e2d0 Thread added: 0x0000022c1c87e2d0
Event: 4.467 Thread 0x0000022c1c87e7b0 Thread added: 0x0000022c1c87e7b0
Event: 5.355 Thread 0x0000022c1cf85230 Thread added: 0x0000022c1cf85230
Event: 5.999 Thread 0x0000022c1ce62f20 Thread added: 0x0000022c1ce62f20
Event: 6.543 Thread 0x0000022c1cdca4b0 Thread added: 0x0000022c1cdca4b0
Event: 7.473 Thread 0x0000022c1c0c8b10 Thread added: 0x0000022c1c0c8b10
Event: 8.517 Thread 0x0000022c1c0ca970 Thread added: 0x0000022c1c0ca970
Event: 8.626 Thread 0x0000022c1c0cb8a0 Thread added: 0x0000022c1c0cb8a0
Event: 8.739 Thread 0x0000022c1c0c9020 Thread added: 0x0000022c1c0c9020
Event: 11.992 Thread 0x0000022c1c0cc2c0 Thread added: 0x0000022c1c0cc2c0
Event: 12.545 Thread 0x0000022c1c0cae80 Thread added: 0x0000022c1c0cae80


Dynamic libraries:
0x00007ff65a9f0000 - 0x00007ff65a9fe000 	c:\Users\Nayan Mandal\.vscode\extensions\redhat.java-1.35.0-win32-x64\jre\17.0.12-win32-x86_64\bin\java.exe
0x00007ffaaafb0000 - 0x00007ffaab1c7000 	C:\WINDOWS\SYSTEM32\ntdll.dll
0x00007ffaaa610000 - 0x00007ffaaa6d4000 	C:\WINDOWS\System32\KERNEL32.DLL
0x00007ffaa8680000 - 0x00007ffaa8a2d000 	C:\WINDOWS\System32\KERNELBASE.dll
0x00007ffaa8bc0000 - 0x00007ffaa8cd1000 	C:\WINDOWS\System32\ucrtbase.dll
0x00007ffa99a60000 - 0x00007ffa99a77000 	c:\Users\Nayan Mandal\.vscode\extensions\redhat.java-1.35.0-win32-x64\jre\17.0.12-win32-x86_64\bin\jli.dll
0x00007ffa988b0000 - 0x00007ffa988cb000 	c:\Users\Nayan Mandal\.vscode\extensions\redhat.java-1.35.0-win32-x64\jre\17.0.12-win32-x86_64\bin\VCRUNTIME140.dll
0x00007ffaa90d0000 - 0x00007ffaa927e000 	C:\WINDOWS\System32\USER32.dll
0x00007ffaa8a60000 - 0x00007ffaa8a86000 	C:\WINDOWS\System32\win32u.dll
0x00007ffaaa420000 - 0x00007ffaaa449000 	C:\WINDOWS\System32\GDI32.dll
0x00007ffaa8350000 - 0x00007ffaa8469000 	C:\WINDOWS\System32\gdi32full.dll
0x00007ffaa85e0000 - 0x00007ffaa867a000 	C:\WINDOWS\System32\msvcp_win.dll
0x00007ffa962c0000 - 0x00007ffa96553000 	C:\WINDOWS\WinSxS\amd64_microsoft.windows.common-controls_6595b64144ccf1df_6.0.22621.3672_none_2713b9d173822955\COMCTL32.dll
0x00007ffaa8ce0000 - 0x00007ffaa8d87000 	C:\WINDOWS\System32\msvcrt.dll
0x00007ffaaaab0000 - 0x00007ffaaaae1000 	C:\WINDOWS\System32\IMM32.DLL
0x00007ffa98a20000 - 0x00007ffa98a2c000 	c:\Users\Nayan Mandal\.vscode\extensions\redhat.java-1.35.0-win32-x64\jre\17.0.12-win32-x86_64\bin\vcruntime140_1.dll
0x00007ffa90d30000 - 0x00007ffa90dbd000 	c:\Users\Nayan Mandal\.vscode\extensions\redhat.java-1.35.0-win32-x64\jre\17.0.12-win32-x86_64\bin\msvcp140.dll
0x00007ffa4fb70000 - 0x00007ffa507da000 	c:\Users\Nayan Mandal\.vscode\extensions\redhat.java-1.35.0-win32-x64\jre\17.0.12-win32-x86_64\bin\server\jvm.dll
0x00007ffaa9280000 - 0x00007ffaa9332000 	C:\WINDOWS\System32\ADVAPI32.dll
0x00007ffaa9340000 - 0x00007ffaa93e9000 	C:\WINDOWS\System32\sechost.dll
0x00007ffaa8a30000 - 0x00007ffaa8a58000 	C:\WINDOWS\System32\bcrypt.dll
0x00007ffaa9880000 - 0x00007ffaa9994000 	C:\WINDOWS\System32\RPCRT4.dll
0x00007ffaa8ef0000 - 0x00007ffaa8f61000 	C:\WINDOWS\System32\WS2_32.dll
0x00007ffaa81a0000 - 0x00007ffaa81ed000 	C:\WINDOWS\SYSTEM32\POWRPROF.dll
0x00007ffaa0b20000 - 0x00007ffaa0b54000 	C:\WINDOWS\SYSTEM32\WINMM.dll
0x00007ffa99460000 - 0x00007ffa9946a000 	C:\WINDOWS\SYSTEM32\VERSION.dll
0x00007ffaa8180000 - 0x00007ffaa8193000 	C:\WINDOWS\SYSTEM32\UMPDC.dll
0x00007ffaa7320000 - 0x00007ffaa7338000 	C:\WINDOWS\SYSTEM32\kernel.appcore.dll
0x00007ffa989e0000 - 0x00007ffa989ea000 	c:\Users\Nayan Mandal\.vscode\extensions\redhat.java-1.35.0-win32-x64\jre\17.0.12-win32-x86_64\bin\jimage.dll
0x00007ffaa5b70000 - 0x00007ffaa5da2000 	C:\WINDOWS\SYSTEM32\DBGHELP.DLL
0x00007ffaaa720000 - 0x00007ffaaaaae000 	C:\WINDOWS\System32\combase.dll
0x00007ffaa93f0000 - 0x00007ffaa94c7000 	C:\WINDOWS\System32\OLEAUT32.dll
0x00007ffa7ee50000 - 0x00007ffa7ee82000 	C:\WINDOWS\SYSTEM32\dbgcore.DLL
0x00007ffaa82d0000 - 0x00007ffaa834b000 	C:\WINDOWS\System32\bcryptPrimitives.dll
0x00007ffa980e0000 - 0x00007ffa980ee000 	c:\Users\Nayan Mandal\.vscode\extensions\redhat.java-1.35.0-win32-x64\jre\17.0.12-win32-x86_64\bin\instrument.dll
0x00007ffa53a50000 - 0x00007ffa53a75000 	c:\Users\Nayan Mandal\.vscode\extensions\redhat.java-1.35.0-win32-x64\jre\17.0.12-win32-x86_64\bin\java.dll
0x00007ffa97fb0000 - 0x00007ffa97fc8000 	c:\Users\Nayan Mandal\.vscode\extensions\redhat.java-1.35.0-win32-x64\jre\17.0.12-win32-x86_64\bin\zip.dll
0x00007ffaa99a0000 - 0x00007ffaaa207000 	C:\WINDOWS\System32\SHELL32.dll
0x00007ffaa6250000 - 0x00007ffaa6b4f000 	C:\WINDOWS\SYSTEM32\windows.storage.dll
0x00007ffaa6110000 - 0x00007ffaa624f000 	C:\WINDOWS\SYSTEM32\wintypes.dll
0x00007ffaaa210000 - 0x00007ffaaa309000 	C:\WINDOWS\System32\SHCORE.dll
0x00007ffaaa310000 - 0x00007ffaaa36e000 	C:\WINDOWS\System32\shlwapi.dll
0x00007ffaa8200000 - 0x00007ffaa8227000 	C:\WINDOWS\SYSTEM32\profapi.dll
0x00007ffa98110000 - 0x00007ffa98129000 	C:\Users\Nayan Mandal\.vscode\extensions\redhat.java-1.35.0-win32-x64\jre\17.0.12-win32-x86_64\bin\net.dll
0x00007ffaa1ab0000 - 0x00007ffaa1be6000 	C:\WINDOWS\SYSTEM32\WINHTTP.dll
0x00007ffaa7790000 - 0x00007ffaa77f9000 	C:\WINDOWS\system32\mswsock.dll
0x00007ffa97510000 - 0x00007ffa97526000 	C:\Users\Nayan Mandal\.vscode\extensions\redhat.java-1.35.0-win32-x64\jre\17.0.12-win32-x86_64\bin\nio.dll
0x00007ffa98090000 - 0x00007ffa980a0000 	c:\Users\Nayan Mandal\.vscode\extensions\redhat.java-1.35.0-win32-x64\jre\17.0.12-win32-x86_64\bin\verify.dll
0x00007ffa53b80000 - 0x00007ffa53bc5000 	C:\Users\Nayan Mandal\AppData\Roaming\Code\User\globalStorage\redhat.java\1.35.0\config_win\org.eclipse.equinox.launcher\org.eclipse.equinox.launcher.win32.win32.x86_64_1.2.1100.v20240722-2106\eclipse_11904.dll
0x00007ffaa94d0000 - 0x00007ffaa9675000 	C:\WINDOWS\System32\ole32.dll
0x00007ffaa79e0000 - 0x00007ffaa79fb000 	C:\WINDOWS\SYSTEM32\CRYPTSP.dll
0x00007ffaa7280000 - 0x00007ffaa72b5000 	C:\WINDOWS\system32\rsaenh.dll
0x00007ffaa7880000 - 0x00007ffaa78a8000 	C:\WINDOWS\SYSTEM32\USERENV.dll
0x00007ffaa7a00000 - 0x00007ffaa7a0c000 	C:\WINDOWS\SYSTEM32\CRYPTBASE.dll
0x00007ffaa6df0000 - 0x00007ffaa6e1d000 	C:\WINDOWS\SYSTEM32\IPHLPAPI.DLL
0x00007ffaa97c0000 - 0x00007ffaa97c9000 	C:\WINDOWS\System32\NSI.dll
0x00007ffaa19a0000 - 0x00007ffaa19b9000 	C:\WINDOWS\SYSTEM32\dhcpcsvc6.DLL
0x00007ffaa1830000 - 0x00007ffaa184f000 	C:\WINDOWS\SYSTEM32\dhcpcsvc.DLL
0x00007ffaa6e20000 - 0x00007ffaa6f18000 	C:\WINDOWS\SYSTEM32\DNSAPI.dll
0x00007ffa53ae0000 - 0x00007ffa53b29000 	C:\Users\Nayan Mandal\AppData\Local\Temp\jna-803531042\jna14631805204325113520.dll
0x00007ffaaa6e0000 - 0x00007ffaaa6e8000 	C:\WINDOWS\System32\PSAPI.DLL

dbghelp: loaded successfully - version: 4.0.5 - missing functions: none
symbol engine: initialized successfully - sym options: 0x614 - pdb path: .;c:\Users\Nayan Mandal\.vscode\extensions\redhat.java-1.35.0-win32-x64\jre\17.0.12-win32-x86_64\bin;C:\WINDOWS\SYSTEM32;C:\WINDOWS\WinSxS\amd64_microsoft.windows.common-controls_6595b64144ccf1df_6.0.22621.3672_none_2713b9d173822955;c:\Users\Nayan Mandal\.vscode\extensions\redhat.java-1.35.0-win32-x64\jre\17.0.12-win32-x86_64\bin\server;C:\Users\Nayan Mandal\AppData\Roaming\Code\User\globalStorage\redhat.java\1.35.0\config_win\org.eclipse.equinox.launcher\org.eclipse.equinox.launcher.win32.win32.x86_64_1.2.1100.v20240722-2106;C:\Users\Nayan Mandal\AppData\Local\Temp\jna-803531042

VM Arguments:
jvm_args: --add-modules=ALL-SYSTEM --add-opens=java.base/java.util=ALL-UNNAMED --add-opens=java.base/java.lang=ALL-UNNAMED --add-opens=java.base/sun.nio.fs=ALL-UNNAMED -Declipse.application=org.eclipse.jdt.ls.core.id1 -Dosgi.bundles.defaultStartLevel=4 -Declipse.product=org.eclipse.jdt.ls.core.product -Djava.import.generatesMetadataFilesAtProjectRoot=false -DDetectVMInstallationsJob.disabled=true -Dfile.encoding=utf8 -XX:+UseParallelGC -XX:GCTimeRatio=4 -XX:AdaptiveSizePolicyWeight=90 -Dsun.zip.disableMemoryMapping=true -Xmx1G -Xms100m -Xlog:disable -javaagent:c:\Users\Nayan Mandal\.vscode\extensions\redhat.java-1.35.0-win32-x64\lombok\lombok-1.18.33.jar -XX:+HeapDumpOnOutOfMemoryError -XX:HeapDumpPath=c:\Users\Nayan Mandal\AppData\Roaming\Code\User\workspaceStorage\14b7aa4224a939eacf2cdfc44a398597\redhat.java -Daether.dependencyCollector.impl=bf 
java_command: c:\Users\Nayan Mandal\.vscode\extensions\redhat.java-1.35.0-win32-x64\server\plugins\org.eclipse.equinox.launcher_1.6.900.v20240613-2009.jar -configuration c:\Users\Nayan Mandal\AppData\Roaming\Code\User\globalStorage\redhat.java\1.35.0\config_win -data c:\Users\Nayan Mandal\AppData\Roaming\Code\User\workspaceStorage\14b7aa4224a939eacf2cdfc44a398597\redhat.java\jdt_ws --pipe=\\.\pipe\lsp-13f130de4b0fa52f00f65cb8ae8bc255-sock
java_class_path (initial): c:\Users\Nayan Mandal\.vscode\extensions\redhat.java-1.35.0-win32-x64\server\plugins\org.eclipse.equinox.launcher_1.6.900.v20240613-2009.jar
Launcher Type: SUN_STANDARD

[Global flags]
    uintx AdaptiveSizePolicyWeight                 = 90                                        {product} {command line}
     intx CICompilerCount                          = 3                                         {product} {ergonomic}
    uintx GCTimeRatio                              = 4                                         {product} {command line}
     bool HeapDumpOnOutOfMemoryError               = true                                   {manageable} {command line}
    ccstr HeapDumpPath                             = c:\Users\Nayan Mandal\AppData\Roaming\Code\User\workspaceStorage\14b7aa4224a939eacf2cdfc44a398597\redhat.java         {manageable} {command line}
   size_t InitialHeapSize                          = 104857600                                 {product} {command line}
   size_t MaxHeapSize                              = 1073741824                                {product} {command line}
   size_t MaxNewSize                               = 357564416                                 {product} {ergonomic}
   size_t MinHeapDeltaBytes                        = 524288                                    {product} {ergonomic}
   size_t MinHeapSize                              = 104857600                                 {product} {command line}
   size_t NewSize                                  = 34603008                                  {product} {ergonomic}
    uintx NonNMethodCodeHeapSize                   = 5832780                                {pd product} {ergonomic}
    uintx NonProfiledCodeHeapSize                  = 122912730                              {pd product} {ergonomic}
   size_t OldSize                                  = 70254592                                  {product} {ergonomic}
    uintx ProfiledCodeHeapSize                     = 122912730                              {pd product} {ergonomic}
    uintx ReservedCodeCacheSize                    = 251658240                              {pd product} {ergonomic}
     bool SegmentedCodeCache                       = true                                      {product} {ergonomic}
   size_t SoftMaxHeapSize                          = 1073741824                             {manageable} {ergonomic}
     bool UseCompressedClassPointers               = true                           {product lp64_product} {ergonomic}
     bool UseCompressedOops                        = true                           {product lp64_product} {ergonomic}
     bool UseLargePagesIndividualAllocation        = false                                  {pd product} {ergonomic}
     bool UseParallelGC                            = true                                      {product} {command line}

Logging:
Log output configuration:
 #0: stdout all=off uptime,level,tags
 #1: stderr all=off uptime,level,tags

Environment Variables:
PATH=C:\Program Files\Common Files\Oracle\Java\javapath;C:\WINDOWS\system32;C:\WINDOWS;C:\WINDOWS\System32\Wbem;C:\WINDOWS\System32\WindowsPowerShell\v1.0\;C:\WINDOWS\System32\OpenSSH\;C:\Program Files\Git\cmd;C:\Program Files\MySQL\MySQL Shell 8.0\bin\;C:\Users\Nayan Mandal\AppData\Local\Microsoft\WindowsApps;C:\Users\Nayan Mandal\AppData\Local\Programs\Microsoft VS Code\bin;C:\MinGW\bin;
USERNAME=Nayan Mandal
OS=Windows_NT
PROCESSOR_IDENTIFIER=Intel64 Family 6 Model 126 Stepping 5, GenuineIntel
TMP=C:\Users\NAYANM~1\AppData\Local\Temp
TEMP=C:\Users\NAYANM~1\AppData\Local\Temp



Periodic native trim disabled


---------------  S Y S T E M  ---------------

OS:
 Windows 11 , 64 bit Build 22621 (10.0.22621.3958)
OS uptime: 4 days 0:39 hours

CPU: total 4 (initial active 4) (2 cores per cpu, 2 threads per core) family 6 model 126 stepping 5 microcode 0xc2, cx8, cmov, fxsr, ht, mmx, 3dnowpref, sse, sse2, sse3, ssse3, sse4.1, sse4.2, popcnt, lzcnt, tsc, tscinvbit, avx, avx2, aes, erms, clmul, bmi1, bmi2, adx, avx512f, avx512dq, avx512cd, avx512bw, avx512vl, sha, fma, vzeroupper, avx512_vpopcntdq, avx512_vpclmulqdq, avx512_vaes, avx512_vnni, clflush, clflushopt, avx512_vbmi2, avx512_vbmi
Processor Information for all 4 processors :
  Max Mhz: 1190, Current Mhz: 1190, Mhz Limit: 1190

Memory: 4k page, system-wide physical 3863M (197M free)
TotalPageFile size 10050M (AvailPageFile size 0M)
current process WorkingSet (physical memory assigned to process): 172M, peak: 172M
current process commit charge ("private bytes"): 254M, peak: 254M

vm_info: OpenJDK 64-Bit Server VM (17.0.12+7) for windows-amd64 JRE (17.0.12+7), built on Jul 16 2024 22:08:24 by "admin" with MS VC++ 16.10 / 16.11 (VS2019)

END.
