#
# There is insufficient memory for the Java Runtime Environment to continue.
# Native memory allocation (malloc) failed to allocate 1048576 bytes. Error detail: AllocateHeap
# Possible reasons:
#   The system is out of physical RAM or swap space
#   This process is running with CompressedOops enabled, and the Java Heap may be blocking the growth of the native heap
# Possible solutions:
#   Reduce memory load on the system
#   Increase physical memory or swap space
#   Check if swap backing store is full
#   Decrease Java heap size (-Xmx/-Xms)
#   Decrease number of Java threads
#   Decrease Java thread stack sizes (-Xss)
#   Set larger code cache with -XX:ReservedCodeCacheSize=
#   JVM is running with Unscaled Compressed Oops mode in which the Java heap is
#     placed in the first 4GB address space. The Java Heap base address is the
#     maximum limit for the native heap growth. Please use -XX:HeapBaseMinAddress
#     to set the Java Heap base and to place the Java Heap above 4GB virtual address.
# This output file may be truncated or incomplete.
#
#  Out of Memory Error (allocation.cpp:44), pid=13736, tid=8
#
# JRE version: OpenJDK Runtime Environment Temurin-17.0.12+7 (17.0.12+7) (build 17.0.12+7)
# Java VM: OpenJDK 64-Bit Server VM Temurin-17.0.12+7 (17.0.12+7, mixed mode, emulated-client, tiered, compressed oops, compressed class ptrs, g1 gc, windows-amd64)
# No core dump will be written. Minidumps are not enabled by default on client versions of Windows
#

---------------  S U M M A R Y ------------

Command Line: -Xmx1024m -Dsts.lsp.client=vscode -Dsts.log.file=/dev/null -XX:TieredStopAtLevel=1 -Xlog:jni+resolve=off c:\Users\Nayan Mandal\.vscode\extensions\vmware.vscode-spring-boot-1.57.0\language-server\spring-boot-language-server-1.57.0-SNAPSHOT-exec.jar

Host: Intel(R) Core(TM) i3-1005G1 CPU @ 1.20GHz, 4 cores, 3G,  Windows 11 , 64 bit Build 22621 (10.0.22621.3958)
Time: Fri Sep 27 18:32:40 2024 India Standard Time elapsed time: 7343.080262 seconds (0d 2h 2m 23s)

---------------  T H R E A D  ---------------

Current thread (0x000001d2eecef710):  VMThread "VM Thread" [stack: 0x000000aa73500000,0x000000aa73600000] [id=8]

Stack: [0x000000aa73500000,0x000000aa73600000]
Native frames: (J=compiled Java code, j=interpreted, Vv=VM code, C=native code)
V  [jvm.dll+0x67f929]
V  [jvm.dll+0x8371ba]
V  [jvm.dll+0x838c7e]
V  [jvm.dll+0x8392e3]
V  [jvm.dll+0x24834f]
V  [jvm.dll+0xa70d3]
V  [jvm.dll+0x2f9073]
V  [jvm.dll+0x2f4d00]
V  [jvm.dll+0x2dd82f]
V  [jvm.dll+0x3201f7]
V  [jvm.dll+0x83d7dd]
V  [jvm.dll+0x83e522]
V  [jvm.dll+0x83ea4f]
V  [jvm.dll+0x83ee34]
V  [jvm.dll+0x83ef00]
V  [jvm.dll+0x7e65dc]
V  [jvm.dll+0x67e7f7]
C  [ucrtbase.dll+0x29333]
C  [KERNEL32.DLL+0x1257d]
C  [ntdll.dll+0x5af28]

VM_Operation (0x000000aa74afeb20): G1CollectFull, mode: safepoint, requested by thread 0x000001d2f4665bc0


---------------  P R O C E S S  ---------------

Threads class SMR info:
_java_thread_list=0x000001d2f5534c20, length=23, elements={
0x000001d2eed06380, 0x000001d2eed06c50, 0x000001d2eed35a30, 0x000001d2eed36300,
0x000001d2eed36bd0, 0x000001d2eed3b4c0, 0x000001d2eed3bd90, 0x000001d2f3000820,
0x000001d2f31036a0, 0x000001d2f3110bc0, 0x000001d2f47c8670, 0x000001d2f4665bc0,
0x000001d2f4980830, 0x000001d2f497d590, 0x000001d2f497daa0, 0x000001d2f4980320,
0x000001d2f497fe10, 0x000001d2f497d080, 0x000001d2f497eee0, 0x000001d2f497dfb0,
0x000001d2f497f3f0, 0x000001d2f4a22ee0, 0x000001d2f4a24d40
}

Java Threads: ( => current thread )
  0x000001d2eed06380 JavaThread "Reference Handler" daemon [_thread_blocked, id=6724, stack(0x000000aa73600000,0x000000aa73700000)]
  0x000001d2eed06c50 JavaThread "Finalizer" daemon [_thread_blocked, id=8188, stack(0x000000aa73700000,0x000000aa73800000)]
  0x000001d2eed35a30 JavaThread "Signal Dispatcher" daemon [_thread_blocked, id=5408, stack(0x000000aa73800000,0x000000aa73900000)]
  0x000001d2eed36300 JavaThread "Attach Listener" daemon [_thread_blocked, id=9732, stack(0x000000aa73900000,0x000000aa73a00000)]
  0x000001d2eed36bd0 JavaThread "Service Thread" daemon [_thread_blocked, id=5848, stack(0x000000aa73a00000,0x000000aa73b00000)]
  0x000001d2eed3b4c0 JavaThread "Monitor Deflation Thread" daemon [_thread_blocked, id=8900, stack(0x000000aa73b00000,0x000000aa73c00000)]
  0x000001d2eed3bd90 JavaThread "C1 CompilerThread0" daemon [_thread_blocked, id=11612, stack(0x000000aa73c00000,0x000000aa73d00000)]
  0x000001d2f3000820 JavaThread "Sweeper thread" daemon [_thread_blocked, id=5016, stack(0x000000aa73d00000,0x000000aa73e00000)]
  0x000001d2f31036a0 JavaThread "Notification Thread" daemon [_thread_blocked, id=9448, stack(0x000000aa73e00000,0x000000aa73f00000)]
  0x000001d2f3110bc0 JavaThread "Common-Cleaner" daemon [_thread_blocked, id=14824, stack(0x000000aa74000000,0x000000aa74100000)]
  0x000001d2f47c8670 JavaThread "boundedElastic-evictor-1" daemon [_thread_blocked, id=12208, stack(0x000000aa74900000,0x000000aa74a00000)]
  0x000001d2f4665bc0 JavaThread "pool-13-thread-1" [_thread_blocked, id=5916, stack(0x000000aa74a00000,0x000000aa74b00000)]
  0x000001d2f4980830 JavaThread "LanguageServerApp-lifecycle" [_thread_blocked, id=16788, stack(0x000000aa74b00000,0x000000aa74c00000)]
  0x000001d2f497d590 JavaThread "DestroyJavaVM" [_thread_blocked, id=14572, stack(0x000000aa72f00000,0x000000aa73000000)]
  0x000001d2f497daa0 JavaThread "pool-14-thread-1" [_thread_in_native, id=3644, stack(0x000000aa74c00000,0x000000aa74d00000)]
  0x000001d2f4980320 JavaThread "Simple-Language-Server main thread" daemon [_thread_blocked, id=7064, stack(0x000000aa74d00000,0x000000aa74e00000)]
  0x000001d2f497fe10 JavaThread "pool-8-thread-1" [_thread_blocked, id=11980, stack(0x000000aa75000000,0x000000aa75100000)]
  0x000001d2f497d080 JavaThread "parallel-1" daemon [_thread_blocked, id=1520, stack(0x000000aa75100000,0x000000aa75200000)]
  0x000001d2f497eee0 JavaThread "pool-6-thread-1" [_thread_blocked, id=16224, stack(0x000000aa75200000,0x000000aa75300000)]
  0x000001d2f497dfb0 JavaThread "parallel-2" daemon [_thread_blocked, id=11516, stack(0x000000aa75300000,0x000000aa75400000)]
  0x000001d2f497f3f0 JavaThread "parallel-3" daemon [_thread_blocked, id=4388, stack(0x000000aa75400000,0x000000aa75500000)]
  0x000001d2f4a22ee0 JavaThread "parallel-4" daemon [_thread_blocked, id=2084, stack(0x000000aa75900000,0x000000aa75a00000)]
  0x000001d2f4a24d40 JavaThread "Reconciler-1" daemon [_thread_blocked, id=6836, stack(0x000000aa75c00000,0x000000aa75d00000)]

Other Threads:
=>0x000001d2eecef710 VMThread "VM Thread" [stack: 0x000000aa73500000,0x000000aa73600000] [id=8]
  0x000001d2f3103b80 WatcherThread [stack: 0x000000aa73f00000,0x000000aa74000000] [id=14124]
  0x000001d2e47f3740 GCTaskThread "GC Thread#0" [stack: 0x000000aa73000000,0x000000aa73100000] [id=11740]
  0x000001d2f33fdf10 GCTaskThread "GC Thread#1" [stack: 0x000000aa74200000,0x000000aa74300000] [id=16928]
  0x000001d2f383d280 GCTaskThread "GC Thread#2" [stack: 0x000000aa74300000,0x000000aa74400000] [id=17132]
  0x000001d2f3a5eaa0 GCTaskThread "GC Thread#3" [stack: 0x000000aa74500000,0x000000aa74600000] [id=2752]
  0x000001d2e47fc5a0 ConcurrentGCThread "G1 Main Marker" [stack: 0x000000aa73100000,0x000000aa73200000] [id=11356]
  0x000001d2e47fced0 ConcurrentGCThread "G1 Conc#0" [stack: 0x000000aa73200000,0x000000aa73300000] [id=8696]
  0x000001d2e483ba50 ConcurrentGCThread "G1 Refine#0" [stack: 0x000000aa73300000,0x000000aa73400000] [id=8012]
  0x000001d2e483c390 ConcurrentGCThread "G1 Service" [stack: 0x000000aa73400000,0x000000aa73500000] [id=17972]

Threads with active compile tasks:

VM state: at safepoint (normal execution)

VM Mutex/Monitor currently owned by a thread:  ([mutex/lock_event])
[0x000001d2e47b34c0] Threads_lock - owner thread: 0x000001d2eecef710
[0x000001d2e47b4360] Heap_lock - owner thread: 0x000001d2f4665bc0

Heap address: 0x00000000c0000000, size: 1024 MB, Compressed Oops mode: 32-bit

CDS archive(s) not mapped
Compressed class space mapped at: 0x0000000100000000-0x0000000140000000, reserved size: 1073741824
Narrow klass base: 0x0000000000000000, Narrow klass shift: 3, Narrow klass range: 0x140000000

GC Precious Log:
 CPUs: 4 total, 4 available
 Memory: 3863M
 Large Page Support: Disabled
 NUMA Support: Disabled
 Compressed Oops: Enabled (32-bit)
 Heap Region Size: 1M
 Heap Min Capacity: 8M
 Heap Initial Capacity: 62M
 Heap Max Capacity: 1G
 Pre-touch: Disabled
 Parallel Workers: 4
 Concurrent Workers: 1
 Concurrent Refinement Workers: 4
 Periodic GC: Disabled

Heap:
 garbage-first heap   total 75776K, used 36893K [0x00000000c0000000, 0x0000000100000000)
  region size 1024K, 1 young (1024K), 0 survivors (0K)
 Metaspace       used 57547K, committed 58176K, reserved 1114112K
  class space    used 7155K, committed 7424K, reserved 1048576K

Heap Regions: E=young(eden), S=young(survivor), O=old, HS=humongous(starts), HC=humongous(continues), CS=collection set, F=free, OA=open archive, CA=closed archive, TAMS=top-at-mark-start (previous, next)
|   0|0x00000000c0000000, 0x00000000c0100000, 0x00000000c0100000|100%|HS|  |TAMS 0x00000000c0100000, 0x00000000c0000000| Untracked 
|   1|0x00000000c0100000, 0x00000000c0200000, 0x00000000c0200000|100%|HC|  |TAMS 0x00000000c0200000, 0x00000000c0100000| Untracked 
|   2|0x00000000c0200000, 0x00000000c0300000, 0x00000000c0300000|100%|HC|  |TAMS 0x00000000c0300000, 0x00000000c0200000| Untracked 
|   3|0x00000000c0300000, 0x00000000c0400000, 0x00000000c0400000|100%|HC|  |TAMS 0x00000000c0400000, 0x00000000c0300000| Untracked 
|   4|0x00000000c0400000, 0x00000000c0500000, 0x00000000c0500000|100%|HS|  |TAMS 0x00000000c0500000, 0x00000000c0400000| Untracked 
|   5|0x00000000c0500000, 0x00000000c0600000, 0x00000000c0600000|100%|HC|  |TAMS 0x00000000c0600000, 0x00000000c0500000| Untracked 
|   6|0x00000000c0600000, 0x00000000c0700000, 0x00000000c0700000|100%| O|  |TAMS 0x00000000c0700000, 0x00000000c0600000| Untracked 
|   7|0x00000000c0700000, 0x00000000c07f6510, 0x00000000c0800000| 96%| O|  |TAMS 0x00000000c07f6510, 0x00000000c0700000| Untracked 
|   8|0x00000000c0800000, 0x00000000c0900000, 0x00000000c0900000|100%| O|  |TAMS 0x00000000c0900000, 0x00000000c0800000| Untracked 
|   9|0x00000000c0900000, 0x00000000c09ffff0, 0x00000000c0a00000| 99%| O|  |TAMS 0x00000000c09ffff0, 0x00000000c0900000| Untracked 
|  10|0x00000000c0a00000, 0x00000000c0b00000, 0x00000000c0b00000|100%| O|  |TAMS 0x00000000c0b00000, 0x00000000c0a00000| Untracked 
|  11|0x00000000c0b00000, 0x00000000c0c00000, 0x00000000c0c00000|100%| O|  |TAMS 0x00000000c0c00000, 0x00000000c0b00000| Untracked 
|  12|0x00000000c0c00000, 0x00000000c0cffff8, 0x00000000c0d00000| 99%| O|  |TAMS 0x00000000c0cffff8, 0x00000000c0c00000| Untracked 
|  13|0x00000000c0d00000, 0x00000000c0e00000, 0x00000000c0e00000|100%| O|  |TAMS 0x00000000c0e00000, 0x00000000c0d00000| Untracked 
|  14|0x00000000c0e00000, 0x00000000c0effff8, 0x00000000c0f00000| 99%| O|  |TAMS 0x00000000c0effff8, 0x00000000c0e00000| Untracked 
|  15|0x00000000c0f00000, 0x00000000c0fffff8, 0x00000000c1000000| 99%| O|  |TAMS 0x00000000c0fffff8, 0x00000000c0f00000| Untracked 
|  16|0x00000000c1000000, 0x00000000c10ffff0, 0x00000000c1100000| 99%| O|  |TAMS 0x00000000c10ffff0, 0x00000000c1000000| Untracked 
|  17|0x00000000c1100000, 0x00000000c1200000, 0x00000000c1200000|100%| O|  |TAMS 0x00000000c1200000, 0x00000000c1100000| Untracked 
|  18|0x00000000c1200000, 0x00000000c12fdab8, 0x00000000c1300000| 99%| O|  |TAMS 0x00000000c12fdab8, 0x00000000c1200000| Untracked 
|  19|0x00000000c1300000, 0x00000000c13ffff8, 0x00000000c1400000| 99%| O|  |TAMS 0x00000000c13ffff8, 0x00000000c1300000| Untracked 
|  20|0x00000000c1400000, 0x00000000c14ffa58, 0x00000000c1500000| 99%| O|  |TAMS 0x00000000c14ffa58, 0x00000000c1400000| Untracked 
|  21|0x00000000c1500000, 0x00000000c15ffff8, 0x00000000c1600000| 99%| O|  |TAMS 0x00000000c15ffff8, 0x00000000c1500000| Untracked 
|  22|0x00000000c1600000, 0x00000000c16fffe8, 0x00000000c1700000| 99%| O|  |TAMS 0x00000000c16fffe8, 0x00000000c1600000| Untracked 
|  23|0x00000000c1700000, 0x00000000c17fef18, 0x00000000c1800000| 99%| O|  |TAMS 0x00000000c17fef18, 0x00000000c1700000| Untracked 
|  24|0x00000000c1800000, 0x00000000c18fffe8, 0x00000000c1900000| 99%| O|  |TAMS 0x00000000c18fffe8, 0x00000000c1800000| Untracked 
|  25|0x00000000c1900000, 0x00000000c19fbef8, 0x00000000c1a00000| 98%| O|  |TAMS 0x00000000c19fbef8, 0x00000000c1900000| Untracked 
|  26|0x00000000c1a00000, 0x00000000c1afffe8, 0x00000000c1b00000| 99%| O|  |TAMS 0x00000000c1afffe8, 0x00000000c1a00000| Untracked 
|  27|0x00000000c1b00000, 0x00000000c1bff870, 0x00000000c1c00000| 99%| O|  |TAMS 0x00000000c1bff870, 0x00000000c1b00000| Untracked 
|  28|0x00000000c1c00000, 0x00000000c1d00000, 0x00000000c1d00000|100%| O|  |TAMS 0x00000000c1d00000, 0x00000000c1c00000| Untracked 
|  29|0x00000000c1d00000, 0x00000000c1dfea60, 0x00000000c1e00000| 99%| O|  |TAMS 0x00000000c1dfea60, 0x00000000c1d00000| Untracked 
|  30|0x00000000c1e00000, 0x00000000c1efffe8, 0x00000000c1f00000| 99%| O|  |TAMS 0x00000000c1efffe8, 0x00000000c1e00000| Untracked 
|  31|0x00000000c1f00000, 0x00000000c1fffff0, 0x00000000c2000000| 99%| O|  |TAMS 0x00000000c1fffff0, 0x00000000c1f00000| Untracked 
|  32|0x00000000c2000000, 0x00000000c20fffa8, 0x00000000c2100000| 99%| O|  |TAMS 0x00000000c20fffa8, 0x00000000c2000000| Untracked 
|  33|0x00000000c2100000, 0x00000000c21ff3b8, 0x00000000c2200000| 99%| O|  |TAMS 0x00000000c21ff3b8, 0x00000000c2100000| Untracked 
|  34|0x00000000c2200000, 0x00000000c2300000, 0x00000000c2300000|100%|HS|  |TAMS 0x00000000c2300000, 0x00000000c2200000| Untracked 
|  35|0x00000000c2300000, 0x00000000c2400000, 0x00000000c2400000|100%| O|  |TAMS 0x00000000c2400000, 0x00000000c2300000| Untracked 
|  36|0x00000000c2400000, 0x00000000c241b8f8, 0x00000000c2500000| 10%| O|  |TAMS 0x00000000c2400000, 0x00000000c2400000| Untracked 
|  37|0x00000000c2500000, 0x00000000c25000a8, 0x00000000c2600000|  0%| O|  |TAMS 0x00000000c2500000, 0x00000000c2500000| Untracked 
|  38|0x00000000c2600000, 0x00000000c2600000, 0x00000000c2700000|  0%| F|  |TAMS 0x00000000c2600000, 0x00000000c2600000| Untracked 
|  39|0x00000000c2700000, 0x00000000c2700000, 0x00000000c2800000|  0%| F|  |TAMS 0x00000000c2700000, 0x00000000c2700000| Untracked 
|  40|0x00000000c2800000, 0x00000000c2800000, 0x00000000c2900000|  0%| F|  |TAMS 0x00000000c2800000, 0x00000000c2800000| Untracked 
|  41|0x00000000c2900000, 0x00000000c2900000, 0x00000000c2a00000|  0%| F|  |TAMS 0x00000000c2900000, 0x00000000c2900000| Untracked 
|  42|0x00000000c2a00000, 0x00000000c2a00000, 0x00000000c2b00000|  0%| F|  |TAMS 0x00000000c2a00000, 0x00000000c2a00000| Untracked 
|  43|0x00000000c2b00000, 0x00000000c2b00000, 0x00000000c2c00000|  0%| F|  |TAMS 0x00000000c2b00000, 0x00000000c2b00000| Untracked 
|  44|0x00000000c2c00000, 0x00000000c2c00000, 0x00000000c2d00000|  0%| F|  |TAMS 0x00000000c2c00000, 0x00000000c2c00000| Untracked 
|  45|0x00000000c2d00000, 0x00000000c2d00000, 0x00000000c2e00000|  0%| F|  |TAMS 0x00000000c2d00000, 0x00000000c2d00000| Untracked 
|  46|0x00000000c2e00000, 0x00000000c2e00000, 0x00000000c2f00000|  0%| F|  |TAMS 0x00000000c2e00000, 0x00000000c2e00000| Untracked 
|  47|0x00000000c2f00000, 0x00000000c2f00000, 0x00000000c3000000|  0%| F|  |TAMS 0x00000000c2f00000, 0x00000000c2f00000| Untracked 
|  48|0x00000000c3000000, 0x00000000c3000000, 0x00000000c3100000|  0%| F|  |TAMS 0x00000000c3000000, 0x00000000c3000000| Untracked 
|  49|0x00000000c3100000, 0x00000000c3100000, 0x00000000c3200000|  0%| F|  |TAMS 0x00000000c3100000, 0x00000000c3100000| Untracked 
|  50|0x00000000c3200000, 0x00000000c3200000, 0x00000000c3300000|  0%| F|  |TAMS 0x00000000c3200000, 0x00000000c3200000| Untracked 
|  51|0x00000000c3300000, 0x00000000c3300000, 0x00000000c3400000|  0%| F|  |TAMS 0x00000000c3300000, 0x00000000c3300000| Untracked 
|  52|0x00000000c3400000, 0x00000000c3400000, 0x00000000c3500000|  0%| F|  |TAMS 0x00000000c3400000, 0x00000000c3400000| Untracked 
|  53|0x00000000c3500000, 0x00000000c3500000, 0x00000000c3600000|  0%| F|  |TAMS 0x00000000c3500000, 0x00000000c3500000| Untracked 
|  54|0x00000000c3600000, 0x00000000c3600000, 0x00000000c3700000|  0%| F|  |TAMS 0x00000000c3600000, 0x00000000c3600000| Untracked 
|  55|0x00000000c3700000, 0x00000000c3700000, 0x00000000c3800000|  0%| F|  |TAMS 0x00000000c3700000, 0x00000000c3700000| Untracked 
|  56|0x00000000c3800000, 0x00000000c3800000, 0x00000000c3900000|  0%| F|  |TAMS 0x00000000c3800000, 0x00000000c3800000| Untracked 
|  57|0x00000000c3900000, 0x00000000c3900000, 0x00000000c3a00000|  0%| F|  |TAMS 0x00000000c3900000, 0x00000000c3900000| Untracked 
|  58|0x00000000c3a00000, 0x00000000c3a00000, 0x00000000c3b00000|  0%| F|  |TAMS 0x00000000c3a00000, 0x00000000c3a00000| Untracked 
|  59|0x00000000c3b00000, 0x00000000c3b00000, 0x00000000c3c00000|  0%| F|  |TAMS 0x00000000c3b00000, 0x00000000c3b00000| Untracked 
|  60|0x00000000c3c00000, 0x00000000c3c00000, 0x00000000c3d00000|  0%| F|  |TAMS 0x00000000c3c00000, 0x00000000c3c00000| Untracked 
|  61|0x00000000c3d00000, 0x00000000c3d00000, 0x00000000c3e00000|  0%| F|  |TAMS 0x00000000c3d00000, 0x00000000c3d00000| Untracked 
|  62|0x00000000c3e00000, 0x00000000c3e00000, 0x00000000c3f00000|  0%| F|  |TAMS 0x00000000c3e00000, 0x00000000c3e00000| Untracked 
|  63|0x00000000c3f00000, 0x00000000c3f00000, 0x00000000c4000000|  0%| F|  |TAMS 0x00000000c3f00000, 0x00000000c3f00000| Untracked 
|  64|0x00000000c4000000, 0x00000000c4000000, 0x00000000c4100000|  0%| F|  |TAMS 0x00000000c4000000, 0x00000000c4000000| Untracked 
|  65|0x00000000c4100000, 0x00000000c4100000, 0x00000000c4200000|  0%| F|  |TAMS 0x00000000c4100000, 0x00000000c4100000| Untracked 
|  66|0x00000000c4200000, 0x00000000c4200000, 0x00000000c4300000|  0%| F|  |TAMS 0x00000000c4200000, 0x00000000c4200000| Untracked 
|  67|0x00000000c4300000, 0x00000000c4300000, 0x00000000c4400000|  0%| F|  |TAMS 0x00000000c4300000, 0x00000000c4300000| Untracked 
|  68|0x00000000c4400000, 0x00000000c4400000, 0x00000000c4500000|  0%| F|  |TAMS 0x00000000c4400000, 0x00000000c4400000| Untracked 
|  69|0x00000000c4500000, 0x00000000c4500000, 0x00000000c4600000|  0%| F|  |TAMS 0x00000000c4500000, 0x00000000c4500000| Untracked 
|  70|0x00000000c4600000, 0x00000000c4600000, 0x00000000c4700000|  0%| F|  |TAMS 0x00000000c4600000, 0x00000000c4600000| Untracked 
|  71|0x00000000c4700000, 0x00000000c4700000, 0x00000000c4800000|  0%| F|  |TAMS 0x00000000c4700000, 0x00000000c4700000| Untracked 
|  72|0x00000000c4800000, 0x00000000c4800000, 0x00000000c4900000|  0%| F|  |TAMS 0x00000000c4800000, 0x00000000c4800000| Untracked 
|  73|0x00000000c4900000, 0x00000000c4915438, 0x00000000c4a00000|  8%| E|  |TAMS 0x00000000c4900000, 0x00000000c4900000| Complete 

Card table byte_map: [0x000001d2ea450000,0x000001d2ea650000] _byte_map_base: 0x000001d2e9e50000

Marking Bits (Prev, Next): (CMBitMap*) 0x000001d2e47f3c70, (CMBitMap*) 0x000001d2e47f3cb0
 Prev Bits: [0x000001d2ea850000, 0x000001d2eb850000)
 Next Bits: [0x000001d2eb850000, 0x000001d2ec850000)

Polling page: 0x000001d2e2680000

Metaspace:

Usage:
  Non-class:     49.21 MB used.
      Class:      6.99 MB used.
       Both:     56.20 MB used.

Virtual space:
  Non-class space:       64.00 MB reserved,      49.56 MB ( 77%) committed,  1 nodes.
      Class space:        1.00 GB reserved,       7.25 MB ( <1%) committed,  1 nodes.
             Both:        1.06 GB reserved,      56.81 MB (  5%) committed. 

Chunk freelists:
   Non-Class:  14.23 MB
       Class:  8.78 MB
        Both:  23.01 MB

MaxMetaspaceSize: unlimited
CompressedClassSpaceSize: 1.00 GB
Initial GC threshold: 21.00 MB
Current GC threshold: 94.69 MB
CDS: off
MetaspaceReclaimPolicy: balanced
 - commit_granule_bytes: 65536.
 - commit_granule_words: 8192.
 - virtual_space_node_default_size: 8388608.
 - enlarge_chunks_in_place: 1.
 - new_chunks_are_fully_committed: 0.
 - uncommit_free_chunks: 1.
 - use_allocation_guard: 0.
 - handle_deallocations: 1.


Internal statistics:

num_allocs_failed_limit: 6.
num_arena_births: 656.
num_arena_deaths: 224.
num_vsnodes_births: 2.
num_vsnodes_deaths: 0.
num_space_committed: 908.
num_space_uncommitted: 0.
num_chunks_returned_to_freelist: 251.
num_chunks_taken_from_freelist: 2481.
num_chunk_merges: 78.
num_chunk_splits: 1718.
num_chunks_enlarged: 1319.
num_inconsistent_stats: 0.

CodeCache: size=49152Kb used=9710Kb max_used=10765Kb free=39441Kb
 bounds [0x000001d2e7450000, 0x000001d2e7f00000, 0x000001d2ea450000]
 total_blobs=5876 nmethods=5242 adapters=561
 compilation: enabled
              stopped_count=0, restarted_count=0
 full_count=0

Compilation events (20 events):
Event: 6829.624 Thread 0x000001d2eed3bd90 5232       1       java.lang.ProcessBuilder::<init> (56 bytes)
Event: 6829.629 Thread 0x000001d2eed3bd90 nmethod 5232 0x000001d2e7d5de90 code [0x000001d2e7d5e040, 0x000001d2e7d5e278]
Event: 7003.317 Thread 0x000001d2eed3bd90 5234       1       java.io.BufferedInputStream::<init> (32 bytes)
Event: 7003.320 Thread 0x000001d2eed3bd90 nmethod 5234 0x000001d2e7d5d510 code [0x000001d2e7d5d6c0, 0x000001d2e7d5d988]
Event: 7044.109 Thread 0x000001d2eed3bd90 5235       1       java.io.BufferedInputStream::<init> (9 bytes)
Event: 7044.110 Thread 0x000001d2eed3bd90 nmethod 5235 0x000001d2e7d5cf90 code [0x000001d2e7d5d140, 0x000001d2e7d5d428]
Event: 7064.501 Thread 0x000001d2eed3bd90 5236       1       java.lang.ProcessImpl::createCommandLine (303 bytes)
Event: 7064.515 Thread 0x000001d2eed3bd90 nmethod 5236 0x000001d2e7d5bb10 code [0x000001d2e7d5bde0, 0x000001d2e7d5c708]
Event: 7187.900 Thread 0x000001d2eed3bd90 5239       1       sun.security.action.GetPropertyAction::privilegedGetProperty (28 bytes)
Event: 7187.946 Thread 0x000001d2eed3bd90 nmethod 5239 0x000001d2e7d5a910 code [0x000001d2e7d5ab20, 0x000001d2e7d5af98]
Event: 7280.343 Thread 0x000001d2eed3bd90 5240       1       java.lang.invoke.Invokers$Holder::linkToTargetMethod (9 bytes)
Event: 7280.346 Thread 0x000001d2eed3bd90 nmethod 5240 0x000001d2e7d5a590 code [0x000001d2e7d5a740, 0x000001d2e7d5a858]
Event: 7280.516 Thread 0x000001d2eed3bd90 5241       1       java.io.BufferedInputStream::close (44 bytes)
Event: 7280.598 Thread 0x000001d2eed3bd90 nmethod 5241 0x000001d2e7d5a110 code [0x000001d2e7d5a2c0, 0x000001d2e7d5a4e8]
Event: 7300.901 Thread 0x000001d2eed3bd90 5242       1       java.io.FilterOutputStream::<init> (21 bytes)
Event: 7300.907 Thread 0x000001d2eed3bd90 nmethod 5242 0x000001d2e7d59d10 code [0x000001d2e7d59ea0, 0x000001d2e7d5a058]
Event: 7332.289 Thread 0x000001d2eed3bd90 5243       1       java.io.FileOutputStream::<init> (59 bytes)
Event: 7332.346 Thread 0x000001d2eed3bd90 nmethod 5243 0x000001d2e7d59410 code [0x000001d2e7d59600, 0x000001d2e7d59ac8]
Event: 7342.631 Thread 0x000001d2eed3bd90 5246       1       java.lang.ProcessHandleImpl::<init> (27 bytes)
Event: 7342.634 Thread 0x000001d2eed3bd90 nmethod 5246 0x000001d2e7d58d10 code [0x000001d2e7d58ea0, 0x000001d2e7d58f98]

GC Heap History (20 events):
Event: 7239.524 GC heap after
{Heap after GC invocations=269 (full 245):
 garbage-first heap   total 75776K, used 36893K [0x00000000c0000000, 0x0000000100000000)
  region size 1024K, 0 young (0K), 0 survivors (0K)
 Metaspace       used 57547K, committed 58176K, reserved 1114112K
  class space    used 7155K, committed 7424K, reserved 1048576K
}
Event: 7249.703 GC heap before
{Heap before GC invocations=269 (full 245):
 garbage-first heap   total 75776K, used 36893K [0x00000000c0000000, 0x0000000100000000)
  region size 1024K, 1 young (1024K), 0 survivors (0K)
 Metaspace       used 57547K, committed 58176K, reserved 1114112K
  class space    used 7155K, committed 7424K, reserved 1048576K
}
Event: 7249.781 GC heap after
{Heap after GC invocations=270 (full 246):
 garbage-first heap   total 75776K, used 36893K [0x00000000c0000000, 0x0000000100000000)
  region size 1024K, 0 young (0K), 0 survivors (0K)
 Metaspace       used 57547K, committed 58176K, reserved 1114112K
  class space    used 7155K, committed 7424K, reserved 1048576K
}
Event: 7259.964 GC heap before
{Heap before GC invocations=270 (full 246):
 garbage-first heap   total 75776K, used 36893K [0x00000000c0000000, 0x0000000100000000)
  region size 1024K, 1 young (1024K), 0 survivors (0K)
 Metaspace       used 57547K, committed 58176K, reserved 1114112K
  class space    used 7155K, committed 7424K, reserved 1048576K
}
Event: 7260.043 GC heap after
{Heap after GC invocations=271 (full 247):
 garbage-first heap   total 75776K, used 36893K [0x00000000c0000000, 0x0000000100000000)
  region size 1024K, 0 young (0K), 0 survivors (0K)
 Metaspace       used 57547K, committed 58176K, reserved 1114112K
  class space    used 7155K, committed 7424K, reserved 1048576K
}
Event: 7270.241 GC heap before
{Heap before GC invocations=271 (full 247):
 garbage-first heap   total 75776K, used 36893K [0x00000000c0000000, 0x0000000100000000)
  region size 1024K, 1 young (1024K), 0 survivors (0K)
 Metaspace       used 57547K, committed 58176K, reserved 1114112K
  class space    used 7155K, committed 7424K, reserved 1048576K
}
Event: 7270.324 GC heap after
{Heap after GC invocations=272 (full 248):
 garbage-first heap   total 75776K, used 36893K [0x00000000c0000000, 0x0000000100000000)
  region size 1024K, 0 young (0K), 0 survivors (0K)
 Metaspace       used 57547K, committed 58176K, reserved 1114112K
  class space    used 7155K, committed 7424K, reserved 1048576K
}
Event: 7280.516 GC heap before
{Heap before GC invocations=272 (full 248):
 garbage-first heap   total 75776K, used 36893K [0x00000000c0000000, 0x0000000100000000)
  region size 1024K, 1 young (1024K), 0 survivors (0K)
 Metaspace       used 57547K, committed 58176K, reserved 1114112K
  class space    used 7155K, committed 7424K, reserved 1048576K
}
Event: 7280.590 GC heap after
{Heap after GC invocations=273 (full 249):
 garbage-first heap   total 75776K, used 36893K [0x00000000c0000000, 0x0000000100000000)
  region size 1024K, 0 young (0K), 0 survivors (0K)
 Metaspace       used 57547K, committed 58176K, reserved 1114112K
  class space    used 7155K, committed 7424K, reserved 1048576K
}
Event: 7290.797 GC heap before
{Heap before GC invocations=273 (full 249):
 garbage-first heap   total 75776K, used 36893K [0x00000000c0000000, 0x0000000100000000)
  region size 1024K, 1 young (1024K), 0 survivors (0K)
 Metaspace       used 57547K, committed 58176K, reserved 1114112K
  class space    used 7155K, committed 7424K, reserved 1048576K
}
Event: 7290.874 GC heap after
{Heap after GC invocations=274 (full 250):
 garbage-first heap   total 75776K, used 36893K [0x00000000c0000000, 0x0000000100000000)
  region size 1024K, 0 young (0K), 0 survivors (0K)
 Metaspace       used 57547K, committed 58176K, reserved 1114112K
  class space    used 7155K, committed 7424K, reserved 1048576K
}
Event: 7301.061 GC heap before
{Heap before GC invocations=274 (full 250):
 garbage-first heap   total 75776K, used 36893K [0x00000000c0000000, 0x0000000100000000)
  region size 1024K, 1 young (1024K), 0 survivors (0K)
 Metaspace       used 57547K, committed 58176K, reserved 1114112K
  class space    used 7155K, committed 7424K, reserved 1048576K
}
Event: 7301.145 GC heap after
{Heap after GC invocations=275 (full 251):
 garbage-first heap   total 75776K, used 36893K [0x00000000c0000000, 0x0000000100000000)
  region size 1024K, 0 young (0K), 0 survivors (0K)
 Metaspace       used 57547K, committed 58176K, reserved 1114112K
  class space    used 7155K, committed 7424K, reserved 1048576K
}
Event: 7311.770 GC heap before
{Heap before GC invocations=275 (full 251):
 garbage-first heap   total 75776K, used 36893K [0x00000000c0000000, 0x0000000100000000)
  region size 1024K, 1 young (1024K), 0 survivors (0K)
 Metaspace       used 57547K, committed 58176K, reserved 1114112K
  class space    used 7155K, committed 7424K, reserved 1048576K
}
Event: 7311.819 GC heap after
{Heap after GC invocations=276 (full 252):
 garbage-first heap   total 75776K, used 36893K [0x00000000c0000000, 0x0000000100000000)
  region size 1024K, 0 young (0K), 0 survivors (0K)
 Metaspace       used 57547K, committed 58176K, reserved 1114112K
  class space    used 7155K, committed 7424K, reserved 1048576K
}
Event: 7322.111 GC heap before
{Heap before GC invocations=276 (full 252):
 garbage-first heap   total 75776K, used 36893K [0x00000000c0000000, 0x0000000100000000)
  region size 1024K, 1 young (1024K), 0 survivors (0K)
 Metaspace       used 57547K, committed 58176K, reserved 1114112K
  class space    used 7155K, committed 7424K, reserved 1048576K
}
Event: 7322.166 GC heap after
{Heap after GC invocations=277 (full 253):
 garbage-first heap   total 75776K, used 36893K [0x00000000c0000000, 0x0000000100000000)
  region size 1024K, 0 young (0K), 0 survivors (0K)
 Metaspace       used 57547K, committed 58176K, reserved 1114112K
  class space    used 7155K, committed 7424K, reserved 1048576K
}
Event: 7332.526 GC heap before
{Heap before GC invocations=277 (full 253):
 garbage-first heap   total 75776K, used 36893K [0x00000000c0000000, 0x0000000100000000)
  region size 1024K, 1 young (1024K), 0 survivors (0K)
 Metaspace       used 57547K, committed 58176K, reserved 1114112K
  class space    used 7155K, committed 7424K, reserved 1048576K
}
Event: 7332.590 GC heap after
{Heap after GC invocations=278 (full 254):
 garbage-first heap   total 75776K, used 36893K [0x00000000c0000000, 0x0000000100000000)
  region size 1024K, 0 young (0K), 0 survivors (0K)
 Metaspace       used 57547K, committed 58176K, reserved 1114112K
  class space    used 7155K, committed 7424K, reserved 1048576K
}
Event: 7343.054 GC heap before
{Heap before GC invocations=278 (full 254):
 garbage-first heap   total 75776K, used 36893K [0x00000000c0000000, 0x0000000100000000)
  region size 1024K, 1 young (1024K), 0 survivors (0K)
 Metaspace       used 57547K, committed 58176K, reserved 1114112K
  class space    used 7155K, committed 7424K, reserved 1048576K
}

Dll operation events (10 events):
Event: 0.015 Loaded shared library c:\Users\Nayan Mandal\.vscode\extensions\redhat.java-1.35.0-win32-x64\jre\17.0.12-win32-x86_64\bin\java.dll
Event: 0.251 Loaded shared library C:\Users\Nayan Mandal\.vscode\extensions\redhat.java-1.35.0-win32-x64\jre\17.0.12-win32-x86_64\bin\net.dll
Event: 0.253 Loaded shared library C:\Users\Nayan Mandal\.vscode\extensions\redhat.java-1.35.0-win32-x64\jre\17.0.12-win32-x86_64\bin\nio.dll
Event: 0.271 Loaded shared library C:\Users\Nayan Mandal\.vscode\extensions\redhat.java-1.35.0-win32-x64\jre\17.0.12-win32-x86_64\bin\zip.dll
Event: 2.119 Loaded shared library C:\Users\Nayan Mandal\.vscode\extensions\redhat.java-1.35.0-win32-x64\jre\17.0.12-win32-x86_64\bin\jimage.dll
Event: 5.054 Loaded shared library c:\Users\Nayan Mandal\.vscode\extensions\redhat.java-1.35.0-win32-x64\jre\17.0.12-win32-x86_64\bin\verify.dll
Event: 9.940 Loaded shared library C:\Users\Nayan Mandal\.vscode\extensions\redhat.java-1.35.0-win32-x64\jre\17.0.12-win32-x86_64\bin\management.dll
Event: 10.120 Loaded shared library C:\Users\Nayan Mandal\.vscode\extensions\redhat.java-1.35.0-win32-x64\jre\17.0.12-win32-x86_64\bin\management_ext.dll
Event: 11.700 Loaded shared library C:\Users\Nayan Mandal\.vscode\extensions\redhat.java-1.35.0-win32-x64\jre\17.0.12-win32-x86_64\bin\sunmscapi.dll
Event: 11.992 Loaded shared library C:\Users\Nayan Mandal\.vscode\extensions\redhat.java-1.35.0-win32-x64\jre\17.0.12-win32-x86_64\bin\extnet.dll

Deoptimization events (18 events):
Event: 10.705 Thread 0x000001d2f497daa0 DEOPT PACKING pc=0x000001d2e7908901 sp=0x000000aa74cfdc10
Event: 10.705 Thread 0x000001d2f497daa0 DEOPT UNPACKING pc=0x000001d2e74aace3 sp=0x000000aa74cfd0a0 mode 3
Event: 10.731 Thread 0x000001d2f4980320 DEOPT PACKING pc=0x000001d2e78eb717 sp=0x000000aa74dff130
Event: 10.731 Thread 0x000001d2f4980320 DEOPT UNPACKING pc=0x000001d2e74aace3 sp=0x000000aa74dfe588 mode 3
Event: 11.748 Thread 0x000001d2f4a21080 DEOPT PACKING pc=0x000001d2e77e7e8c sp=0x000000aa75bfae50
Event: 11.748 Thread 0x000001d2f4a21080 DEOPT UNPACKING pc=0x000001d2e74aace3 sp=0x000000aa75bfa318 mode 0
Event: 13.767 Thread 0x000001d2f497f900 DEOPT PACKING pc=0x000001d2e7a1fa24 sp=0x000000aa755ff060
Event: 13.767 Thread 0x000001d2f4a26ba0 DEOPT PACKING pc=0x000001d2e7a1fa24 sp=0x000000aa758feec0
Event: 13.767 Thread 0x000001d2f4a26ba0 DEOPT UNPACKING pc=0x000001d2e74aace3 sp=0x000000aa758fe3a8 mode 0
Event: 13.767 Thread 0x000001d2f497f900 DEOPT UNPACKING pc=0x000001d2e74aace3 sp=0x000000aa755fe548 mode 0
Event: 14.014 Thread 0x000001d2f4a270b0 DEOPT PACKING pc=0x000001d2e7a1fa24 sp=0x000000aa756fe7e0
Event: 14.014 Thread 0x000001d2f4a270b0 DEOPT UNPACKING pc=0x000001d2e74aace3 sp=0x000000aa756fdcc8 mode 0
Event: 14.014 Thread 0x000001d2f4a270b0 DEOPT PACKING pc=0x000001d2e7a1fa24 sp=0x000000aa756fed70
Event: 14.014 Thread 0x000001d2f4a270b0 DEOPT UNPACKING pc=0x000001d2e74aace3 sp=0x000000aa756fe258 mode 0
Event: 14.015 Thread 0x000001d2f4a25250 DEOPT PACKING pc=0x000001d2e7a1fa24 sp=0x000000aa75efece0
Event: 14.015 Thread 0x000001d2f4a25250 DEOPT UNPACKING pc=0x000001d2e74aace3 sp=0x000000aa75efe1c8 mode 0
Event: 14.015 Thread 0x000001d2f4a25250 DEOPT PACKING pc=0x000001d2e7a1fa24 sp=0x000000aa75eff270
Event: 14.015 Thread 0x000001d2f4a25250 DEOPT UNPACKING pc=0x000001d2e74aace3 sp=0x000000aa75efe758 mode 0

Classes loaded (20 events):
Event: 13.836 Loading class java/io/InvalidClassException
Event: 13.837 Loading class java/io/InvalidClassException done
Event: 13.843 Loading class java/util/ArrayList$ListItr
Event: 13.843 Loading class java/util/ArrayList$ListItr done
Event: 13.990 Loading class java/util/EmptyStackException
Event: 13.990 Loading class java/util/EmptyStackException done
Event: 15.027 Loading class java/util/LinkedList$LLSpliterator
Event: 15.027 Loading class java/util/LinkedList$LLSpliterator done
Event: 49.891 Loading class java/lang/ProcessBuilder
Event: 49.892 Loading class java/lang/ProcessBuilder done
Event: 49.892 Loading class java/lang/ProcessImpl
Event: 49.893 Loading class java/lang/ProcessImpl done
Event: 49.907 Loading class java/lang/ProcessImpl$2
Event: 49.907 Loading class java/lang/ProcessImpl$2 done
Event: 49.907 Loading class java/lang/Process$PipeInputStream
Event: 49.907 Loading class java/lang/Process$PipeInputStream done
Event: 49.907 Loading class jdk/internal/event/ProcessStartEvent
Event: 49.907 Loading class jdk/internal/event/ProcessStartEvent done
Event: 50.147 Loading class java/io/FileOutputStream$1
Event: 50.147 Loading class java/io/FileOutputStream$1 done

Classes unloaded (20 events):
Event: 60.382 Thread 0x000001d2eecef710 Unloading class 0x000000010008e400 'java/lang/invoke/LambdaForm$MH+0x000000010008e400'
Event: 60.382 Thread 0x000001d2eecef710 Unloading class 0x000000010008e000 'java/lang/invoke/LambdaForm$MH+0x000000010008e000'
Event: 60.382 Thread 0x000001d2eecef710 Unloading class 0x000000010008dc00 'java/lang/invoke/LambdaForm$MH+0x000000010008dc00'
Event: 60.382 Thread 0x000001d2eecef710 Unloading class 0x000000010008d800 'java/lang/invoke/LambdaForm$MH+0x000000010008d800'
Event: 60.382 Thread 0x000001d2eecef710 Unloading class 0x000000010008d400 'java/lang/invoke/LambdaForm$MH+0x000000010008d400'
Event: 60.382 Thread 0x000001d2eecef710 Unloading class 0x000000010008cc00 'java/lang/invoke/LambdaForm$MH+0x000000010008cc00'
Event: 60.382 Thread 0x000001d2eecef710 Unloading class 0x000000010008c800 'java/lang/invoke/LambdaForm$MH+0x000000010008c800'
Event: 60.382 Thread 0x000001d2eecef710 Unloading class 0x000000010008c000 'java/lang/invoke/LambdaForm$MH+0x000000010008c000'
Event: 60.382 Thread 0x000001d2eecef710 Unloading class 0x000000010008bc00 'java/lang/invoke/LambdaForm$MH+0x000000010008bc00'
Event: 60.382 Thread 0x000001d2eecef710 Unloading class 0x000000010008ac00 'java/lang/invoke/LambdaForm$MH+0x000000010008ac00'
Event: 60.382 Thread 0x000001d2eecef710 Unloading class 0x000000010008a400 'java/lang/invoke/LambdaForm$MH+0x000000010008a400'
Event: 60.382 Thread 0x000001d2eecef710 Unloading class 0x000000010008a000 'java/lang/invoke/LambdaForm$MH+0x000000010008a000'
Event: 60.382 Thread 0x000001d2eecef710 Unloading class 0x0000000100089c00 'java/lang/invoke/LambdaForm$MH+0x0000000100089c00'
Event: 60.382 Thread 0x000001d2eecef710 Unloading class 0x0000000100089800 'java/lang/invoke/LambdaForm$MH+0x0000000100089800'
Event: 60.382 Thread 0x000001d2eecef710 Unloading class 0x0000000100089400 'java/lang/invoke/LambdaForm$MH+0x0000000100089400'
Event: 60.382 Thread 0x000001d2eecef710 Unloading class 0x0000000100088c00 'java/lang/invoke/LambdaForm$MH+0x0000000100088c00'
Event: 60.382 Thread 0x000001d2eecef710 Unloading class 0x0000000100088400 'java/lang/invoke/LambdaForm$MH+0x0000000100088400'
Event: 121.507 Thread 0x000001d2eecef710 Unloading class 0x0000000100518400 'java/lang/invoke/LambdaForm$MH+0x0000000100518400'
Event: 121.507 Thread 0x000001d2eecef710 Unloading class 0x0000000100550000 'java/lang/invoke/LambdaForm$MH+0x0000000100550000'
Event: 121.507 Thread 0x000001d2eecef710 Unloading class 0x0000000100561000 'java/lang/invoke/LambdaForm$MH+0x0000000100561000'

Classes redefined (0 events):
No events

Internal exceptions (20 events):
Event: 11.250 Thread 0x000001d2f497eee0 Exception <a 'sun/nio/fs/WindowsException'{0x00000000c2fd3c68}> (0x00000000c2fd3c68) 
thrown [s\src\hotspot\share\prims\jni.cpp, line 516]
Event: 11.252 Thread 0x000001d2f497eee0 Exception <a 'sun/nio/fs/WindowsException'{0x00000000c2fd47c0}> (0x00000000c2fd47c0) 
thrown [s\src\hotspot\share\prims\jni.cpp, line 516]
Event: 11.594 Thread 0x000001d2f4a21080 Exception <a 'java/lang/NoSuchMethodError'{0x00000000c38795e0}: 'void java.lang.invoke.DirectMethodHandle$Holder.invokeVirtual(java.lang.Object, java.lang.Object, java.lang.Object, java.lang.Object)'> (0x00000000c38795e0) 
thrown [s\src\hotspot\share\interpreter\linkResolver.cpp, line 759]
Event: 11.625 Thread 0x000001d2f4a24d40 Exception <a 'java/lang/NoSuchMethodError'{0x00000000c34bb950}: 'java.lang.Object java.lang.invoke.DirectMethodHandle$Holder.newInvokeSpecial(java.lang.Object, java.lang.Object, java.lang.Object, java.lang.Object, java.lang.Object, long)'> (0x00000000c34bb950) 
thrown [s\src\hotspot\share\interpreter\linkResolver.cpp, line 759]
Event: 11.625 Thread 0x000001d2f4a24d40 Exception <a 'java/lang/NoSuchMethodError'{0x00000000c34c0040}: 'java.lang.Object java.lang.invoke.DirectMethodHandle$Holder.invokeSpecial(java.lang.Object, java.lang.Object, java.lang.Object, java.lang.Object, java.lang.Object, java.lang.Object, long)'> (0x00000000c34c0040) 
thrown [s\src\hotspot\share\interpreter\linkResolver.cpp, line 759]
Event: 11.665 Thread 0x000001d2f4a21080 Exception <a 'java/lang/NoSuchMethodError'{0x00000000c339c020}: 'java.lang.Object java.lang.invoke.DirectMethodHandle$Holder.invokeStaticInit(java.lang.Object, java.lang.Object, int)'> (0x00000000c339c020) 
thrown [s\src\hotspot\share\interpreter\linkResolver.cpp, line 759]
Event: 11.666 Thread 0x000001d2f4a21080 Exception <a 'java/lang/NoSuchMethodError'{0x00000000c33a21f0}: 'java.lang.Object java.lang.invoke.DirectMethodHandle$Holder.newInvokeSpecial(java.lang.Object, java.lang.Object, int)'> (0x00000000c33a21f0) 
thrown [s\src\hotspot\share\interpreter\linkResolver.cpp, line 759]
Event: 11.670 Thread 0x000001d2f4a21080 Exception <a 'java/lang/NoSuchMethodError'{0x00000000c33d6460}: 'int java.lang.invoke.DirectMethodHandle$Holder.invokeSpecialIFC(java.lang.Object, java.lang.Object, java.lang.Object)'> (0x00000000c33d6460) 
thrown [s\src\hotspot\share\interpreter\linkResolver.cpp, line 759]
Event: 11.732 Thread 0x000001d2f4a233f0 Exception <a 'java/lang/NoSuchMethodError'{0x00000000c3066390}: 'java.lang.Object java.lang.invoke.Invokers$Holder.invoke_MT(java.lang.Object, java.lang.Object, java.lang.Object)'> (0x00000000c3066390) 
thrown [s\src\hotspot\share\interpreter\linkResolver.cpp, line 759]
Event: 11.738 Thread 0x000001d2f4a21080 Exception <a 'sun/nio/fs/WindowsException'{0x00000000c30c30d0}> (0x00000000c30c30d0) 
thrown [s\src\hotspot\share\prims\jni.cpp, line 516]
Event: 12.106 Thread 0x000001d2f4a21080 Exception <a 'java/lang/NoSuchMethodError'{0x00000000c3e76f60}: 'void java.lang.invoke.DirectMethodHandle$Holder.invokeStatic(java.lang.Object, java.lang.Object, java.lang.Object, java.lang.Object, java.lang.Object, java.lang.Object, java.lang.Object)'> (0x00000000c3e76f60) 
thrown [s\src\hotspot\share\interpreter\linkResolver.cpp, line 759]
Event: 12.190 Thread 0x000001d2f4a21080 Exception <a 'java/net/UnknownHostException'{0x00000000c3985f78}> (0x00000000c3985f78) 
thrown [s\src\hotspot\share\prims\jni.cpp, line 516]
Event: 12.887 Thread 0x000001d2f4a233f0 Exception <a 'java/lang/IncompatibleClassChangeError'{0x00000000c4443840}: Found class java.lang.Object, but interface was expected> (0x00000000c4443840) 
thrown [s\src\hotspot\share\interpreter\linkResolver.cpp, line 826]
Event: 13.271 Thread 0x000001d2f4a233f0 Exception <a 'java/lang/NoSuchMethodError'{0x00000000c3ef6228}: 'int java.lang.invoke.DirectMethodHandle$Holder.invokeStatic(java.lang.Object, int, java.lang.Object)'> (0x00000000c3ef6228) 
thrown [s\src\hotspot\share\interpreter\linkResolver.cpp, line 759]
Event: 13.809 Thread 0x000001d2f4a25250 Exception <a 'java/lang/NoSuchMethodError'{0x00000000c4245ab8}: 'java.lang.Object java.lang.invoke.DirectMethodHandle$Holder.invokeStaticInit(java.lang.Object, java.lang.Object, java.lang.Object, java.lang.Object)'> (0x00000000c4245ab8) 
thrown [s\src\hotspot\share\interpreter\linkResolver.cpp, line 759]
Event: 13.811 Thread 0x000001d2f4a25250 Exception <a 'java/lang/IncompatibleClassChangeError'{0x00000000c425a9c8}: Found class java.lang.Object, but interface was expected> (0x00000000c425a9c8) 
thrown [s\src\hotspot\share\interpreter\linkResolver.cpp, line 826]
Event: 13.812 Thread 0x000001d2f4a25250 Exception <a 'java/lang/IncompatibleClassChangeError'{0x00000000c4270f88}: Found class java.lang.Object, but interface was expected> (0x00000000c4270f88) 
thrown [s\src\hotspot\share\interpreter\linkResolver.cpp, line 826]
Event: 13.816 Thread 0x000001d2f4a25250 Exception <a 'java/lang/IncompatibleClassChangeError'{0x00000000c42b9290}: Found class java.lang.Object, but interface was expected> (0x00000000c42b9290) 
thrown [s\src\hotspot\share\interpreter\linkResolver.cpp, line 826]
Event: 49.906 Thread 0x000001d2f4665bc0 Exception <a 'java/lang/NoSuchMethodError'{0x00000000c3e70e48}: 'void java.lang.invoke.DirectMethodHandle$Holder.invokeStatic(java.lang.Object, long)'> (0x00000000c3e70e48) 
thrown [s\src\hotspot\share\interpreter\linkResolver.cpp, line 759]
Event: 49.907 Thread 0x000001d2f4665bc0 Exception <a 'java/lang/NoSuchMethodError'{0x00000000c3e761f8}: 'java.lang.Object java.lang.invoke.DirectMethodHandle$Holder.newInvokeSpecial(java.lang.Object, long)'> (0x00000000c3e761f8) 
thrown [s\src\hotspot\share\interpreter\linkResolver.cpp, line 759]

VM Operations (20 events):
Event: 7239.524 Executing VM operation: G1CollectFull done
Event: 7249.703 Executing VM operation: G1CollectFull
Event: 7249.781 Executing VM operation: G1CollectFull done
Event: 7259.963 Executing VM operation: G1CollectFull
Event: 7260.043 Executing VM operation: G1CollectFull done
Event: 7270.241 Executing VM operation: G1CollectFull
Event: 7270.324 Executing VM operation: G1CollectFull done
Event: 7280.515 Executing VM operation: G1CollectFull
Event: 7280.590 Executing VM operation: G1CollectFull done
Event: 7290.797 Executing VM operation: G1CollectFull
Event: 7290.874 Executing VM operation: G1CollectFull done
Event: 7301.061 Executing VM operation: G1CollectFull
Event: 7301.145 Executing VM operation: G1CollectFull done
Event: 7311.770 Executing VM operation: G1CollectFull
Event: 7311.819 Executing VM operation: G1CollectFull done
Event: 7322.111 Executing VM operation: G1CollectFull
Event: 7322.166 Executing VM operation: G1CollectFull done
Event: 7332.526 Executing VM operation: G1CollectFull
Event: 7332.590 Executing VM operation: G1CollectFull done
Event: 7343.054 Executing VM operation: G1CollectFull

Events (20 events):
Event: 1146.987 Thread 0x000001d2f4a21080 Thread added: 0x000001d2f4a21080
Event: 1147.031 Thread 0x000001d2f4a25250 Thread added: 0x000001d2f4a25250
Event: 1147.262 Thread 0x000001d2f4527760 Thread added: 0x000001d2f4527760
Event: 1147.381 Thread 0x000001d2f4a21590 Thread added: 0x000001d2f4a21590
Event: 1147.413 Thread 0x000001d2f4a27fe0 Thread added: 0x000001d2f4a27fe0
Event: 1147.416 Thread 0x000001d2f4a23900 Thread added: 0x000001d2f4a23900
Event: 1148.403 Thread 0x000001d2f4527760 Thread exited: 0x000001d2f4527760
Event: 1207.458 Thread 0x000001d2f4a25250 Thread exited: 0x000001d2f4a25250
Event: 1207.490 Thread 0x000001d2f4a21590 Thread exited: 0x000001d2f4a21590
Event: 1207.514 Thread 0x000001d2f4a21080 Thread exited: 0x000001d2f4a21080
Event: 1207.515 Thread 0x000001d2f4a23900 Thread exited: 0x000001d2f4a23900
Event: 1209.412 Thread 0x000001d2f4a27fe0 Thread exited: 0x000001d2f4a27fe0
Event: 1209.412 Thread 0x000001d2f4a233f0 Thread exited: 0x000001d2f4a233f0
Event: 1334.812 Thread 0x000001d2f4a229d0 Thread exited: 0x000001d2f4a229d0
Event: 2234.674 Thread 0x000001d2f4a275c0 Thread added: 0x000001d2f4a275c0
Event: 2362.924 Thread 0x000001d2f52ba030 Thread added: 0x000001d2f52ba030
Event: 2362.925 Thread 0x000001d2f52ba550 Thread added: 0x000001d2f52ba550
Event: 2370.264 Thread 0x000001d2f52ba030 Thread exited: 0x000001d2f52ba030
Event: 2370.264 Thread 0x000001d2f52ba550 Thread exited: 0x000001d2f52ba550
Event: 2507.279 Thread 0x000001d2f4a275c0 Thread exited: 0x000001d2f4a275c0


Dynamic libraries:
0x00007ff63fe90000 - 0x00007ff63fe9e000 	c:\Users\Nayan Mandal\.vscode\extensions\redhat.java-1.35.0-win32-x64\jre\17.0.12-win32-x86_64\bin\java.exe
0x00007ffd35690000 - 0x00007ffd358a7000 	C:\WINDOWS\SYSTEM32\ntdll.dll
0x00007ffd35130000 - 0x00007ffd351f4000 	C:\WINDOWS\System32\KERNEL32.DLL
0x00007ffd32e60000 - 0x00007ffd3320d000 	C:\WINDOWS\System32\KERNELBASE.dll
0x00007ffd329b0000 - 0x00007ffd32ac1000 	C:\WINDOWS\System32\ucrtbase.dll
0x00007ffd1c7e0000 - 0x00007ffd1c7f7000 	c:\Users\Nayan Mandal\.vscode\extensions\redhat.java-1.35.0-win32-x64\jre\17.0.12-win32-x86_64\bin\jli.dll
0x00007ffd33740000 - 0x00007ffd338ee000 	C:\WINDOWS\System32\USER32.dll
0x00007ffd32cc0000 - 0x00007ffd32ce6000 	C:\WINDOWS\System32\win32u.dll
0x00007ffd340d0000 - 0x00007ffd340f9000 	C:\WINDOWS\System32\GDI32.dll
0x00007ffd32b70000 - 0x00007ffd32c89000 	C:\WINDOWS\System32\gdi32full.dll
0x00007ffd32ad0000 - 0x00007ffd32b6a000 	C:\WINDOWS\System32\msvcp_win.dll
0x00007ffd1b9f0000 - 0x00007ffd1ba0b000 	c:\Users\Nayan Mandal\.vscode\extensions\redhat.java-1.35.0-win32-x64\jre\17.0.12-win32-x86_64\bin\VCRUNTIME140.dll
0x00007ffd1b6d0000 - 0x00007ffd1b963000 	C:\WINDOWS\WinSxS\amd64_microsoft.windows.common-controls_6595b64144ccf1df_6.0.22621.3672_none_2713b9d173822955\COMCTL32.dll
0x00007ffd33590000 - 0x00007ffd33637000 	C:\WINDOWS\System32\msvcrt.dll
0x00007ffd333c0000 - 0x00007ffd333f1000 	C:\WINDOWS\System32\IMM32.DLL
0x00007ffd20b00000 - 0x00007ffd20b0c000 	c:\Users\Nayan Mandal\.vscode\extensions\redhat.java-1.35.0-win32-x64\jre\17.0.12-win32-x86_64\bin\vcruntime140_1.dll
0x00007ffcf40b0000 - 0x00007ffcf413d000 	c:\Users\Nayan Mandal\.vscode\extensions\redhat.java-1.35.0-win32-x64\jre\17.0.12-win32-x86_64\bin\msvcp140.dll
0x00007ffca8020000 - 0x00007ffca8c8a000 	c:\Users\Nayan Mandal\.vscode\extensions\redhat.java-1.35.0-win32-x64\jre\17.0.12-win32-x86_64\bin\server\jvm.dll
0x00007ffd334d0000 - 0x00007ffd33582000 	C:\WINDOWS\System32\ADVAPI32.dll
0x00007ffd34250000 - 0x00007ffd342f9000 	C:\WINDOWS\System32\sechost.dll
0x00007ffd32c90000 - 0x00007ffd32cb8000 	C:\WINDOWS\System32\bcrypt.dll
0x00007ffd34120000 - 0x00007ffd34234000 	C:\WINDOWS\System32\RPCRT4.dll
0x00007ffd339a0000 - 0x00007ffd33a11000 	C:\WINDOWS\System32\WS2_32.dll
0x00007ffd32880000 - 0x00007ffd328cd000 	C:\WINDOWS\SYSTEM32\POWRPROF.dll
0x00007ffd2a240000 - 0x00007ffd2a274000 	C:\WINDOWS\SYSTEM32\WINMM.dll
0x00007ffd296e0000 - 0x00007ffd296ea000 	C:\WINDOWS\SYSTEM32\VERSION.dll
0x00007ffd32860000 - 0x00007ffd32873000 	C:\WINDOWS\SYSTEM32\UMPDC.dll
0x00007ffd31a00000 - 0x00007ffd31a18000 	C:\WINDOWS\SYSTEM32\kernel.appcore.dll
0x00007ffd207f0000 - 0x00007ffd207fa000 	c:\Users\Nayan Mandal\.vscode\extensions\redhat.java-1.35.0-win32-x64\jre\17.0.12-win32-x86_64\bin\jimage.dll
0x00007ffd30250000 - 0x00007ffd30482000 	C:\WINDOWS\SYSTEM32\DBGHELP.DLL
0x00007ffd34b70000 - 0x00007ffd34efe000 	C:\WINDOWS\System32\combase.dll
0x00007ffd34f90000 - 0x00007ffd35067000 	C:\WINDOWS\System32\OLEAUT32.dll
0x00007ffd016b0000 - 0x00007ffd016e2000 	C:\WINDOWS\SYSTEM32\dbgcore.DLL
0x00007ffd33340000 - 0x00007ffd333bb000 	C:\WINDOWS\System32\bcryptPrimitives.dll
0x00007ffd06660000 - 0x00007ffd06685000 	c:\Users\Nayan Mandal\.vscode\extensions\redhat.java-1.35.0-win32-x64\jre\17.0.12-win32-x86_64\bin\java.dll
0x00007ffcfbd90000 - 0x00007ffcfbda8000 	c:\Users\Nayan Mandal\.vscode\extensions\redhat.java-1.35.0-win32-x64\jre\17.0.12-win32-x86_64\bin\zip.dll
0x00007ffd34300000 - 0x00007ffd34b67000 	C:\WINDOWS\System32\SHELL32.dll
0x00007ffd30930000 - 0x00007ffd3122f000 	C:\WINDOWS\SYSTEM32\windows.storage.dll
0x00007ffd307f0000 - 0x00007ffd3092f000 	C:\WINDOWS\SYSTEM32\wintypes.dll
0x00007ffd33640000 - 0x00007ffd33739000 	C:\WINDOWS\System32\SHCORE.dll
0x00007ffd33400000 - 0x00007ffd3345e000 	C:\WINDOWS\System32\shlwapi.dll
0x00007ffd328e0000 - 0x00007ffd32907000 	C:\WINDOWS\SYSTEM32\profapi.dll
0x00007ffcfbd70000 - 0x00007ffcfbd89000 	C:\Users\Nayan Mandal\.vscode\extensions\redhat.java-1.35.0-win32-x64\jre\17.0.12-win32-x86_64\bin\net.dll
0x00007ffd2bc70000 - 0x00007ffd2bda6000 	C:\WINDOWS\SYSTEM32\WINHTTP.dll
0x00007ffd31e70000 - 0x00007ffd31ed9000 	C:\WINDOWS\system32\mswsock.dll
0x00007ffcfa060000 - 0x00007ffcfa076000 	C:\Users\Nayan Mandal\.vscode\extensions\redhat.java-1.35.0-win32-x64\jre\17.0.12-win32-x86_64\bin\nio.dll
0x00007ffd1ca40000 - 0x00007ffd1ca50000 	c:\Users\Nayan Mandal\.vscode\extensions\redhat.java-1.35.0-win32-x64\jre\17.0.12-win32-x86_64\bin\verify.dll
0x00007ffd320c0000 - 0x00007ffd320db000 	C:\WINDOWS\SYSTEM32\CRYPTSP.dll
0x00007ffd31960000 - 0x00007ffd31995000 	C:\WINDOWS\system32\rsaenh.dll
0x00007ffd31f60000 - 0x00007ffd31f88000 	C:\WINDOWS\SYSTEM32\USERENV.dll
0x00007ffd320e0000 - 0x00007ffd320ec000 	C:\WINDOWS\SYSTEM32\CRYPTBASE.dll
0x00007ffd31490000 - 0x00007ffd314bd000 	C:\WINDOWS\SYSTEM32\IPHLPAPI.DLL
0x00007ffd34240000 - 0x00007ffd34249000 	C:\WINDOWS\System32\NSI.dll
0x00007ffd2c070000 - 0x00007ffd2c089000 	C:\WINDOWS\SYSTEM32\dhcpcsvc6.DLL
0x00007ffd2c030000 - 0x00007ffd2c04f000 	C:\WINDOWS\SYSTEM32\dhcpcsvc.DLL
0x00007ffd31500000 - 0x00007ffd315f8000 	C:\WINDOWS\SYSTEM32\DNSAPI.dll
0x00007ffd20f90000 - 0x00007ffd20f99000 	C:\Users\Nayan Mandal\.vscode\extensions\redhat.java-1.35.0-win32-x64\jre\17.0.12-win32-x86_64\bin\management.dll
0x00007ffd20a70000 - 0x00007ffd20a7b000 	C:\Users\Nayan Mandal\.vscode\extensions\redhat.java-1.35.0-win32-x64\jre\17.0.12-win32-x86_64\bin\management_ext.dll
0x00007ffd35310000 - 0x00007ffd35318000 	C:\WINDOWS\System32\PSAPI.DLL
0x00007ffd1c760000 - 0x00007ffd1c76e000 	C:\Users\Nayan Mandal\.vscode\extensions\redhat.java-1.35.0-win32-x64\jre\17.0.12-win32-x86_64\bin\sunmscapi.dll
0x00007ffd32cf0000 - 0x00007ffd32e56000 	C:\WINDOWS\System32\CRYPT32.dll
0x00007ffd32280000 - 0x00007ffd322ae000 	C:\WINDOWS\SYSTEM32\ncrypt.dll
0x00007ffd32240000 - 0x00007ffd32277000 	C:\WINDOWS\SYSTEM32\NTASN1.dll
0x00007ffd20a60000 - 0x00007ffd20a68000 	C:\WINDOWS\system32\wshunix.dll
0x00007ffd1c1a0000 - 0x00007ffd1c1a9000 	C:\Users\Nayan Mandal\.vscode\extensions\redhat.java-1.35.0-win32-x64\jre\17.0.12-win32-x86_64\bin\extnet.dll
0x00007ffd1c0d0000 - 0x00007ffd1c0da000 	C:\Windows\System32\rasadhlp.dll

dbghelp: loaded successfully - version: 4.0.5 - missing functions: none
symbol engine: initialized successfully - sym options: 0x614 - pdb path: .;c:\Users\Nayan Mandal\.vscode\extensions\redhat.java-1.35.0-win32-x64\jre\17.0.12-win32-x86_64\bin;C:\WINDOWS\SYSTEM32;C:\WINDOWS\WinSxS\amd64_microsoft.windows.common-controls_6595b64144ccf1df_6.0.22621.3672_none_2713b9d173822955;c:\Users\Nayan Mandal\.vscode\extensions\redhat.java-1.35.0-win32-x64\jre\17.0.12-win32-x86_64\bin\server

VM Arguments:
jvm_args: -Xmx1024m -Dsts.lsp.client=vscode -Dsts.log.file=/dev/null -XX:TieredStopAtLevel=1 -Xlog:jni+resolve=off 
java_command: c:\Users\Nayan Mandal\.vscode\extensions\vmware.vscode-spring-boot-1.57.0\language-server\spring-boot-language-server-1.57.0-SNAPSHOT-exec.jar
java_class_path (initial): c:\Users\Nayan Mandal\.vscode\extensions\vmware.vscode-spring-boot-1.57.0\language-server\spring-boot-language-server-1.57.0-SNAPSHOT-exec.jar
Launcher Type: SUN_STANDARD

[Global flags]
     intx CICompilerCount                          = 3                                         {product} {ergonomic}
     uint ConcGCThreads                            = 1                                         {product} {ergonomic}
     uint G1ConcRefinementThreads                  = 4                                         {product} {ergonomic}
   size_t G1HeapRegionSize                         = 1048576                                   {product} {ergonomic}
    uintx GCDrainStackTargetSize                   = 64                                        {product} {ergonomic}
   size_t InitialHeapSize                          = 65011712                                  {product} {ergonomic}
   size_t MarkStackSize                            = 4194304                                   {product} {ergonomic}
   size_t MaxHeapSize                              = 1073741824                                {product} {command line}
   size_t MaxNewSize                               = 643825664                                 {product} {ergonomic}
   size_t MinHeapDeltaBytes                        = 1048576                                   {product} {ergonomic}
   size_t MinHeapSize                              = 8388608                                   {product} {ergonomic}
    uintx NonProfiledCodeHeapSize                  = 0                                      {pd product} {ergonomic}
     bool ProfileInterpreter                       = false                                  {pd product} {command line}
    uintx ProfiledCodeHeapSize                     = 0                                      {pd product} {ergonomic}
   size_t SoftMaxHeapSize                          = 1073741824                             {manageable} {ergonomic}
     intx TieredStopAtLevel                        = 1                                         {product} {command line}
     bool UseCompressedClassPointers               = true                           {product lp64_product} {ergonomic}
     bool UseCompressedOops                        = true                           {product lp64_product} {ergonomic}
     bool UseG1GC                                  = true                                      {product} {ergonomic}
     bool UseLargePagesIndividualAllocation        = false                                  {pd product} {ergonomic}

Logging:
Log output configuration:
 #0: stdout all=warning,jni+resolve=off uptime,level,tags
 #1: stderr all=off uptime,level,tags

Environment Variables:
PATH=C:\Program Files\Common Files\Oracle\Java\javapath;C:\WINDOWS\system32;C:\WINDOWS;C:\WINDOWS\System32\Wbem;C:\WINDOWS\System32\WindowsPowerShell\v1.0\;C:\WINDOWS\System32\OpenSSH\;C:\Program Files\Git\cmd;C:\Program Files\MySQL\MySQL Shell 8.0\bin\;C:\Users\Nayan Mandal\AppData\Local\Microsoft\WindowsApps;C:\Users\Nayan Mandal\AppData\Local\Programs\Microsoft VS Code\bin;C:\MinGW\bin;
USERNAME=Nayan Mandal
OS=Windows_NT
PROCESSOR_IDENTIFIER=Intel64 Family 6 Model 126 Stepping 5, GenuineIntel
TMP=C:\Users\NAYANM~1\AppData\Local\Temp
TEMP=C:\Users\NAYANM~1\AppData\Local\Temp



Periodic native trim disabled


---------------  S Y S T E M  ---------------

OS:
 Windows 11 , 64 bit Build 22621 (10.0.22621.3958)
OS uptime: 1 days 7:29 hours

CPU: total 4 (initial active 4) (2 cores per cpu, 2 threads per core) family 6 model 126 stepping 5 microcode 0xc2, cx8, cmov, fxsr, ht, mmx, 3dnowpref, sse, sse2, sse3, ssse3, sse4.1, sse4.2, popcnt, lzcnt, tsc, tscinvbit, avx, avx2, aes, erms, clmul, bmi1, bmi2, adx, avx512f, avx512dq, avx512cd, avx512bw, avx512vl, sha, fma, vzeroupper, avx512_vpopcntdq, avx512_vpclmulqdq, avx512_vaes, avx512_vnni, clflush, clflushopt, avx512_vbmi2, avx512_vbmi
Processor Information for processor 0
  Max Mhz: 1190, Current Mhz: 991, Mhz Limit: 1190
Processor Information for processor 1
  Max Mhz: 1190, Current Mhz: 991, Mhz Limit: 1190
Processor Information for processor 2
  Max Mhz: 1190, Current Mhz: 1190, Mhz Limit: 1190
Processor Information for processor 3
  Max Mhz: 1190, Current Mhz: 991, Mhz Limit: 1190

Memory: 4k page, system-wide physical 3863M (241M free)
TotalPageFile size 10762M (AvailPageFile size 8M)
current process WorkingSet (physical memory assigned to process): 56M, peak: 199M
current process commit charge ("private bytes"): 231M, peak: 235M

vm_info: OpenJDK 64-Bit Server VM (17.0.12+7) for windows-amd64 JRE (17.0.12+7), built on Jul 16 2024 22:08:24 by "admin" with MS VC++ 16.10 / 16.11 (VS2019)

END.
