#
# There is insufficient memory for the Java Runtime Environment to continue.
# Native memory allocation (malloc) failed to allocate 433328 bytes. Error detail: Chunk::new
# Possible reasons:
#   The system is out of physical RAM or swap space
#   This process is running with CompressedOops enabled, and the Java Heap may be blocking the growth of the native heap
# Possible solutions:
#   Reduce memory load on the system
#   Increase physical memory or swap space
#   Check if swap backing store is full
#   Decrease Java heap size (-Xmx/-Xms)
#   Decrease number of Java threads
#   Decrease Java thread stack sizes (-Xss)
#   Set larger code cache with -XX:ReservedCodeCacheSize=
#   JVM is running with Unscaled Compressed Oops mode in which the Java heap is
#     placed in the first 4GB address space. The Java Heap base address is the
#     maximum limit for the native heap growth. Please use -XX:HeapBaseMinAddress
#     to set the Java Heap base and to place the Java Heap above 4GB virtual address.
# This output file may be truncated or incomplete.
#
#  Out of Memory Error (arena.cpp:150), pid=7956, tid=15924
#
# JRE version: Java(TM) SE Runtime Environment (22.0.2+9) (build 22.0.2+9-70)
# Java VM: Java HotSpot(TM) 64-Bit Server VM (22.0.2+9-70, mixed mode, sharing, tiered, compressed oops, compressed class ptrs, g1 gc, windows-amd64)
# No core dump will be written. Minidumps are not enabled by default on client versions of Windows
#

---------------  S U M M A R Y ------------

Command Line: -XX:+ShowCodeDetailsInExceptionMessages com.contact.contact.ContactApplication

Host: Intel(R) Core(TM) i3-1005G1 CPU @ 1.20GHz, 4 cores, 3G,  Windows 11 , 64 bit Build 22621 (10.0.22621.3958)
Time: Thu Sep 26 11:31:42 2024 India Standard Time elapsed time: 2.589063 seconds (0d 0h 0m 2s)

---------------  T H R E A D  ---------------

Current thread (0x0000028907153e90):  JavaThread "C2 CompilerThread0" daemon [_thread_in_native, id=15924, stack(0x000000c486700000,0x000000c486800000) (1024K)]


Current CompileTask:
C2:2589 2974 %     4       java.io.WinNTFileSystem::normalize @ 58 (224 bytes)

Stack: [0x000000c486700000,0x000000c486800000]
Native frames: (J=compiled Java code, j=interpreted, Vv=VM code, C=native code)
V  [jvm.dll+0x6e26e9]  (no source info available)
V  [jvm.dll+0x875753]  (no source info available)
V  [jvm.dll+0x877b7e]  (no source info available)
V  [jvm.dll+0x878253]  (no source info available)
V  [jvm.dll+0x27fc86]  (no source info available)
V  [jvm.dll+0xc3d0f]  (no source info available)
V  [jvm.dll+0xc3f6b]  (no source info available)
V  [jvm.dll+0x3bb47c]  (no source info available)
V  [jvm.dll+0x387d4b]  (no source info available)
V  [jvm.dll+0x3871ba]  (no source info available)
V  [jvm.dll+0x2477f8]  (no source info available)
V  [jvm.dll+0x246e9f]  (no source info available)
V  [jvm.dll+0x1c4e80]  (no source info available)
V  [jvm.dll+0x2568f3]  (no source info available)
V  [jvm.dll+0x254baa]  (no source info available)
V  [jvm.dll+0x3f57a6]  (no source info available)
V  [jvm.dll+0x81dc0b]  (no source info available)
V  [jvm.dll+0x6e0d85]  (no source info available)
C  [ucrtbase.dll+0x29333]  (no source info available)
C  [KERNEL32.DLL+0x1257d]  (no source info available)
C  [ntdll.dll+0x5af28]  (no source info available)


---------------  P R O C E S S  ---------------

Threads class SMR info:
_java_thread_list=0x000002890c914c30, length=14, elements={
0x00000288a94146f0, 0x0000028907147e60, 0x0000028907149bc0, 0x000002890714d6c0,
0x000002890714f220, 0x000002890714fd70, 0x00000289071508c0, 0x0000028907153e90,
0x0000028907174850, 0x00000289073c7500, 0x00000289073d0d90, 0x000002890c1533c0,
0x000002890791cda0, 0x000002890c3464a0
}

Java Threads: ( => current thread )
  0x00000288a94146f0 JavaThread "main"                              [_thread_blocked, id=6248, stack(0x000000c485900000,0x000000c485a00000) (1024K)]
  0x0000028907147e60 JavaThread "Reference Handler"          daemon [_thread_blocked, id=15000, stack(0x000000c486100000,0x000000c486200000) (1024K)]
  0x0000028907149bc0 JavaThread "Finalizer"                  daemon [_thread_blocked, id=9644, stack(0x000000c486200000,0x000000c486300000) (1024K)]
  0x000002890714d6c0 JavaThread "Signal Dispatcher"          daemon [_thread_blocked, id=9392, stack(0x000000c486300000,0x000000c486400000) (1024K)]
  0x000002890714f220 JavaThread "Attach Listener"            daemon [_thread_blocked, id=1644, stack(0x000000c486400000,0x000000c486500000) (1024K)]
  0x000002890714fd70 JavaThread "Service Thread"             daemon [_thread_blocked, id=9560, stack(0x000000c486500000,0x000000c486600000) (1024K)]
  0x00000289071508c0 JavaThread "Monitor Deflation Thread"   daemon [_thread_blocked, id=9192, stack(0x000000c486600000,0x000000c486700000) (1024K)]
=>0x0000028907153e90 JavaThread "C2 CompilerThread0"         daemon [_thread_in_native, id=15924, stack(0x000000c486700000,0x000000c486800000) (1024K)]
  0x0000028907174850 JavaThread "C1 CompilerThread0"         daemon [_thread_blocked, id=4924, stack(0x000000c486800000,0x000000c486900000) (1024K)]
  0x00000289073c7500 JavaThread "Notification Thread"        daemon [_thread_blocked, id=3020, stack(0x000000c486900000,0x000000c486a00000) (1024K)]
  0x00000289073d0d90 JavaThread "Common-Cleaner"             daemon [_thread_blocked, id=14332, stack(0x000000c486a00000,0x000000c486b00000) (1024K)]
  0x000002890c1533c0 JavaThread "Thread-0"                          [_thread_blocked, id=1716, stack(0x000000c486e00000,0x000000c486f00000) (1024K)]
  0x000002890791cda0 JavaThread "restartedMain"                     [_thread_in_vm, id=15060, stack(0x000000c486f00000,0x000000c487000000) (1024K)]
  0x000002890c3464a0 JavaThread "WindowsStreamPump"          daemon [_thread_in_native, id=13344, stack(0x000000c487100000,0x000000c487200000) (1024K)]
Total: 14

Other Threads:
  0x000002890712a410 VMThread "VM Thread"                           [id=2168, stack(0x000000c486000000,0x000000c486100000) (1024K)]
  0x000002890711ca20 WatcherThread "VM Periodic Task Thread"        [id=4968, stack(0x000000c485f00000,0x000000c486000000) (1024K)]
  0x00000288ab67dbe0 WorkerThread "GC Thread#0"                     [id=14664, stack(0x000000c485a00000,0x000000c485b00000) (1024K)]
  0x0000028907a2cf00 WorkerThread "GC Thread#1"                     [id=7888, stack(0x000000c486b00000,0x000000c486c00000) (1024K)]
  0x0000028907a96f50 WorkerThread "GC Thread#2"                     [id=4112, stack(0x000000c486c00000,0x000000c486d00000) (1024K)]
  0x0000028907a97300 WorkerThread "GC Thread#3"                     [id=11540, stack(0x000000c486d00000,0x000000c486e00000) (1024K)]
  0x00000288ab687df0 ConcurrentGCThread "G1 Main Marker"            [id=3412, stack(0x000000c485b00000,0x000000c485c00000) (1024K)]
  0x00000288ab688900 WorkerThread "G1 Conc#0"                       [id=13928, stack(0x000000c485c00000,0x000000c485d00000) (1024K)]
  0x00000288ab6e63e0 ConcurrentGCThread "G1 Refine#0"               [id=2040, stack(0x000000c485d00000,0x000000c485e00000) (1024K)]
  0x00000288ab6e9850 ConcurrentGCThread "G1 Service"                [id=1904, stack(0x000000c485e00000,0x000000c485f00000) (1024K)]
Total: 10

Threads with active compile tasks:
C2 CompilerThread0  2666 2974 %     4       java.io.WinNTFileSystem::normalize @ 58 (224 bytes)
Total: 1

VM state: not at safepoint (normal execution)

VM Mutex/Monitor currently owned by a thread: None

Heap address: 0x00000000c3a00000, size: 966 MB, Compressed Oops mode: 32-bit

CDS archive(s) mapped at: [0x00000288c6000000-0x00000288c6c60000-0x00000288c6c60000), size 12976128, SharedBaseAddress: 0x00000288c6000000, ArchiveRelocationMode: 1.
Compressed class space mapped at: 0x00000288c7000000-0x0000028907000000, reserved size: 1073741824
Narrow klass base: 0x00000288c6000000, Narrow klass shift: 0, Narrow klass range: 0x41000000

GC Precious Log:
 CardTable entry size: 512
 Card Set container configuration: InlinePtr #cards 5 size 8 Array Of Cards #cards 12 size 40 Howl #buckets 4 coarsen threshold 1843 Howl Bitmap #cards 512 size 80 coarsen threshold 460 Card regions per heap region 1 cards per card region 2048
 CPUs: 4 total, 4 available
 Memory: 3863M
 Large Page Support: Disabled
 NUMA Support: Disabled
 Compressed Oops: Enabled (32-bit)
 Heap Region Size: 1M
 Heap Min Capacity: 8M
 Heap Initial Capacity: 62M
 Heap Max Capacity: 966M
 Pre-touch: Disabled
 Parallel Workers: 4
 Concurrent Workers: 1
 Concurrent Refinement Workers: 4
 Periodic GC: Disabled

Heap:
 garbage-first heap   total reserved 989184K, committed 63488K, used 41833K [0x00000000c3a00000, 0x0000000100000000)
  region size 1024K, 37 young (37888K), 4 survivors (4096K)
 Metaspace       used 20704K, committed 20992K, reserved 1114112K
  class space    used 2527K, committed 2624K, reserved 1048576K

Heap Regions: E=young(eden), S=young(survivor), O=old, HS=humongous(starts), HC=humongous(continues), CS=collection set, F=free, TAMS=top-at-mark-start, PB=parsable bottom
|   0|0x00000000c3a00000, 0x00000000c3b00000, 0x00000000c3b00000|100%|HS|  |TAMS 0x00000000c3a00000| PB 0x00000000c3a00000| Complete |  0
|   1|0x00000000c3b00000, 0x00000000c3c00000, 0x00000000c3c00000|100%| O|  |TAMS 0x00000000c3b00000| PB 0x00000000c3b00000| Untracked |  0
|   2|0x00000000c3c00000, 0x00000000c3d00000, 0x00000000c3d00000|100%| O|  |TAMS 0x00000000c3c00000| PB 0x00000000c3c00000| Untracked |  0
|   3|0x00000000c3d00000, 0x00000000c3e00000, 0x00000000c3e00000|100%| O|  |TAMS 0x00000000c3d00000| PB 0x00000000c3d00000| Untracked |  0
|   4|0x00000000c3e00000, 0x00000000c3f00000, 0x00000000c3f00000|100%| O|  |TAMS 0x00000000c3e00000| PB 0x00000000c3e00000| Untracked |  0
|   5|0x00000000c3f00000, 0x00000000c4000000, 0x00000000c4000000|100%| O|  |TAMS 0x00000000c3f00000| PB 0x00000000c3f00000| Untracked |  0
|   6|0x00000000c4000000, 0x00000000c404bfc0, 0x00000000c4100000| 29%| O|  |TAMS 0x00000000c4000000| PB 0x00000000c4000000| Untracked |  0
|   7|0x00000000c4100000, 0x00000000c4100000, 0x00000000c4200000|  0%| F|  |TAMS 0x00000000c4100000| PB 0x00000000c4100000| Untracked |  0
|   8|0x00000000c4200000, 0x00000000c4200000, 0x00000000c4300000|  0%| F|  |TAMS 0x00000000c4200000| PB 0x00000000c4200000| Untracked |  0
|   9|0x00000000c4300000, 0x00000000c4300000, 0x00000000c4400000|  0%| F|  |TAMS 0x00000000c4300000| PB 0x00000000c4300000| Untracked |  0
|  10|0x00000000c4400000, 0x00000000c4400000, 0x00000000c4500000|  0%| F|  |TAMS 0x00000000c4400000| PB 0x00000000c4400000| Untracked |  0
|  11|0x00000000c4500000, 0x00000000c4500000, 0x00000000c4600000|  0%| F|  |TAMS 0x00000000c4500000| PB 0x00000000c4500000| Untracked |  0
|  12|0x00000000c4600000, 0x00000000c4600000, 0x00000000c4700000|  0%| F|  |TAMS 0x00000000c4600000| PB 0x00000000c4600000| Untracked |  0
|  13|0x00000000c4700000, 0x00000000c4700000, 0x00000000c4800000|  0%| F|  |TAMS 0x00000000c4700000| PB 0x00000000c4700000| Untracked |  0
|  14|0x00000000c4800000, 0x00000000c4800000, 0x00000000c4900000|  0%| F|  |TAMS 0x00000000c4800000| PB 0x00000000c4800000| Untracked |  0
|  15|0x00000000c4900000, 0x00000000c4900000, 0x00000000c4a00000|  0%| F|  |TAMS 0x00000000c4900000| PB 0x00000000c4900000| Untracked |  0
|  16|0x00000000c4a00000, 0x00000000c4a00000, 0x00000000c4b00000|  0%| F|  |TAMS 0x00000000c4a00000| PB 0x00000000c4a00000| Untracked |  0
|  17|0x00000000c4b00000, 0x00000000c4b00000, 0x00000000c4c00000|  0%| F|  |TAMS 0x00000000c4b00000| PB 0x00000000c4b00000| Untracked |  0
|  18|0x00000000c4c00000, 0x00000000c4c00000, 0x00000000c4d00000|  0%| F|  |TAMS 0x00000000c4c00000| PB 0x00000000c4c00000| Untracked |  0
|  19|0x00000000c4d00000, 0x00000000c4d00000, 0x00000000c4e00000|  0%| F|  |TAMS 0x00000000c4d00000| PB 0x00000000c4d00000| Untracked |  0
|  20|0x00000000c4e00000, 0x00000000c4e00000, 0x00000000c4f00000|  0%| F|  |TAMS 0x00000000c4e00000| PB 0x00000000c4e00000| Untracked |  0
|  21|0x00000000c4f00000, 0x00000000c4f00000, 0x00000000c5000000|  0%| F|  |TAMS 0x00000000c4f00000| PB 0x00000000c4f00000| Untracked |  0
|  22|0x00000000c5000000, 0x00000000c5000000, 0x00000000c5100000|  0%| F|  |TAMS 0x00000000c5000000| PB 0x00000000c5000000| Untracked |  0
|  23|0x00000000c5100000, 0x00000000c5100000, 0x00000000c5200000|  0%| F|  |TAMS 0x00000000c5100000| PB 0x00000000c5100000| Untracked |  0
|  24|0x00000000c5200000, 0x00000000c5200000, 0x00000000c5300000|  0%| F|  |TAMS 0x00000000c5200000| PB 0x00000000c5200000| Untracked |  0
|  25|0x00000000c5300000, 0x00000000c53c9f98, 0x00000000c5400000| 78%| E|  |TAMS 0x00000000c5300000| PB 0x00000000c5300000| Complete |  0
|  26|0x00000000c5400000, 0x00000000c5500000, 0x00000000c5500000|100%| E|CS|TAMS 0x00000000c5400000| PB 0x00000000c5400000| Complete |  0
|  27|0x00000000c5500000, 0x00000000c5600000, 0x00000000c5600000|100%| E|CS|TAMS 0x00000000c5500000| PB 0x00000000c5500000| Complete |  0
|  28|0x00000000c5600000, 0x00000000c5700000, 0x00000000c5700000|100%| E|CS|TAMS 0x00000000c5600000| PB 0x00000000c5600000| Complete |  0
|  29|0x00000000c5700000, 0x00000000c578e4a0, 0x00000000c5800000| 55%| S|CS|TAMS 0x00000000c5700000| PB 0x00000000c5700000| Complete |  0
|  30|0x00000000c5800000, 0x00000000c5900000, 0x00000000c5900000|100%| S|CS|TAMS 0x00000000c5800000| PB 0x00000000c5800000| Complete |  0
|  31|0x00000000c5900000, 0x00000000c5a00000, 0x00000000c5a00000|100%| S|CS|TAMS 0x00000000c5900000| PB 0x00000000c5900000| Complete |  0
|  32|0x00000000c5a00000, 0x00000000c5b00000, 0x00000000c5b00000|100%| S|CS|TAMS 0x00000000c5a00000| PB 0x00000000c5a00000| Complete |  0
|  33|0x00000000c5b00000, 0x00000000c5c00000, 0x00000000c5c00000|100%| E|CS|TAMS 0x00000000c5b00000| PB 0x00000000c5b00000| Complete |  0
|  34|0x00000000c5c00000, 0x00000000c5d00000, 0x00000000c5d00000|100%| E|CS|TAMS 0x00000000c5c00000| PB 0x00000000c5c00000| Complete |  0
|  35|0x00000000c5d00000, 0x00000000c5e00000, 0x00000000c5e00000|100%| E|CS|TAMS 0x00000000c5d00000| PB 0x00000000c5d00000| Complete |  0
|  36|0x00000000c5e00000, 0x00000000c5f00000, 0x00000000c5f00000|100%| E|CS|TAMS 0x00000000c5e00000| PB 0x00000000c5e00000| Complete |  0
|  37|0x00000000c5f00000, 0x00000000c6000000, 0x00000000c6000000|100%| E|CS|TAMS 0x00000000c5f00000| PB 0x00000000c5f00000| Complete |  0
|  38|0x00000000c6000000, 0x00000000c6100000, 0x00000000c6100000|100%| E|CS|TAMS 0x00000000c6000000| PB 0x00000000c6000000| Complete |  0
|  39|0x00000000c6100000, 0x00000000c6200000, 0x00000000c6200000|100%| E|CS|TAMS 0x00000000c6100000| PB 0x00000000c6100000| Complete |  0
|  40|0x00000000c6200000, 0x00000000c6300000, 0x00000000c6300000|100%| E|CS|TAMS 0x00000000c6200000| PB 0x00000000c6200000| Complete |  0
|  41|0x00000000c6300000, 0x00000000c6400000, 0x00000000c6400000|100%| E|CS|TAMS 0x00000000c6300000| PB 0x00000000c6300000| Complete |  0
|  42|0x00000000c6400000, 0x00000000c6500000, 0x00000000c6500000|100%| E|CS|TAMS 0x00000000c6400000| PB 0x00000000c6400000| Complete |  0
|  43|0x00000000c6500000, 0x00000000c6600000, 0x00000000c6600000|100%| E|CS|TAMS 0x00000000c6500000| PB 0x00000000c6500000| Complete |  0
|  44|0x00000000c6600000, 0x00000000c6700000, 0x00000000c6700000|100%| E|CS|TAMS 0x00000000c6600000| PB 0x00000000c6600000| Complete |  0
|  45|0x00000000c6700000, 0x00000000c6800000, 0x00000000c6800000|100%| E|CS|TAMS 0x00000000c6700000| PB 0x00000000c6700000| Complete |  0
|  46|0x00000000c6800000, 0x00000000c6900000, 0x00000000c6900000|100%| E|CS|TAMS 0x00000000c6800000| PB 0x00000000c6800000| Complete |  0
|  47|0x00000000c6900000, 0x00000000c6a00000, 0x00000000c6a00000|100%| E|CS|TAMS 0x00000000c6900000| PB 0x00000000c6900000| Complete |  0
|  48|0x00000000c6a00000, 0x00000000c6b00000, 0x00000000c6b00000|100%| E|CS|TAMS 0x00000000c6a00000| PB 0x00000000c6a00000| Complete |  0
|  49|0x00000000c6b00000, 0x00000000c6c00000, 0x00000000c6c00000|100%| E|CS|TAMS 0x00000000c6b00000| PB 0x00000000c6b00000| Complete |  0
|  50|0x00000000c6c00000, 0x00000000c6d00000, 0x00000000c6d00000|100%| E|CS|TAMS 0x00000000c6c00000| PB 0x00000000c6c00000| Complete |  0
|  51|0x00000000c6d00000, 0x00000000c6e00000, 0x00000000c6e00000|100%| E|CS|TAMS 0x00000000c6d00000| PB 0x00000000c6d00000| Complete |  0
|  52|0x00000000c6e00000, 0x00000000c6f00000, 0x00000000c6f00000|100%| E|CS|TAMS 0x00000000c6e00000| PB 0x00000000c6e00000| Complete |  0
|  53|0x00000000c6f00000, 0x00000000c7000000, 0x00000000c7000000|100%| E|  |TAMS 0x00000000c6f00000| PB 0x00000000c6f00000| Complete |  0
|  54|0x00000000c7000000, 0x00000000c7100000, 0x00000000c7100000|100%| E|CS|TAMS 0x00000000c7000000| PB 0x00000000c7000000| Complete |  0
|  55|0x00000000c7100000, 0x00000000c7200000, 0x00000000c7200000|100%| E|CS|TAMS 0x00000000c7100000| PB 0x00000000c7100000| Complete |  0
|  56|0x00000000c7200000, 0x00000000c7300000, 0x00000000c7300000|100%| E|CS|TAMS 0x00000000c7200000| PB 0x00000000c7200000| Complete |  0
|  57|0x00000000c7300000, 0x00000000c7400000, 0x00000000c7400000|100%| E|CS|TAMS 0x00000000c7300000| PB 0x00000000c7300000| Complete |  0
|  58|0x00000000c7400000, 0x00000000c7500000, 0x00000000c7500000|100%| E|CS|TAMS 0x00000000c7400000| PB 0x00000000c7400000| Complete |  0
|  59|0x00000000c7500000, 0x00000000c7600000, 0x00000000c7600000|100%| E|CS|TAMS 0x00000000c7500000| PB 0x00000000c7500000| Complete |  0
|  60|0x00000000c7600000, 0x00000000c7700000, 0x00000000c7700000|100%| E|CS|TAMS 0x00000000c7600000| PB 0x00000000c7600000| Complete |  0
|  61|0x00000000c7700000, 0x00000000c7800000, 0x00000000c7800000|100%| E|CS|TAMS 0x00000000c7700000| PB 0x00000000c7700000| Complete |  0

Card table byte_map: [0x00000288c2b80000,0x00000288c2d70000] _byte_map_base: 0x00000288c2563000

Marking Bits: (CMBitMap*) 0x00000288ab67e2f0
 Bits: [0x00000288c2d70000, 0x00000288c3c88000)

Polling page: 0x00000288a9570000

Metaspace:

Usage:
  Non-class:     17.75 MB used.
      Class:      2.47 MB used.
       Both:     20.22 MB used.

Virtual space:
  Non-class space:       64.00 MB reserved,      17.94 MB ( 28%) committed,  1 nodes.
      Class space:        1.00 GB reserved,       2.56 MB ( <1%) committed,  1 nodes.
             Both:        1.06 GB reserved,      20.50 MB (  2%) committed. 

Chunk freelists:
   Non-Class:  14.05 MB
       Class:  13.31 MB
        Both:  27.36 MB

MaxMetaspaceSize: unlimited
CompressedClassSpaceSize: 1.00 GB
Initial GC threshold: 21.00 MB
Current GC threshold: 21.00 MB
CDS: on
 - commit_granule_bytes: 65536.
 - commit_granule_words: 8192.
 - virtual_space_node_default_size: 8388608.
 - enlarge_chunks_in_place: 1.
 - use_allocation_guard: 0.


Internal statistics:

num_allocs_failed_limit: 0.
num_arena_births: 298.
num_arena_deaths: 0.
num_vsnodes_births: 2.
num_vsnodes_deaths: 0.
num_space_committed: 328.
num_space_uncommitted: 0.
num_chunks_returned_to_freelist: 0.
num_chunks_taken_from_freelist: 970.
num_chunk_merges: 0.
num_chunk_splits: 643.
num_chunks_enlarged: 455.
num_inconsistent_stats: 0.

CodeHeap 'non-profiled nmethods': size=120000Kb used=1111Kb max_used=1111Kb free=118888Kb
 bounds [0x00000288bb460000, 0x00000288bb6d0000, 0x00000288c2990000]
CodeHeap 'profiled nmethods': size=120000Kb used=6118Kb max_used=6118Kb free=113881Kb
 bounds [0x00000288b3990000, 0x00000288b3f90000, 0x00000288baec0000]
CodeHeap 'non-nmethods': size=5760Kb used=1596Kb max_used=1620Kb free=4163Kb
 bounds [0x00000288baec0000, 0x00000288bb130000, 0x00000288bb460000]
 total_blobs=3564 nmethods=3038 adapters=430
 compilation: enabled
              stopped_count=0, restarted_count=0
 full_count=0

Compilation events (20 events):
Event: 2.576 Thread 0x0000028907174850 nmethod 2987 0x00000288b3f61090 code [0x00000288b3f61300, 0x00000288b3f61be0]
Event: 2.578 Thread 0x0000028907174850 2988       3       java.io.OutputStream::flush (1 bytes)
Event: 2.579 Thread 0x0000028907174850 nmethod 2988 0x00000288b3f61f90 code [0x00000288b3f62120, 0x00000288b3f62228]
Event: 2.579 Thread 0x0000028907174850 2989       3       org.springframework.core.type.classreading.SimpleAnnotationMetadataReadingVisitor::visitInnerClass (81 bytes)
Event: 2.579 Thread 0x0000028907174850 nmethod 2989 0x00000288b3f62290 code [0x00000288b3f62500, 0x00000288b3f62df0]
Event: 2.580 Thread 0x0000028907174850 2990       3       org.springframework.core.type.filter.AssignableTypeFilter::matchSuperClass (6 bytes)
Event: 2.580 Thread 0x0000028907174850 nmethod 2990 0x00000288b3f63190 code [0x00000288b3f63340, 0x00000288b3f63498]
Event: 2.581 Thread 0x0000028907174850 2991       3       java.io.FilterInputStream::close (8 bytes)
Event: 2.581 Thread 0x0000028907174850 nmethod 2991 0x00000288b3f63590 code [0x00000288b3f63740, 0x00000288b3f63918]
Event: 2.582 Thread 0x0000028907174850 2992       3       org.springframework.core.annotation.MergedAnnotationsCollection::<init> (115 bytes)
Event: 2.583 Thread 0x0000028907174850 nmethod 2992 0x00000288b3f63a10 code [0x00000288b3f63d40, 0x00000288b3f65480]
Event: 2.583 Thread 0x0000028907174850 2993   !   3       sun.net.www.protocol.jar.JarURLConnection$JarURLInputStream::close (178 bytes)
Event: 2.584 Thread 0x0000028907174850 nmethod 2993 0x00000288b3f65b90 code [0x00000288b3f65ea0, 0x00000288b3f67778]
Event: 2.584 Thread 0x0000028907174850 2994  s    3       sun.net.www.protocol.file.FileURLConnection::closeInputStream (15 bytes)
Event: 2.584 Thread 0x0000028907174850 nmethod 2994 0x00000288b3f68010 code [0x00000288b3f681c0, 0x00000288b3f68488]
Event: 2.584 Thread 0x0000028907174850 2995       3       sun.net.www.protocol.jar.Handler::openConnection (10 bytes)
Event: 2.585 Thread 0x0000028907174850 nmethod 2995 0x00000288b3f68590 code [0x00000288b3f68780, 0x00000288b3f68d40]
Event: 2.585 Thread 0x0000028907174850 2996       3       sun.net.www.protocol.jar.JarURLConnection$JarURLInputStream::<init> (11 bytes)
Event: 2.585 Thread 0x0000028907174850 nmethod 2996 0x00000288b3f68f90 code [0x00000288b3f69140, 0x00000288b3f69420]
Event: 2.586 Thread 0x0000028907174850 2998       3       java.lang.PublicMethods$MethodList::filter (104 bytes)

GC Heap History (6 events):
Event: 0.851 GC heap before
{Heap before GC invocations=0 (full 0):
 garbage-first heap   total reserved 989184K, committed 63488K, used 14336K [0x00000000c3a00000, 0x0000000100000000)
  region size 1024K, 14 young (14336K), 0 survivors (0K)
 Metaspace       used 3830K, committed 4032K, reserved 1114112K
  class space    used 428K, committed 512K, reserved 1048576K
}
Event: 0.857 GC heap after
{Heap after GC invocations=1 (full 0):
 garbage-first heap   total reserved 989184K, committed 63488K, used 6304K [0x00000000c3a00000, 0x0000000100000000)
  region size 1024K, 2 young (2048K), 2 survivors (2048K)
 Metaspace       used 3830K, committed 4032K, reserved 1114112K
  class space    used 428K, committed 512K, reserved 1048576K
}
Event: 1.223 GC heap before
{Heap before GC invocations=1 (full 0):
 garbage-first heap   total reserved 989184K, committed 63488K, used 19616K [0x00000000c3a00000, 0x0000000100000000)
  region size 1024K, 16 young (16384K), 2 survivors (2048K)
 Metaspace       used 7010K, committed 7296K, reserved 1114112K
  class space    used 849K, committed 960K, reserved 1048576K
}
Event: 1.226 GC heap after
{Heap after GC invocations=2 (full 0):
 garbage-first heap   total reserved 989184K, committed 63488K, used 7471K [0x00000000c3a00000, 0x0000000100000000)
  region size 1024K, 1 young (1024K), 1 survivors (1024K)
 Metaspace       used 7010K, committed 7296K, reserved 1114112K
  class space    used 849K, committed 960K, reserved 1048576K
}
Event: 1.829 GC heap before
{Heap before GC invocations=2 (full 0):
 garbage-first heap   total reserved 989184K, committed 63488K, used 35119K [0x00000000c3a00000, 0x0000000100000000)
  region size 1024K, 29 young (29696K), 1 survivors (1024K)
 Metaspace       used 15781K, committed 16064K, reserved 1114112K
  class space    used 1915K, committed 2048K, reserved 1048576K
}
Event: 1.834 GC heap after
{Heap after GC invocations=3 (full 0):
 garbage-first heap   total reserved 989184K, committed 63488K, used 10089K [0x00000000c3a00000, 0x0000000100000000)
  region size 1024K, 4 young (4096K), 4 survivors (4096K)
 Metaspace       used 15781K, committed 16064K, reserved 1114112K
  class space    used 1915K, committed 2048K, reserved 1048576K
}

Dll operation events (10 events):
Event: 0.036 Loaded shared library C:\Program Files\Java\jdk-22\bin\java.dll
Event: 0.129 Loaded shared library C:\Program Files\Java\jdk-22\bin\jsvml.dll
Event: 0.200 Loaded shared library C:\Program Files\Java\jdk-22\bin\net.dll
Event: 0.203 Loaded shared library C:\Program Files\Java\jdk-22\bin\nio.dll
Event: 0.208 Loaded shared library C:\Program Files\Java\jdk-22\bin\zip.dll
Event: 0.550 Loaded shared library C:\Program Files\Java\jdk-22\bin\jimage.dll
Event: 0.893 Loaded shared library C:\Program Files\Java\jdk-22\bin\management.dll
Event: 0.895 Loaded shared library C:\Program Files\Java\jdk-22\bin\management_ext.dll
Event: 1.423 Loaded shared library C:\Program Files\Java\jdk-22\bin\le.dll
Event: 2.037 Loaded shared library C:\Program Files\Java\jdk-22\bin\sunmscapi.dll

Deoptimization events (20 events):
Event: 2.187 Thread 0x000002890791cda0 DEOPT PACKING pc=0x00000288bb4dea7c sp=0x000000c486ffc830
Event: 2.187 Thread 0x000002890791cda0 DEOPT UNPACKING pc=0x00000288baf17da2 sp=0x000000c486ffc768 mode 2
Event: 2.200 Thread 0x000002890791cda0 Uncommon trap: trap_request=0xffffffc6 fr.pc=0x00000288bb4e32f4 relative=0x00000000000008b4
Event: 2.200 Thread 0x000002890791cda0 Uncommon trap: reason=bimorphic_or_optimized_type_check action=maybe_recompile pc=0x00000288bb4e32f4 method=java.util.HashMap.putVal(ILjava/lang/Object;Ljava/lang/Object;ZZ)Ljava/lang/Object; @ 91 c2
Event: 2.200 Thread 0x000002890791cda0 DEOPT PACKING pc=0x00000288bb4e32f4 sp=0x000000c486ffdea0
Event: 2.200 Thread 0x000002890791cda0 DEOPT UNPACKING pc=0x00000288baf17da2 sp=0x000000c486ffddb0 mode 2
Event: 2.212 Thread 0x000002890791cda0 Uncommon trap: trap_request=0xffffffde fr.pc=0x00000288bb4d3418 relative=0x00000000000007f8
Event: 2.212 Thread 0x000002890791cda0 Uncommon trap: reason=class_check action=maybe_recompile pc=0x00000288bb4d3418 method=java.util.HashMap.putVal(ILjava/lang/Object;Ljava/lang/Object;ZZ)Ljava/lang/Object; @ 91 c2
Event: 2.212 Thread 0x000002890791cda0 DEOPT PACKING pc=0x00000288bb4d3418 sp=0x000000c486ffde30
Event: 2.212 Thread 0x000002890791cda0 DEOPT UNPACKING pc=0x00000288baf17da2 sp=0x000000c486ffddc0 mode 2
Event: 2.256 Thread 0x000002890791cda0 Uncommon trap: trap_request=0xffffff45 fr.pc=0x00000288bb502ec4 relative=0x0000000000000404
Event: 2.256 Thread 0x000002890791cda0 Uncommon trap: reason=unstable_if action=reinterpret pc=0x00000288bb502ec4 method=java.io.ByteArrayInputStream.read([BII)I @ 35 c2
Event: 2.256 Thread 0x000002890791cda0 DEOPT PACKING pc=0x00000288bb502ec4 sp=0x000000c486ffd4d0
Event: 2.256 Thread 0x000002890791cda0 DEOPT UNPACKING pc=0x00000288baf17da2 sp=0x000000c486ffd470 mode 2
Event: 2.571 Thread 0x000002890791cda0 DEOPT PACKING pc=0x00000288b3d968de sp=0x000000c486ffdc10
Event: 2.571 Thread 0x000002890791cda0 DEOPT UNPACKING pc=0x00000288baf188e2 sp=0x000000c486ffd168 mode 0
Event: 2.583 Thread 0x000002890791cda0 Uncommon trap: trap_request=0xffffff45 fr.pc=0x00000288bb54ce78 relative=0x0000000000001618
Event: 2.583 Thread 0x000002890791cda0 Uncommon trap: reason=unstable_if action=reinterpret pc=0x00000288bb54ce78 method=jdk.internal.jimage.ImageLocation.verifyName(Ljava/lang/String;Ljava/lang/String;IIIIIILjdk/internal/jimage/ImageStrings;)Z @ 2 c2
Event: 2.583 Thread 0x000002890791cda0 DEOPT PACKING pc=0x00000288bb54ce78 sp=0x000000c486ffd880
Event: 2.583 Thread 0x000002890791cda0 DEOPT UNPACKING pc=0x00000288baf17da2 sp=0x000000c486ffd758 mode 2

Classes loaded (20 events):
Event: 2.048 Loading class java/security/PrivilegedActionException
Event: 2.048 Loading class java/security/PrivilegedActionException done
Event: 2.048 Loading class javax/security/auth/login/FailedLoginException
Event: 2.048 Loading class javax/security/auth/login/FailedLoginException done
Event: 2.049 Loading class javax/security/auth/Subject
Event: 2.049 Loading class javax/security/auth/Subject done
Event: 2.049 Loading class javax/security/auth/callback/CallbackHandler
Event: 2.050 Loading class javax/security/auth/callback/CallbackHandler done
Event: 2.054 Loading class com/sun/security/sasl/Provider
Event: 2.055 Loading class com/sun/security/sasl/Provider done
Event: 2.055 Loading class com/sun/security/sasl/Provider$1
Event: 2.056 Loading class com/sun/security/sasl/Provider$1 done
Event: 2.056 Loading class com/sun/security/sasl/Provider$ProviderService
Event: 2.056 Loading class com/sun/security/sasl/Provider$ProviderService done
Event: 2.056 Loading class sun/security/provider/certpath/ldap/JdkLDAP
Event: 2.056 Loading class sun/security/provider/certpath/ldap/JdkLDAP done
Event: 2.057 Loading class sun/security/provider/certpath/ldap/JdkLDAP$ProviderService
Event: 2.057 Loading class sun/security/provider/certpath/ldap/JdkLDAP$ProviderService done
Event: 2.347 Loading class java/beans/PropertyVetoException
Event: 2.347 Loading class java/beans/PropertyVetoException done

Classes unloaded (0 events):
No events

Classes redefined (0 events):
No events

Internal exceptions (20 events):
Event: 1.332 Thread 0x000002890791cda0 Exception <a 'java/lang/NoSuchMethodError'{0x00000000c74d95b0}: 'java.lang.Object java.lang.invoke.DirectMethodHandle$Holder.invokeStatic(java.lang.Object, long, java.lang.Object)'> (0x00000000c74d95b0) 
thrown [s\open\src\hotspot\share\interpreter\linkResolver.cpp, line 774]
Event: 1.333 Thread 0x000002890791cda0 Exception <a 'java/lang/NoSuchMethodError'{0x00000000c74dcc38}: 'java.lang.Object java.lang.invoke.DirectMethodHandle$Holder.invokeStaticInit(java.lang.Object, long, java.lang.Object)'> (0x00000000c74dcc38) 
thrown [s\open\src\hotspot\share\interpreter\linkResolver.cpp, line 774]
Event: 1.333 Thread 0x000002890791cda0 Exception <a 'java/lang/NoSuchMethodError'{0x00000000c74e2500}: 'java.lang.Object java.lang.invoke.DirectMethodHandle$Holder.newInvokeSpecial(java.lang.Object, long)'> (0x00000000c74e2500) 
thrown [s\open\src\hotspot\share\interpreter\linkResolver.cpp, line 774]
Event: 1.349 Thread 0x000002890791cda0 Exception <a 'java/lang/NoSuchMethodError'{0x00000000c73353a8}: 'void java.lang.invoke.DirectMethodHandle$Holder.invokeSpecial(java.lang.Object, java.lang.Object, java.lang.Object, java.lang.Object, java.lang.Object)'> (0x00000000c73353a8) 
thrown [s\open\src\hotspot\share\interpreter\linkResolver.cpp, line 774]
Event: 1.350 Thread 0x000002890791cda0 Exception <a 'java/lang/NoSuchMethodError'{0x00000000c733cd40}: 'void java.lang.invoke.DirectMethodHandle$Holder.invokeVirtual(java.lang.Object, java.lang.Object, java.lang.Object, java.lang.Object)'> (0x00000000c733cd40) 
thrown [s\open\src\hotspot\share\interpreter\linkResolver.cpp, line 774]
Event: 1.393 Thread 0x000002890791cda0 Exception <a 'java/lang/IncompatibleClassChangeError'{0x00000000c72cc1c0}: Found class java.lang.Object, but interface was expected> (0x00000000c72cc1c0) 
thrown [s\open\src\hotspot\share\interpreter\linkResolver.cpp, line 841]
Event: 1.396 Thread 0x000002890c284a10 Exception <a 'java/lang/NoClassDefFoundError'{0x00000000c72ac808}: jakarta/validation/Validation> (0x00000000c72ac808) 
thrown [s\open\src\hotspot\share\classfile\systemDictionary.cpp, line 302]
Event: 1.399 Thread 0x000002890791cda0 Exception <a 'java/lang/NoSuchMethodError'{0x00000000c72ec880}: 'java.lang.Object java.lang.invoke.DirectMethodHandle$Holder.invokeStaticInit(java.lang.Object, int)'> (0x00000000c72ec880) 
thrown [s\open\src\hotspot\share\interpreter\linkResolver.cpp, line 774]
Event: 1.402 Thread 0x000002890791cda0 Exception <a 'java/lang/NoSuchMethodError'{0x00000000c72f6d00}: 'java.lang.Object java.lang.invoke.DirectMethodHandle$Holder.invokeStatic(java.lang.Object, int, java.lang.Object)'> (0x00000000c72f6d00) 
thrown [s\open\src\hotspot\share\interpreter\linkResolver.cpp, line 774]
Event: 1.402 Thread 0x000002890791cda0 Exception <a 'java/lang/NoSuchMethodError'{0x00000000c72fa380}: 'java.lang.Object java.lang.invoke.DirectMethodHandle$Holder.invokeStaticInit(java.lang.Object, int, java.lang.Object)'> (0x00000000c72fa380) 
thrown [s\open\src\hotspot\share\interpreter\linkResolver.cpp, line 774]
Event: 1.417 Thread 0x000002890791cda0 Exception <a 'sun/nio/fs/WindowsException'{0x00000000c7140d00}> (0x00000000c7140d00) 
thrown [s\open\src\hotspot\share\prims\jni.cpp, line 520]
Event: 1.496 Thread 0x000002890791cda0 Exception <a 'java/lang/NoSuchMethodError'{0x00000000c6e04970}: 'void java.lang.invoke.DirectMethodHandle$Holder.invokeVirtual(java.lang.Object, java.lang.Object)'> (0x00000000c6e04970) 
thrown [s\open\src\hotspot\share\interpreter\linkResolver.cpp, line 774]
Event: 1.884 Thread 0x000002890c284a10 Exception <a 'java/lang/NoSuchMethodError'{0x00000000c7309328}: 'long java.lang.invoke.DirectMethodHandle$Holder.invokeSpecial(java.lang.Object, java.lang.Object)'> (0x00000000c7309328) 
thrown [s\open\src\hotspot\share\interpreter\linkResolver.cpp, line 774]
Event: 1.886 Thread 0x000002890c284a10 Exception <a 'java/lang/NoSuchMethodError'{0x00000000c7313158}: 'long java.lang.invoke.DirectMethodHandle$Holder.invokeStatic(java.lang.Object, java.lang.Object)'> (0x00000000c7313158) 
thrown [s\open\src\hotspot\share\interpreter\linkResolver.cpp, line 774]
Event: 1.886 Thread 0x000002890c284a10 Exception <a 'java/lang/NoSuchMethodError'{0x00000000c73164f0}: 'long java.lang.invoke.DirectMethodHandle$Holder.invokeStaticInit(java.lang.Object, java.lang.Object)'> (0x00000000c73164f0) 
thrown [s\open\src\hotspot\share\interpreter\linkResolver.cpp, line 774]
Event: 1.888 Thread 0x000002890c284a10 Exception <a 'java/lang/NoSuchMethodError'{0x00000000c7322998}: 'long java.lang.invoke.DirectMethodHandle$Holder.invokeInterface(java.lang.Object, java.lang.Object)'> (0x00000000c7322998) 
thrown [s\open\src\hotspot\share\interpreter\linkResolver.cpp, line 774]
Event: 1.888 Thread 0x000002890c284a10 Exception <a 'java/lang/IncompatibleClassChangeError'{0x00000000c7325c58}: Found class java.lang.Object, but interface was expected> (0x00000000c7325c58) 
thrown [s\open\src\hotspot\share\interpreter\linkResolver.cpp, line 841]
Event: 1.890 Thread 0x000002890791cda0 Exception <a 'java/lang/NoSuchMethodError'{0x00000000c74f2f70}: 'int java.lang.invoke.DirectMethodHandle$Holder.invokeSpecial(java.lang.Object, java.lang.Object, java.lang.Object, java.lang.Object, java.lang.Object)'> (0x00000000c74f2f70) 
thrown [s\open\src\hotspot\share\interpreter\linkResolver.cpp, line 774]
Event: 1.904 Thread 0x000002890c284a10 Exception <a 'java/lang/NoSuchMethodError'{0x00000000c73dff38}: 'java.lang.Object java.lang.invoke.DirectMethodHandle$Holder.invokeVirtual(java.lang.Object, java.lang.Object, java.lang.Object, java.lang.Object)'> (0x00000000c73dff38) 
thrown [s\open\src\hotspot\share\interpreter\linkResolver.cpp, line 774]
Event: 2.113 Thread 0x000002890791cda0 Exception <a 'java/lang/IncompatibleClassChangeError'{0x00000000c699f5c8}: Found class java.lang.Object, but interface was expected> (0x00000000c699f5c8) 
thrown [s\open\src\hotspot\share\interpreter\linkResolver.cpp, line 841]

ZGC Phase Switch (0 events):
No events

VM Operations (20 events):
Event: 1.383 Executing VM operation: HandshakeAllThreads (Deoptimize)
Event: 1.383 Executing VM operation: HandshakeAllThreads (Deoptimize) done
Event: 1.567 Executing VM operation: ICBufferFull
Event: 1.568 Executing VM operation: ICBufferFull done
Event: 1.646 Executing VM operation: HandshakeAllThreads (Deoptimize)
Event: 1.646 Executing VM operation: HandshakeAllThreads (Deoptimize) done
Event: 1.775 Executing VM operation: HandshakeAllThreads (Deoptimize)
Event: 1.775 Executing VM operation: HandshakeAllThreads (Deoptimize) done
Event: 1.829 Executing VM operation: G1CollectForAllocation (G1 Evacuation Pause)
Event: 1.834 Executing VM operation: G1CollectForAllocation (G1 Evacuation Pause) done
Event: 1.868 Executing VM operation: HandshakeAllThreads (Deoptimize)
Event: 1.868 Executing VM operation: HandshakeAllThreads (Deoptimize) done
Event: 1.959 Executing VM operation: HandshakeAllThreads (Deoptimize)
Event: 1.959 Executing VM operation: HandshakeAllThreads (Deoptimize) done
Event: 2.010 Executing VM operation: HandshakeAllThreads (Deoptimize)
Event: 2.011 Executing VM operation: HandshakeAllThreads (Deoptimize) done
Event: 2.162 Executing VM operation: ICBufferFull
Event: 2.162 Executing VM operation: ICBufferFull done
Event: 2.504 Executing VM operation: ICBufferFull
Event: 2.505 Executing VM operation: ICBufferFull done

Memory protections (0 events):
No events

Nmethod flushes (0 events):
No events

Events (18 events):
Event: 0.090 Thread 0x00000288a94146f0 Thread added: 0x00000288a94146f0
Event: 0.122 Thread 0x00000288a94146f0 Thread added: 0x0000028907147e60
Event: 0.122 Thread 0x00000288a94146f0 Thread added: 0x0000028907149bc0
Event: 0.123 Thread 0x00000288a94146f0 Thread added: 0x000002890714d6c0
Event: 0.123 Thread 0x00000288a94146f0 Thread added: 0x000002890714f220
Event: 0.123 Thread 0x00000288a94146f0 Thread added: 0x000002890714fd70
Event: 0.123 Thread 0x00000288a94146f0 Thread added: 0x00000289071508c0
Event: 0.123 Thread 0x00000288a94146f0 Thread added: 0x0000028907153e90
Event: 0.124 Thread 0x00000288a94146f0 Thread added: 0x0000028907174850
Event: 0.187 Thread 0x00000288a94146f0 Thread added: 0x00000289073c7500
Event: 0.193 Thread 0x00000288a94146f0 Thread added: 0x00000289073d0d90
Event: 0.946 Thread 0x00000288a94146f0 Thread added: 0x000002890c1533c0
Event: 0.949 Thread 0x000002890c1533c0 Thread added: 0x000002890791cda0
Event: 1.390 Thread 0x000002890791cda0 Thread added: 0x000002890c284a10
Event: 1.497 Thread 0x000002890791cda0 Thread added: 0x000002890c3464a0
Event: 1.984 Thread 0x000002890791cda0 Thread added: 0x000002890c776340
Event: 2.061 Thread 0x000002890c284a10 Thread exited: 0x000002890c284a10
Event: 2.077 Thread 0x000002890c776340 Thread exited: 0x000002890c776340


Dynamic libraries:
0x00007ff682dd0000 - 0x00007ff682de0000 	C:\Program Files\Java\jdk-22\bin\java.exe
0x00007ffd35690000 - 0x00007ffd358a7000 	C:\WINDOWS\SYSTEM32\ntdll.dll
0x00007ffd35130000 - 0x00007ffd351f4000 	C:\WINDOWS\System32\KERNEL32.DLL
0x00007ffd32e60000 - 0x00007ffd3320d000 	C:\WINDOWS\System32\KERNELBASE.dll
0x00007ffd329b0000 - 0x00007ffd32ac1000 	C:\WINDOWS\System32\ucrtbase.dll
0x00007ffcfcd80000 - 0x00007ffcfcd9b000 	C:\Program Files\Java\jdk-22\bin\VCRUNTIME140.dll
0x00007ffd02330000 - 0x00007ffd02347000 	C:\Program Files\Java\jdk-22\bin\jli.dll
0x00007ffd33740000 - 0x00007ffd338ee000 	C:\WINDOWS\System32\USER32.dll
0x00007ffd1b6d0000 - 0x00007ffd1b963000 	C:\WINDOWS\WinSxS\amd64_microsoft.windows.common-controls_6595b64144ccf1df_6.0.22621.3672_none_2713b9d173822955\COMCTL32.dll
0x00007ffd32cc0000 - 0x00007ffd32ce6000 	C:\WINDOWS\System32\win32u.dll
0x00007ffd33590000 - 0x00007ffd33637000 	C:\WINDOWS\System32\msvcrt.dll
0x00007ffd340d0000 - 0x00007ffd340f9000 	C:\WINDOWS\System32\GDI32.dll
0x00007ffd32b70000 - 0x00007ffd32c89000 	C:\WINDOWS\System32\gdi32full.dll
0x00007ffd32ad0000 - 0x00007ffd32b6a000 	C:\WINDOWS\System32\msvcp_win.dll
0x00007ffd333c0000 - 0x00007ffd333f1000 	C:\WINDOWS\System32\IMM32.DLL
0x00007ffd02580000 - 0x00007ffd0258c000 	C:\Program Files\Java\jdk-22\bin\vcruntime140_1.dll
0x00007ffce2d90000 - 0x00007ffce2e1e000 	C:\Program Files\Java\jdk-22\bin\msvcp140.dll
0x00007ffc9d020000 - 0x00007ffc9dd69000 	C:\Program Files\Java\jdk-22\bin\server\jvm.dll
0x00007ffd334d0000 - 0x00007ffd33582000 	C:\WINDOWS\System32\ADVAPI32.dll
0x00007ffd34250000 - 0x00007ffd342f9000 	C:\WINDOWS\System32\sechost.dll
0x00007ffd32c90000 - 0x00007ffd32cb8000 	C:\WINDOWS\System32\bcrypt.dll
0x00007ffd34120000 - 0x00007ffd34234000 	C:\WINDOWS\System32\RPCRT4.dll
0x00007ffd339a0000 - 0x00007ffd33a11000 	C:\WINDOWS\System32\WS2_32.dll
0x00007ffd32880000 - 0x00007ffd328cd000 	C:\WINDOWS\SYSTEM32\POWRPROF.dll
0x00007ffd296e0000 - 0x00007ffd296ea000 	C:\WINDOWS\SYSTEM32\VERSION.dll
0x00007ffd2a240000 - 0x00007ffd2a274000 	C:\WINDOWS\SYSTEM32\WINMM.dll
0x00007ffd32860000 - 0x00007ffd32873000 	C:\WINDOWS\SYSTEM32\UMPDC.dll
0x00007ffd31a00000 - 0x00007ffd31a18000 	C:\WINDOWS\SYSTEM32\kernel.appcore.dll
0x00007ffd01520000 - 0x00007ffd0152a000 	C:\Program Files\Java\jdk-22\bin\jimage.dll
0x00007ffd30250000 - 0x00007ffd30482000 	C:\WINDOWS\SYSTEM32\DBGHELP.DLL
0x00007ffd34b70000 - 0x00007ffd34efe000 	C:\WINDOWS\System32\combase.dll
0x00007ffd34f90000 - 0x00007ffd35067000 	C:\WINDOWS\System32\OLEAUT32.dll
0x00007ffd016b0000 - 0x00007ffd016e2000 	C:\WINDOWS\SYSTEM32\dbgcore.DLL
0x00007ffd33340000 - 0x00007ffd333bb000 	C:\WINDOWS\System32\bcryptPrimitives.dll
0x00007ffcfcd60000 - 0x00007ffcfcd7e000 	C:\Program Files\Java\jdk-22\bin\java.dll
0x00007ffd34300000 - 0x00007ffd34b67000 	C:\WINDOWS\System32\SHELL32.dll
0x00007ffd33a20000 - 0x00007ffd33bc5000 	C:\WINDOWS\System32\ole32.dll
0x00007ffd30930000 - 0x00007ffd3122f000 	C:\WINDOWS\SYSTEM32\windows.storage.dll
0x00007ffd307f0000 - 0x00007ffd3092f000 	C:\WINDOWS\SYSTEM32\wintypes.dll
0x00007ffd33640000 - 0x00007ffd33739000 	C:\WINDOWS\System32\SHCORE.dll
0x00007ffd33400000 - 0x00007ffd3345e000 	C:\WINDOWS\System32\shlwapi.dll
0x00007ffd328e0000 - 0x00007ffd32907000 	C:\WINDOWS\SYSTEM32\profapi.dll
0x00007ffce04f0000 - 0x00007ffce05c7000 	C:\Program Files\Java\jdk-22\bin\jsvml.dll
0x00007ffcfccf0000 - 0x00007ffcfcd00000 	C:\Program Files\Java\jdk-22\bin\net.dll
0x00007ffd31e70000 - 0x00007ffd31ed9000 	C:\WINDOWS\system32\mswsock.dll
0x00007ffcf6850000 - 0x00007ffcf6866000 	C:\Program Files\Java\jdk-22\bin\nio.dll
0x00007ffce45f0000 - 0x00007ffce4607000 	C:\Program Files\Java\jdk-22\bin\zip.dll
0x00007ffcfc380000 - 0x00007ffcfc38a000 	C:\Program Files\Java\jdk-22\bin\management.dll
0x00007ffcfa2b0000 - 0x00007ffcfa2bb000 	C:\Program Files\Java\jdk-22\bin\management_ext.dll
0x00007ffd35310000 - 0x00007ffd35318000 	C:\WINDOWS\System32\PSAPI.DLL
0x00007ffcf5a10000 - 0x00007ffcf5a1b000 	C:\Program Files\Java\jdk-22\bin\le.dll
0x00007ffce45e0000 - 0x00007ffce45ee000 	C:\Program Files\Java\jdk-22\bin\sunmscapi.dll
0x00007ffd32cf0000 - 0x00007ffd32e56000 	C:\WINDOWS\System32\CRYPT32.dll
0x00007ffd32280000 - 0x00007ffd322ae000 	C:\WINDOWS\SYSTEM32\ncrypt.dll
0x00007ffd32240000 - 0x00007ffd32277000 	C:\WINDOWS\SYSTEM32\NTASN1.dll

dbghelp: loaded successfully - version: 4.0.5 - missing functions: none
symbol engine: initialized successfully - sym options: 0x614 - pdb path: .;C:\Program Files\Java\jdk-22\bin;C:\WINDOWS\SYSTEM32;C:\WINDOWS\WinSxS\amd64_microsoft.windows.common-controls_6595b64144ccf1df_6.0.22621.3672_none_2713b9d173822955;C:\Program Files\Java\jdk-22\bin\server

VM Arguments:
jvm_args: -XX:+ShowCodeDetailsInExceptionMessages 
java_command: com.contact.contact.ContactApplication
java_class_path (initial): E:\SpringBoot\Contact Manager\contact\target\classes;C:\Users\Nayan Mandal\.m2\repository\org\springframework\boot\spring-boot-starter-data-jpa\3.2.9\spring-boot-starter-data-jpa-3.2.9.jar;C:\Users\Nayan Mandal\.m2\repository\org\springframework\boot\spring-boot-starter-aop\3.2.9\spring-boot-starter-aop-3.2.9.jar;C:\Users\Nayan Mandal\.m2\repository\org\springframework\spring-aop\6.1.12\spring-aop-6.1.12.jar;C:\Users\Nayan Mandal\.m2\repository\org\aspectj\aspectjweaver\1.9.22.1\aspectjweaver-1.9.22.1.jar;C:\Users\Nayan Mandal\.m2\repository\org\springframework\boot\spring-boot-starter-jdbc\3.2.9\spring-boot-starter-jdbc-3.2.9.jar;C:\Users\Nayan Mandal\.m2\repository\com\zaxxer\HikariCP\5.0.1\HikariCP-5.0.1.jar;C:\Users\Nayan Mandal\.m2\repository\org\springframework\spring-jdbc\6.1.12\spring-jdbc-6.1.12.jar;C:\Users\Nayan Mandal\.m2\repository\org\hibernate\orm\hibernate-core\6.4.10.Final\hibernate-core-6.4.10.Final.jar;C:\Users\Nayan Mandal\.m2\repository\jakarta\persistence\jakarta.persistence-api\3.1.0\jakarta.persistence-api-3.1.0.jar;C:\Users\Nayan Mandal\.m2\repository\jakarta\transaction\jakarta.transaction-api\2.0.1\jakarta.transaction-api-2.0.1.jar;C:\Users\Nayan Mandal\.m2\repository\org\jboss\logging\jboss-logging\3.5.3.Final\jboss-logging-3.5.3.Final.jar;C:\Users\Nayan Mandal\.m2\repository\org\hibernate\common\hibernate-commons-annotations\6.0.6.Final\hibernate-commons-annotations-6.0.6.Final.jar;C:\Users\Nayan Mandal\.m2\repository\io\smallrye\jandex\3.1.2\jandex-3.1.2.jar;C:\Users\Nayan Mandal\.m2\repository\com\fasterxml\classmate\1.6.0\classmate-1.6.0.jar;C:\Users\Nayan Mandal\.m2\repository\net\bytebuddy\byte-buddy\1.14.19\byte-buddy-1.14.19.jar;C:\Users\Nayan Mandal\.m2\repository\org\glassfish\jaxb\jaxb-runtime\4.0.5\jaxb-runtime-4.0.5.jar;C:\Users\Nayan Mandal\.m2\repository\org\glassfish\jaxb\jaxb-core\4.0.5\jaxb-core-4.0.5.jar;C:\Users\Nayan Mandal\.m2\repository\org\eclipse\angus\angus-activation\2.0.2\angus-activation-2.0.2.jar;C:\Users\Nayan Mandal\.m2\repository\org\glassfish\jaxb\txw2\4.0.5\txw2-4.0.5.jar;C:\Users\Nayan Mandal\.m2\repository\com\sun\istack\istack-commons-runtime\4.1.2\istack-commons-runtime-4.1.2.jar;C:\Users\Nayan Mandal\.m2\repository\jakarta\inject\jakarta.inject-api\2.0.1\jakarta.inject-api-2.0.1.jar;C:\Users\Nayan Mandal\.m2\repository\org\antlr\antlr4-runtime\4.13.0\antlr4-runtime-4.13.0.jar;C:\Users\Nayan Mandal\.m2\repository\org\springframework\data\spring-data-jpa\3.2.9\spring-data-jpa-3.2.9.jar;C:\Users\Nayan Mandal\.m2\repository\org\springframework\data\spring-data-commons\3.2.9\spring-data-commons-3.2.9.jar;C:\Users\Nayan Mandal\.m2\repository\org\springframework\spring-orm\6.1.12\spring-orm-6.1.12.jar;C:\Users\Nayan Mandal\.m2\repository\org\springframework\spring-context\6.1.12\spring-context-6.1.12.jar;C:\Users\Nayan Mandal\.m2\repository\org\springframework\spring-tx\6.1.12\spring-tx-6.1.12.jar;C:\Users\Nayan Mandal\.m2\repository\org\springframework\spring-beans\6.1.12\spring-beans-6.1.12.jar;C:\Users\Nayan Mandal\.m2\repository\jakarta\annotation\jakarta.annotation-api\2.1.1\jakarta.annotation-api-2.1.1.jar;C:\Users\Nayan Mandal\.m2\repository\org\slf4j\slf4j-api\2.0.16\slf4j-api-2.0.16.jar;C:\Users\Nayan Mandal\.m2\repository\org\springframework\spring-aspects\6.1.12\spring-aspects-6.1.12.jar;C:\Users\Nayan Mandal\.m2\repository\org\springframework\boot\spring-boot-starter-thymeleaf\3.2.9\spring-boot-starter-thymeleaf-3.2.9.jar;C:\Users\Nayan Mandal\.m2\repository\org\springframework\boot\spring-boot-starter\3.2.9\spring-boot-starter-3.2.9.jar;C:\Users\Nayan Mandal\.m2\repository\org\springframework\boot\spring-boot-starter-logging\3.2.9\spring-boot-starter-logging-3.2.9.jar;C:\Users\Nayan Mandal\.m2\repository\ch\qos\logback\logback-classic\1.4.14\logback-classic-1.4.14.jar;C:\Users\Nayan Mandal\.m2\repository\ch\qos\logback\logback-core\1.4.14\logback-core-1.4.14.jar;C:\Users\Nayan Mandal\.m2\repository\org\apache\logging\log4j\log4j-to-slf4j\2.21.1\log4j-to-slf4j-2.21.1.jar;C:\Users\Nayan Mandal\.m2\repository\org\apache\logging\log4j\log4j-api\2.21.1\log4j-api-2.21.1.jar;C:\Users\Nayan Mandal\.m2\repository\org\slf4j\jul-to-slf4j\2.0.16\jul-to-slf4j-2.0.16.jar;C:\Users\Nayan Mandal\.m2\repository\org\yaml\snakeyaml\2.2\snakeyaml-2.2.jar;C:\Users\Nayan Mandal\.m2\repository\org\thymeleaf\thymeleaf-spring6\3.1.2.RELEASE\thymeleaf-spring6-3.1.2.RELEASE.jar;C:\Users\Nayan Mandal\.m2\repository\org\thymeleaf\thymeleaf\3.1.2.RELEASE\thymeleaf-3.1.2.RELEASE.jar;C:\Users\Nayan Mandal\.m2\repository\org\attoparser\attoparser\2.0.7.RELEASE\attoparser-2.0.7.RELEASE.jar;C:\Users\Nayan Mandal\.m2\repository\org\unbescape\unbescape\1.1.6.RELEASE\unbescape-1.1.6.RELEASE.jar;C:\Users\Nayan Mandal\.m2\repository\org\springframework\boot\spring-boot-starter-web\3.2.9\spring-boot-starter-web-3.2.9.jar;C:\Users\Nayan Mandal\.m2\repository\org\springframework\boot\spring-boot-starter-json\3.2.9\spring-boot-starter-json-3.2.9.jar;C:\Users\Nayan Mandal\.m2\repository\com\fasterxml\jackson\core\jackson-databind\2.15.4\jackson-databind-2.15.4.jar;C:\Users\Nayan Mandal\.m2\repository\com\fasterxml\jackson\core\jackson-annotations\2.15.4\jackson-annotations-2.15.4.jar;C:\Users\Nayan Mandal\.m2\repository\com\fasterxml\jackson\core\jackson-core\2.15.4\jackson-core-2.15.4.jar;C:\Users\Nayan Mandal\.m2\repository\com\fasterxml\jackson\datatype\jackson-datatype-jdk8\2.15.4\jackson-datatype-jdk8-2.15.4.jar;C:\Users\Nayan Mandal\.m2\repository\com\fasterxml\jackson\datatype\jackson-datatype-jsr310\2.15.4\jackson-datatype-jsr310-2.15.4.jar;C:\Users\Nayan Mandal\.m2\repository\com\fasterxml\jackson\module\jackson-module-parameter-names\2.15.4\jackson-module-parameter-names-2.15.4.jar;C:\Users\Nayan Mandal\.m2\repository\org\springframework\boot\spring-boot-starter-tomcat\3.2.9\spring-boot-starter-tomcat-3.2.9.jar;C:\Users\Nayan Mandal\.m2\repository\org\apache\tomcat\embed\tomcat-embed-core\10.1.28\tomcat-embed-core-10.1.28.jar;C:\Users\Nayan Mandal\.m2\repository\org\apache\tomcat\embed\tomcat-embed-el\10.1.28\tomcat-embed-el-10.1.28.jar;C:\Users\Nayan Mandal\.m2\repository\org\apache\tomcat\embed\tomcat-embed-websocket\10.1.28\tomcat-embed-websocket-10.1.28.jar;C:\Users\Nayan Mandal\.m2\repository\org\springframework\spring-web\6.1.12\spring-web-6.1.12.jar;C:\Users\Nayan Mandal\.m2\repository\io\micrometer\micrometer-observation\1.12.9\micrometer-observation-1.12.9.jar;C:\Users\Nayan Mandal\.m2\repository\io\micrometer\micrometer-commons\1.12.9\micrometer-commons-1.12.9.jar;C:\Users\Nayan Mandal\.m2\repository\org\springframework\spring-webmvc\6.1.12\spring-webmvc-6.1.12.jar;C:\Users\Nayan Mandal\.m2\repository\org\springframework\spring-expression\6.1.12\spring-expression-6.1.12.jar;C:\Users\Nayan Mandal\.m2\repository\org\springframework\boot\spring-boot-devtools\3.2.9\spring-boot-devtools-3.2.9.jar;C:\Users\Nayan Mandal\.m2\repository\org\springframework\boot\spring-boot\3.2.9\spring-boot-3.2.9.jar;C:\Users\Nayan Mandal\.m2\repository\org\springframework\boot\spring-boot-autoconfigure\3.2.9\spring-boot-autoconfigure-3.2.9.jar;C:\Users\Nayan Mandal\.m2\repository\com\mysql\mysql-connector-j\8.3.0\mysql-connector-j-8.3.0.jar;C:\Users\Nayan Mandal\.m2\repository\jakarta\xml\bind\jakarta.xml.bind-api\4.0.2\jakarta.xml.bind-api-4.0.2.jar;C:\Users\Nayan Mandal\.m2\repository\jakarta\activation\jakarta.activation-api\2.1.3\jakarta.activation-api-2.1.3.jar;C:\Users\Nayan Mandal\.m2\repository\org\springframework\spring-core\6.1.12\spring-core-6.1.12.jar;C:\Users\Nayan Mandal\.m2\repository\org\springframework\spring-jcl\6.1.12\spring-jcl-6.1.12.jar
Launcher Type: SUN_STANDARD

[Global flags]
     intx CICompilerCount                          = 3                                         {product} {ergonomic}
     uint ConcGCThreads                            = 1                                         {product} {ergonomic}
     uint G1ConcRefinementThreads                  = 4                                         {product} {ergonomic}
   size_t G1HeapRegionSize                         = 1048576                                   {product} {ergonomic}
   size_t InitialHeapSize                          = 65011712                                  {product} {ergonomic}
   size_t MarkStackSize                            = 4194304                                   {product} {ergonomic}
   size_t MaxHeapSize                              = 1012924416                                {product} {ergonomic}
   size_t MaxNewSize                               = 607125504                                 {product} {ergonomic}
   size_t MinHeapDeltaBytes                        = 1048576                                   {product} {ergonomic}
   size_t MinHeapSize                              = 8388608                                   {product} {ergonomic}
    uintx NonNMethodCodeHeapSize                   = 5832780                                {pd product} {ergonomic}
    uintx NonProfiledCodeHeapSize                  = 122912730                              {pd product} {ergonomic}
    uintx ProfiledCodeHeapSize                     = 122912730                              {pd product} {ergonomic}
    uintx ReservedCodeCacheSize                    = 251658240                              {pd product} {ergonomic}
     bool SegmentedCodeCache                       = true                                      {product} {ergonomic}
     bool ShowCodeDetailsInExceptionMessages       = true                                   {manageable} {command line}
   size_t SoftMaxHeapSize                          = 1012924416                             {manageable} {ergonomic}
     bool UseCompressedOops                        = true                           {product lp64_product} {ergonomic}
     bool UseG1GC                                  = true                                      {product} {ergonomic}
     bool UseLargePagesIndividualAllocation        = false                                  {pd product} {ergonomic}

Logging:
Log output configuration:
 #0: stdout all=warning uptime,level,tags foldmultilines=false
 #1: stderr all=off uptime,level,tags foldmultilines=false

Environment Variables:
PATH=C:\Program Files\Common Files\Oracle\Java\javapath;C:\WINDOWS\system32;C:\WINDOWS;C:\WINDOWS\System32\Wbem;C:\WINDOWS\System32\WindowsPowerShell\v1.0\;C:\WINDOWS\System32\OpenSSH\;C:\Program Files\Git\cmd;C:\Program Files\MySQL\MySQL Shell 8.0\bin\;C:\Users\Nayan Mandal\AppData\Local\Microsoft\WindowsApps;C:\Users\Nayan Mandal\AppData\Local\Programs\Microsoft VS Code\bin;C:\MinGW\bin;
USERNAME=Nayan Mandal
LANG=en_US.UTF-8
OS=Windows_NT
PROCESSOR_IDENTIFIER=Intel64 Family 6 Model 126 Stepping 5, GenuineIntel
TMP=C:\Users\NAYANM~1\AppData\Local\Temp
TEMP=C:\Users\NAYANM~1\AppData\Local\Temp




Periodic native trim disabled

---------------  S Y S T E M  ---------------

OS:
 Windows 11 , 64 bit Build 22621 (10.0.22621.3958)
OS uptime: 0 days 0:28 hours

CPU: total 4 (initial active 4) (2 cores per cpu, 2 threads per core) family 6 model 126 stepping 5 microcode 0xc2, cx8, cmov, fxsr, ht, mmx, 3dnowpref, sse, sse2, sse3, ssse3, sse4.1, sse4.2, popcnt, lzcnt, tsc, tscinvbit, avx, avx2, aes, erms, clmul, bmi1, bmi2, adx, avx512f, avx512dq, avx512cd, avx512bw, avx512vl, sha, fma, vzeroupper, avx512_vpopcntdq, avx512_vpclmulqdq, avx512_vaes, avx512_vnni, clflush, clflushopt, avx512_vbmi2, avx512_vbmi, rdtscp, rdpid, fsrm, gfni, avx512_bitalg, f16c, pku, avx512_ifma
Processor Information for all 4 processors :
  Max Mhz: 1190, Current Mhz: 1190, Mhz Limit: 1190

Memory: 4k page, system-wide physical 3863M (234M free)
TotalPageFile size 8924M (AvailPageFile size 0M)
current process WorkingSet (physical memory assigned to process): 129M, peak: 129M
current process commit charge ("private bytes"): 179M, peak: 179M

vm_info: Java HotSpot(TM) 64-Bit Server VM (22.0.2+9-70) for windows-amd64 JRE (22.0.2+9-70), built on 2024-06-04T16:52:23Z by "mach5one" with MS VC++ 17.6 (VS2022)

END.
