#
# There is insufficient memory for the Java Runtime Environment to continue.
# Native memory allocation (malloc) failed to allocate 388656 bytes. Error detail: Chunk::new
# Possible reasons:
#   The system is out of physical RAM or swap space
#   This process is running with CompressedOops enabled, and the Java Heap may be blocking the growth of the native heap
# Possible solutions:
#   Reduce memory load on the system
#   Increase physical memory or swap space
#   Check if swap backing store is full
#   Decrease Java heap size (-Xmx/-Xms)
#   Decrease number of Java threads
#   Decrease Java thread stack sizes (-Xss)
#   Set larger code cache with -XX:ReservedCodeCacheSize=
#   JVM is running with Unscaled Compressed Oops mode in which the Java heap is
#     placed in the first 4GB address space. The Java Heap base address is the
#     maximum limit for the native heap growth. Please use -XX:HeapBaseMinAddress
#     to set the Java Heap base and to place the Java Heap above 4GB virtual address.
# This output file may be truncated or incomplete.
#
#  Out of Memory Error (arena.cpp:150), pid=10808, tid=10960
#
# JRE version: Java(TM) SE Runtime Environment (22.0.2+9) (build 22.0.2+9-70)
# Java VM: Java HotSpot(TM) 64-Bit Server VM (22.0.2+9-70, mixed mode, sharing, tiered, compressed oops, compressed class ptrs, g1 gc, windows-amd64)
# No core dump will be written. Minidumps are not enabled by default on client versions of Windows
#

---------------  S U M M A R Y ------------

Command Line: -Dcom.sun.management.jmxremote -Dcom.sun.management.jmxremote.port=50561 -Dcom.sun.management.jmxremote.authenticate=false -Dcom.sun.management.jmxremote.ssl=false -Dspring.jmx.enabled=true -Djava.rmi.server.hostname=localhost -Dspring.application.admin.enabled=true -Dspring.boot.project.name=contact -XX:+ShowCodeDetailsInExceptionMessages com.contact.contact.ContactApplication

Host: Intel(R) Core(TM) i3-1005G1 CPU @ 1.20GHz, 4 cores, 3G,  Windows 11 , 64 bit Build 22621 (10.0.22621.3958)
Time: Thu Sep 26 11:29:33 2024 India Standard Time elapsed time: 2.079306 seconds (0d 0h 0m 2s)

---------------  T H R E A D  ---------------

Current thread (0x000001c0973ec320):  JavaThread "C2 CompilerThread0" daemon [_thread_in_native, id=10960, stack(0x00000029a2700000,0x00000029a2800000) (1024K)]


Current CompileTask:
C2:2079 2439       4       jdk.internal.org.objectweb.asm.Frame::execute (2305 bytes)

Stack: [0x00000029a2700000,0x00000029a2800000]
Native frames: (J=compiled Java code, j=interpreted, Vv=VM code, C=native code)
V  [jvm.dll+0x6e26e9]  (no source info available)
V  [jvm.dll+0x875753]  (no source info available)
V  [jvm.dll+0x877b7e]  (no source info available)
V  [jvm.dll+0x878253]  (no source info available)
V  [jvm.dll+0x27fc86]  (no source info available)
V  [jvm.dll+0xc3d0f]  (no source info available)
V  [jvm.dll+0xc3f6b]  (no source info available)
V  [jvm.dll+0x3bb442]  (no source info available)
V  [jvm.dll+0x387d4b]  (no source info available)
V  [jvm.dll+0x3871ba]  (no source info available)
V  [jvm.dll+0x2477f8]  (no source info available)
V  [jvm.dll+0x246e9f]  (no source info available)
V  [jvm.dll+0x1c4e80]  (no source info available)
V  [jvm.dll+0x2568f3]  (no source info available)
V  [jvm.dll+0x254baa]  (no source info available)
V  [jvm.dll+0x3f57a6]  (no source info available)
V  [jvm.dll+0x81dc0b]  (no source info available)
V  [jvm.dll+0x6e0d85]  (no source info available)
C  [ucrtbase.dll+0x29333]  (no source info available)
C  [KERNEL32.DLL+0x1257d]  (no source info available)
C  [ntdll.dll+0x5af28]  (no source info available)


---------------  P R O C E S S  ---------------

Threads class SMR info:
_java_thread_list=0x000001c0ddbbd380, length=18, elements={
0x000001c0fb97f750, 0x000001c0973d6dd0, 0x000001c0973d7b20, 0x000001c0973e1580,
0x000001c0973e20d0, 0x000001c0973e33c0, 0x000001c0973e7800, 0x000001c0973ec320,
0x000001c0974009e0, 0x000001c0975e29a0, 0x000001c0976ddc00, 0x000001c0dd334e20,
0x000001c0dd3f2900, 0x000001c0dd3f8ce0, 0x000001c0dd935580, 0x000001c0dd953e00,
0x000001c0dda6c160, 0x000001c0ddbb93a0
}

Java Threads: ( => current thread )
  0x000001c0fb97f750 JavaThread "main"                              [_thread_blocked, id=4536, stack(0x00000029a1900000,0x00000029a1a00000) (1024K)]
  0x000001c0973d6dd0 JavaThread "Reference Handler"          daemon [_thread_blocked, id=11300, stack(0x00000029a2100000,0x00000029a2200000) (1024K)]
  0x000001c0973d7b20 JavaThread "Finalizer"                  daemon [_thread_blocked, id=16352, stack(0x00000029a2200000,0x00000029a2300000) (1024K)]
  0x000001c0973e1580 JavaThread "Signal Dispatcher"          daemon [_thread_blocked, id=4008, stack(0x00000029a2300000,0x00000029a2400000) (1024K)]
  0x000001c0973e20d0 JavaThread "Attach Listener"            daemon [_thread_blocked, id=14900, stack(0x00000029a2400000,0x00000029a2500000) (1024K)]
  0x000001c0973e33c0 JavaThread "Service Thread"             daemon [_thread_blocked, id=5036, stack(0x00000029a2500000,0x00000029a2600000) (1024K)]
  0x000001c0973e7800 JavaThread "Monitor Deflation Thread"   daemon [_thread_blocked, id=12044, stack(0x00000029a2600000,0x00000029a2700000) (1024K)]
=>0x000001c0973ec320 JavaThread "C2 CompilerThread0"         daemon [_thread_in_native, id=10960, stack(0x00000029a2700000,0x00000029a2800000) (1024K)]
  0x000001c0974009e0 JavaThread "C1 CompilerThread0"         daemon [_thread_blocked, id=12460, stack(0x00000029a2800000,0x00000029a2900000) (1024K)]
  0x000001c0975e29a0 JavaThread "Common-Cleaner"             daemon [_thread_blocked, id=10556, stack(0x00000029a2900000,0x00000029a2a00000) (1024K)]
  0x000001c0976ddc00 JavaThread "Notification Thread"        daemon [_thread_blocked, id=14596, stack(0x00000029a2a00000,0x00000029a2b00000) (1024K)]
  0x000001c0dd334e20 JavaThread "RMI TCP Accept-0"           daemon [_thread_in_native, id=16048, stack(0x00000029a2b00000,0x00000029a2c00000) (1024K)]
  0x000001c0dd3f2900 JavaThread "RMI TCP Accept-50561"       daemon [_thread_in_native, id=13016, stack(0x00000029a2c00000,0x00000029a2d00000) (1024K)]
  0x000001c0dd3f8ce0 JavaThread "RMI TCP Accept-0"           daemon [_thread_in_native, id=8700, stack(0x00000029a3000000,0x00000029a3100000) (1024K)]
  0x000001c0dd935580 JavaThread "Thread-0"                          [_thread_blocked, id=1636, stack(0x00000029a3100000,0x00000029a3200000) (1024K)]
  0x000001c0dd953e00 JavaThread "restartedMain"                     [_thread_in_vm, id=3268, stack(0x00000029a3200000,0x00000029a3300000) (1024K)]
  0x000001c0dda6c160 JavaThread "background-preinit"                [_thread_in_vm, id=11528, stack(0x00000029a3300000,0x00000029a3400000) (1024K)]
  0x000001c0ddbb93a0 JavaThread "WindowsStreamPump"          daemon [_thread_in_native, id=14764, stack(0x00000029a3400000,0x00000029a3500000) (1024K)]
Total: 18

Other Threads:
  0x000001c0973bb360 VMThread "VM Thread"                           [id=9548, stack(0x00000029a2000000,0x00000029a2100000) (1024K)]
  0x000001c0973ac780 WatcherThread "VM Periodic Task Thread"        [id=11616, stack(0x00000029a1f00000,0x00000029a2000000) (1024K)]
  0x000001c0fb9bff00 WorkerThread "GC Thread#0"                     [id=6492, stack(0x00000029a1a00000,0x00000029a1b00000) (1024K)]
  0x000001c0dd359b30 WorkerThread "GC Thread#1"                     [id=6832, stack(0x00000029a2d00000,0x00000029a2e00000) (1024K)]
  0x000001c0dd2f7730 WorkerThread "GC Thread#2"                     [id=2492, stack(0x00000029a2e00000,0x00000029a2f00000) (1024K)]
  0x000001c0dd2f7ae0 WorkerThread "GC Thread#3"                     [id=12208, stack(0x00000029a2f00000,0x00000029a3000000) (1024K)]
  0x000001c0fb9c9910 ConcurrentGCThread "G1 Main Marker"            [id=8088, stack(0x00000029a1b00000,0x00000029a1c00000) (1024K)]
  0x000001c0fb9cb5e0 WorkerThread "G1 Conc#0"                       [id=15844, stack(0x00000029a1c00000,0x00000029a1d00000) (1024K)]
  0x000001c0fba240d0 ConcurrentGCThread "G1 Refine#0"               [id=9064, stack(0x00000029a1d00000,0x00000029a1e00000) (1024K)]
  0x000001c0fba260f0 ConcurrentGCThread "G1 Service"                [id=16356, stack(0x00000029a1e00000,0x00000029a1f00000) (1024K)]
Total: 10

Threads with active compile tasks:
C2 CompilerThread0  2176 2439       4       jdk.internal.org.objectweb.asm.Frame::execute (2305 bytes)
Total: 1

VM state: not at safepoint (normal execution)

VM Mutex/Monitor currently owned by a thread: None

Heap address: 0x00000000c3a00000, size: 966 MB, Compressed Oops mode: 32-bit

CDS archive(s) mapped at: [0x000001c098000000-0x000001c098c60000-0x000001c098c60000), size 12976128, SharedBaseAddress: 0x000001c098000000, ArchiveRelocationMode: 1.
Compressed class space mapped at: 0x000001c099000000-0x000001c0d9000000, reserved size: 1073741824
Narrow klass base: 0x000001c098000000, Narrow klass shift: 0, Narrow klass range: 0x41000000

GC Precious Log:
 CardTable entry size: 512
 Card Set container configuration: InlinePtr #cards 5 size 8 Array Of Cards #cards 12 size 40 Howl #buckets 4 coarsen threshold 1843 Howl Bitmap #cards 512 size 80 coarsen threshold 460 Card regions per heap region 1 cards per card region 2048
 CPUs: 4 total, 4 available
 Memory: 3863M
 Large Page Support: Disabled
 NUMA Support: Disabled
 Compressed Oops: Enabled (32-bit)
 Heap Region Size: 1M
 Heap Min Capacity: 8M
 Heap Initial Capacity: 62M
 Heap Max Capacity: 966M
 Pre-touch: Disabled
 Parallel Workers: 4
 Concurrent Workers: 1
 Concurrent Refinement Workers: 4
 Periodic GC: Disabled

Heap:
 garbage-first heap   total reserved 989184K, committed 63488K, used 17355K [0x00000000c3a00000, 0x0000000100000000)
  region size 1024K, 12 young (12288K), 4 survivors (4096K)
 Metaspace       used 18364K, committed 18624K, reserved 1114112K
  class space    used 2184K, committed 2304K, reserved 1048576K

Heap Regions: E=young(eden), S=young(survivor), O=old, HS=humongous(starts), HC=humongous(continues), CS=collection set, F=free, TAMS=top-at-mark-start, PB=parsable bottom
|   0|0x00000000c3a00000, 0x00000000c3b00000, 0x00000000c3b00000|100%|HS|  |TAMS 0x00000000c3a00000| PB 0x00000000c3a00000| Complete |  0
|   1|0x00000000c3b00000, 0x00000000c3c00000, 0x00000000c3c00000|100%| O|  |TAMS 0x00000000c3b00000| PB 0x00000000c3b00000| Untracked |  0
|   2|0x00000000c3c00000, 0x00000000c3d00000, 0x00000000c3d00000|100%| O|  |TAMS 0x00000000c3c00000| PB 0x00000000c3c00000| Untracked |  0
|   3|0x00000000c3d00000, 0x00000000c3e00000, 0x00000000c3e00000|100%| O|  |TAMS 0x00000000c3d00000| PB 0x00000000c3d00000| Untracked |  0
|   4|0x00000000c3e00000, 0x00000000c3f00000, 0x00000000c3f00000|100%| O|  |TAMS 0x00000000c3e00000| PB 0x00000000c3e00000| Untracked |  0
|   5|0x00000000c3f00000, 0x00000000c4000000, 0x00000000c4000000|100%| O|  |TAMS 0x00000000c3f00000| PB 0x00000000c3f00000| Untracked |  0
|   6|0x00000000c4000000, 0x00000000c4077280, 0x00000000c4100000| 46%| O|  |TAMS 0x00000000c4000000| PB 0x00000000c4000000| Untracked |  0
|   7|0x00000000c4100000, 0x00000000c4100000, 0x00000000c4200000|  0%| F|  |TAMS 0x00000000c4100000| PB 0x00000000c4100000| Untracked |  0
|   8|0x00000000c4200000, 0x00000000c4200000, 0x00000000c4300000|  0%| F|  |TAMS 0x00000000c4200000| PB 0x00000000c4200000| Untracked |  0
|   9|0x00000000c4300000, 0x00000000c4300000, 0x00000000c4400000|  0%| F|  |TAMS 0x00000000c4300000| PB 0x00000000c4300000| Untracked |  0
|  10|0x00000000c4400000, 0x00000000c4400000, 0x00000000c4500000|  0%| F|  |TAMS 0x00000000c4400000| PB 0x00000000c4400000| Untracked |  0
|  11|0x00000000c4500000, 0x00000000c4500000, 0x00000000c4600000|  0%| F|  |TAMS 0x00000000c4500000| PB 0x00000000c4500000| Untracked |  0
|  12|0x00000000c4600000, 0x00000000c4600000, 0x00000000c4700000|  0%| F|  |TAMS 0x00000000c4600000| PB 0x00000000c4600000| Untracked |  0
|  13|0x00000000c4700000, 0x00000000c4700000, 0x00000000c4800000|  0%| F|  |TAMS 0x00000000c4700000| PB 0x00000000c4700000| Untracked |  0
|  14|0x00000000c4800000, 0x00000000c4800000, 0x00000000c4900000|  0%| F|  |TAMS 0x00000000c4800000| PB 0x00000000c4800000| Untracked |  0
|  15|0x00000000c4900000, 0x00000000c4900000, 0x00000000c4a00000|  0%| F|  |TAMS 0x00000000c4900000| PB 0x00000000c4900000| Untracked |  0
|  16|0x00000000c4a00000, 0x00000000c4a00000, 0x00000000c4b00000|  0%| F|  |TAMS 0x00000000c4a00000| PB 0x00000000c4a00000| Untracked |  0
|  17|0x00000000c4b00000, 0x00000000c4b00000, 0x00000000c4c00000|  0%| F|  |TAMS 0x00000000c4b00000| PB 0x00000000c4b00000| Untracked |  0
|  18|0x00000000c4c00000, 0x00000000c4c00000, 0x00000000c4d00000|  0%| F|  |TAMS 0x00000000c4c00000| PB 0x00000000c4c00000| Untracked |  0
|  19|0x00000000c4d00000, 0x00000000c4d00000, 0x00000000c4e00000|  0%| F|  |TAMS 0x00000000c4d00000| PB 0x00000000c4d00000| Untracked |  0
|  20|0x00000000c4e00000, 0x00000000c4e00000, 0x00000000c4f00000|  0%| F|  |TAMS 0x00000000c4e00000| PB 0x00000000c4e00000| Untracked |  0
|  21|0x00000000c4f00000, 0x00000000c4f00000, 0x00000000c5000000|  0%| F|  |TAMS 0x00000000c4f00000| PB 0x00000000c4f00000| Untracked |  0
|  22|0x00000000c5000000, 0x00000000c5000000, 0x00000000c5100000|  0%| F|  |TAMS 0x00000000c5000000| PB 0x00000000c5000000| Untracked |  0
|  23|0x00000000c5100000, 0x00000000c5100000, 0x00000000c5200000|  0%| F|  |TAMS 0x00000000c5100000| PB 0x00000000c5100000| Untracked |  0
|  24|0x00000000c5200000, 0x00000000c5200000, 0x00000000c5300000|  0%| F|  |TAMS 0x00000000c5200000| PB 0x00000000c5200000| Untracked |  0
|  25|0x00000000c5300000, 0x00000000c5300000, 0x00000000c5400000|  0%| F|  |TAMS 0x00000000c5300000| PB 0x00000000c5300000| Untracked |  0
|  26|0x00000000c5400000, 0x00000000c5400000, 0x00000000c5500000|  0%| F|  |TAMS 0x00000000c5400000| PB 0x00000000c5400000| Untracked |  0
|  27|0x00000000c5500000, 0x00000000c5500000, 0x00000000c5600000|  0%| F|  |TAMS 0x00000000c5500000| PB 0x00000000c5500000| Untracked |  0
|  28|0x00000000c5600000, 0x00000000c5600000, 0x00000000c5700000|  0%| F|  |TAMS 0x00000000c5600000| PB 0x00000000c5600000| Untracked |  0
|  29|0x00000000c5700000, 0x00000000c5700000, 0x00000000c5800000|  0%| F|  |TAMS 0x00000000c5700000| PB 0x00000000c5700000| Untracked |  0
|  30|0x00000000c5800000, 0x00000000c5800000, 0x00000000c5900000|  0%| F|  |TAMS 0x00000000c5800000| PB 0x00000000c5800000| Untracked |  0
|  31|0x00000000c5900000, 0x00000000c5900000, 0x00000000c5a00000|  0%| F|  |TAMS 0x00000000c5900000| PB 0x00000000c5900000| Untracked |  0
|  32|0x00000000c5a00000, 0x00000000c5a7bc40, 0x00000000c5b00000| 48%| S|CS|TAMS 0x00000000c5a00000| PB 0x00000000c5a00000| Complete |  0
|  33|0x00000000c5b00000, 0x00000000c5c00000, 0x00000000c5c00000|100%| S|CS|TAMS 0x00000000c5b00000| PB 0x00000000c5b00000| Complete |  0
|  34|0x00000000c5c00000, 0x00000000c5d00000, 0x00000000c5d00000|100%| S|CS|TAMS 0x00000000c5c00000| PB 0x00000000c5c00000| Complete |  0
|  35|0x00000000c5d00000, 0x00000000c5e00000, 0x00000000c5e00000|100%| S|CS|TAMS 0x00000000c5d00000| PB 0x00000000c5d00000| Complete |  0
|  36|0x00000000c5e00000, 0x00000000c5e00000, 0x00000000c5f00000|  0%| F|  |TAMS 0x00000000c5e00000| PB 0x00000000c5e00000| Untracked |  0
|  37|0x00000000c5f00000, 0x00000000c5f00000, 0x00000000c6000000|  0%| F|  |TAMS 0x00000000c5f00000| PB 0x00000000c5f00000| Untracked |  0
|  38|0x00000000c6000000, 0x00000000c6000000, 0x00000000c6100000|  0%| F|  |TAMS 0x00000000c6000000| PB 0x00000000c6000000| Untracked |  0
|  39|0x00000000c6100000, 0x00000000c6100000, 0x00000000c6200000|  0%| F|  |TAMS 0x00000000c6100000| PB 0x00000000c6100000| Untracked |  0
|  40|0x00000000c6200000, 0x00000000c6200000, 0x00000000c6300000|  0%| F|  |TAMS 0x00000000c6200000| PB 0x00000000c6200000| Untracked |  0
|  41|0x00000000c6300000, 0x00000000c6300000, 0x00000000c6400000|  0%| F|  |TAMS 0x00000000c6300000| PB 0x00000000c6300000| Untracked |  0
|  42|0x00000000c6400000, 0x00000000c6400000, 0x00000000c6500000|  0%| F|  |TAMS 0x00000000c6400000| PB 0x00000000c6400000| Untracked |  0
|  43|0x00000000c6500000, 0x00000000c6500000, 0x00000000c6600000|  0%| F|  |TAMS 0x00000000c6500000| PB 0x00000000c6500000| Untracked |  0
|  44|0x00000000c6600000, 0x00000000c6600000, 0x00000000c6700000|  0%| F|  |TAMS 0x00000000c6600000| PB 0x00000000c6600000| Untracked |  0
|  45|0x00000000c6700000, 0x00000000c6700000, 0x00000000c6800000|  0%| F|  |TAMS 0x00000000c6700000| PB 0x00000000c6700000| Untracked |  0
|  46|0x00000000c6800000, 0x00000000c6800000, 0x00000000c6900000|  0%| F|  |TAMS 0x00000000c6800000| PB 0x00000000c6800000| Untracked |  0
|  47|0x00000000c6900000, 0x00000000c6900000, 0x00000000c6a00000|  0%| F|  |TAMS 0x00000000c6900000| PB 0x00000000c6900000| Untracked |  0
|  48|0x00000000c6a00000, 0x00000000c6a00000, 0x00000000c6b00000|  0%| F|  |TAMS 0x00000000c6a00000| PB 0x00000000c6a00000| Untracked |  0
|  49|0x00000000c6b00000, 0x00000000c6b00000, 0x00000000c6c00000|  0%| F|  |TAMS 0x00000000c6b00000| PB 0x00000000c6b00000| Untracked |  0
|  50|0x00000000c6c00000, 0x00000000c6c00000, 0x00000000c6d00000|  0%| F|  |TAMS 0x00000000c6c00000| PB 0x00000000c6c00000| Untracked |  0
|  51|0x00000000c6d00000, 0x00000000c6d00000, 0x00000000c6e00000|  0%| F|  |TAMS 0x00000000c6d00000| PB 0x00000000c6d00000| Untracked |  0
|  52|0x00000000c6e00000, 0x00000000c6e00000, 0x00000000c6f00000|  0%| F|  |TAMS 0x00000000c6e00000| PB 0x00000000c6e00000| Untracked |  0
|  53|0x00000000c6f00000, 0x00000000c6f00000, 0x00000000c7000000|  0%| F|  |TAMS 0x00000000c6f00000| PB 0x00000000c6f00000| Untracked |  0
|  54|0x00000000c7000000, 0x00000000c7100000, 0x00000000c7100000|100%| E|  |TAMS 0x00000000c7000000| PB 0x00000000c7000000| Complete |  0
|  55|0x00000000c7100000, 0x00000000c7200000, 0x00000000c7200000|100%| E|CS|TAMS 0x00000000c7100000| PB 0x00000000c7100000| Complete |  0
|  56|0x00000000c7200000, 0x00000000c7300000, 0x00000000c7300000|100%| E|CS|TAMS 0x00000000c7200000| PB 0x00000000c7200000| Complete |  0
|  57|0x00000000c7300000, 0x00000000c7400000, 0x00000000c7400000|100%| E|CS|TAMS 0x00000000c7300000| PB 0x00000000c7300000| Complete |  0
|  58|0x00000000c7400000, 0x00000000c7500000, 0x00000000c7500000|100%| E|CS|TAMS 0x00000000c7400000| PB 0x00000000c7400000| Complete |  0
|  59|0x00000000c7500000, 0x00000000c7600000, 0x00000000c7600000|100%| E|CS|TAMS 0x00000000c7500000| PB 0x00000000c7500000| Complete |  0
|  60|0x00000000c7600000, 0x00000000c7700000, 0x00000000c7700000|100%| E|CS|TAMS 0x00000000c7600000| PB 0x00000000c7600000| Complete |  0
|  61|0x00000000c7700000, 0x00000000c7800000, 0x00000000c7800000|100%| E|CS|TAMS 0x00000000c7700000| PB 0x00000000c7700000| Complete |  0

Card table byte_map: [0x000001c0fbc30000,0x000001c0fbe20000] _byte_map_base: 0x000001c0fb613000

Marking Bits: (CMBitMap*) 0x000001c0fb9c0e20
 Bits: [0x000001c0fbe20000, 0x000001c0fcd38000)

Polling page: 0x000001c0f98a0000

Metaspace:

Usage:
  Non-class:     15.84 MB used.
      Class:      2.14 MB used.
       Both:     17.98 MB used.

Virtual space:
  Non-class space:       64.00 MB reserved,      16.00 MB ( 25%) committed,  1 nodes.
      Class space:        1.00 GB reserved,       2.25 MB ( <1%) committed,  1 nodes.
             Both:        1.06 GB reserved,      18.25 MB (  2%) committed. 

Chunk freelists:
   Non-Class:  15.66 MB
       Class:  13.69 MB
        Both:  29.34 MB

MaxMetaspaceSize: unlimited
CompressedClassSpaceSize: 1.00 GB
Initial GC threshold: 21.00 MB
Current GC threshold: 21.00 MB
CDS: on
 - commit_granule_bytes: 65536.
 - commit_granule_words: 8192.
 - virtual_space_node_default_size: 8388608.
 - enlarge_chunks_in_place: 1.
 - use_allocation_guard: 0.


Internal statistics:

num_allocs_failed_limit: 0.
num_arena_births: 312.
num_arena_deaths: 0.
num_vsnodes_births: 2.
num_vsnodes_deaths: 0.
num_space_committed: 292.
num_space_uncommitted: 0.
num_chunks_returned_to_freelist: 0.
num_chunks_taken_from_freelist: 746.
num_chunk_merges: 0.
num_chunk_splits: 512.
num_chunks_enlarged: 371.
num_inconsistent_stats: 0.

CodeHeap 'non-profiled nmethods': size=120000Kb used=850Kb max_used=850Kb free=119149Kb
 bounds [0x000001c08fd60000, 0x000001c08ffd0000, 0x000001c097290000]
CodeHeap 'profiled nmethods': size=120000Kb used=4823Kb max_used=4823Kb free=115176Kb
 bounds [0x000001c088290000, 0x000001c088750000, 0x000001c08f7c0000]
CodeHeap 'non-nmethods': size=5760Kb used=1605Kb max_used=1614Kb free=4154Kb
 bounds [0x000001c08f7c0000, 0x000001c08fa30000, 0x000001c08fd60000]
 total_blobs=3050 nmethods=2515 adapters=439
 compilation: enabled
              stopped_count=0, restarted_count=0
 full_count=0

Compilation events (20 events):
Event: 2.048 Thread 0x000001c0974009e0 nmethod 2434 0x000001c08870ef90 code [0x000001c08870f140, 0x000001c08870f358]
Event: 2.048 Thread 0x000001c0974009e0 2435       3       java.util.LinkedHashMap$LinkedValueIterator::<init> (7 bytes)
Event: 2.048 Thread 0x000001c0974009e0 nmethod 2435 0x000001c08870f490 code [0x000001c08870f640, 0x000001c08870f778]
Event: 2.053 Thread 0x000001c0973ec320 nmethod 2432 0x000001c08fe31210 code [0x000001c08fe313e0, 0x000001c08fe31bf0]
Event: 2.053 Thread 0x000001c0973ec320 2436       4       jdk.internal.misc.Unsafe::allocateUninitializedArray0 (90 bytes)
Event: 2.054 Thread 0x000001c0974009e0 2437       3       java.lang.AbstractStringBuilder::append (77 bytes)
Event: 2.054 Thread 0x000001c0973ec320 nmethod 2436 0x000001c08fe32010 code [0x000001c08fe321a0, 0x000001c08fe32370]
Event: 2.054 Thread 0x000001c0974009e0 nmethod 2437 0x000001c08870f810 code [0x000001c08870fa20, 0x000001c0887100c8]
Event: 2.055 Thread 0x000001c0974009e0 2438       3       java.lang.Class::getComponentType (14 bytes)
Event: 2.055 Thread 0x000001c0974009e0 nmethod 2438 0x000001c088710390 code [0x000001c088710540, 0x000001c0887106f0]
Event: 2.058 Thread 0x000001c0973ec320 2439       4       jdk.internal.org.objectweb.asm.Frame::execute (2305 bytes)
Event: 2.059 Thread 0x000001c0974009e0 2440       3       jdk.internal.org.objectweb.asm.SymbolTable::addConstant (330 bytes)
Event: 2.060 Thread 0x000001c0974009e0 nmethod 2440 0x000001c088710790 code [0x000001c088710ca0, 0x000001c088713a28]
Event: 2.066 Thread 0x000001c0974009e0 2441       1       java.lang.reflect.Method::getSharedExceptionTypes (5 bytes)
Event: 2.066 Thread 0x000001c0974009e0 nmethod 2441 0x000001c08fe32490 code [0x000001c08fe32620, 0x000001c08fe326e8]
Event: 2.068 Thread 0x000001c0974009e0 2442       3       jdk.internal.org.objectweb.asm.Frame::merge (395 bytes)
Event: 2.070 Thread 0x000001c0974009e0 nmethod 2442 0x000001c088714390 code [0x000001c088714640, 0x000001c0887153d8]
Event: 2.070 Thread 0x000001c0974009e0 2444       3       jdk.internal.org.objectweb.asm.FieldWriter::computeFieldInfoSize (86 bytes)
Event: 2.071 Thread 0x000001c0974009e0 nmethod 2444 0x000001c088715a10 code [0x000001c088715be0, 0x000001c088715ec0]
Event: 2.071 Thread 0x000001c0974009e0 2445       3       jdk.internal.org.objectweb.asm.FieldWriter::putFieldInfo (269 bytes)

GC Heap History (6 events):
Event: 0.866 GC heap before
{Heap before GC invocations=0 (full 0):
 garbage-first heap   total reserved 989184K, committed 63488K, used 14336K [0x00000000c3a00000, 0x0000000100000000)
  region size 1024K, 14 young (14336K), 0 survivors (0K)
 Metaspace       used 5358K, committed 5568K, reserved 1114112K
  class space    used 567K, committed 704K, reserved 1048576K
}
Event: 0.877 GC heap after
{Heap after GC invocations=1 (full 0):
 garbage-first heap   total reserved 989184K, committed 63488K, used 6336K [0x00000000c3a00000, 0x0000000100000000)
  region size 1024K, 2 young (2048K), 2 survivors (2048K)
 Metaspace       used 5358K, committed 5568K, reserved 1114112K
  class space    used 567K, committed 704K, reserved 1048576K
}
Event: 1.313 GC heap before
{Heap before GC invocations=1 (full 0):
 garbage-first heap   total reserved 989184K, committed 63488K, used 19648K [0x00000000c3a00000, 0x0000000100000000)
  region size 1024K, 16 young (16384K), 2 survivors (2048K)
 Metaspace       used 8756K, committed 9024K, reserved 1114112K
  class space    used 980K, committed 1088K, reserved 1048576K
}
Event: 1.318 GC heap after
{Heap after GC invocations=2 (full 0):
 garbage-first heap   total reserved 989184K, committed 63488K, used 8074K [0x00000000c3a00000, 0x0000000100000000)
  region size 1024K, 2 young (2048K), 2 survivors (2048K)
 Metaspace       used 8756K, committed 9024K, reserved 1114112K
  class space    used 980K, committed 1088K, reserved 1048576K
}
Event: 1.984 GC heap before
{Heap before GC invocations=2 (full 0):
 garbage-first heap   total reserved 989184K, committed 63488K, used 31626K [0x00000000c3a00000, 0x0000000100000000)
  region size 1024K, 26 young (26624K), 2 survivors (2048K)
 Metaspace       used 16459K, committed 16832K, reserved 1114112K
  class space    used 1950K, committed 2112K, reserved 1048576K
}
Event: 1.988 GC heap after
{Heap after GC invocations=3 (full 0):
 garbage-first heap   total reserved 989184K, committed 63488K, used 10187K [0x00000000c3a00000, 0x0000000100000000)
  region size 1024K, 4 young (4096K), 4 survivors (4096K)
 Metaspace       used 16459K, committed 16832K, reserved 1114112K
  class space    used 1950K, committed 2112K, reserved 1048576K
}

Dll operation events (10 events):
Event: 0.028 Loaded shared library C:\Program Files\Java\jdk-22\bin\java.dll
Event: 0.180 Loaded shared library C:\Program Files\Java\jdk-22\bin\jsvml.dll
Event: 0.243 Loaded shared library C:\Program Files\Java\jdk-22\bin\jimage.dll
Event: 0.252 Loaded shared library C:\Program Files\Java\jdk-22\bin\net.dll
Event: 0.254 Loaded shared library C:\Program Files\Java\jdk-22\bin\nio.dll
Event: 0.257 Loaded shared library C:\Program Files\Java\jdk-22\bin\zip.dll
Event: 0.335 Loaded shared library C:\Program Files\Java\jdk-22\bin\management.dll
Event: 0.355 Loaded shared library C:\Program Files\Java\jdk-22\bin\management_ext.dll
Event: 0.830 Loaded shared library C:\Program Files\Java\jdk-22\bin\extnet.dll
Event: 1.770 Loaded shared library C:\Program Files\Java\jdk-22\bin\le.dll

Deoptimization events (20 events):
Event: 1.994 Thread 0x000001c0dd953e00 Uncommon trap: trap_request=0xffffffd6 fr.pc=0x000001c08fe18ac0 relative=0x0000000000000d20
Event: 1.994 Thread 0x000001c0dd953e00 Uncommon trap: reason=array_check action=maybe_recompile pc=0x000001c08fe18ac0 method=org.springframework.boot.context.properties.source.ConfigurationPropertyName.getElement(ILorg/springframework/boot/context/properties/source/ConfigurationPropertyName$Fo
Event: 1.994 Thread 0x000001c0dd953e00 DEOPT PACKING pc=0x000001c08fe18ac0 sp=0x00000029a32fe7f0
Event: 1.994 Thread 0x000001c0dd953e00 DEOPT UNPACKING pc=0x000001c08f817da2 sp=0x00000029a32fe7c8 mode 2
Event: 2.023 Thread 0x000001c0dd953e00 Uncommon trap: trap_request=0xffffff45 fr.pc=0x000001c08fdece1c relative=0x000000000000061c
Event: 2.023 Thread 0x000001c0dd953e00 Uncommon trap: reason=unstable_if action=reinterpret pc=0x000001c08fdece1c method=java.lang.StringLatin1.getChars(II[B)I @ 25 c2
Event: 2.023 Thread 0x000001c0dd953e00 DEOPT PACKING pc=0x000001c08fdece1c sp=0x00000029a32fe150
Event: 2.023 Thread 0x000001c0dd953e00 DEOPT UNPACKING pc=0x000001c08f817da2 sp=0x00000029a32fe0a0 mode 2
Event: 2.045 Thread 0x000001c0dda6c160 Uncommon trap: trap_request=0xffffff45 fr.pc=0x000001c08fd7a62c relative=0x00000000000004cc
Event: 2.045 Thread 0x000001c0dda6c160 Uncommon trap: reason=unstable_if action=reinterpret pc=0x000001c08fd7a62c method=java.lang.StringLatin1.canEncode(C)Z @ 4 c2
Event: 2.045 Thread 0x000001c0dda6c160 DEOPT PACKING pc=0x000001c08fd7a62c sp=0x00000029a33fdd90
Event: 2.045 Thread 0x000001c0dda6c160 DEOPT UNPACKING pc=0x000001c08f817da2 sp=0x00000029a33fdcc0 mode 2
Event: 2.045 Thread 0x000001c0dda6c160 Uncommon trap: trap_request=0xffffff45 fr.pc=0x000001c08fd7b890 relative=0x00000000000004b0
Event: 2.045 Thread 0x000001c0dda6c160 Uncommon trap: reason=unstable_if action=reinterpret pc=0x000001c08fd7b890 method=java.lang.AbstractStringBuilder.isLatin1()Z @ 10 c2
Event: 2.045 Thread 0x000001c0dda6c160 DEOPT PACKING pc=0x000001c08fd7b890 sp=0x00000029a33fdda0
Event: 2.045 Thread 0x000001c0dda6c160 DEOPT UNPACKING pc=0x000001c08f817da2 sp=0x00000029a33fdd30 mode 2
Event: 2.045 Thread 0x000001c0dda6c160 Uncommon trap: trap_request=0xffffff45 fr.pc=0x000001c08fd79b6c relative=0x000000000000006c
Event: 2.045 Thread 0x000001c0dda6c160 Uncommon trap: reason=unstable_if action=reinterpret pc=0x000001c08fd79b6c method=java.lang.AbstractStringBuilder.isLatin1()Z @ 10 c2
Event: 2.045 Thread 0x000001c0dda6c160 DEOPT PACKING pc=0x000001c08fd79b6c sp=0x00000029a33fdda0
Event: 2.045 Thread 0x000001c0dda6c160 DEOPT UNPACKING pc=0x000001c08f817da2 sp=0x00000029a33fdd30 mode 2

Classes loaded (20 events):
Event: 1.971 Loading class java/util/concurrent/ConcurrentLinkedQueue
Event: 1.971 Loading class java/util/concurrent/ConcurrentLinkedQueue done
Event: 1.971 Loading class java/util/concurrent/ConcurrentLinkedQueue$Node
Event: 1.971 Loading class java/util/concurrent/ConcurrentLinkedQueue$Node done
Event: 1.974 Loading class java/util/concurrent/atomic/AtomicLongArray
Event: 1.975 Loading class java/util/concurrent/atomic/AtomicLongArray done
Event: 1.975 Loading class java/lang/invoke/VarHandleLongs$Array
Event: 1.975 Loading class java/lang/invoke/VarHandleLongs$Array done
Event: 1.976 Loading class java/util/concurrent/atomic/AtomicReferenceArray
Event: 1.976 Loading class java/util/concurrent/atomic/AtomicReferenceArray done
Event: 1.976 Loading class java/lang/invoke/VarHandleReferences$Array
Event: 1.977 Loading class java/lang/invoke/VarHandleReferences$Array done
Event: 2.023 Loading class java/time/ZonedDateTime$1
Event: 2.023 Loading class java/time/ZonedDateTime$1 done
Event: 2.039 Loading class org/xml/sax/SAXParseException
Event: 2.039 Loading class org/xml/sax/SAXParseException done
Event: 2.044 Loading class sun/text/resources/cldr/FormatData_en_US
Event: 2.044 Loading class sun/text/resources/cldr/FormatData_en_US done
Event: 2.058 Loading class java/io/CharArrayReader
Event: 2.058 Loading class java/io/CharArrayReader done

Classes unloaded (0 events):
No events

Classes redefined (0 events):
No events

Internal exceptions (20 events):
Event: 1.589 Thread 0x000001c0dd953e00 Exception <a 'java/lang/NoSuchMethodError'{0x00000000c6e52b38}: 'java.lang.Object java.lang.invoke.DirectMethodHandle$Holder.invokeSpecial(java.lang.Object, java.lang.Object, java.lang.Object, int, java.lang.Object)'> (0x00000000c6e52b38) 
thrown [s\open\src\hotspot\share\interpreter\linkResolver.cpp, line 774]
Event: 1.590 Thread 0x000001c0dd953e00 Exception <a 'java/lang/NoSuchMethodError'{0x00000000c6e5a838}: 'java.lang.Object java.lang.invoke.DirectMethodHandle$Holder.newInvokeSpecial(java.lang.Object, java.lang.Object, java.lang.Object, int, java.lang.Object)'> (0x00000000c6e5a838) 
thrown [s\open\src\hotspot\share\interpreter\linkResolver.cpp, line 774]
Event: 1.591 Thread 0x000001c0dd953e00 Exception <a 'java/lang/NoSuchMethodError'{0x00000000c6e61de0}: 'java.lang.Object java.lang.invoke.Invokers$Holder.linkToTargetMethod(java.lang.Object, java.lang.Object, int, java.lang.Object, java.lang.Object)'> (0x00000000c6e61de0) 
thrown [s\open\src\hotspot\share\interpreter\linkResolver.cpp, line 774]
Event: 1.592 Thread 0x000001c0dd953e00 Exception <a 'java/lang/NoSuchMethodError'{0x00000000c6e70310}: 'java.lang.Object java.lang.invoke.DirectMethodHandle$Holder.newInvokeSpecial(java.lang.Object, int, java.lang.Object)'> (0x00000000c6e70310) 
thrown [s\open\src\hotspot\share\interpreter\linkResolver.cpp, line 774]
Event: 1.592 Thread 0x000001c0dd953e00 Exception <a 'java/lang/NoSuchMethodError'{0x00000000c6e74080}: 'int java.lang.invoke.DirectMethodHandle$Holder.invokeSpecialIFC(java.lang.Object, java.lang.Object, java.lang.Object, java.lang.Object)'> (0x00000000c6e74080) 
thrown [s\open\src\hotspot\share\interpreter\linkResolver.cpp, line 774]
Event: 1.619 Thread 0x000001c0dd953e00 Exception <a 'java/lang/NoSuchMethodError'{0x00000000c6d56ef0}: 'void java.lang.invoke.DirectMethodHandle$Holder.invokeInterface(java.lang.Object, java.lang.Object, java.lang.Object)'> (0x00000000c6d56ef0) 
thrown [s\open\src\hotspot\share\interpreter\linkResolver.cpp, line 774]
Event: 1.661 Thread 0x000001c0dd953e00 Exception <a 'java/lang/NoSuchMethodError'{0x00000000c6df7998}: 'void java.lang.invoke.DirectMethodHandle$Holder.invokeStaticInit(java.lang.Object, java.lang.Object, java.lang.Object)'> (0x00000000c6df7998) 
thrown [s\open\src\hotspot\share\interpreter\linkResolver.cpp, line 774]
Event: 1.669 Thread 0x000001c0dd953e00 Exception <a 'java/lang/NoSuchMethodError'{0x00000000c6c3e450}: 'java.lang.Object java.lang.invoke.DirectMethodHandle$Holder.invokeVirtual(java.lang.Object, java.lang.Object, java.lang.Object)'> (0x00000000c6c3e450) 
thrown [s\open\src\hotspot\share\interpreter\linkResolver.cpp, line 774]
Event: 1.675 Thread 0x000001c0dd953e00 Exception <a 'java/lang/NoSuchMethodError'{0x00000000c6c5e248}: 'java.lang.Object java.lang.invoke.DirectMethodHandle$Holder.invokeStatic(java.lang.Object, long, java.lang.Object)'> (0x00000000c6c5e248) 
thrown [s\open\src\hotspot\share\interpreter\linkResolver.cpp, line 774]
Event: 1.675 Thread 0x000001c0dd953e00 Exception <a 'java/lang/NoSuchMethodError'{0x00000000c6c618d0}: 'java.lang.Object java.lang.invoke.DirectMethodHandle$Holder.invokeStaticInit(java.lang.Object, long, java.lang.Object)'> (0x00000000c6c618d0) 
thrown [s\open\src\hotspot\share\interpreter\linkResolver.cpp, line 774]
Event: 1.675 Thread 0x000001c0dd953e00 Exception <a 'java/lang/NoSuchMethodError'{0x00000000c6c673b0}: 'java.lang.Object java.lang.invoke.DirectMethodHandle$Holder.newInvokeSpecial(java.lang.Object, long)'> (0x00000000c6c673b0) 
thrown [s\open\src\hotspot\share\interpreter\linkResolver.cpp, line 774]
Event: 1.689 Thread 0x000001c0dd953e00 Exception <a 'java/lang/NoSuchMethodError'{0x00000000c6cbcfc8}: 'void java.lang.invoke.DirectMethodHandle$Holder.invokeSpecial(java.lang.Object, java.lang.Object, java.lang.Object, java.lang.Object, java.lang.Object)'> (0x00000000c6cbcfc8) 
thrown [s\open\src\hotspot\share\interpreter\linkResolver.cpp, line 774]
Event: 1.689 Thread 0x000001c0dd953e00 Exception <a 'java/lang/NoSuchMethodError'{0x00000000c6cc4c28}: 'void java.lang.invoke.DirectMethodHandle$Holder.invokeVirtual(java.lang.Object, java.lang.Object, java.lang.Object, java.lang.Object)'> (0x00000000c6cc4c28) 
thrown [s\open\src\hotspot\share\interpreter\linkResolver.cpp, line 774]
Event: 1.727 Thread 0x000001c0dd953e00 Exception <a 'java/lang/IncompatibleClassChangeError'{0x00000000c6a4d658}: Found class java.lang.Object, but interface was expected> (0x00000000c6a4d658) 
thrown [s\open\src\hotspot\share\interpreter\linkResolver.cpp, line 841]
Event: 1.728 Thread 0x000001c0dda6c160 Exception <a 'java/lang/NoClassDefFoundError'{0x00000000c6a3c4d8}: jakarta/validation/Validation> (0x00000000c6a3c4d8) 
thrown [s\open\src\hotspot\share\classfile\systemDictionary.cpp, line 302]
Event: 1.735 Thread 0x000001c0dd953e00 Exception <a 'java/lang/NoSuchMethodError'{0x00000000c6a7c2c0}: 'java.lang.Object java.lang.invoke.DirectMethodHandle$Holder.invokeStaticInit(java.lang.Object, int)'> (0x00000000c6a7c2c0) 
thrown [s\open\src\hotspot\share\interpreter\linkResolver.cpp, line 774]
Event: 1.737 Thread 0x000001c0dd953e00 Exception <a 'java/lang/NoSuchMethodError'{0x00000000c6ab7ae8}: 'java.lang.Object java.lang.invoke.DirectMethodHandle$Holder.invokeStatic(java.lang.Object, int, java.lang.Object)'> (0x00000000c6ab7ae8) 
thrown [s\open\src\hotspot\share\interpreter\linkResolver.cpp, line 774]
Event: 1.738 Thread 0x000001c0dd953e00 Exception <a 'java/lang/NoSuchMethodError'{0x00000000c6abb168}: 'java.lang.Object java.lang.invoke.DirectMethodHandle$Holder.invokeStaticInit(java.lang.Object, int, java.lang.Object)'> (0x00000000c6abb168) 
thrown [s\open\src\hotspot\share\interpreter\linkResolver.cpp, line 774]
Event: 1.762 Thread 0x000001c0dd953e00 Exception <a 'sun/nio/fs/WindowsException'{0x00000000c693b7c0}> (0x00000000c693b7c0) 
thrown [s\open\src\hotspot\share\prims\jni.cpp, line 520]
Event: 1.857 Thread 0x000001c0dd953e00 Exception <a 'java/lang/NoSuchMethodError'{0x00000000c658ad68}: 'void java.lang.invoke.DirectMethodHandle$Holder.invokeVirtual(java.lang.Object, java.lang.Object)'> (0x00000000c658ad68) 
thrown [s\open\src\hotspot\share\interpreter\linkResolver.cpp, line 774]

ZGC Phase Switch (0 events):
No events

VM Operations (20 events):
Event: 0.964 Executing VM operation: HandshakeAllThreads (Deoptimize)
Event: 0.964 Executing VM operation: HandshakeAllThreads (Deoptimize) done
Event: 0.965 Executing VM operation: HandshakeAllThreads (Deoptimize)
Event: 0.965 Executing VM operation: HandshakeAllThreads (Deoptimize) done
Event: 0.965 Executing VM operation: HandshakeAllThreads (Deoptimize)
Event: 0.965 Executing VM operation: HandshakeAllThreads (Deoptimize) done
Event: 1.313 Executing VM operation: G1CollectForAllocation (G1 Evacuation Pause)
Event: 1.318 Executing VM operation: G1CollectForAllocation (G1 Evacuation Pause) done
Event: 1.347 Executing VM operation: HandshakeAllThreads (Deoptimize)
Event: 1.347 Executing VM operation: HandshakeAllThreads (Deoptimize) done
Event: 1.567 Executing VM operation: HandshakeAllThreads (Deoptimize)
Event: 1.567 Executing VM operation: HandshakeAllThreads (Deoptimize) done
Event: 1.719 Executing VM operation: HandshakeAllThreads (Deoptimize)
Event: 1.719 Executing VM operation: HandshakeAllThreads (Deoptimize) done
Event: 1.719 Executing VM operation: HandshakeAllThreads (Deoptimize)
Event: 1.719 Executing VM operation: HandshakeAllThreads (Deoptimize) done
Event: 1.792 Executing VM operation: ICBufferFull
Event: 1.793 Executing VM operation: ICBufferFull done
Event: 1.983 Executing VM operation: G1CollectForAllocation (G1 Evacuation Pause)
Event: 1.988 Executing VM operation: G1CollectForAllocation (G1 Evacuation Pause) done

Memory protections (0 events):
No events

Nmethod flushes (0 events):
No events

Events (18 events):
Event: 0.132 Thread 0x000001c0fb97f750 Thread added: 0x000001c0fb97f750
Event: 0.170 Thread 0x000001c0fb97f750 Thread added: 0x000001c0973d6dd0
Event: 0.171 Thread 0x000001c0fb97f750 Thread added: 0x000001c0973d7b20
Event: 0.172 Thread 0x000001c0fb97f750 Thread added: 0x000001c0973e1580
Event: 0.172 Thread 0x000001c0fb97f750 Thread added: 0x000001c0973e20d0
Event: 0.172 Thread 0x000001c0fb97f750 Thread added: 0x000001c0973e33c0
Event: 0.172 Thread 0x000001c0fb97f750 Thread added: 0x000001c0973e7800
Event: 0.172 Thread 0x000001c0fb97f750 Thread added: 0x000001c0973ec320
Event: 0.172 Thread 0x000001c0fb97f750 Thread added: 0x000001c0974009e0
Event: 0.214 Thread 0x000001c0fb97f750 Thread added: 0x000001c0975e29a0
Event: 0.233 Thread 0x000001c0fb97f750 Thread added: 0x000001c0976ddc00
Event: 0.833 Thread 0x000001c0fb97f750 Thread added: 0x000001c0dd334e20
Event: 0.848 Thread 0x000001c0fb97f750 Thread added: 0x000001c0dd3f2900
Event: 0.908 Thread 0x000001c0fb97f750 Thread added: 0x000001c0dd3f8ce0
Event: 1.279 Thread 0x000001c0fb97f750 Thread added: 0x000001c0dd935580
Event: 1.282 Thread 0x000001c0dd935580 Thread added: 0x000001c0dd953e00
Event: 1.724 Thread 0x000001c0dd953e00 Thread added: 0x000001c0dda6c160
Event: 1.858 Thread 0x000001c0dd953e00 Thread added: 0x000001c0ddbb93a0


Dynamic libraries:
0x00007ff6e58f0000 - 0x00007ff6e5900000 	C:\Program Files\Java\jdk-22\bin\java.exe
0x00007ffd35690000 - 0x00007ffd358a7000 	C:\WINDOWS\SYSTEM32\ntdll.dll
0x00007ffd35130000 - 0x00007ffd351f4000 	C:\WINDOWS\System32\KERNEL32.DLL
0x00007ffd32e60000 - 0x00007ffd3320d000 	C:\WINDOWS\System32\KERNELBASE.dll
0x00007ffd329b0000 - 0x00007ffd32ac1000 	C:\WINDOWS\System32\ucrtbase.dll
0x00007ffd2d8a0000 - 0x00007ffd2d8bb000 	C:\Program Files\Java\jdk-22\bin\VCRUNTIME140.dll
0x00007ffd2d880000 - 0x00007ffd2d897000 	C:\Program Files\Java\jdk-22\bin\jli.dll
0x00007ffd33740000 - 0x00007ffd338ee000 	C:\WINDOWS\System32\USER32.dll
0x00007ffd1b6d0000 - 0x00007ffd1b963000 	C:\WINDOWS\WinSxS\amd64_microsoft.windows.common-controls_6595b64144ccf1df_6.0.22621.3672_none_2713b9d173822955\COMCTL32.dll
0x00007ffd32cc0000 - 0x00007ffd32ce6000 	C:\WINDOWS\System32\win32u.dll
0x00007ffd33590000 - 0x00007ffd33637000 	C:\WINDOWS\System32\msvcrt.dll
0x00007ffd340d0000 - 0x00007ffd340f9000 	C:\WINDOWS\System32\GDI32.dll
0x00007ffd32b70000 - 0x00007ffd32c89000 	C:\WINDOWS\System32\gdi32full.dll
0x00007ffd32ad0000 - 0x00007ffd32b6a000 	C:\WINDOWS\System32\msvcp_win.dll
0x00007ffd333c0000 - 0x00007ffd333f1000 	C:\WINDOWS\System32\IMM32.DLL
0x00007ffd2d870000 - 0x00007ffd2d87c000 	C:\Program Files\Java\jdk-22\bin\vcruntime140_1.dll
0x00007ffd025d0000 - 0x00007ffd0265e000 	C:\Program Files\Java\jdk-22\bin\msvcp140.dll
0x00007ffc9d020000 - 0x00007ffc9dd69000 	C:\Program Files\Java\jdk-22\bin\server\jvm.dll
0x00007ffd334d0000 - 0x00007ffd33582000 	C:\WINDOWS\System32\ADVAPI32.dll
0x00007ffd34250000 - 0x00007ffd342f9000 	C:\WINDOWS\System32\sechost.dll
0x00007ffd32c90000 - 0x00007ffd32cb8000 	C:\WINDOWS\System32\bcrypt.dll
0x00007ffd34120000 - 0x00007ffd34234000 	C:\WINDOWS\System32\RPCRT4.dll
0x00007ffd339a0000 - 0x00007ffd33a11000 	C:\WINDOWS\System32\WS2_32.dll
0x00007ffd2a240000 - 0x00007ffd2a274000 	C:\WINDOWS\SYSTEM32\WINMM.dll
0x00007ffd296e0000 - 0x00007ffd296ea000 	C:\WINDOWS\SYSTEM32\VERSION.dll
0x00007ffd32880000 - 0x00007ffd328cd000 	C:\WINDOWS\SYSTEM32\POWRPROF.dll
0x00007ffd32860000 - 0x00007ffd32873000 	C:\WINDOWS\SYSTEM32\UMPDC.dll
0x00007ffd31a00000 - 0x00007ffd31a18000 	C:\WINDOWS\SYSTEM32\kernel.appcore.dll
0x00007ffd2d860000 - 0x00007ffd2d86a000 	C:\Program Files\Java\jdk-22\bin\jimage.dll
0x00007ffd30250000 - 0x00007ffd30482000 	C:\WINDOWS\SYSTEM32\DBGHELP.DLL
0x00007ffd34b70000 - 0x00007ffd34efe000 	C:\WINDOWS\System32\combase.dll
0x00007ffd34f90000 - 0x00007ffd35067000 	C:\WINDOWS\System32\OLEAUT32.dll
0x00007ffd016b0000 - 0x00007ffd016e2000 	C:\WINDOWS\SYSTEM32\dbgcore.DLL
0x00007ffd33340000 - 0x00007ffd333bb000 	C:\WINDOWS\System32\bcryptPrimitives.dll
0x00007ffd2d840000 - 0x00007ffd2d85e000 	C:\Program Files\Java\jdk-22\bin\java.dll
0x00007ffd34300000 - 0x00007ffd34b67000 	C:\WINDOWS\System32\SHELL32.dll
0x00007ffd33a20000 - 0x00007ffd33bc5000 	C:\WINDOWS\System32\ole32.dll
0x00007ffd30930000 - 0x00007ffd3122f000 	C:\WINDOWS\SYSTEM32\windows.storage.dll
0x00007ffd307f0000 - 0x00007ffd3092f000 	C:\WINDOWS\SYSTEM32\wintypes.dll
0x00007ffd33640000 - 0x00007ffd33739000 	C:\WINDOWS\System32\SHCORE.dll
0x00007ffd33400000 - 0x00007ffd3345e000 	C:\WINDOWS\System32\shlwapi.dll
0x00007ffd328e0000 - 0x00007ffd32907000 	C:\WINDOWS\SYSTEM32\profapi.dll
0x00007ffce0640000 - 0x00007ffce0717000 	C:\Program Files\Java\jdk-22\bin\jsvml.dll
0x00007ffd2d830000 - 0x00007ffd2d840000 	C:\Program Files\Java\jdk-22\bin\net.dll
0x00007ffd31e70000 - 0x00007ffd31ed9000 	C:\WINDOWS\system32\mswsock.dll
0x00007ffd2d7e0000 - 0x00007ffd2d7f6000 	C:\Program Files\Java\jdk-22\bin\nio.dll
0x00007ffd2d7c0000 - 0x00007ffd2d7d7000 	C:\Program Files\Java\jdk-22\bin\zip.dll
0x00007ffd2d820000 - 0x00007ffd2d82a000 	C:\Program Files\Java\jdk-22\bin\management.dll
0x00007ffd29b50000 - 0x00007ffd29b5b000 	C:\Program Files\Java\jdk-22\bin\management_ext.dll
0x00007ffd35310000 - 0x00007ffd35318000 	C:\WINDOWS\System32\PSAPI.DLL
0x00007ffd0b070000 - 0x00007ffd0b087000 	C:\WINDOWS\system32\napinsp.dll
0x00007ffd0a850000 - 0x00007ffd0a86b000 	C:\WINDOWS\system32\pnrpnsp.dll
0x00007ffd0a820000 - 0x00007ffd0a847000 	C:\WINDOWS\system32\nlansp_c.dll
0x00007ffd31500000 - 0x00007ffd315f8000 	C:\WINDOWS\SYSTEM32\DNSAPI.dll
0x00007ffd31490000 - 0x00007ffd314bd000 	C:\WINDOWS\SYSTEM32\IPHLPAPI.DLL
0x00007ffd34240000 - 0x00007ffd34249000 	C:\WINDOWS\System32\NSI.dll
0x00007ffd0a7c0000 - 0x00007ffd0a7d1000 	C:\WINDOWS\System32\winrnr.dll
0x00007ffd19db0000 - 0x00007ffd19dc5000 	C:\WINDOWS\system32\wshbth.dll
0x00007ffd1c0d0000 - 0x00007ffd1c0da000 	C:\Windows\System32\rasadhlp.dll
0x00007ffd2a130000 - 0x00007ffd2a1b3000 	C:\WINDOWS\System32\fwpuclnt.dll
0x00007ffd320c0000 - 0x00007ffd320db000 	C:\WINDOWS\SYSTEM32\CRYPTSP.dll
0x00007ffd31960000 - 0x00007ffd31995000 	C:\WINDOWS\system32\rsaenh.dll
0x00007ffd31f60000 - 0x00007ffd31f88000 	C:\WINDOWS\SYSTEM32\USERENV.dll
0x00007ffd320e0000 - 0x00007ffd320ec000 	C:\WINDOWS\SYSTEM32\CRYPTBASE.dll
0x00007ffd21aa0000 - 0x00007ffd21aa9000 	C:\Program Files\Java\jdk-22\bin\extnet.dll
0x00007ffd21a90000 - 0x00007ffd21a9b000 	C:\Program Files\Java\jdk-22\bin\le.dll

dbghelp: loaded successfully - version: 4.0.5 - missing functions: none
symbol engine: initialized successfully - sym options: 0x614 - pdb path: .;C:\Program Files\Java\jdk-22\bin;C:\WINDOWS\SYSTEM32;C:\WINDOWS\WinSxS\amd64_microsoft.windows.common-controls_6595b64144ccf1df_6.0.22621.3672_none_2713b9d173822955;C:\Program Files\Java\jdk-22\bin\server

VM Arguments:
jvm_args: -Dcom.sun.management.jmxremote -Dcom.sun.management.jmxremote.port=50561 -Dcom.sun.management.jmxremote.authenticate=false -Dcom.sun.management.jmxremote.ssl=false -Dspring.jmx.enabled=true -Djava.rmi.server.hostname=localhost -Dspring.application.admin.enabled=true -Dspring.boot.project.name=contact -XX:+ShowCodeDetailsInExceptionMessages 
java_command: com.contact.contact.ContactApplication
java_class_path (initial): E:\SpringBoot\Contact Manager\contact\target\classes;C:\Users\Nayan Mandal\.m2\repository\org\springframework\boot\spring-boot-starter-data-jpa\3.2.9\spring-boot-starter-data-jpa-3.2.9.jar;C:\Users\Nayan Mandal\.m2\repository\org\springframework\boot\spring-boot-starter-aop\3.2.9\spring-boot-starter-aop-3.2.9.jar;C:\Users\Nayan Mandal\.m2\repository\org\springframework\spring-aop\6.1.12\spring-aop-6.1.12.jar;C:\Users\Nayan Mandal\.m2\repository\org\aspectj\aspectjweaver\1.9.22.1\aspectjweaver-1.9.22.1.jar;C:\Users\Nayan Mandal\.m2\repository\org\springframework\boot\spring-boot-starter-jdbc\3.2.9\spring-boot-starter-jdbc-3.2.9.jar;C:\Users\Nayan Mandal\.m2\repository\com\zaxxer\HikariCP\5.0.1\HikariCP-5.0.1.jar;C:\Users\Nayan Mandal\.m2\repository\org\springframework\spring-jdbc\6.1.12\spring-jdbc-6.1.12.jar;C:\Users\Nayan Mandal\.m2\repository\org\hibernate\orm\hibernate-core\6.4.10.Final\hibernate-core-6.4.10.Final.jar;C:\Users\Nayan Mandal\.m2\repository\jakarta\persistence\jakarta.persistence-api\3.1.0\jakarta.persistence-api-3.1.0.jar;C:\Users\Nayan Mandal\.m2\repository\jakarta\transaction\jakarta.transaction-api\2.0.1\jakarta.transaction-api-2.0.1.jar;C:\Users\Nayan Mandal\.m2\repository\org\jboss\logging\jboss-logging\3.5.3.Final\jboss-logging-3.5.3.Final.jar;C:\Users\Nayan Mandal\.m2\repository\org\hibernate\common\hibernate-commons-annotations\6.0.6.Final\hibernate-commons-annotations-6.0.6.Final.jar;C:\Users\Nayan Mandal\.m2\repository\io\smallrye\jandex\3.1.2\jandex-3.1.2.jar;C:\Users\Nayan Mandal\.m2\repository\com\fasterxml\classmate\1.6.0\classmate-1.6.0.jar;C:\Users\Nayan Mandal\.m2\repository\net\bytebuddy\byte-buddy\1.14.19\byte-buddy-1.14.19.jar;C:\Users\Nayan Mandal\.m2\repository\org\glassfish\jaxb\jaxb-runtime\4.0.5\jaxb-runtime-4.0.5.jar;C:\Users\Nayan Mandal\.m2\repository\org\glassfish\jaxb\jaxb-core\4.0.5\jaxb-core-4.0.5.jar;C:\Users\Nayan Mandal\.m2\repository\org\eclipse\angus\angus-activation\2.0.2\angus-activation-2.0.2.jar;C:\Users\Nayan Mandal\.m2\repository\org\glassfish\jaxb\txw2\4.0.5\txw2-4.0.5.jar;C:\Users\Nayan Mandal\.m2\repository\com\sun\istack\istack-commons-runtime\4.1.2\istack-commons-runtime-4.1.2.jar;C:\Users\Nayan Mandal\.m2\repository\jakarta\inject\jakarta.inject-api\2.0.1\jakarta.inject-api-2.0.1.jar;C:\Users\Nayan Mandal\.m2\repository\org\antlr\antlr4-runtime\4.13.0\antlr4-runtime-4.13.0.jar;C:\Users\Nayan Mandal\.m2\repository\org\springframework\data\spring-data-jpa\3.2.9\spring-data-jpa-3.2.9.jar;C:\Users\Nayan Mandal\.m2\repository\org\springframework\data\spring-data-commons\3.2.9\spring-data-commons-3.2.9.jar;C:\Users\Nayan Mandal\.m2\repository\org\springframework\spring-orm\6.1.12\spring-orm-6.1.12.jar;C:\Users\Nayan Mandal\.m2\repository\org\springframework\spring-context\6.1.12\spring-context-6.1.12.jar;C:\Users\Nayan Mandal\.m2\repository\org\springframework\spring-tx\6.1.12\spring-tx-6.1.12.jar;C:\Users\Nayan Mandal\.m2\repository\org\springframework\spring-beans\6.1.12\spring-beans-6.1.12.jar;C:\Users\Nayan Mandal\.m2\repository\jakarta\annotation\jakarta.annotation-api\2.1.1\jakarta.annotation-api-2.1.1.jar;C:\Users\Nayan Mandal\.m2\repository\org\slf4j\slf4j-api\2.0.16\slf4j-api-2.0.16.jar;C:\Users\Nayan Mandal\.m2\repository\org\springframework\spring-aspects\6.1.12\spring-aspects-6.1.12.jar;C:\Users\Nayan Mandal\.m2\repository\org\springframework\boot\spring-boot-starter-thymeleaf\3.2.9\spring-boot-starter-thymeleaf-3.2.9.jar;C:\Users\Nayan Mandal\.m2\repository\org\springframework\boot\spring-boot-starter\3.2.9\spring-boot-starter-3.2.9.jar;C:\Users\Nayan Mandal\.m2\repository\org\springframework\boot\spring-boot-starter-logging\3.2.9\spring-boot-starter-logging-3.2.9.jar;C:\Users\Nayan Mandal\.m2\repository\ch\qos\logback\logback-classic\1.4.14\logback-classic-1.4.14.jar;C:\Users\Nayan Mandal\.m2\repository\ch\qos\logback\logback-core\1.4.14\logback-core-1.4.14.jar;C:\Users\Nayan Mandal\.m2\repository\org\apache\logging\log4j\log4j-to-slf4j\2.21.1\log4j-to-slf4j-2.21.1.jar;C:\Users\Nayan Mandal\.m2\repository\org\apache\logging\log4j\log4j-api\2.21.1\log4j-api-2.21.1.jar;C:\Users\Nayan Mandal\.m2\repository\org\slf4j\jul-to-slf4j\2.0.16\jul-to-slf4j-2.0.16.jar;C:\Users\Nayan Mandal\.m2\repository\org\yaml\snakeyaml\2.2\snakeyaml-2.2.jar;C:\Users\Nayan Mandal\.m2\repository\org\thymeleaf\thymeleaf-spring6\3.1.2.RELEASE\thymeleaf-spring6-3.1.2.RELEASE.jar;C:\Users\Nayan Mandal\.m2\repository\org\thymeleaf\thymeleaf\3.1.2.RELEASE\thymeleaf-3.1.2.RELEASE.jar;C:\Users\Nayan Mandal\.m2\repository\org\attoparser\attoparser\2.0.7.RELEASE\attoparser-2.0.7.RELEASE.jar;C:\Users\Nayan Mandal\.m2\repository\org\unbescape\unbescape\1.1.6.RELEASE\unbescape-1.1.6.RELEASE.jar;C:\Users\Nayan Mandal\.m2\repository\org\springframework\boot\spring-boot-starter-web\3.2.9\spring-boot-starter-web-3.2.9.jar;C:\Users\Nayan Mandal\.m2\repository\org\springframework\boot\spring-boot-starter-json\3.2.9\spring-boot-starter-json-3.2.9.jar;C:\Users\Nayan Mandal\.m2\repository\com\fasterxml\jackson\core\jackson-databind\2.15.4\jackson-databind-2.15.4.jar;C:\Users\Nayan Mandal\.m2\repository\com\fasterxml\jackson\core\jackson-annotations\2.15.4\jackson-annotations-2.15.4.jar;C:\Users\Nayan Mandal\.m2\repository\com\fasterxml\jackson\core\jackson-core\2.15.4\jackson-core-2.15.4.jar;C:\Users\Nayan Mandal\.m2\repository\com\fasterxml\jackson\datatype\jackson-datatype-jdk8\2.15.4\jackson-datatype-jdk8-2.15.4.jar;C:\Users\Nayan Mandal\.m2\repository\com\fasterxml\jackson\datatype\jackson-datatype-jsr310\2.15.4\jackson-datatype-jsr310-2.15.4.jar;C:\Users\Nayan Mandal\.m2\repository\com\fasterxml\jackson\module\jackson-module-parameter-names\2.15.4\jackson-module-parameter-names-2.15.4.jar;C:\Users\Nayan Mandal\.m2\repository\org\springframework\boot\spring-boot-starter-tomcat\3.2.9\spring-boot-starter-tomcat-3.2.9.jar;C:\Users\Nayan Mandal\.m2\repository\org\apache\tomcat\embed\tomcat-embed-core\10.1.28\tomcat-embed-core-10.1.28.jar;C:\Users\Nayan Mandal\.m2\repository\org\apache\tomcat\embed\tomcat-embed-el\10.1.28\tomcat-embed-el-10.1.28.jar;C:\Users\Nayan Mandal\.m2\repository\org\apache\tomcat\embed\tomcat-embed-websocket\10.1.28\tomcat-embed-websocket-10.1.28.jar;C:\Users\Nayan Mandal\.m2\repository\org\springframework\spring-web\6.1.12\spring-web-6.1.12.jar;C:\Users\Nayan Mandal\.m2\repository\io\micrometer\micrometer-observation\1.12.9\micrometer-observation-1.12.9.jar;C:\Users\Nayan Mandal\.m2\repository\io\micrometer\micrometer-commons\1.12.9\micrometer-commons-1.12.9.jar;C:\Users\Nayan Mandal\.m2\repository\org\springframework\spring-webmvc\6.1.12\spring-webmvc-6.1.12.jar;C:\Users\Nayan Mandal\.m2\repository\org\springframework\spring-expression\6.1.12\spring-expression-6.1.12.jar;C:\Users\Nayan Mandal\.m2\repository\org\springframework\boot\spring-boot-devtools\3.2.9\spring-boot-devtools-3.2.9.jar;C:\Users\Nayan Mandal\.m2\repository\org\springframework\boot\spring-boot\3.2.9\spring-boot-3.2.9.jar;C:\Users\Nayan Mandal\.m2\repository\org\springframework\boot\spring-boot-autoconfigure\3.2.9\spring-boot-autoconfigure-3.2.9.jar;C:\Users\Nayan Mandal\.m2\repository\com\mysql\mysql-connector-j\8.3.0\mysql-connector-j-8.3.0.jar;C:\Users\Nayan Mandal\.m2\repository\jakarta\xml\bind\jakarta.xml.bind-api\4.0.2\jakarta.xml.bind-api-4.0.2.jar;C:\Users\Nayan Mandal\.m2\repository\jakarta\activation\jakarta.activation-api\2.1.3\jakarta.activation-api-2.1.3.jar;C:\Users\Nayan Mandal\.m2\repository\org\springframework\spring-core\6.1.12\spring-core-6.1.12.jar;C:\Users\Nayan Mandal\.m2\repository\org\springframework\spring-jcl\6.1.12\spring-jcl-6.1.12.jar
Launcher Type: SUN_STANDARD

[Global flags]
     intx CICompilerCount                          = 3                                         {product} {ergonomic}
     uint ConcGCThreads                            = 1                                         {product} {ergonomic}
     uint G1ConcRefinementThreads                  = 4                                         {product} {ergonomic}
   size_t G1HeapRegionSize                         = 1048576                                   {product} {ergonomic}
   size_t InitialHeapSize                          = 65011712                                  {product} {ergonomic}
     bool ManagementServer                         = true                                      {product} {command line}
   size_t MarkStackSize                            = 4194304                                   {product} {ergonomic}
   size_t MaxHeapSize                              = 1012924416                                {product} {ergonomic}
   size_t MaxNewSize                               = 607125504                                 {product} {ergonomic}
   size_t MinHeapDeltaBytes                        = 1048576                                   {product} {ergonomic}
   size_t MinHeapSize                              = 8388608                                   {product} {ergonomic}
    uintx NonNMethodCodeHeapSize                   = 5832780                                {pd product} {ergonomic}
    uintx NonProfiledCodeHeapSize                  = 122912730                              {pd product} {ergonomic}
    uintx ProfiledCodeHeapSize                     = 122912730                              {pd product} {ergonomic}
    uintx ReservedCodeCacheSize                    = 251658240                              {pd product} {ergonomic}
     bool SegmentedCodeCache                       = true                                      {product} {ergonomic}
     bool ShowCodeDetailsInExceptionMessages       = true                                   {manageable} {command line}
   size_t SoftMaxHeapSize                          = 1012924416                             {manageable} {ergonomic}
     bool UseCompressedOops                        = true                           {product lp64_product} {ergonomic}
     bool UseG1GC                                  = true                                      {product} {ergonomic}
     bool UseLargePagesIndividualAllocation        = false                                  {pd product} {ergonomic}

Logging:
Log output configuration:
 #0: stdout all=warning uptime,level,tags foldmultilines=false
 #1: stderr all=off uptime,level,tags foldmultilines=false

Environment Variables:
PATH=C:\Program Files\Common Files\Oracle\Java\javapath;C:\WINDOWS\system32;C:\WINDOWS;C:\WINDOWS\System32\Wbem;C:\WINDOWS\System32\WindowsPowerShell\v1.0\;C:\WINDOWS\System32\OpenSSH\;C:\Program Files\Git\cmd;C:\Program Files\MySQL\MySQL Shell 8.0\bin\;C:\Users\Nayan Mandal\AppData\Local\Microsoft\WindowsApps;C:\Users\Nayan Mandal\AppData\Local\Programs\Microsoft VS Code\bin;C:\MinGW\bin;
USERNAME=Nayan Mandal
LANG=en_US.UTF-8
OS=Windows_NT
PROCESSOR_IDENTIFIER=Intel64 Family 6 Model 126 Stepping 5, GenuineIntel
TMP=C:\Users\NAYANM~1\AppData\Local\Temp
TEMP=C:\Users\NAYANM~1\AppData\Local\Temp




Periodic native trim disabled

---------------  S Y S T E M  ---------------

OS:
 Windows 11 , 64 bit Build 22621 (10.0.22621.3958)
OS uptime: 0 days 0:26 hours

CPU: total 4 (initial active 4) (2 cores per cpu, 2 threads per core) family 6 model 126 stepping 5 microcode 0xc2, cx8, cmov, fxsr, ht, mmx, 3dnowpref, sse, sse2, sse3, ssse3, sse4.1, sse4.2, popcnt, lzcnt, tsc, tscinvbit, avx, avx2, aes, erms, clmul, bmi1, bmi2, adx, avx512f, avx512dq, avx512cd, avx512bw, avx512vl, sha, fma, vzeroupper, avx512_vpopcntdq, avx512_vpclmulqdq, avx512_vaes, avx512_vnni, clflush, clflushopt, avx512_vbmi2, avx512_vbmi, rdtscp, rdpid, fsrm, gfni, avx512_bitalg, f16c, pku, avx512_ifma
Processor Information for all 4 processors :
  Max Mhz: 1190, Current Mhz: 1190, Mhz Limit: 1190

Memory: 4k page, system-wide physical 3863M (153M free)
TotalPageFile size 9035M (AvailPageFile size 2M)
current process WorkingSet (physical memory assigned to process): 115M, peak: 115M
current process commit charge ("private bytes"): 173M, peak: 173M

vm_info: Java HotSpot(TM) 64-Bit Server VM (22.0.2+9-70) for windows-amd64 JRE (22.0.2+9-70), built on 2024-06-04T16:52:23Z by "mach5one" with MS VC++ 17.6 (VS2022)

END.
