#
# There is insufficient memory for the Java Runtime Environment to continue.
# Native memory allocation (malloc) failed to allocate 643936 bytes. Error detail: Chunk::new
# Possible reasons:
#   The system is out of physical RAM or swap space
#   This process is running with CompressedOops enabled, and the Java Heap may be blocking the growth of the native heap
# Possible solutions:
#   Reduce memory load on the system
#   Increase physical memory or swap space
#   Check if swap backing store is full
#   Decrease Java heap size (-Xmx/-Xms)
#   Decrease number of Java threads
#   Decrease Java thread stack sizes (-Xss)
#   Set larger code cache with -XX:ReservedCodeCacheSize=
#   JVM is running with Unscaled Compressed Oops mode in which the Java heap is
#     placed in the first 4GB address space. The Java Heap base address is the
#     maximum limit for the native heap growth. Please use -XX:HeapBaseMinAddress
#     to set the Java Heap base and to place the Java Heap above 4GB virtual address.
# This output file may be truncated or incomplete.
#
#  Out of Memory Error (arena.cpp:191), pid=22536, tid=7404
#
# JRE version: OpenJDK Runtime Environment Temurin-17.0.12+7 (17.0.12+7) (build 17.0.12+7)
# Java VM: OpenJDK 64-Bit Server VM Temurin-17.0.12+7 (17.0.12+7, mixed mode, tiered, compressed oops, compressed class ptrs, parallel gc, windows-amd64)
# No core dump will be written. Minidumps are not enabled by default on client versions of Windows
#

---------------  S U M M A R Y ------------

Command Line: --add-modules=ALL-SYSTEM --add-opens=java.base/java.util=ALL-UNNAMED --add-opens=java.base/java.lang=ALL-UNNAMED --add-opens=java.base/sun.nio.fs=ALL-UNNAMED -Declipse.application=org.eclipse.jdt.ls.core.id1 -Dosgi.bundles.defaultStartLevel=4 -Declipse.product=org.eclipse.jdt.ls.core.product -Djava.import.generatesMetadataFilesAtProjectRoot=false -DDetectVMInstallationsJob.disabled=true -Dfile.encoding=utf8 -XX:+UseParallelGC -XX:GCTimeRatio=4 -XX:AdaptiveSizePolicyWeight=90 -Dsun.zip.disableMemoryMapping=true -Xmx1G -Xms100m -Xlog:disable -javaagent:c:\Users\Nayan Mandal\.vscode\extensions\redhat.java-1.35.0-win32-x64\lombok\lombok-1.18.33.jar c:\Users\Nayan Mandal\.vscode\extensions\redhat.java-1.35.0-win32-x64\server\plugins\org.eclipse.equinox.launcher_1.6.900.v20240613-2009.jar -configuration c:\Users\Nayan Mandal\AppData\Roaming\Code\User\globalStorage\redhat.java\1.35.0\config_ss_win -data c:\Users\Nayan Mandal\AppData\Roaming\Code\User\workspaceStorage\14b7aa4224a939eacf2cdfc44a398597\redhat.java\ss_ws --pipe=\\.\pipe\lsp-0288b6452229d51bf44ea15a67e6abb8-sock

Host: Intel(R) Core(TM) i3-1005G1 CPU @ 1.20GHz, 4 cores, 3G,  Windows 11 , 64 bit Build 22621 (10.0.22621.3958)
Time: Sat Sep 28 19:04:21 2024 India Standard Time elapsed time: 16.351652 seconds (0d 0h 0m 16s)

---------------  T H R E A D  ---------------

Current thread (0x0000019a751df9a0):  JavaThread "C2 CompilerThread0" daemon [_thread_in_native, id=7404, stack(0x0000000100e00000,0x0000000100f00000)]


Current CompileTask:
C2:  16351 4426       4       org.lombokweb.asm.ClassReader::readMethod (1066 bytes)

Stack: [0x0000000100e00000,0x0000000100f00000]
Native frames: (J=compiled Java code, j=interpreted, Vv=VM code, C=native code)
V  [jvm.dll+0x67f929]
V  [jvm.dll+0x8371ba]
V  [jvm.dll+0x838c7e]
V  [jvm.dll+0x8392e3]
V  [jvm.dll+0x24834f]
V  [jvm.dll+0xac9d4]
V  [jvm.dll+0xad01c]
V  [jvm.dll+0x2af96f]
V  [jvm.dll+0x5868d7]
V  [jvm.dll+0x2231c2]
V  [jvm.dll+0x21c0bd]
V  [jvm.dll+0x219be1]
V  [jvm.dll+0x1a58bd]
V  [jvm.dll+0x229a2d]
V  [jvm.dll+0x227bdc]
V  [jvm.dll+0x7ec1f7]
V  [jvm.dll+0x7e65dc]
V  [jvm.dll+0x67e7f7]
C  [ucrtbase.dll+0x29333]
C  [KERNEL32.DLL+0x1257d]
C  [ntdll.dll+0x5af28]


---------------  P R O C E S S  ---------------

Threads class SMR info:
_java_thread_list=0x0000019a7be19ce0, length=30, elements={
0x0000019a2119d080, 0x0000019a212491c0, 0x0000019a2124a6b0, 0x0000019a751db320,
0x0000019a751dbbf0, 0x0000019a751dc4c0, 0x0000019a751deda0, 0x0000019a751df9a0,
0x0000019a751fa570, 0x0000019a751fd240, 0x0000019a211fe130, 0x0000019a7a545460,
0x0000019a7aa0c1a0, 0x0000019a7ab4cd30, 0x0000019a7ab6b9c0, 0x0000019a7aa96030,
0x0000019a7ac25ed0, 0x0000019a7ac24fa0, 0x0000019a7ac24580, 0x0000019a7ac268f0,
0x0000019a7ac254b0, 0x0000019a7ac24a90, 0x0000019a7ac26e00, 0x0000019a7ac27310,
0x0000019a7ac27820, 0x0000019a7ac263e0, 0x0000019a7ac259c0, 0x0000019a7b724300,
0x0000019a7b724810, 0x0000019a7b721570
}

Java Threads: ( => current thread )
  0x0000019a2119d080 JavaThread "main" [_thread_blocked, id=11348, stack(0x0000000100500000,0x0000000100600000)]
  0x0000019a212491c0 JavaThread "Reference Handler" daemon [_thread_blocked, id=19928, stack(0x0000000100800000,0x0000000100900000)]
  0x0000019a2124a6b0 JavaThread "Finalizer" daemon [_thread_blocked, id=19584, stack(0x0000000100900000,0x0000000100a00000)]
  0x0000019a751db320 JavaThread "Signal Dispatcher" daemon [_thread_blocked, id=22164, stack(0x0000000100a00000,0x0000000100b00000)]
  0x0000019a751dbbf0 JavaThread "Attach Listener" daemon [_thread_blocked, id=23152, stack(0x0000000100b00000,0x0000000100c00000)]
  0x0000019a751dc4c0 JavaThread "Service Thread" daemon [_thread_blocked, id=20240, stack(0x0000000100c00000,0x0000000100d00000)]
  0x0000019a751deda0 JavaThread "Monitor Deflation Thread" daemon [_thread_blocked, id=16828, stack(0x0000000100d00000,0x0000000100e00000)]
=>0x0000019a751df9a0 JavaThread "C2 CompilerThread0" daemon [_thread_in_native, id=7404, stack(0x0000000100e00000,0x0000000100f00000)]
  0x0000019a751fa570 JavaThread "C1 CompilerThread0" daemon [_thread_blocked, id=23280, stack(0x0000000100f00000,0x0000000101000000)]
  0x0000019a751fd240 JavaThread "Sweeper thread" daemon [_thread_blocked, id=20764, stack(0x0000000101000000,0x0000000101100000)]
  0x0000019a211fe130 JavaThread "Common-Cleaner" daemon [_thread_blocked, id=22168, stack(0x0000000101100000,0x0000000101200000)]
  0x0000019a7a545460 JavaThread "Notification Thread" daemon [_thread_blocked, id=21516, stack(0x0000000101200000,0x0000000101300000)]
  0x0000019a7aa0c1a0 JavaThread "Active Thread: Equinox Container: 6bd416c5-3c55-4b45-803a-66d0977eeae8" [_thread_blocked, id=17492, stack(0x0000000101700000,0x0000000101800000)]
  0x0000019a7ab4cd30 JavaThread "Framework Event Dispatcher: Equinox Container: 6bd416c5-3c55-4b45-803a-66d0977eeae8" daemon [_thread_blocked, id=19140, stack(0x0000000101800000,0x0000000101900000)]
  0x0000019a7ab6b9c0 JavaThread "Start Level: Equinox Container: 6bd416c5-3c55-4b45-803a-66d0977eeae8" daemon [_thread_blocked, id=5736, stack(0x0000000101900000,0x0000000101a00000)]
  0x0000019a7aa96030 JavaThread "SCR Component Actor" daemon [_thread_blocked, id=17464, stack(0x0000000101a00000,0x0000000101b00000)]
  0x0000019a7ac25ed0 JavaThread "Worker-JM" [_thread_blocked, id=16660, stack(0x0000000101c00000,0x0000000101d00000)]
  0x0000019a7ac24fa0 JavaThread "JNA Cleaner" daemon [_thread_blocked, id=19976, stack(0x0000000101d00000,0x0000000101e00000)]
  0x0000019a7ac24580 JavaThread "Worker-0" [_thread_blocked, id=9384, stack(0x0000000101e00000,0x0000000101f00000)]
  0x0000019a7ac268f0 JavaThread "Worker-1" [_thread_blocked, id=11272, stack(0x0000000101f00000,0x0000000102000000)]
  0x0000019a7ac254b0 JavaThread "Thread-2" daemon [_thread_in_native, id=10464, stack(0x0000000102000000,0x0000000102100000)]
  0x0000019a7ac24a90 JavaThread "Thread-3" daemon [_thread_in_native, id=3372, stack(0x0000000102100000,0x0000000102200000)]
  0x0000019a7ac26e00 JavaThread "Thread-4" daemon [_thread_in_native, id=17364, stack(0x0000000102200000,0x0000000102300000)]
  0x0000019a7ac27310 JavaThread "Thread-5" daemon [_thread_in_native, id=8884, stack(0x0000000102300000,0x0000000102400000)]
  0x0000019a7ac27820 JavaThread "Thread-6" daemon [_thread_in_native, id=17260, stack(0x0000000102400000,0x0000000102500000)]
  0x0000019a7ac263e0 JavaThread "pool-2-thread-1" [_thread_blocked, id=6252, stack(0x0000000102500000,0x0000000102600000)]
  0x0000019a7ac259c0 JavaThread "WorkspaceEventsHandler" [_thread_blocked, id=22868, stack(0x0000000102600000,0x0000000102700000)]
  0x0000019a7b724300 JavaThread "pool-1-thread-1" [_thread_blocked, id=10376, stack(0x0000000102700000,0x0000000102800000)]
  0x0000019a7b724810 JavaThread "ForkJoinPool.commonPool-worker-1" daemon [_thread_in_vm, id=18776, stack(0x0000000102800000,0x0000000102900000)]
  0x0000019a7b721570 JavaThread "ForkJoinPool.commonPool-worker-2" daemon [_thread_blocked, id=16836, stack(0x0000000102900000,0x0000000102a00000)]

Other Threads:
  0x0000019a21245b70 VMThread "VM Thread" [stack: 0x0000000100700000,0x0000000100800000] [id=12936]
  0x0000019a7a5596e0 WatcherThread [stack: 0x0000000101300000,0x0000000101400000] [id=21884]
  0x0000019a211b0870 GCTaskThread "GC Thread#0" [stack: 0x0000000100600000,0x0000000100700000] [id=21872]
  0x0000019a7a9bd280 GCTaskThread "GC Thread#1" [stack: 0x0000000101400000,0x0000000101500000] [id=18836]
  0x0000019a7a994be0 GCTaskThread "GC Thread#2" [stack: 0x0000000101500000,0x0000000101600000] [id=10364]
  0x0000019a7a9fcc00 GCTaskThread "GC Thread#3" [stack: 0x0000000101600000,0x0000000101700000] [id=23012]

Threads with active compile tasks:
C2 CompilerThread0    16397 4426       4       org.lombokweb.asm.ClassReader::readMethod (1066 bytes)

VM state: not at safepoint (normal execution)

VM Mutex/Monitor currently owned by a thread: None

Heap address: 0x00000000c0000000, size: 1024 MB, Compressed Oops mode: 32-bit

CDS archive(s) not mapped
Compressed class space mapped at: 0x0000019a35000000-0x0000019a75000000, reserved size: 1073741824
Narrow klass base: 0x0000019a35000000, Narrow klass shift: 0, Narrow klass range: 0x40000000

GC Precious Log:
 CPUs: 4 total, 4 available
 Memory: 3863M
 Large Page Support: Disabled
 NUMA Support: Disabled
 Compressed Oops: Enabled (32-bit)
 Alignments: Space 512K, Generation 512K, Heap 2M
 Heap Min Capacity: 100M
 Heap Initial Capacity: 100M
 Heap Max Capacity: 1G
 Pre-touch: Disabled
 Parallel Workers: 4

Heap:
 PSYoungGen      total 22016K, used 10575K [0x00000000eab00000, 0x00000000ec280000, 0x0000000100000000)
  eden space 21504K, 47% used [0x00000000eab00000,0x00000000eb50b220,0x00000000ec000000)
  from space 512K, 56% used [0x00000000ec200000,0x00000000ec248b98,0x00000000ec280000)
  to   space 1024K, 0% used [0x00000000ec080000,0x00000000ec080000,0x00000000ec180000)
 ParOldGen       total 68608K, used 20859K [0x00000000c0000000, 0x00000000c4300000, 0x00000000eab00000)
  object space 68608K, 30% used [0x00000000c0000000,0x00000000c145eca0,0x00000000c4300000)
 Metaspace       used 43508K, committed 44480K, reserved 1114112K
  class space    used 4414K, committed 4864K, reserved 1048576K

Card table byte_map: [0x0000019a20b50000,0x0000019a20d60000] _byte_map_base: 0x0000019a20550000

Marking Bits: (ParMarkBitMap*) 0x00007ffcafaf58b0
 Begin Bits: [0x0000019a32e30000, 0x0000019a33e30000)
 End Bits:   [0x0000019a33e30000, 0x0000019a34e30000)

Polling page: 0x0000019a1f0a0000

Metaspace:

Usage:
  Non-class:     38.18 MB used.
      Class:      4.31 MB used.
       Both:     42.49 MB used.

Virtual space:
  Non-class space:       64.00 MB reserved,      38.69 MB ( 60%) committed,  1 nodes.
      Class space:        1.00 GB reserved,       4.75 MB ( <1%) committed,  1 nodes.
             Both:        1.06 GB reserved,      43.44 MB (  4%) committed. 

Chunk freelists:
   Non-Class:  9.28 MB
       Class:  11.23 MB
        Both:  20.52 MB

MaxMetaspaceSize: unlimited
CompressedClassSpaceSize: 1.00 GB
Initial GC threshold: 21.00 MB
Current GC threshold: 58.38 MB
CDS: off
MetaspaceReclaimPolicy: balanced
 - commit_granule_bytes: 65536.
 - commit_granule_words: 8192.
 - virtual_space_node_default_size: 8388608.
 - enlarge_chunks_in_place: 1.
 - new_chunks_are_fully_committed: 0.
 - uncommit_free_chunks: 1.
 - use_allocation_guard: 0.
 - handle_deallocations: 1.


Internal statistics:

num_allocs_failed_limit: 6.
num_arena_births: 552.
num_arena_deaths: 14.
num_vsnodes_births: 2.
num_vsnodes_deaths: 0.
num_space_committed: 695.
num_space_uncommitted: 0.
num_chunks_returned_to_freelist: 20.
num_chunks_taken_from_freelist: 2014.
num_chunk_merges: 11.
num_chunk_splits: 1288.
num_chunks_enlarged: 821.
num_inconsistent_stats: 0.

CodeHeap 'non-profiled nmethods': size=120000Kb used=2154Kb max_used=2154Kb free=117845Kb
 bounds [0x0000019a2b900000, 0x0000019a2bb70000, 0x0000019a32e30000]
CodeHeap 'profiled nmethods': size=120000Kb used=9544Kb max_used=9544Kb free=110455Kb
 bounds [0x0000019a23e30000, 0x0000019a24790000, 0x0000019a2b360000]
CodeHeap 'non-nmethods': size=5760Kb used=1324Kb max_used=1374Kb free=4435Kb
 bounds [0x0000019a2b360000, 0x0000019a2b5d0000, 0x0000019a2b900000]
 total_blobs=5059 nmethods=4412 adapters=561
 compilation: enabled
              stopped_count=0, restarted_count=0
 full_count=0

Compilation events (20 events):
Event: 16.029 Thread 0x0000019a751fa570 4420       2       org.lombokweb.asm.MethodVisitor::visitIntInsn (17 bytes)
Event: 16.029 Thread 0x0000019a751fa570 nmethod 4420 0x0000019a2477f090 code [0x0000019a2477f220, 0x0000019a2477f348]
Event: 16.030 Thread 0x0000019a751fa570 4422       2       lombok.patcher.MethodTarget::descriptorMatch (119 bytes)
Event: 16.030 Thread 0x0000019a751fa570 nmethod 4422 0x0000019a2477f410 code [0x0000019a2477f680, 0x0000019a2477fb78]
Event: 16.032 Thread 0x0000019a751fa570 4423       2       org.lombokweb.asm.MethodWriter::visitLdcInsn (215 bytes)
Event: 16.033 Thread 0x0000019a751fa570 nmethod 4423 0x0000019a2477fe10 code [0x0000019a24780020, 0x0000019a24780508]
Event: 16.151 Thread 0x0000019a751fa570 4429       2       org.lombokweb.asm.MethodVisitor::visitCode (15 bytes)
Event: 16.151 Thread 0x0000019a751fa570 nmethod 4429 0x0000019a24780890 code [0x0000019a24780a20, 0x0000019a24780b48]
Event: 16.152 Thread 0x0000019a751fa570 4430       2       org.lombokweb.asm.MethodVisitor::visitMaxs (17 bytes)
Event: 16.152 Thread 0x0000019a751fa570 nmethod 4430 0x0000019a24780c10 code [0x0000019a24780da0, 0x0000019a24780ec8]
Event: 16.152 Thread 0x0000019a751fa570 4431       2       org.lombokweb.asm.MethodVisitor::visitEnd (15 bytes)
Event: 16.152 Thread 0x0000019a751fa570 nmethod 4431 0x0000019a24780f90 code [0x0000019a24781120, 0x0000019a24781248]
Event: 16.271 Thread 0x0000019a751df9a0 nmethod 4375% 0x0000019a2bb0db90 code [0x0000019a2bb0e040, 0x0000019a2bb15f28]
Event: 16.271 Thread 0x0000019a751df9a0 4426       4       org.lombokweb.asm.ClassReader::readMethod (1066 bytes)
Event: 16.301 Thread 0x0000019a751fa570 4433       3       org.eclipse.osgi.storage.bundlefile.CloseableBundleFile::isMruEnabled (21 bytes)
Event: 16.301 Thread 0x0000019a751fa570 nmethod 4433 0x0000019a24781310 code [0x0000019a247814c0, 0x0000019a24781738]
Event: 16.301 Thread 0x0000019a751fa570 4434       3       org.eclipse.osgi.storage.bundlefile.MRUBundleFileList::isEnabled (13 bytes)
Event: 16.301 Thread 0x0000019a751fa570 nmethod 4434 0x0000019a24781810 code [0x0000019a247819a0, 0x0000019a24781b18]
Event: 16.301 Thread 0x0000019a751fa570 4435       3       org.eclipse.osgi.storage.bundlefile.CloseableBundleFile$BundleEntryInputStream::<init> (20 bytes)
Event: 16.302 Thread 0x0000019a751fa570 nmethod 4435 0x0000019a24781b90 code [0x0000019a24781d40, 0x0000019a24782068]

GC Heap History (20 events):
Event: 9.958 GC heap before
{Heap before GC invocations=9 (full 1):
 PSYoungGen      total 27136K, used 27128K [0x00000000eab00000, 0x00000000ecb80000, 0x0000000100000000)
  eden space 24064K, 100% used [0x00000000eab00000,0x00000000ec280000,0x00000000ec280000)
  from space 3072K, 99% used [0x00000000ec380000,0x00000000ec67e300,0x00000000ec680000)
  to   space 4608K, 0% used [0x00000000ec700000,0x00000000ec700000,0x00000000ecb80000)
 ParOldGen       total 68608K, used 8052K [0x00000000c0000000, 0x00000000c4300000, 0x00000000eab00000)
  object space 68608K, 11% used [0x00000000c0000000,0x00000000c07dd140,0x00000000c4300000)
 Metaspace       used 34253K, committed 34880K, reserved 1114112K
  class space    used 3418K, committed 3648K, reserved 1048576K
}
Event: 9.961 GC heap after
{Heap after GC invocations=9 (full 1):
 PSYoungGen      total 28160K, used 4215K [0x00000000eab00000, 0x00000000ecb80000, 0x0000000100000000)
  eden space 23552K, 0% used [0x00000000eab00000,0x00000000eab00000,0x00000000ec200000)
  from space 4608K, 91% used [0x00000000ec700000,0x00000000ecb1dc00,0x00000000ecb80000)
  to   space 4608K, 0% used [0x00000000ec280000,0x00000000ec280000,0x00000000ec700000)
 ParOldGen       total 68608K, used 8060K [0x00000000c0000000, 0x00000000c4300000, 0x00000000eab00000)
  object space 68608K, 11% used [0x00000000c0000000,0x00000000c07df140,0x00000000c4300000)
 Metaspace       used 34253K, committed 34880K, reserved 1114112K
  class space    used 3418K, committed 3648K, reserved 1048576K
}
Event: 10.271 GC heap before
{Heap before GC invocations=10 (full 1):
 PSYoungGen      total 28160K, used 10130K [0x00000000eab00000, 0x00000000ecb80000, 0x0000000100000000)
  eden space 23552K, 25% used [0x00000000eab00000,0x00000000eb0c6c40,0x00000000ec200000)
  from space 4608K, 91% used [0x00000000ec700000,0x00000000ecb1dc00,0x00000000ecb80000)
  to   space 4608K, 0% used [0x00000000ec280000,0x00000000ec280000,0x00000000ec700000)
 ParOldGen       total 68608K, used 8060K [0x00000000c0000000, 0x00000000c4300000, 0x00000000eab00000)
  object space 68608K, 11% used [0x00000000c0000000,0x00000000c07df140,0x00000000c4300000)
 Metaspace       used 35125K, committed 35840K, reserved 1114112K
  class space    used 3513K, committed 3840K, reserved 1048576K
}
Event: 10.276 GC heap after
{Heap after GC invocations=10 (full 1):
 PSYoungGen      total 26112K, used 2133K [0x00000000eab00000, 0x00000000ec800000, 0x0000000100000000)
  eden space 23552K, 0% used [0x00000000eab00000,0x00000000eab00000,0x00000000ec200000)
  from space 2560K, 83% used [0x00000000ec280000,0x00000000ec495570,0x00000000ec500000)
  to   space 3072K, 0% used [0x00000000ec500000,0x00000000ec500000,0x00000000ec800000)
 ParOldGen       total 68608K, used 10465K [0x00000000c0000000, 0x00000000c4300000, 0x00000000eab00000)
  object space 68608K, 15% used [0x00000000c0000000,0x00000000c0a386d0,0x00000000c4300000)
 Metaspace       used 35125K, committed 35840K, reserved 1114112K
  class space    used 3513K, committed 3840K, reserved 1048576K
}
Event: 10.276 GC heap before
{Heap before GC invocations=11 (full 2):
 PSYoungGen      total 26112K, used 2133K [0x00000000eab00000, 0x00000000ec800000, 0x0000000100000000)
  eden space 23552K, 0% used [0x00000000eab00000,0x00000000eab00000,0x00000000ec200000)
  from space 2560K, 83% used [0x00000000ec280000,0x00000000ec495570,0x00000000ec500000)
  to   space 3072K, 0% used [0x00000000ec500000,0x00000000ec500000,0x00000000ec800000)
 ParOldGen       total 68608K, used 10465K [0x00000000c0000000, 0x00000000c4300000, 0x00000000eab00000)
  object space 68608K, 15% used [0x00000000c0000000,0x00000000c0a386d0,0x00000000c4300000)
 Metaspace       used 35125K, committed 35840K, reserved 1114112K
  class space    used 3513K, committed 3840K, reserved 1048576K
}
Event: 10.315 GC heap after
{Heap after GC invocations=11 (full 2):
 PSYoungGen      total 26112K, used 0K [0x00000000eab00000, 0x00000000ec800000, 0x0000000100000000)
  eden space 23552K, 0% used [0x00000000eab00000,0x00000000eab00000,0x00000000ec200000)
  from space 2560K, 0% used [0x00000000ec280000,0x00000000ec280000,0x00000000ec500000)
  to   space 3072K, 0% used [0x00000000ec500000,0x00000000ec500000,0x00000000ec800000)
 ParOldGen       total 68608K, used 12391K [0x00000000c0000000, 0x00000000c4300000, 0x00000000eab00000)
  object space 68608K, 18% used [0x00000000c0000000,0x00000000c0c19ff8,0x00000000c4300000)
 Metaspace       used 35125K, committed 35840K, reserved 1114112K
  class space    used 3513K, committed 3840K, reserved 1048576K
}
Event: 11.212 GC heap before
{Heap before GC invocations=12 (full 2):
 PSYoungGen      total 26112K, used 23552K [0x00000000eab00000, 0x00000000ec800000, 0x0000000100000000)
  eden space 23552K, 100% used [0x00000000eab00000,0x00000000ec200000,0x00000000ec200000)
  from space 2560K, 0% used [0x00000000ec280000,0x00000000ec280000,0x00000000ec500000)
  to   space 3072K, 0% used [0x00000000ec500000,0x00000000ec500000,0x00000000ec800000)
 ParOldGen       total 68608K, used 12391K [0x00000000c0000000, 0x00000000c4300000, 0x00000000eab00000)
  object space 68608K, 18% used [0x00000000c0000000,0x00000000c0c19ff8,0x00000000c4300000)
 Metaspace       used 38057K, committed 38848K, reserved 1114112K
  class space    used 3857K, committed 4224K, reserved 1048576K
}
Event: 11.216 GC heap after
{Heap after GC invocations=12 (full 2):
 PSYoungGen      total 25088K, used 1934K [0x00000000eab00000, 0x00000000ec700000, 0x0000000100000000)
  eden space 23040K, 0% used [0x00000000eab00000,0x00000000eab00000,0x00000000ec180000)
  from space 2048K, 94% used [0x00000000ec500000,0x00000000ec6e3b38,0x00000000ec700000)
  to   space 2560K, 0% used [0x00000000ec200000,0x00000000ec200000,0x00000000ec480000)
 ParOldGen       total 68608K, used 12399K [0x00000000c0000000, 0x00000000c4300000, 0x00000000eab00000)
  object space 68608K, 18% used [0x00000000c0000000,0x00000000c0c1bff8,0x00000000c4300000)
 Metaspace       used 38057K, committed 38848K, reserved 1114112K
  class space    used 3857K, committed 4224K, reserved 1048576K
}
Event: 11.441 GC heap before
{Heap before GC invocations=13 (full 2):
 PSYoungGen      total 25088K, used 24974K [0x00000000eab00000, 0x00000000ec700000, 0x0000000100000000)
  eden space 23040K, 100% used [0x00000000eab00000,0x00000000ec180000,0x00000000ec180000)
  from space 2048K, 94% used [0x00000000ec500000,0x00000000ec6e3b38,0x00000000ec700000)
  to   space 2560K, 0% used [0x00000000ec200000,0x00000000ec200000,0x00000000ec480000)
 ParOldGen       total 68608K, used 12399K [0x00000000c0000000, 0x00000000c4300000, 0x00000000eab00000)
  object space 68608K, 18% used [0x00000000c0000000,0x00000000c0c1bff8,0x00000000c4300000)
 Metaspace       used 38510K, committed 39360K, reserved 1114112K
  class space    used 3921K, committed 4288K, reserved 1048576K
}
Event: 11.450 GC heap after
{Heap after GC invocations=13 (full 2):
 PSYoungGen      total 25088K, used 2161K [0x00000000eab00000, 0x00000000ec600000, 0x0000000100000000)
  eden space 22528K, 0% used [0x00000000eab00000,0x00000000eab00000,0x00000000ec100000)
  from space 2560K, 84% used [0x00000000ec200000,0x00000000ec41c460,0x00000000ec480000)
  to   space 1536K, 0% used [0x00000000ec480000,0x00000000ec480000,0x00000000ec600000)
 ParOldGen       total 68608K, used 14208K [0x00000000c0000000, 0x00000000c4300000, 0x00000000eab00000)
  object space 68608K, 20% used [0x00000000c0000000,0x00000000c0de02c8,0x00000000c4300000)
 Metaspace       used 38510K, committed 39360K, reserved 1114112K
  class space    used 3921K, committed 4288K, reserved 1048576K
}
Event: 11.709 GC heap before
{Heap before GC invocations=14 (full 2):
 PSYoungGen      total 25088K, used 24689K [0x00000000eab00000, 0x00000000ec600000, 0x0000000100000000)
  eden space 22528K, 100% used [0x00000000eab00000,0x00000000ec100000,0x00000000ec100000)
  from space 2560K, 84% used [0x00000000ec200000,0x00000000ec41c460,0x00000000ec480000)
  to   space 1536K, 0% used [0x00000000ec480000,0x00000000ec480000,0x00000000ec600000)
 ParOldGen       total 68608K, used 14208K [0x00000000c0000000, 0x00000000c4300000, 0x00000000eab00000)
  object space 68608K, 20% used [0x00000000c0000000,0x00000000c0de02c8,0x00000000c4300000)
 Metaspace       used 38634K, committed 39424K, reserved 1114112K
  class space    used 3925K, committed 4288K, reserved 1048576K
}
Event: 11.714 GC heap after
{Heap after GC invocations=14 (full 2):
 PSYoungGen      total 23040K, used 1506K [0x00000000eab00000, 0x00000000ec980000, 0x0000000100000000)
  eden space 21504K, 0% used [0x00000000eab00000,0x00000000eab00000,0x00000000ec000000)
  from space 1536K, 98% used [0x00000000ec480000,0x00000000ec5f8800,0x00000000ec600000)
  to   space 4608K, 0% used [0x00000000ec000000,0x00000000ec000000,0x00000000ec480000)
 ParOldGen       total 68608K, used 16720K [0x00000000c0000000, 0x00000000c4300000, 0x00000000eab00000)
  object space 68608K, 24% used [0x00000000c0000000,0x00000000c1054328,0x00000000c4300000)
 Metaspace       used 38634K, committed 39424K, reserved 1114112K
  class space    used 3925K, committed 4288K, reserved 1048576K
}
Event: 13.007 GC heap before
{Heap before GC invocations=15 (full 2):
 PSYoungGen      total 23040K, used 23010K [0x00000000eab00000, 0x00000000ec980000, 0x0000000100000000)
  eden space 21504K, 100% used [0x00000000eab00000,0x00000000ec000000,0x00000000ec000000)
  from space 1536K, 98% used [0x00000000ec480000,0x00000000ec5f8800,0x00000000ec600000)
  to   space 4608K, 0% used [0x00000000ec000000,0x00000000ec000000,0x00000000ec480000)
 ParOldGen       total 68608K, used 16720K [0x00000000c0000000, 0x00000000c4300000, 0x00000000eab00000)
  object space 68608K, 24% used [0x00000000c0000000,0x00000000c1054328,0x00000000c4300000)
 Metaspace       used 39855K, committed 40704K, reserved 1114112K
  class space    used 4076K, committed 4416K, reserved 1048576K
}
Event: 13.020 GC heap after
{Heap after GC invocations=15 (full 2):
 PSYoungGen      total 23552K, used 1671K [0x00000000eab00000, 0x00000000ec500000, 0x0000000100000000)
  eden space 21504K, 0% used [0x00000000eab00000,0x00000000eab00000,0x00000000ec000000)
  from space 2048K, 81% used [0x00000000ec000000,0x00000000ec1a1fa0,0x00000000ec200000)
  to   space 2560K, 0% used [0x00000000ec280000,0x00000000ec280000,0x00000000ec500000)
 ParOldGen       total 68608K, used 18248K [0x00000000c0000000, 0x00000000c4300000, 0x00000000eab00000)
  object space 68608K, 26% used [0x00000000c0000000,0x00000000c11d23a8,0x00000000c4300000)
 Metaspace       used 39855K, committed 40704K, reserved 1114112K
  class space    used 4076K, committed 4416K, reserved 1048576K
}
Event: 14.949 GC heap before
{Heap before GC invocations=16 (full 2):
 PSYoungGen      total 23552K, used 23159K [0x00000000eab00000, 0x00000000ec500000, 0x0000000100000000)
  eden space 21504K, 99% used [0x00000000eab00000,0x00000000ebffbee0,0x00000000ec000000)
  from space 2048K, 81% used [0x00000000ec000000,0x00000000ec1a1fa0,0x00000000ec200000)
  to   space 2560K, 0% used [0x00000000ec280000,0x00000000ec280000,0x00000000ec500000)
 ParOldGen       total 68608K, used 18248K [0x00000000c0000000, 0x00000000c4300000, 0x00000000eab00000)
  object space 68608K, 26% used [0x00000000c0000000,0x00000000c11d23a8,0x00000000c4300000)
 Metaspace       used 41564K, committed 42432K, reserved 1114112K
  class space    used 4249K, committed 4672K, reserved 1048576K
}
Event: 14.952 GC heap after
{Heap after GC invocations=16 (full 2):
 PSYoungGen      total 22528K, used 730K [0x00000000eab00000, 0x00000000ec380000, 0x0000000100000000)
  eden space 21504K, 0% used [0x00000000eab00000,0x00000000eab00000,0x00000000ec000000)
  from space 1024K, 71% used [0x00000000ec280000,0x00000000ec336ae0,0x00000000ec380000)
  to   space 1536K, 0% used [0x00000000ec080000,0x00000000ec080000,0x00000000ec200000)
 ParOldGen       total 68608K, used 19697K [0x00000000c0000000, 0x00000000c4300000, 0x00000000eab00000)
  object space 68608K, 28% used [0x00000000c0000000,0x00000000c133c4a8,0x00000000c4300000)
 Metaspace       used 41564K, committed 42432K, reserved 1114112K
  class space    used 4249K, committed 4672K, reserved 1048576K
}
Event: 15.853 GC heap before
{Heap before GC invocations=17 (full 2):
 PSYoungGen      total 22528K, used 22234K [0x00000000eab00000, 0x00000000ec380000, 0x0000000100000000)
  eden space 21504K, 100% used [0x00000000eab00000,0x00000000ec000000,0x00000000ec000000)
  from space 1024K, 71% used [0x00000000ec280000,0x00000000ec336ae0,0x00000000ec380000)
  to   space 1536K, 0% used [0x00000000ec080000,0x00000000ec080000,0x00000000ec200000)
 ParOldGen       total 68608K, used 19697K [0x00000000c0000000, 0x00000000c4300000, 0x00000000eab00000)
  object space 68608K, 28% used [0x00000000c0000000,0x00000000c133c4a8,0x00000000c4300000)
 Metaspace       used 42943K, committed 43904K, reserved 1114112K
  class space    used 4365K, committed 4800K, reserved 1048576K
}
Event: 15.855 GC heap after
{Heap after GC invocations=17 (full 2):
 PSYoungGen      total 23040K, used 1134K [0x00000000eab00000, 0x00000000ec300000, 0x0000000100000000)
  eden space 21504K, 0% used [0x00000000eab00000,0x00000000eab00000,0x00000000ec000000)
  from space 1536K, 73% used [0x00000000ec080000,0x00000000ec19b890,0x00000000ec200000)
  to   space 1024K, 0% used [0x00000000ec200000,0x00000000ec200000,0x00000000ec300000)
 ParOldGen       total 68608K, used 20215K [0x00000000c0000000, 0x00000000c4300000, 0x00000000eab00000)
  object space 68608K, 29% used [0x00000000c0000000,0x00000000c13bde70,0x00000000c4300000)
 Metaspace       used 42943K, committed 43904K, reserved 1114112K
  class space    used 4365K, committed 4800K, reserved 1048576K
}
Event: 16.052 GC heap before
{Heap before GC invocations=18 (full 2):
 PSYoungGen      total 23040K, used 22584K [0x00000000eab00000, 0x00000000ec300000, 0x0000000100000000)
  eden space 21504K, 99% used [0x00000000eab00000,0x00000000ebff2928,0x00000000ec000000)
  from space 1536K, 73% used [0x00000000ec080000,0x00000000ec19b890,0x00000000ec200000)
  to   space 1024K, 0% used [0x00000000ec200000,0x00000000ec200000,0x00000000ec300000)
 ParOldGen       total 68608K, used 20215K [0x00000000c0000000, 0x00000000c4300000, 0x00000000eab00000)
  object space 68608K, 29% used [0x00000000c0000000,0x00000000c13bde70,0x00000000c4300000)
 Metaspace       used 42970K, committed 43904K, reserved 1114112K
  class space    used 4365K, committed 4800K, reserved 1048576K
}
Event: 16.053 GC heap after
{Heap after GC invocations=18 (full 2):
 PSYoungGen      total 22016K, used 290K [0x00000000eab00000, 0x00000000ec280000, 0x0000000100000000)
  eden space 21504K, 0% used [0x00000000eab00000,0x00000000eab00000,0x00000000ec000000)
  from space 512K, 56% used [0x00000000ec200000,0x00000000ec248b98,0x00000000ec280000)
  to   space 1024K, 0% used [0x00000000ec080000,0x00000000ec080000,0x00000000ec180000)
 ParOldGen       total 68608K, used 20859K [0x00000000c0000000, 0x00000000c4300000, 0x00000000eab00000)
  object space 68608K, 30% used [0x00000000c0000000,0x00000000c145eca0,0x00000000c4300000)
 Metaspace       used 42970K, committed 43904K, reserved 1114112K
  class space    used 4365K, committed 4800K, reserved 1048576K
}

Dll operation events (10 events):
Event: 0.066 Loaded shared library c:\Users\Nayan Mandal\.vscode\extensions\redhat.java-1.35.0-win32-x64\jre\17.0.12-win32-x86_64\bin\java.dll
Event: 0.896 Loaded shared library c:\Users\Nayan Mandal\.vscode\extensions\redhat.java-1.35.0-win32-x64\jre\17.0.12-win32-x86_64\bin\zip.dll
Event: 0.905 Loaded shared library C:\Users\Nayan Mandal\.vscode\extensions\redhat.java-1.35.0-win32-x64\jre\17.0.12-win32-x86_64\bin\instrument.dll
Event: 1.010 Loaded shared library C:\Users\Nayan Mandal\.vscode\extensions\redhat.java-1.35.0-win32-x64\jre\17.0.12-win32-x86_64\bin\net.dll
Event: 1.013 Loaded shared library C:\Users\Nayan Mandal\.vscode\extensions\redhat.java-1.35.0-win32-x64\jre\17.0.12-win32-x86_64\bin\nio.dll
Event: 1.091 Loaded shared library C:\Users\Nayan Mandal\.vscode\extensions\redhat.java-1.35.0-win32-x64\jre\17.0.12-win32-x86_64\bin\zip.dll
Event: 1.132 Loaded shared library C:\Users\Nayan Mandal\.vscode\extensions\redhat.java-1.35.0-win32-x64\jre\17.0.12-win32-x86_64\bin\jimage.dll
Event: 1.348 Loaded shared library c:\Users\Nayan Mandal\.vscode\extensions\redhat.java-1.35.0-win32-x64\jre\17.0.12-win32-x86_64\bin\verify.dll
Event: 4.329 Loaded shared library C:\Users\Nayan Mandal\AppData\Roaming\Code\User\globalStorage\redhat.java\1.35.0\config_ss_win\org.eclipse.equinox.launcher\org.eclipse.equinox.launcher.win32.win32.x86_64_1.2.1100.v20240722-2106\eclipse_11904.dll
Event: 6.666 Loaded shared library C:\Users\Nayan Mandal\AppData\Local\Temp\jna-803531042\jna6404947651719838494.dll

Deoptimization events (20 events):
Event: 15.887 Thread 0x0000019a7b724810 DEOPT PACKING pc=0x0000019a2b9ff61c sp=0x00000001028f9650
Event: 15.887 Thread 0x0000019a7b724810 DEOPT UNPACKING pc=0x0000019a2b3b9ea3 sp=0x00000001028f9608 mode 2
Event: 15.940 Thread 0x0000019a7b724810 DEOPT PACKING pc=0x0000019a242fce0b sp=0x00000001028f97f0
Event: 15.940 Thread 0x0000019a7b724810 DEOPT UNPACKING pc=0x0000019a2b3ba9e3 sp=0x00000001028f8cf0 mode 0
Event: 16.027 Thread 0x0000019a7b724810 DEOPT PACKING pc=0x0000019a242fce0b sp=0x00000001028f97f0
Event: 16.027 Thread 0x0000019a7b724810 DEOPT UNPACKING pc=0x0000019a2b3ba9e3 sp=0x00000001028f8cf0 mode 0
Event: 16.035 Thread 0x0000019a7b724810 DEOPT PACKING pc=0x0000019a242fce0b sp=0x00000001028f97f0
Event: 16.035 Thread 0x0000019a7b724810 DEOPT UNPACKING pc=0x0000019a2b3ba9e3 sp=0x00000001028f8cf0 mode 0
Event: 16.042 Thread 0x0000019a7b724810 DEOPT PACKING pc=0x0000019a242fce0b sp=0x00000001028f97f0
Event: 16.042 Thread 0x0000019a7b724810 DEOPT UNPACKING pc=0x0000019a2b3ba9e3 sp=0x00000001028f8cf0 mode 0
Event: 16.048 Thread 0x0000019a7b724810 DEOPT PACKING pc=0x0000019a242fce0b sp=0x00000001028f97f0
Event: 16.048 Thread 0x0000019a7b724810 DEOPT UNPACKING pc=0x0000019a2b3ba9e3 sp=0x00000001028f8cf0 mode 0
Event: 16.051 Thread 0x0000019a7b724810 DEOPT PACKING pc=0x0000019a242fce0b sp=0x00000001028f97f0
Event: 16.051 Thread 0x0000019a7b724810 DEOPT UNPACKING pc=0x0000019a2b3ba9e3 sp=0x00000001028f8cf0 mode 0
Event: 16.141 Thread 0x0000019a7b724810 DEOPT PACKING pc=0x0000019a242fce0b sp=0x00000001028f97f0
Event: 16.141 Thread 0x0000019a7b724810 DEOPT UNPACKING pc=0x0000019a2b3ba9e3 sp=0x00000001028f8cf0 mode 0
Event: 16.148 Thread 0x0000019a7b724810 DEOPT PACKING pc=0x0000019a242fce0b sp=0x00000001028f97f0
Event: 16.148 Thread 0x0000019a7b724810 DEOPT UNPACKING pc=0x0000019a2b3ba9e3 sp=0x00000001028f8cf0 mode 0
Event: 16.165 Thread 0x0000019a7b724810 DEOPT PACKING pc=0x0000019a242fce0b sp=0x00000001028f97f0
Event: 16.165 Thread 0x0000019a7b724810 DEOPT UNPACKING pc=0x0000019a2b3ba9e3 sp=0x00000001028f8cf0 mode 0

Classes loaded (20 events):
Event: 11.248 Loading class java/nio/channels/Channels$ReadableByteChannelImpl
Event: 11.248 Loading class java/nio/channels/Channels$ReadableByteChannelImpl done
Event: 11.250 Loading class java/nio/channels/NonWritableChannelException
Event: 11.250 Loading class java/nio/channels/NonWritableChannelException done
Event: 11.524 Loading class java/lang/invoke/MethodHandleImpl$CountingWrapper$1
Event: 11.525 Loading class java/lang/invoke/MethodHandleImpl$CountingWrapper$1 done
Event: 12.104 Loading class sun/nio/cs/ThreadLocalCoders
Event: 12.110 Loading class sun/nio/cs/ThreadLocalCoders done
Event: 12.110 Loading class sun/nio/cs/ThreadLocalCoders$1
Event: 12.111 Loading class sun/nio/cs/ThreadLocalCoders$Cache
Event: 12.191 Loading class sun/nio/cs/ThreadLocalCoders$Cache done
Event: 12.191 Loading class sun/nio/cs/ThreadLocalCoders$1 done
Event: 12.192 Loading class sun/nio/cs/ThreadLocalCoders$2
Event: 12.205 Loading class sun/nio/cs/ThreadLocalCoders$2 done
Event: 12.463 Loading class java/lang/ExceptionInInitializerError
Event: 12.464 Loading class java/lang/ExceptionInInitializerError done
Event: 14.580 Loading class java/util/Vector$1
Event: 14.581 Loading class java/util/Vector$1 done
Event: 15.407 Loading class java/util/regex/Pattern$Caret
Event: 15.407 Loading class java/util/regex/Pattern$Caret done

Classes unloaded (7 events):
Event: 6.331 Thread 0x0000019a21245b70 Unloading class 0x0000019a3521bc00 'java/lang/invoke/LambdaForm$MH+0x0000019a3521bc00'
Event: 6.331 Thread 0x0000019a21245b70 Unloading class 0x0000019a3521b800 'java/lang/invoke/LambdaForm$MH+0x0000019a3521b800'
Event: 6.331 Thread 0x0000019a21245b70 Unloading class 0x0000019a3521b400 'java/lang/invoke/LambdaForm$MH+0x0000019a3521b400'
Event: 6.331 Thread 0x0000019a21245b70 Unloading class 0x0000019a3521b000 'java/lang/invoke/LambdaForm$MH+0x0000019a3521b000'
Event: 6.331 Thread 0x0000019a21245b70 Unloading class 0x0000019a3521ac00 'java/lang/invoke/LambdaForm$BMH+0x0000019a3521ac00'
Event: 6.331 Thread 0x0000019a21245b70 Unloading class 0x0000019a3521a800 'java/lang/invoke/LambdaForm$DMH+0x0000019a3521a800'
Event: 6.331 Thread 0x0000019a21245b70 Unloading class 0x0000019a35216400 'java/lang/invoke/LambdaForm$DMH+0x0000019a35216400'

Classes redefined (0 events):
No events

Internal exceptions (20 events):
Event: 11.172 Thread 0x0000019a7b724300 Exception <a 'java/lang/NoSuchMethodError'{0x00000000ebfd6bd0}: 'int java.lang.invoke.DirectMethodHandle$Holder.invokeVirtual(java.lang.Object, java.lang.Object, java.lang.Object)'> (0x00000000ebfd6bd0) 
thrown [s\src\hotspot\share\interpreter\linkResolver.cpp, line 759]
Event: 11.173 Thread 0x0000019a7b724300 Exception <a 'java/lang/NoSuchMethodError'{0x00000000ebfda730}: 'int java.lang.invoke.DirectMethodHandle$Holder.invokeVirtual(java.lang.Object, java.lang.Object)'> (0x00000000ebfda730) 
thrown [s\src\hotspot\share\interpreter\linkResolver.cpp, line 759]
Event: 11.174 Thread 0x0000019a7b724300 Exception <a 'java/lang/NoSuchMethodError'{0x00000000ebfdeca0}: 'int java.lang.invoke.DirectMethodHandle$Holder.invokeStaticInit(java.lang.Object, int, int)'> (0x00000000ebfdeca0) 
thrown [s\src\hotspot\share\interpreter\linkResolver.cpp, line 759]
Event: 11.175 Thread 0x0000019a7b724300 Exception <a 'java/lang/NoSuchMethodError'{0x00000000ec0089d8}: 'int java.lang.invoke.DirectMethodHandle$Holder.invokeStaticInit(java.lang.Object, long, long)'> (0x00000000ec0089d8) 
thrown [s\src\hotspot\share\interpreter\linkResolver.cpp, line 759]
Event: 11.175 Thread 0x0000019a7b724300 Exception <a 'java/lang/NoSuchMethodError'{0x00000000ec00fad0}: 'int java.lang.invoke.DirectMethodHandle$Holder.invokeStaticInit(java.lang.Object, float, float)'> (0x00000000ec00fad0) 
thrown [s\src\hotspot\share\interpreter\linkResolver.cpp, line 759]
Event: 11.176 Thread 0x0000019a7b724300 Exception <a 'java/lang/NoSuchMethodError'{0x00000000ec016bd0}: 'int java.lang.invoke.DirectMethodHandle$Holder.invokeStaticInit(java.lang.Object, double, double)'> (0x00000000ec016bd0) 
thrown [s\src\hotspot\share\interpreter\linkResolver.cpp, line 759]
Event: 11.176 Thread 0x0000019a7b724300 Exception <a 'java/lang/NoSuchMethodError'{0x00000000ec01b6e8}: 'int java.lang.invoke.DirectMethodHandle$Holder.invokeStatic(java.lang.Object, long)'> (0x00000000ec01b6e8) 
thrown [s\src\hotspot\share\interpreter\linkResolver.cpp, line 759]
Event: 11.178 Thread 0x0000019a7b724300 Exception <a 'java/lang/NoSuchMethodError'{0x00000000ec031970}: 'int java.lang.invoke.DirectMethodHandle$Holder.invokeSpecial(java.lang.Object, java.lang.Object, int, int)'> (0x00000000ec031970) 
thrown [s\src\hotspot\share\interpreter\linkResolver.cpp, line 759]
Event: 11.180 Thread 0x0000019a7b721570 Exception <a 'java/lang/NoSuchMethodError'{0x00000000ec050bd8}: 'int java.lang.invoke.Invokers$Holder.linkToTargetMethod(java.lang.Object, java.lang.Object)'> (0x00000000ec050bd8) 
thrown [s\src\hotspot\share\interpreter\linkResolver.cpp, line 759]
Event: 11.211 Thread 0x0000019a7b724300 Exception <a 'java/lang/NoSuchMethodError'{0x00000000ec045c88}: 'int java.lang.invoke.DirectMethodHandle$Holder.invokeSpecial(java.lang.Object, java.lang.Object, java.lang.Object, java.lang.Object)'> (0x00000000ec045c88) 
thrown [s\src\hotspot\share\interpreter\linkResolver.cpp, line 759]
Event: 11.216 Thread 0x0000019a7b724810 Exception <a 'java/lang/NoSuchMethodError'{0x00000000ec5f7e78}: 'int java.lang.invoke.DirectMethodHandle$Holder.invokeSpecial(java.lang.Object, java.lang.Object, java.lang.Object, java.lang.Object)'> (0x00000000ec5f7e78) 
thrown [s\src\hotspot\share\interpreter\linkResolver.cpp, line 759]
Event: 11.219 Thread 0x0000019a7b724810 Exception <a 'java/lang/NoSuchMethodError'{0x00000000eab4f190}: 'java.lang.Object java.lang.invoke.DirectMethodHandle$Holder.invokeStatic(java.lang.Object, int, java.lang.Object, java.lang.Object)'> (0x00000000eab4f190) 
thrown [s\src\hotspot\share\interpreter\linkResolver.cpp, line 759]
Event: 11.219 Thread 0x0000019a7b724300 Exception <a 'java/lang/NoSuchMethodError'{0x00000000eab3a3a8}: 'java.lang.Object java.lang.invoke.DirectMethodHandle$Holder.invokeStatic(java.lang.Object, int, java.lang.Object, java.lang.Object)'> (0x00000000eab3a3a8) 
thrown [s\src\hotspot\share\interpreter\linkResolver.cpp, line 759]
Event: 11.219 Thread 0x0000019a7b724810 Exception <a 'java/lang/NoSuchMethodError'{0x00000000eab52f48}: 'java.lang.Object java.lang.invoke.DelegatingMethodHandle$Holder.delegate(java.lang.Object, int, java.lang.Object, java.lang.Object)'> (0x00000000eab52f48) 
thrown [s\src\hotspot\share\interpreter\linkResolver.cpp, line 759]
Event: 11.219 Thread 0x0000019a7b724300 Exception <a 'java/lang/NoSuchMethodError'{0x00000000eab3e140}: 'java.lang.Object java.lang.invoke.DelegatingMethodHandle$Holder.delegate(java.lang.Object, int, java.lang.Object, java.lang.Object)'> (0x00000000eab3e140) 
thrown [s\src\hotspot\share\interpreter\linkResolver.cpp, line 759]
Event: 11.225 Thread 0x0000019a7b724300 Exception <a 'java/lang/NoSuchMethodError'{0x00000000eab72be0}: 'int java.lang.invoke.Invokers$Holder.linkToTargetMethod(java.lang.Object, java.lang.Object, java.lang.Object)'> (0x00000000eab72be0) 
thrown [s\src\hotspot\share\interpreter\linkResolver.cpp, line 759]
Event: 11.225 Thread 0x0000019a7b724810 Exception <a 'java/lang/NoSuchMethodError'{0x00000000eab67fe0}: 'int java.lang.invoke.Invokers$Holder.linkToTargetMethod(java.lang.Object, java.lang.Object, java.lang.Object)'> (0x00000000eab67fe0) 
thrown [s\src\hotspot\share\interpreter\linkResolver.cpp, line 759]
Event: 13.882 Thread 0x0000019a7b721570 Exception <a 'java/lang/LinkageError'{0x00000000eb0a89d8}: loader lombok.launch.ShadowClassLoader @2bbbba5 attempted duplicate class definition for lombok.launch.PatchFixesHider$Transform. (lombok.launch.PatchFixesHider$Transform is in unnamed module of loader lombok.launch.ShadowClassLoader @2bbbba5, parent loader org.eclipse.osgi.internal.loader.EquinoxClassLoader @76c78918)> (0x00000000eb0a89d8) 
thrown [s\src\hotspot\share\classfile\systemDictionary.cpp, line 1723]
Event: 13.882 Thread 0x0000019a7b724810 Exception <a 'java/lang/LinkageError'{0x00000000eb12f358}: loader lombok.launch.ShadowClassLoader @2bbbba5 attempted duplicate class definition for lombok.launch.PatchFixesHider$Transform. (lombok.launch.PatchFixesHider$Transform is in unnamed module of loader lombok.launch.ShadowClassLoader @2bbbba5, parent loader org.eclipse.osgi.internal.loader.EquinoxClassLoader @76c78918)> (0x00000000eb12f358) 
thrown [s\src\hotspot\share\classfile\systemDictionary.cpp, line 1723]
Event: 15.605 Thread 0x0000019a7b724810 Exception <a 'java/lang/LinkageError'{0x00000000eba2b660}: loader lombok.launch.ShadowClassLoader @2bbbba5 attempted duplicate class definition for lombok.launch.PatchFixesHider$ValPortal. (lombok.launch.PatchFixesHider$ValPortal is in unnamed module of loader lombok.launch.ShadowClassLoader @2bbbba5, parent loader org.eclipse.osgi.internal.loader.EquinoxClassLoader @76c78918)> (0x00000000eba2b660) 
thrown [s\src\hotspot\share\classfile\systemDictionary.cpp, line 1723]

VM Operations (20 events):
Event: 11.441 Executing VM operation: ParallelGCFailedAllocation
Event: 11.450 Executing VM operation: ParallelGCFailedAllocation done
Event: 11.709 Executing VM operation: ParallelGCFailedAllocation
Event: 11.718 Executing VM operation: ParallelGCFailedAllocation done
Event: 12.367 Executing VM operation: HandshakeAllThreads
Event: 12.367 Executing VM operation: HandshakeAllThreads done
Event: 13.007 Executing VM operation: ParallelGCFailedAllocation
Event: 13.020 Executing VM operation: ParallelGCFailedAllocation done
Event: 13.423 Executing VM operation: HandshakeAllThreads
Event: 13.423 Executing VM operation: HandshakeAllThreads done
Event: 13.486 Executing VM operation: HandshakeAllThreads
Event: 13.486 Executing VM operation: HandshakeAllThreads done
Event: 14.498 Executing VM operation: Cleanup
Event: 14.498 Executing VM operation: Cleanup done
Event: 14.949 Executing VM operation: ParallelGCFailedAllocation
Event: 14.952 Executing VM operation: ParallelGCFailedAllocation done
Event: 15.853 Executing VM operation: ParallelGCFailedAllocation
Event: 15.855 Executing VM operation: ParallelGCFailedAllocation done
Event: 16.052 Executing VM operation: ParallelGCFailedAllocation
Event: 16.053 Executing VM operation: ParallelGCFailedAllocation done

Events (20 events):
Event: 4.322 Thread 0x0000019a7ab6b9c0 Thread added: 0x0000019a7ab6b9c0
Event: 4.424 Thread 0x0000019a7aa96030 Thread added: 0x0000019a7aa96030
Event: 4.835 Thread 0x0000019a7af9a030 Thread added: 0x0000019a7af9a030
Event: 5.675 Thread 0x0000019a7ac25ed0 Thread added: 0x0000019a7ac25ed0
Event: 6.725 Thread 0x0000019a7ac24fa0 Thread added: 0x0000019a7ac24fa0
Event: 6.792 Thread 0x0000019a7ac24580 Thread added: 0x0000019a7ac24580
Event: 6.872 Thread 0x0000019a7ac268f0 Thread added: 0x0000019a7ac268f0
Event: 8.290 Thread 0x0000019a7ac259c0 Thread added: 0x0000019a7ac259c0
Event: 9.308 Thread 0x0000019a7ac259c0 Thread exited: 0x0000019a7ac259c0
Event: 9.655 Thread 0x0000019a7ac254b0 Thread added: 0x0000019a7ac254b0
Event: 9.655 Thread 0x0000019a7ac24a90 Thread added: 0x0000019a7ac24a90
Event: 9.655 Thread 0x0000019a7ac26e00 Thread added: 0x0000019a7ac26e00
Event: 9.656 Thread 0x0000019a7ac27310 Thread added: 0x0000019a7ac27310
Event: 9.656 Thread 0x0000019a7ac27820 Thread added: 0x0000019a7ac27820
Event: 9.678 Thread 0x0000019a7ac263e0 Thread added: 0x0000019a7ac263e0
Event: 9.939 Thread 0x0000019a7ac259c0 Thread added: 0x0000019a7ac259c0
Event: 9.940 Thread 0x0000019a7b724300 Thread added: 0x0000019a7b724300
Event: 10.784 Thread 0x0000019a7b724810 Thread added: 0x0000019a7b724810
Event: 10.812 Thread 0x0000019a7b721570 Thread added: 0x0000019a7b721570
Event: 12.027 Thread 0x0000019a7af9a030 Thread exited: 0x0000019a7af9a030


Dynamic libraries:
0x00007ff76ac20000 - 0x00007ff76ac2e000 	c:\Users\Nayan Mandal\.vscode\extensions\redhat.java-1.35.0-win32-x64\jre\17.0.12-win32-x86_64\bin\java.exe
0x00007ffd35690000 - 0x00007ffd358a7000 	C:\WINDOWS\SYSTEM32\ntdll.dll
0x00007ffd35130000 - 0x00007ffd351f4000 	C:\WINDOWS\System32\KERNEL32.DLL
0x00007ffd32e60000 - 0x00007ffd3320d000 	C:\WINDOWS\System32\KERNELBASE.dll
0x00007ffd329b0000 - 0x00007ffd32ac1000 	C:\WINDOWS\System32\ucrtbase.dll
0x00007ffd20a10000 - 0x00007ffd20a27000 	c:\Users\Nayan Mandal\.vscode\extensions\redhat.java-1.35.0-win32-x64\jre\17.0.12-win32-x86_64\bin\jli.dll
0x00007ffd33740000 - 0x00007ffd338ee000 	C:\WINDOWS\System32\USER32.dll
0x00007ffd32cc0000 - 0x00007ffd32ce6000 	C:\WINDOWS\System32\win32u.dll
0x00007ffd340d0000 - 0x00007ffd340f9000 	C:\WINDOWS\System32\GDI32.dll
0x00007ffd32b70000 - 0x00007ffd32c89000 	C:\WINDOWS\System32\gdi32full.dll
0x00007ffd32ad0000 - 0x00007ffd32b6a000 	C:\WINDOWS\System32\msvcp_win.dll
0x00007ffd1ea30000 - 0x00007ffd1ea4b000 	c:\Users\Nayan Mandal\.vscode\extensions\redhat.java-1.35.0-win32-x64\jre\17.0.12-win32-x86_64\bin\VCRUNTIME140.dll
0x00007ffd1b6d0000 - 0x00007ffd1b963000 	C:\WINDOWS\WinSxS\amd64_microsoft.windows.common-controls_6595b64144ccf1df_6.0.22621.3672_none_2713b9d173822955\COMCTL32.dll
0x00007ffd33590000 - 0x00007ffd33637000 	C:\WINDOWS\System32\msvcrt.dll
0x00007ffd333c0000 - 0x00007ffd333f1000 	C:\WINDOWS\System32\IMM32.DLL
0x00007ffd2f0f0000 - 0x00007ffd2f0fc000 	c:\Users\Nayan Mandal\.vscode\extensions\redhat.java-1.35.0-win32-x64\jre\17.0.12-win32-x86_64\bin\vcruntime140_1.dll
0x00007ffd06770000 - 0x00007ffd067fd000 	c:\Users\Nayan Mandal\.vscode\extensions\redhat.java-1.35.0-win32-x64\jre\17.0.12-win32-x86_64\bin\msvcp140.dll
0x00007ffcaef50000 - 0x00007ffcafbba000 	c:\Users\Nayan Mandal\.vscode\extensions\redhat.java-1.35.0-win32-x64\jre\17.0.12-win32-x86_64\bin\server\jvm.dll
0x00007ffd334d0000 - 0x00007ffd33582000 	C:\WINDOWS\System32\ADVAPI32.dll
0x00007ffd34250000 - 0x00007ffd342f9000 	C:\WINDOWS\System32\sechost.dll
0x00007ffd32c90000 - 0x00007ffd32cb8000 	C:\WINDOWS\System32\bcrypt.dll
0x00007ffd34120000 - 0x00007ffd34234000 	C:\WINDOWS\System32\RPCRT4.dll
0x00007ffd339a0000 - 0x00007ffd33a11000 	C:\WINDOWS\System32\WS2_32.dll
0x00007ffd32880000 - 0x00007ffd328cd000 	C:\WINDOWS\SYSTEM32\POWRPROF.dll
0x00007ffd2a240000 - 0x00007ffd2a274000 	C:\WINDOWS\SYSTEM32\WINMM.dll
0x00007ffd296e0000 - 0x00007ffd296ea000 	C:\WINDOWS\SYSTEM32\VERSION.dll
0x00007ffd32860000 - 0x00007ffd32873000 	C:\WINDOWS\SYSTEM32\UMPDC.dll
0x00007ffd31a00000 - 0x00007ffd31a18000 	C:\WINDOWS\SYSTEM32\kernel.appcore.dll
0x00007ffd21e10000 - 0x00007ffd21e1a000 	c:\Users\Nayan Mandal\.vscode\extensions\redhat.java-1.35.0-win32-x64\jre\17.0.12-win32-x86_64\bin\jimage.dll
0x00007ffd30250000 - 0x00007ffd30482000 	C:\WINDOWS\SYSTEM32\DBGHELP.DLL
0x00007ffd34b70000 - 0x00007ffd34efe000 	C:\WINDOWS\System32\combase.dll
0x00007ffd34f90000 - 0x00007ffd35067000 	C:\WINDOWS\System32\OLEAUT32.dll
0x00007ffd016b0000 - 0x00007ffd016e2000 	C:\WINDOWS\SYSTEM32\dbgcore.DLL
0x00007ffd33340000 - 0x00007ffd333bb000 	C:\WINDOWS\System32\bcryptPrimitives.dll
0x00007ffd21e00000 - 0x00007ffd21e0e000 	c:\Users\Nayan Mandal\.vscode\extensions\redhat.java-1.35.0-win32-x64\jre\17.0.12-win32-x86_64\bin\instrument.dll
0x00007ffd213a0000 - 0x00007ffd213c5000 	c:\Users\Nayan Mandal\.vscode\extensions\redhat.java-1.35.0-win32-x64\jre\17.0.12-win32-x86_64\bin\java.dll
0x00007ffd1e950000 - 0x00007ffd1e968000 	c:\Users\Nayan Mandal\.vscode\extensions\redhat.java-1.35.0-win32-x64\jre\17.0.12-win32-x86_64\bin\zip.dll
0x00007ffd34300000 - 0x00007ffd34b67000 	C:\WINDOWS\System32\SHELL32.dll
0x00007ffd30930000 - 0x00007ffd3122f000 	C:\WINDOWS\SYSTEM32\windows.storage.dll
0x00007ffd307f0000 - 0x00007ffd3092f000 	C:\WINDOWS\SYSTEM32\wintypes.dll
0x00007ffd33640000 - 0x00007ffd33739000 	C:\WINDOWS\System32\SHCORE.dll
0x00007ffd33400000 - 0x00007ffd3345e000 	C:\WINDOWS\System32\shlwapi.dll
0x00007ffd328e0000 - 0x00007ffd32907000 	C:\WINDOWS\SYSTEM32\profapi.dll
0x00007ffd06c70000 - 0x00007ffd06c89000 	C:\Users\Nayan Mandal\.vscode\extensions\redhat.java-1.35.0-win32-x64\jre\17.0.12-win32-x86_64\bin\net.dll
0x00007ffd2bc70000 - 0x00007ffd2bda6000 	C:\WINDOWS\SYSTEM32\WINHTTP.dll
0x00007ffd31e70000 - 0x00007ffd31ed9000 	C:\WINDOWS\system32\mswsock.dll
0x00007ffcff910000 - 0x00007ffcff926000 	C:\Users\Nayan Mandal\.vscode\extensions\redhat.java-1.35.0-win32-x64\jre\17.0.12-win32-x86_64\bin\nio.dll
0x00007ffd21df0000 - 0x00007ffd21e00000 	c:\Users\Nayan Mandal\.vscode\extensions\redhat.java-1.35.0-win32-x64\jre\17.0.12-win32-x86_64\bin\verify.dll
0x00007ffce2b00000 - 0x00007ffce2b45000 	C:\Users\Nayan Mandal\AppData\Roaming\Code\User\globalStorage\redhat.java\1.35.0\config_ss_win\org.eclipse.equinox.launcher\org.eclipse.equinox.launcher.win32.win32.x86_64_1.2.1100.v20240722-2106\eclipse_11904.dll
0x00007ffd33a20000 - 0x00007ffd33bc5000 	C:\WINDOWS\System32\ole32.dll
0x00007ffd320c0000 - 0x00007ffd320db000 	C:\WINDOWS\SYSTEM32\CRYPTSP.dll
0x00007ffd31960000 - 0x00007ffd31995000 	C:\WINDOWS\system32\rsaenh.dll
0x00007ffd31f60000 - 0x00007ffd31f88000 	C:\WINDOWS\SYSTEM32\USERENV.dll
0x00007ffd320e0000 - 0x00007ffd320ec000 	C:\WINDOWS\SYSTEM32\CRYPTBASE.dll
0x00007ffd31490000 - 0x00007ffd314bd000 	C:\WINDOWS\SYSTEM32\IPHLPAPI.DLL
0x00007ffd34240000 - 0x00007ffd34249000 	C:\WINDOWS\System32\NSI.dll
0x00007ffd2c070000 - 0x00007ffd2c089000 	C:\WINDOWS\SYSTEM32\dhcpcsvc6.DLL
0x00007ffd2c030000 - 0x00007ffd2c04f000 	C:\WINDOWS\SYSTEM32\dhcpcsvc.DLL
0x00007ffd31500000 - 0x00007ffd315f8000 	C:\WINDOWS\SYSTEM32\DNSAPI.dll
0x00007ffce2780000 - 0x00007ffce27c9000 	C:\Users\Nayan Mandal\AppData\Local\Temp\jna-803531042\jna6404947651719838494.dll
0x00007ffd35310000 - 0x00007ffd35318000 	C:\WINDOWS\System32\PSAPI.DLL

dbghelp: loaded successfully - version: 4.0.5 - missing functions: none
symbol engine: initialized successfully - sym options: 0x614 - pdb path: .;c:\Users\Nayan Mandal\.vscode\extensions\redhat.java-1.35.0-win32-x64\jre\17.0.12-win32-x86_64\bin;C:\WINDOWS\SYSTEM32;C:\WINDOWS\WinSxS\amd64_microsoft.windows.common-controls_6595b64144ccf1df_6.0.22621.3672_none_2713b9d173822955;c:\Users\Nayan Mandal\.vscode\extensions\redhat.java-1.35.0-win32-x64\jre\17.0.12-win32-x86_64\bin\server;C:\Users\Nayan Mandal\AppData\Roaming\Code\User\globalStorage\redhat.java\1.35.0\config_ss_win\org.eclipse.equinox.launcher\org.eclipse.equinox.launcher.win32.win32.x86_64_1.2.1100.v20240722-2106;C:\Users\Nayan Mandal\AppData\Local\Temp\jna-803531042

VM Arguments:
jvm_args: --add-modules=ALL-SYSTEM --add-opens=java.base/java.util=ALL-UNNAMED --add-opens=java.base/java.lang=ALL-UNNAMED --add-opens=java.base/sun.nio.fs=ALL-UNNAMED -Declipse.application=org.eclipse.jdt.ls.core.id1 -Dosgi.bundles.defaultStartLevel=4 -Declipse.product=org.eclipse.jdt.ls.core.product -Djava.import.generatesMetadataFilesAtProjectRoot=false -DDetectVMInstallationsJob.disabled=true -Dfile.encoding=utf8 -XX:+UseParallelGC -XX:GCTimeRatio=4 -XX:AdaptiveSizePolicyWeight=90 -Dsun.zip.disableMemoryMapping=true -Xmx1G -Xms100m -Xlog:disable -javaagent:c:\Users\Nayan Mandal\.vscode\extensions\redhat.java-1.35.0-win32-x64\lombok\lombok-1.18.33.jar 
java_command: c:\Users\Nayan Mandal\.vscode\extensions\redhat.java-1.35.0-win32-x64\server\plugins\org.eclipse.equinox.launcher_1.6.900.v20240613-2009.jar -configuration c:\Users\Nayan Mandal\AppData\Roaming\Code\User\globalStorage\redhat.java\1.35.0\config_ss_win -data c:\Users\Nayan Mandal\AppData\Roaming\Code\User\workspaceStorage\14b7aa4224a939eacf2cdfc44a398597\redhat.java\ss_ws --pipe=\\.\pipe\lsp-0288b6452229d51bf44ea15a67e6abb8-sock
java_class_path (initial): c:\Users\Nayan Mandal\.vscode\extensions\redhat.java-1.35.0-win32-x64\server\plugins\org.eclipse.equinox.launcher_1.6.900.v20240613-2009.jar
Launcher Type: SUN_STANDARD

[Global flags]
    uintx AdaptiveSizePolicyWeight                 = 90                                        {product} {command line}
     intx CICompilerCount                          = 3                                         {product} {ergonomic}
    uintx GCTimeRatio                              = 4                                         {product} {command line}
   size_t InitialHeapSize                          = 104857600                                 {product} {command line}
   size_t MaxHeapSize                              = 1073741824                                {product} {command line}
   size_t MaxNewSize                               = 357564416                                 {product} {ergonomic}
   size_t MinHeapDeltaBytes                        = 524288                                    {product} {ergonomic}
   size_t MinHeapSize                              = 104857600                                 {product} {command line}
   size_t NewSize                                  = 34603008                                  {product} {ergonomic}
    uintx NonNMethodCodeHeapSize                   = 5832780                                {pd product} {ergonomic}
    uintx NonProfiledCodeHeapSize                  = 122912730                              {pd product} {ergonomic}
   size_t OldSize                                  = 70254592                                  {product} {ergonomic}
    uintx ProfiledCodeHeapSize                     = 122912730                              {pd product} {ergonomic}
    uintx ReservedCodeCacheSize                    = 251658240                              {pd product} {ergonomic}
     bool SegmentedCodeCache                       = true                                      {product} {ergonomic}
   size_t SoftMaxHeapSize                          = 1073741824                             {manageable} {ergonomic}
     bool UseCompressedClassPointers               = true                           {product lp64_product} {ergonomic}
     bool UseCompressedOops                        = true                           {product lp64_product} {ergonomic}
     bool UseLargePagesIndividualAllocation        = false                                  {pd product} {ergonomic}
     bool UseParallelGC                            = true                                      {product} {command line}

Logging:
Log output configuration:
 #0: stdout all=off uptime,level,tags
 #1: stderr all=off uptime,level,tags

Environment Variables:
PATH=C:\Program Files\Common Files\Oracle\Java\javapath;C:\WINDOWS\system32;C:\WINDOWS;C:\WINDOWS\System32\Wbem;C:\WINDOWS\System32\WindowsPowerShell\v1.0\;C:\WINDOWS\System32\OpenSSH\;C:\Program Files\Git\cmd;C:\Program Files\MySQL\MySQL Shell 8.0\bin\;C:\Users\Nayan Mandal\AppData\Local\Microsoft\WindowsApps;C:\Users\Nayan Mandal\AppData\Local\Programs\Microsoft VS Code\bin;C:\MinGW\bin;
USERNAME=Nayan Mandal
OS=Windows_NT
PROCESSOR_IDENTIFIER=Intel64 Family 6 Model 126 Stepping 5, GenuineIntel
TMP=C:\Users\NAYANM~1\AppData\Local\Temp
TEMP=C:\Users\NAYANM~1\AppData\Local\Temp



Periodic native trim disabled


---------------  S Y S T E M  ---------------

OS:
 Windows 11 , 64 bit Build 22621 (10.0.22621.3958)
OS uptime: 2 days 8:00 hours

CPU: total 4 (initial active 4) (2 cores per cpu, 2 threads per core) family 6 model 126 stepping 5 microcode 0xc2, cx8, cmov, fxsr, ht, mmx, 3dnowpref, sse, sse2, sse3, ssse3, sse4.1, sse4.2, popcnt, lzcnt, tsc, tscinvbit, avx, avx2, aes, erms, clmul, bmi1, bmi2, adx, avx512f, avx512dq, avx512cd, avx512bw, avx512vl, sha, fma, vzeroupper, avx512_vpopcntdq, avx512_vpclmulqdq, avx512_vaes, avx512_vnni, clflush, clflushopt, avx512_vbmi2, avx512_vbmi
Processor Information for all 4 processors :
  Max Mhz: 1190, Current Mhz: 1190, Mhz Limit: 1190

Memory: 4k page, system-wide physical 3863M (155M free)
TotalPageFile size 10531M (AvailPageFile size 15M)
current process WorkingSet (physical memory assigned to process): 183M, peak: 188M
current process commit charge ("private bytes"): 260M, peak: 266M

vm_info: OpenJDK 64-Bit Server VM (17.0.12+7) for windows-amd64 JRE (17.0.12+7), built on Jul 16 2024 22:08:24 by "admin" with MS VC++ 16.10 / 16.11 (VS2019)

END.
