#
# There is insufficient memory for the Java Runtime Environment to continue.
# Native memory allocation (malloc) failed to allocate 32744 bytes. Error detail: ChunkPool::allocate
# Possible reasons:
#   The system is out of physical RAM or swap space
#   This process is running with CompressedOops enabled, and the Java Heap may be blocking the growth of the native heap
# Possible solutions:
#   Reduce memory load on the system
#   Increase physical memory or swap space
#   Check if swap backing store is full
#   Decrease Java heap size (-Xmx/-Xms)
#   Decrease number of Java threads
#   Decrease Java thread stack sizes (-Xss)
#   Set larger code cache with -XX:ReservedCodeCacheSize=
#   JVM is running with Unscaled Compressed Oops mode in which the Java heap is
#     placed in the first 4GB address space. The Java Heap base address is the
#     maximum limit for the native heap growth. Please use -XX:HeapBaseMinAddress
#     to set the Java Heap base and to place the Java Heap above 4GB virtual address.
# This output file may be truncated or incomplete.
#
#  Out of Memory Error (arena.cpp:79), pid=14072, tid=5692
#
# JRE version: OpenJDK Runtime Environment Temurin-17.0.12+7 (17.0.12+7) (build 17.0.12+7)
# Java VM: OpenJDK 64-Bit Server VM Temurin-17.0.12+7 (17.0.12+7, mixed mode, tiered, compressed oops, compressed class ptrs, parallel gc, windows-amd64)
# No core dump will be written. Minidumps are not enabled by default on client versions of Windows
#

---------------  S U M M A R Y ------------

Command Line: --add-modules=ALL-SYSTEM --add-opens=java.base/java.util=ALL-UNNAMED --add-opens=java.base/java.lang=ALL-UNNAMED --add-opens=java.base/sun.nio.fs=ALL-UNNAMED -Declipse.application=org.eclipse.jdt.ls.core.id1 -Dosgi.bundles.defaultStartLevel=4 -Declipse.product=org.eclipse.jdt.ls.core.product -Djava.import.generatesMetadataFilesAtProjectRoot=false -DDetectVMInstallationsJob.disabled=true -Dfile.encoding=utf8 -XX:+UseParallelGC -XX:GCTimeRatio=4 -XX:AdaptiveSizePolicyWeight=90 -Dsun.zip.disableMemoryMapping=true -Xmx1G -Xms100m -Xlog:disable -javaagent:c:\Users\Nayan Mandal\.vscode\extensions\redhat.java-1.35.0-win32-x64\lombok\lombok-1.18.33.jar -XX:+HeapDumpOnOutOfMemoryError -XX:HeapDumpPath=c:\Users\Nayan Mandal\AppData\Roaming\Code\User\workspaceStorage\14b7aa4224a939eacf2cdfc44a398597\redhat.java -Daether.dependencyCollector.impl=bf c:\Users\Nayan Mandal\.vscode\extensions\redhat.java-1.35.0-win32-x64\server\plugins\org.eclipse.equinox.launcher_1.6.900.v20240613-2009.jar -configuration c:\Users\Nayan Mandal\AppData\Roaming\Code\User\globalStorage\redhat.java\1.35.0\config_win -data c:\Users\Nayan Mandal\AppData\Roaming\Code\User\workspaceStorage\14b7aa4224a939eacf2cdfc44a398597\redhat.java\jdt_ws --pipe=\\.\pipe\lsp-0c9cadc91701f230ae695444d4987267-sock

Host: Intel(R) Core(TM) i3-1005G1 CPU @ 1.20GHz, 4 cores, 3G,  Windows 11 , 64 bit Build 22621 (10.0.22621.3958)
Time: Sat Sep 28 19:04:30 2024 India Standard Time elapsed time: 23.111099 seconds (0d 0h 0m 23s)

---------------  T H R E A D  ---------------

Current thread (0x0000022ecf4b09b0):  JavaThread "C2 CompilerThread0" daemon [_thread_in_native, id=5692, stack(0x0000004da8d00000,0x0000004da8e00000)]


Current CompileTask:
C2:  23111 7639       4       org.lombokweb.asm.ClassReader::readMethod (1066 bytes)

Stack: [0x0000004da8d00000,0x0000004da8e00000]
Native frames: (J=compiled Java code, j=interpreted, Vv=VM code, C=native code)
V  [jvm.dll+0x67f929]
V  [jvm.dll+0x8371ba]
V  [jvm.dll+0x838c7e]
V  [jvm.dll+0x8392e3]
V  [jvm.dll+0x24834f]
V  [jvm.dll+0xacbd1]
V  [jvm.dll+0xad01c]
V  [jvm.dll+0x11f7d8]
V  [jvm.dll+0x6a9339]
V  [jvm.dll+0x1bd62e]
V  [jvm.dll+0x21aa09]
V  [jvm.dll+0x219cf1]
V  [jvm.dll+0x1a58bd]
V  [jvm.dll+0x229a2d]
V  [jvm.dll+0x227bdc]
V  [jvm.dll+0x7ec1f7]
V  [jvm.dll+0x7e65dc]
V  [jvm.dll+0x67e7f7]
C  [ucrtbase.dll+0x29333]
C  [KERNEL32.DLL+0x1257d]
C  [ntdll.dll+0x5af28]


---------------  P R O C E S S  ---------------

Threads class SMR info:
_java_thread_list=0x0000022ed7d6cda0, length=41, elements={
0x0000022ebb63d4d0, 0x0000022ebb6e9f70, 0x0000022ebb6edf00, 0x0000022ecf4aa320,
0x0000022ecf4acc00, 0x0000022ecf4ad4d0, 0x0000022ecf4afdb0, 0x0000022ecf4b09b0,
0x0000022ecf4cd590, 0x0000022ecf4ce250, 0x0000022ed4740020, 0x0000022ed48e7a10,
0x0000022ed4ee4e30, 0x0000022ed4f00e00, 0x0000022ed50d7210, 0x0000022ed506f310,
0x0000022ed5187f50, 0x0000022ed50d3250, 0x0000022ed50d4ba0, 0x0000022ed50d5ad0,
0x0000022ed50d5fe0, 0x0000022ed50d3760, 0x0000022ed50d4690, 0x0000022ed50d64f0,
0x0000022ed50d55c0, 0x0000022ed50d6a00, 0x0000022ed610ffa0, 0x0000022ed61104b0,
0x0000022ed6113240, 0x0000022ed610f070, 0x0000022ed61113e0, 0x0000022ed6114170,
0x0000022ed6114680, 0x0000022ed6115fd0, 0x0000022ed61109c0, 0x0000022ed61150a0,
0x0000022ed6115ac0, 0x0000022ed61118f0, 0x0000022ed6111e00, 0x0000022ed6112310,
0x0000022ed610fa90
}

Java Threads: ( => current thread )
  0x0000022ebb63d4d0 JavaThread "main" [_thread_blocked, id=6872, stack(0x0000004da8400000,0x0000004da8500000)]
  0x0000022ebb6e9f70 JavaThread "Reference Handler" daemon [_thread_blocked, id=3448, stack(0x0000004da8700000,0x0000004da8800000)]
  0x0000022ebb6edf00 JavaThread "Finalizer" daemon [_thread_blocked, id=8636, stack(0x0000004da8800000,0x0000004da8900000)]
  0x0000022ecf4aa320 JavaThread "Signal Dispatcher" daemon [_thread_blocked, id=11064, stack(0x0000004da8900000,0x0000004da8a00000)]
  0x0000022ecf4acc00 JavaThread "Attach Listener" daemon [_thread_blocked, id=22716, stack(0x0000004da8a00000,0x0000004da8b00000)]
  0x0000022ecf4ad4d0 JavaThread "Service Thread" daemon [_thread_blocked, id=13636, stack(0x0000004da8b00000,0x0000004da8c00000)]
  0x0000022ecf4afdb0 JavaThread "Monitor Deflation Thread" daemon [_thread_blocked, id=6020, stack(0x0000004da8c00000,0x0000004da8d00000)]
=>0x0000022ecf4b09b0 JavaThread "C2 CompilerThread0" daemon [_thread_in_native, id=5692, stack(0x0000004da8d00000,0x0000004da8e00000)]
  0x0000022ecf4cd590 JavaThread "C1 CompilerThread0" daemon [_thread_blocked, id=7700, stack(0x0000004da8e00000,0x0000004da8f00000)]
  0x0000022ecf4ce250 JavaThread "Sweeper thread" daemon [_thread_blocked, id=18236, stack(0x0000004da8f00000,0x0000004da9000000)]
  0x0000022ed4740020 JavaThread "Common-Cleaner" daemon [_thread_blocked, id=10632, stack(0x0000004da9000000,0x0000004da9100000)]
  0x0000022ed48e7a10 JavaThread "Notification Thread" daemon [_thread_blocked, id=3160, stack(0x0000004da9100000,0x0000004da9200000)]
  0x0000022ed4ee4e30 JavaThread "Active Thread: Equinox Container: 17ba1a46-91b0-4c16-b9db-28a2459ddbe1" [_thread_blocked, id=16840, stack(0x0000004da9600000,0x0000004da9700000)]
  0x0000022ed4f00e00 JavaThread "Framework Event Dispatcher: Equinox Container: 17ba1a46-91b0-4c16-b9db-28a2459ddbe1" daemon [_thread_blocked, id=11868, stack(0x0000004da9700000,0x0000004da9800000)]
  0x0000022ed50d7210 JavaThread "Start Level: Equinox Container: 17ba1a46-91b0-4c16-b9db-28a2459ddbe1" daemon [_thread_blocked, id=4340, stack(0x0000004da9800000,0x0000004da9900000)]
  0x0000022ed506f310 JavaThread "Bundle File Closer" daemon [_thread_blocked, id=21112, stack(0x0000004da9900000,0x0000004da9a00000)]
  0x0000022ed5187f50 JavaThread "SCR Component Actor" daemon [_thread_blocked, id=19076, stack(0x0000004da9a00000,0x0000004da9b00000)]
  0x0000022ed50d3250 JavaThread "Worker-JM" [_thread_blocked, id=11688, stack(0x0000004da9c00000,0x0000004da9d00000)]
  0x0000022ed50d4ba0 JavaThread "JNA Cleaner" daemon [_thread_blocked, id=18980, stack(0x0000004da9d00000,0x0000004da9e00000)]
  0x0000022ed50d5ad0 JavaThread "Worker-0" [_thread_blocked, id=7452, stack(0x0000004da9e00000,0x0000004da9f00000)]
  0x0000022ed50d5fe0 JavaThread "Worker-1: Initialize workspace" [_thread_blocked, id=18968, stack(0x0000004da9f00000,0x0000004daa000000)]
  0x0000022ed50d3760 JavaThread "Worker-2: Validate documents" [_thread_blocked, id=10216, stack(0x0000004daa000000,0x0000004daa100000)]
  0x0000022ed50d4690 JavaThread "Java indexing" daemon [_thread_in_vm, id=22040, stack(0x0000004daa100000,0x0000004daa200000)]
  0x0000022ed50d64f0 JavaThread "Thread-2" daemon [_thread_in_native, id=22468, stack(0x0000004daa200000,0x0000004daa300000)]
  0x0000022ed50d55c0 JavaThread "Thread-3" daemon [_thread_in_native, id=8684, stack(0x0000004daa300000,0x0000004daa400000)]
  0x0000022ed50d6a00 JavaThread "Thread-4" daemon [_thread_in_native, id=3824, stack(0x0000004daa400000,0x0000004daa500000)]
  0x0000022ed610ffa0 JavaThread "Thread-5" daemon [_thread_in_native, id=14108, stack(0x0000004daa500000,0x0000004daa600000)]
  0x0000022ed61104b0 JavaThread "Thread-6" daemon [_thread_in_native, id=13028, stack(0x0000004daa600000,0x0000004daa700000)]
  0x0000022ed6113240 JavaThread "pool-2-thread-1" [_thread_blocked, id=20788, stack(0x0000004daa700000,0x0000004daa800000)]
  0x0000022ed610f070 JavaThread "WorkspaceEventsHandler" [_thread_blocked, id=16504, stack(0x0000004da9b00000,0x0000004da9c00000)]
  0x0000022ed61113e0 JavaThread "pool-1-thread-1" [_thread_blocked, id=20684, stack(0x0000004daa800000,0x0000004daa900000)]
  0x0000022ed6114170 JavaThread "Worker-3" [_thread_blocked, id=19596, stack(0x0000004daa900000,0x0000004daaa00000)]
  0x0000022ed6114680 JavaThread "Worker-4: Building" [_thread_blocked, id=21924, stack(0x0000004daaa00000,0x0000004daab00000)]
  0x0000022ed6115fd0 JavaThread "Worker-5: Java indexing... " [_thread_blocked, id=23260, stack(0x0000004daab00000,0x0000004daac00000)]
  0x0000022ed61109c0 JavaThread "Compiler Source File Reader" daemon [_thread_blocked, id=21636, stack(0x0000004daac00000,0x0000004daad00000)]
  0x0000022ed61150a0 JavaThread "Compiler Source File Reader" daemon [_thread_blocked, id=9408, stack(0x0000004daad00000,0x0000004daae00000)]
  0x0000022ed6115ac0 JavaThread "Worker-6" [_thread_blocked, id=652, stack(0x0000004daae00000,0x0000004daaf00000)]
  0x0000022ed61118f0 JavaThread "Worker-7" [_thread_blocked, id=17168, stack(0x0000004daaf00000,0x0000004dab000000)]
  0x0000022ed6111e00 JavaThread "ForkJoinPool.commonPool-worker-1" daemon [_thread_blocked, id=15624, stack(0x0000004dab000000,0x0000004dab100000)]
  0x0000022ed6112310 JavaThread "ForkJoinPool.commonPool-worker-2" daemon [_thread_blocked, id=6720, stack(0x0000004dab100000,0x0000004dab200000)]
  0x0000022ed610fa90 JavaThread "ForkJoinPool.commonPool-worker-3" daemon [_thread_blocked, id=9160, stack(0x0000004dab200000,0x0000004dab300000)]

Other Threads:
  0x0000022ebb6e6ca0 VMThread "VM Thread" [stack: 0x0000004da8600000,0x0000004da8700000] [id=9304] _threads_hazard_ptr=0x0000022ed7d6cda0
  0x0000022ed4a2c650 WatcherThread [stack: 0x0000004da9200000,0x0000004da9300000] [id=19852]
  0x0000022ebb650cc0 GCTaskThread "GC Thread#0" [stack: 0x0000004da8500000,0x0000004da8600000] [id=11728]
  0x0000022ed4f353a0 GCTaskThread "GC Thread#1" [stack: 0x0000004da9300000,0x0000004da9400000] [id=19416]
  0x0000022ed4f3d690 GCTaskThread "GC Thread#2" [stack: 0x0000004da9400000,0x0000004da9500000] [id=20568]
  0x0000022ed4f3d950 GCTaskThread "GC Thread#3" [stack: 0x0000004da9500000,0x0000004da9600000] [id=2836]

Threads with active compile tasks:
C2 CompilerThread0    23137 7639       4       org.lombokweb.asm.ClassReader::readMethod (1066 bytes)
C1 CompilerThread0    23137 7949       2       com.google.gson.internal.bind.ReflectiveTypeAdapterFactory$FieldReflectionAdapter::readField (7 bytes)

VM state: not at safepoint (normal execution)

VM Mutex/Monitor currently owned by a thread:  ([mutex/lock_event])
[0x0000022ebb63a370] Compile_lock - owner thread: 0x0000022ed6114680

Heap address: 0x00000000c0000000, size: 1024 MB, Compressed Oops mode: 32-bit

CDS archive(s) not mapped
Compressed class space mapped at: 0x0000000100000000-0x0000000140000000, reserved size: 1073741824
Narrow klass base: 0x0000000000000000, Narrow klass shift: 3, Narrow klass range: 0x140000000

GC Precious Log:
 CPUs: 4 total, 4 available
 Memory: 3863M
 Large Page Support: Disabled
 NUMA Support: Disabled
 Compressed Oops: Enabled (32-bit)
 Alignments: Space 512K, Generation 512K, Heap 2M
 Heap Min Capacity: 100M
 Heap Initial Capacity: 100M
 Heap Max Capacity: 1G
 Pre-touch: Disabled
 Parallel Workers: 4

Heap:
 PSYoungGen      total 25088K, used 18253K [0x00000000eab00000, 0x00000000ec780000, 0x0000000100000000)
  eden space 22016K, 78% used [0x00000000eab00000,0x00000000ebbdcac8,0x00000000ec080000)
  from space 3072K, 32% used [0x00000000ec280000,0x00000000ec376c08,0x00000000ec580000)
  to   space 1536K, 0% used [0x00000000ec600000,0x00000000ec600000,0x00000000ec780000)
 ParOldGen       total 68608K, used 40231K [0x00000000c0000000, 0x00000000c4300000, 0x00000000eab00000)
  object space 68608K, 58% used [0x00000000c0000000,0x00000000c2749d98,0x00000000c4300000)
 Metaspace       used 64322K, committed 65664K, reserved 1114112K
  class space    used 6862K, committed 7488K, reserved 1048576K

Card table byte_map: [0x0000022ebafd0000,0x0000022ebb1e0000] _byte_map_base: 0x0000022eba9d0000

Marking Bits: (ParMarkBitMap*) 0x00007ffcafaf58b0
 Begin Bits: [0x0000022ecd2d0000, 0x0000022ece2d0000)
 End Bits:   [0x0000022ece2d0000, 0x0000022ecf2d0000)

Polling page: 0x0000022eb9610000

Metaspace:

Usage:
  Non-class:     56.11 MB used.
      Class:      6.70 MB used.
       Both:     62.81 MB used.

Virtual space:
  Non-class space:       64.00 MB reserved,      56.81 MB ( 89%) committed,  1 nodes.
      Class space:        1.00 GB reserved,       7.31 MB ( <1%) committed,  1 nodes.
             Both:        1.06 GB reserved,      64.12 MB (  6%) committed. 

Chunk freelists:
   Non-Class:  7.09 MB
       Class:  8.72 MB
        Both:  15.82 MB

MaxMetaspaceSize: unlimited
CompressedClassSpaceSize: 1.00 GB
Initial GC threshold: 21.00 MB
Current GC threshold: 97.31 MB
CDS: off
MetaspaceReclaimPolicy: balanced
 - commit_granule_bytes: 65536.
 - commit_granule_words: 8192.
 - virtual_space_node_default_size: 8388608.
 - enlarge_chunks_in_place: 1.
 - new_chunks_are_fully_committed: 0.
 - uncommit_free_chunks: 1.
 - use_allocation_guard: 0.
 - handle_deallocations: 1.


Internal statistics:

num_allocs_failed_limit: 9.
num_arena_births: 826.
num_arena_deaths: 14.
num_vsnodes_births: 2.
num_vsnodes_deaths: 0.
num_space_committed: 1026.
num_space_uncommitted: 0.
num_chunks_returned_to_freelist: 23.
num_chunks_taken_from_freelist: 3487.
num_chunk_merges: 14.
num_chunk_splits: 2129.
num_chunks_enlarged: 1202.
num_inconsistent_stats: 0.

CodeHeap 'non-profiled nmethods': size=120000Kb used=3549Kb max_used=3549Kb free=116450Kb
 bounds [0x0000022ec5da0000, 0x0000022ec6120000, 0x0000022ecd2d0000]
CodeHeap 'profiled nmethods': size=120000Kb used=15167Kb max_used=15167Kb free=104832Kb
 bounds [0x0000022ebe2d0000, 0x0000022ebf1a0000, 0x0000022ec5800000]
CodeHeap 'non-nmethods': size=5760Kb used=1349Kb max_used=1394Kb free=4410Kb
 bounds [0x0000022ec5800000, 0x0000022ec5a70000, 0x0000022ec5da0000]
 total_blobs=7757 nmethods=7072 adapters=597
 compilation: enabled
              stopped_count=0, restarted_count=0
 full_count=0

Compilation events (20 events):
Event: 22.318 Thread 0x0000022ecf4cd590 nmethod 7938 0x0000022ec6115f90 code [0x0000022ec6116120, 0x0000022ec61161f8]
Event: 22.318 Thread 0x0000022ecf4cd590 7931       1       jdk.internal.reflect.ClassFileAssembler::setMaxLocals (6 bytes)
Event: 22.318 Thread 0x0000022ecf4cd590 nmethod 7931 0x0000022ec6116290 code [0x0000022ec6116420, 0x0000022ec61164f8]
Event: 22.318 Thread 0x0000022ecf4cd590 7939       1       com.google.gson.FormattingStyle::usesSpaceAfterSeparators (5 bytes)
Event: 22.318 Thread 0x0000022ecf4cd590 nmethod 7939 0x0000022ec6116590 code [0x0000022ec6116720, 0x0000022ec61167f8]
Event: 22.318 Thread 0x0000022ecf4cd590 7940       1       com.google.gson.FormattingStyle::getNewline (5 bytes)
Event: 22.318 Thread 0x0000022ecf4cd590 nmethod 7940 0x0000022ec6116890 code [0x0000022ec6116a20, 0x0000022ec6116af8]
Event: 22.318 Thread 0x0000022ecf4cd590 7941       1       com.google.gson.FormattingStyle::getIndent (5 bytes)
Event: 22.318 Thread 0x0000022ecf4cd590 nmethod 7941 0x0000022ec6116b90 code [0x0000022ec6116d20, 0x0000022ec6116df8]
Event: 22.318 Thread 0x0000022ecf4cd590 7942       1       org.eclipse.lsp4j.jsonrpc.messages.Message::getJsonrpc (5 bytes)
Event: 22.318 Thread 0x0000022ecf4cd590 nmethod 7942 0x0000022ec6116e90 code [0x0000022ec6117020, 0x0000022ec61170f8]
Event: 22.320 Thread 0x0000022ecf4cd590 7945       1       java.nio.DirectByteBuffer::cleaner (5 bytes)
Event: 22.320 Thread 0x0000022ecf4cd590 nmethod 7945 0x0000022ec6117190 code [0x0000022ec6117320, 0x0000022ec61173f8]
Event: 22.322 Thread 0x0000022ecf4cd590 7946       2       java.lang.Throwable::<init> (29 bytes)
Event: 22.323 Thread 0x0000022ecf4cd590 nmethod 7946 0x0000022ebf19eb90 code [0x0000022ebf19ed40, 0x0000022ebf19eea8]
Event: 22.323 Thread 0x0000022ecf4cd590 7947       2       java.util.Calendar::setTimeInMillis (84 bytes)
Event: 22.323 Thread 0x0000022ecf4cd590 nmethod 7947 0x0000022ebf19ef90 code [0x0000022ebf19f140, 0x0000022ebf19f368]
Event: 22.323 Thread 0x0000022ecf4cd590 7948       3       jdk.internal.jrtfs.JrtFileSystem::checkNode (40 bytes)
Event: 22.323 Thread 0x0000022ecf4cd590 nmethod 7948 0x0000022ebf19f490 code [0x0000022ebf19f680, 0x0000022ebf19fae8]
Event: 22.439 Thread 0x0000022ecf4cd590 7949       2       com.google.gson.internal.bind.ReflectiveTypeAdapterFactory$FieldReflectionAdapter::readField (7 bytes)

GC Heap History (20 events):
Event: 18.792 GC heap before
{Heap before GC invocations=27 (full 2):
 PSYoungGen      total 24576K, used 24068K [0x00000000eab00000, 0x00000000ec580000, 0x0000000100000000)
  eden space 22016K, 100% used [0x00000000eab00000,0x00000000ec080000,0x00000000ec080000)
  from space 2560K, 80% used [0x00000000ec300000,0x00000000ec5011d0,0x00000000ec580000)
  to   space 2560K, 0% used [0x00000000ec080000,0x00000000ec080000,0x00000000ec300000)
 ParOldGen       total 68608K, used 29219K [0x00000000c0000000, 0x00000000c4300000, 0x00000000eab00000)
  object space 68608K, 42% used [0x00000000c0000000,0x00000000c1c88cb0,0x00000000c4300000)
 Metaspace       used 55790K, committed 57024K, reserved 1114112K
  class space    used 6004K, committed 6528K, reserved 1048576K
}
Event: 18.799 GC heap after
{Heap after GC invocations=27 (full 2):
 PSYoungGen      total 24064K, used 1888K [0x00000000eab00000, 0x00000000ec480000, 0x0000000100000000)
  eden space 22016K, 0% used [0x00000000eab00000,0x00000000eab00000,0x00000000ec080000)
  from space 2048K, 92% used [0x00000000ec080000,0x00000000ec258080,0x00000000ec280000)
  to   space 2048K, 0% used [0x00000000ec280000,0x00000000ec280000,0x00000000ec480000)
 ParOldGen       total 68608K, used 31007K [0x00000000c0000000, 0x00000000c4300000, 0x00000000eab00000)
  object space 68608K, 45% used [0x00000000c0000000,0x00000000c1e47d48,0x00000000c4300000)
 Metaspace       used 55790K, committed 57024K, reserved 1114112K
  class space    used 6004K, committed 6528K, reserved 1048576K
}
Event: 18.851 GC heap before
{Heap before GC invocations=28 (full 2):
 PSYoungGen      total 24064K, used 23904K [0x00000000eab00000, 0x00000000ec480000, 0x0000000100000000)
  eden space 22016K, 100% used [0x00000000eab00000,0x00000000ec080000,0x00000000ec080000)
  from space 2048K, 92% used [0x00000000ec080000,0x00000000ec258080,0x00000000ec280000)
  to   space 2048K, 0% used [0x00000000ec280000,0x00000000ec280000,0x00000000ec480000)
 ParOldGen       total 68608K, used 31007K [0x00000000c0000000, 0x00000000c4300000, 0x00000000eab00000)
  object space 68608K, 45% used [0x00000000c0000000,0x00000000c1e47d48,0x00000000c4300000)
 Metaspace       used 56120K, committed 57280K, reserved 1114112K
  class space    used 6039K, committed 6528K, reserved 1048576K
}
Event: 18.854 GC heap after
{Heap after GC invocations=28 (full 2):
 PSYoungGen      total 24064K, used 1948K [0x00000000eab00000, 0x00000000ec480000, 0x0000000100000000)
  eden space 22016K, 0% used [0x00000000eab00000,0x00000000eab00000,0x00000000ec080000)
  from space 2048K, 95% used [0x00000000ec280000,0x00000000ec4670b0,0x00000000ec480000)
  to   space 2048K, 0% used [0x00000000ec080000,0x00000000ec080000,0x00000000ec280000)
 ParOldGen       total 68608K, used 32807K [0x00000000c0000000, 0x00000000c4300000, 0x00000000eab00000)
  object space 68608K, 47% used [0x00000000c0000000,0x00000000c2009ca0,0x00000000c4300000)
 Metaspace       used 56120K, committed 57280K, reserved 1114112K
  class space    used 6039K, committed 6528K, reserved 1048576K
}
Event: 18.967 GC heap before
{Heap before GC invocations=29 (full 2):
 PSYoungGen      total 24064K, used 23961K [0x00000000eab00000, 0x00000000ec480000, 0x0000000100000000)
  eden space 22016K, 99% used [0x00000000eab00000,0x00000000ec07f6e0,0x00000000ec080000)
  from space 2048K, 95% used [0x00000000ec280000,0x00000000ec4670b0,0x00000000ec480000)
  to   space 2048K, 0% used [0x00000000ec080000,0x00000000ec080000,0x00000000ec280000)
 ParOldGen       total 68608K, used 32807K [0x00000000c0000000, 0x00000000c4300000, 0x00000000eab00000)
  object space 68608K, 47% used [0x00000000c0000000,0x00000000c2009ca0,0x00000000c4300000)
 Metaspace       used 56818K, committed 58048K, reserved 1114112K
  class space    used 6123K, committed 6656K, reserved 1048576K
}
Event: 18.972 GC heap after
{Heap after GC invocations=29 (full 2):
 PSYoungGen      total 23552K, used 1190K [0x00000000eab00000, 0x00000000ec380000, 0x0000000100000000)
  eden space 22016K, 0% used [0x00000000eab00000,0x00000000eab00000,0x00000000ec080000)
  from space 1536K, 77% used [0x00000000ec080000,0x00000000ec1a9948,0x00000000ec200000)
  to   space 1536K, 0% used [0x00000000ec200000,0x00000000ec200000,0x00000000ec380000)
 ParOldGen       total 68608K, used 34607K [0x00000000c0000000, 0x00000000c4300000, 0x00000000eab00000)
  object space 68608K, 50% used [0x00000000c0000000,0x00000000c21cbcb0,0x00000000c4300000)
 Metaspace       used 56818K, committed 58048K, reserved 1114112K
  class space    used 6123K, committed 6656K, reserved 1048576K
}
Event: 19.621 GC heap before
{Heap before GC invocations=30 (full 2):
 PSYoungGen      total 23552K, used 15002K [0x00000000eab00000, 0x00000000ec380000, 0x0000000100000000)
  eden space 22016K, 62% used [0x00000000eab00000,0x00000000eb87d1a0,0x00000000ec080000)
  from space 1536K, 77% used [0x00000000ec080000,0x00000000ec1a9948,0x00000000ec200000)
  to   space 1536K, 0% used [0x00000000ec200000,0x00000000ec200000,0x00000000ec380000)
 ParOldGen       total 68608K, used 34607K [0x00000000c0000000, 0x00000000c4300000, 0x00000000eab00000)
  object space 68608K, 50% used [0x00000000c0000000,0x00000000c21cbcb0,0x00000000c4300000)
 Metaspace       used 58657K, committed 59776K, reserved 1114112K
  class space    used 6279K, committed 6784K, reserved 1048576K
}
Event: 19.626 GC heap after
{Heap after GC invocations=30 (full 2):
 PSYoungGen      total 23040K, used 738K [0x00000000eab00000, 0x00000000ec300000, 0x0000000100000000)
  eden space 22016K, 0% used [0x00000000eab00000,0x00000000eab00000,0x00000000ec080000)
  from space 1024K, 72% used [0x00000000ec200000,0x00000000ec2b8bd8,0x00000000ec300000)
  to   space 1024K, 0% used [0x00000000ec100000,0x00000000ec100000,0x00000000ec200000)
 ParOldGen       total 68608K, used 35691K [0x00000000c0000000, 0x00000000c4300000, 0x00000000eab00000)
  object space 68608K, 52% used [0x00000000c0000000,0x00000000c22dad08,0x00000000c4300000)
 Metaspace       used 58657K, committed 59776K, reserved 1114112K
  class space    used 6279K, committed 6784K, reserved 1048576K
}
Event: 19.626 GC heap before
{Heap before GC invocations=31 (full 3):
 PSYoungGen      total 23040K, used 738K [0x00000000eab00000, 0x00000000ec300000, 0x0000000100000000)
  eden space 22016K, 0% used [0x00000000eab00000,0x00000000eab00000,0x00000000ec080000)
  from space 1024K, 72% used [0x00000000ec200000,0x00000000ec2b8bd8,0x00000000ec300000)
  to   space 1024K, 0% used [0x00000000ec100000,0x00000000ec100000,0x00000000ec200000)
 ParOldGen       total 68608K, used 35691K [0x00000000c0000000, 0x00000000c4300000, 0x00000000eab00000)
  object space 68608K, 52% used [0x00000000c0000000,0x00000000c22dad08,0x00000000c4300000)
 Metaspace       used 58657K, committed 59776K, reserved 1114112K
  class space    used 6279K, committed 6784K, reserved 1048576K
}
Event: 19.735 GC heap after
{Heap after GC invocations=31 (full 3):
 PSYoungGen      total 23040K, used 0K [0x00000000eab00000, 0x00000000ec300000, 0x0000000100000000)
  eden space 22016K, 0% used [0x00000000eab00000,0x00000000eab00000,0x00000000ec080000)
  from space 1024K, 0% used [0x00000000ec200000,0x00000000ec200000,0x00000000ec300000)
  to   space 1024K, 0% used [0x00000000ec100000,0x00000000ec100000,0x00000000ec200000)
 ParOldGen       total 68608K, used 34556K [0x00000000c0000000, 0x00000000c4300000, 0x00000000eab00000)
  object space 68608K, 50% used [0x00000000c0000000,0x00000000c21bf020,0x00000000c4300000)
 Metaspace       used 58657K, committed 59776K, reserved 1114112K
  class space    used 6279K, committed 6784K, reserved 1048576K
}
Event: 20.490 GC heap before
{Heap before GC invocations=32 (full 3):
 PSYoungGen      total 23040K, used 22016K [0x00000000eab00000, 0x00000000ec300000, 0x0000000100000000)
  eden space 22016K, 100% used [0x00000000eab00000,0x00000000ec080000,0x00000000ec080000)
  from space 1024K, 0% used [0x00000000ec200000,0x00000000ec200000,0x00000000ec300000)
  to   space 1024K, 0% used [0x00000000ec100000,0x00000000ec100000,0x00000000ec200000)
 ParOldGen       total 68608K, used 34556K [0x00000000c0000000, 0x00000000c4300000, 0x00000000eab00000)
  object space 68608K, 50% used [0x00000000c0000000,0x00000000c21bf020,0x00000000c4300000)
 Metaspace       used 59428K, committed 60544K, reserved 1114112K
  class space    used 6372K, committed 6848K, reserved 1048576K
}
Event: 20.491 GC heap after
{Heap after GC invocations=32 (full 3):
 PSYoungGen      total 23040K, used 1005K [0x00000000eab00000, 0x00000000ec480000, 0x0000000100000000)
  eden space 22016K, 0% used [0x00000000eab00000,0x00000000eab00000,0x00000000ec080000)
  from space 1024K, 98% used [0x00000000ec100000,0x00000000ec1fb530,0x00000000ec200000)
  to   space 2048K, 0% used [0x00000000ec280000,0x00000000ec280000,0x00000000ec480000)
 ParOldGen       total 68608K, used 35149K [0x00000000c0000000, 0x00000000c4300000, 0x00000000eab00000)
  object space 68608K, 51% used [0x00000000c0000000,0x00000000c22536c8,0x00000000c4300000)
 Metaspace       used 59428K, committed 60544K, reserved 1114112K
  class space    used 6372K, committed 6848K, reserved 1048576K
}
Event: 21.025 GC heap before
{Heap before GC invocations=33 (full 3):
 PSYoungGen      total 23040K, used 22993K [0x00000000eab00000, 0x00000000ec480000, 0x0000000100000000)
  eden space 22016K, 99% used [0x00000000eab00000,0x00000000ec078fd8,0x00000000ec080000)
  from space 1024K, 98% used [0x00000000ec100000,0x00000000ec1fb530,0x00000000ec200000)
  to   space 2048K, 0% used [0x00000000ec280000,0x00000000ec280000,0x00000000ec480000)
 ParOldGen       total 68608K, used 35149K [0x00000000c0000000, 0x00000000c4300000, 0x00000000eab00000)
  object space 68608K, 51% used [0x00000000c0000000,0x00000000c22536c8,0x00000000c4300000)
 Metaspace       used 60895K, committed 62016K, reserved 1114112K
  class space    used 6538K, committed 7040K, reserved 1048576K
}
Event: 21.039 GC heap after
{Heap after GC invocations=33 (full 3):
 PSYoungGen      total 24064K, used 1566K [0x00000000eab00000, 0x00000000ec480000, 0x0000000100000000)
  eden space 22016K, 0% used [0x00000000eab00000,0x00000000eab00000,0x00000000ec080000)
  from space 2048K, 76% used [0x00000000ec280000,0x00000000ec407be0,0x00000000ec480000)
  to   space 2048K, 0% used [0x00000000ec080000,0x00000000ec080000,0x00000000ec280000)
 ParOldGen       total 68608K, used 35389K [0x00000000c0000000, 0x00000000c4300000, 0x00000000eab00000)
  object space 68608K, 51% used [0x00000000c0000000,0x00000000c228f6e8,0x00000000c4300000)
 Metaspace       used 60895K, committed 62016K, reserved 1114112K
  class space    used 6538K, committed 7040K, reserved 1048576K
}
Event: 21.318 GC heap before
{Heap before GC invocations=34 (full 3):
 PSYoungGen      total 24064K, used 23525K [0x00000000eab00000, 0x00000000ec480000, 0x0000000100000000)
  eden space 22016K, 99% used [0x00000000eab00000,0x00000000ec071950,0x00000000ec080000)
  from space 2048K, 76% used [0x00000000ec280000,0x00000000ec407be0,0x00000000ec480000)
  to   space 2048K, 0% used [0x00000000ec080000,0x00000000ec080000,0x00000000ec280000)
 ParOldGen       total 68608K, used 35389K [0x00000000c0000000, 0x00000000c4300000, 0x00000000eab00000)
  object space 68608K, 51% used [0x00000000c0000000,0x00000000c228f6e8,0x00000000c4300000)
 Metaspace       used 61697K, committed 62912K, reserved 1114112K
  class space    used 6598K, committed 7104K, reserved 1048576K
}
Event: 21.321 GC heap after
{Heap after GC invocations=34 (full 3):
 PSYoungGen      total 24064K, used 2038K [0x00000000eab00000, 0x00000000ecd80000, 0x0000000100000000)
  eden space 22016K, 0% used [0x00000000eab00000,0x00000000eab00000,0x00000000ec080000)
  from space 2048K, 99% used [0x00000000ec080000,0x00000000ec27dbb8,0x00000000ec280000)
  to   space 6656K, 0% used [0x00000000ec700000,0x00000000ec700000,0x00000000ecd80000)
 ParOldGen       total 68608K, used 39261K [0x00000000c0000000, 0x00000000c4300000, 0x00000000eab00000)
  object space 68608K, 57% used [0x00000000c0000000,0x00000000c2657690,0x00000000c4300000)
 Metaspace       used 61697K, committed 62912K, reserved 1114112K
  class space    used 6598K, committed 7104K, reserved 1048576K
}
Event: 21.581 GC heap before
{Heap before GC invocations=35 (full 3):
 PSYoungGen      total 24064K, used 24054K [0x00000000eab00000, 0x00000000ecd80000, 0x0000000100000000)
  eden space 22016K, 100% used [0x00000000eab00000,0x00000000ec080000,0x00000000ec080000)
  from space 2048K, 99% used [0x00000000ec080000,0x00000000ec27dbb8,0x00000000ec280000)
  to   space 6656K, 0% used [0x00000000ec700000,0x00000000ec700000,0x00000000ecd80000)
 ParOldGen       total 68608K, used 39261K [0x00000000c0000000, 0x00000000c4300000, 0x00000000eab00000)
  object space 68608K, 57% used [0x00000000c0000000,0x00000000c2657690,0x00000000c4300000)
 Metaspace       used 61814K, committed 63040K, reserved 1114112K
  class space    used 6611K, committed 7168K, reserved 1048576K
}
Event: 21.583 GC heap after
{Heap after GC invocations=35 (full 3):
 PSYoungGen      total 23552K, used 1463K [0x00000000eab00000, 0x00000000ec880000, 0x0000000100000000)
  eden space 22016K, 0% used [0x00000000eab00000,0x00000000eab00000,0x00000000ec080000)
  from space 1536K, 95% used [0x00000000ec700000,0x00000000ec86dc58,0x00000000ec880000)
  to   space 3072K, 0% used [0x00000000ec280000,0x00000000ec280000,0x00000000ec580000)
 ParOldGen       total 68608K, used 39642K [0x00000000c0000000, 0x00000000c4300000, 0x00000000eab00000)
  object space 68608K, 57% used [0x00000000c0000000,0x00000000c26b68d8,0x00000000c4300000)
 Metaspace       used 61814K, committed 63040K, reserved 1114112K
  class space    used 6611K, committed 7168K, reserved 1048576K
}
Event: 21.878 GC heap before
{Heap before GC invocations=36 (full 3):
 PSYoungGen      total 23552K, used 23479K [0x00000000eab00000, 0x00000000ec880000, 0x0000000100000000)
  eden space 22016K, 100% used [0x00000000eab00000,0x00000000ec080000,0x00000000ec080000)
  from space 1536K, 95% used [0x00000000ec700000,0x00000000ec86dc58,0x00000000ec880000)
  to   space 3072K, 0% used [0x00000000ec280000,0x00000000ec280000,0x00000000ec580000)
 ParOldGen       total 68608K, used 39642K [0x00000000c0000000, 0x00000000c4300000, 0x00000000eab00000)
  object space 68608K, 57% used [0x00000000c0000000,0x00000000c26b68d8,0x00000000c4300000)
 Metaspace       used 63237K, committed 64512K, reserved 1114112K
  class space    used 6765K, committed 7360K, reserved 1048576K
}
Event: 21.882 GC heap after
{Heap after GC invocations=36 (full 3):
 PSYoungGen      total 25088K, used 987K [0x00000000eab00000, 0x00000000ec780000, 0x0000000100000000)
  eden space 22016K, 0% used [0x00000000eab00000,0x00000000eab00000,0x00000000ec080000)
  from space 3072K, 32% used [0x00000000ec280000,0x00000000ec376c08,0x00000000ec580000)
  to   space 1536K, 0% used [0x00000000ec600000,0x00000000ec600000,0x00000000ec780000)
 ParOldGen       total 68608K, used 40231K [0x00000000c0000000, 0x00000000c4300000, 0x00000000eab00000)
  object space 68608K, 58% used [0x00000000c0000000,0x00000000c2749d98,0x00000000c4300000)
 Metaspace       used 63237K, committed 64512K, reserved 1114112K
  class space    used 6765K, committed 7360K, reserved 1048576K
}

Dll operation events (10 events):
Event: 0.110 Loaded shared library c:\Users\Nayan Mandal\.vscode\extensions\redhat.java-1.35.0-win32-x64\jre\17.0.12-win32-x86_64\bin\java.dll
Event: 0.798 Loaded shared library c:\Users\Nayan Mandal\.vscode\extensions\redhat.java-1.35.0-win32-x64\jre\17.0.12-win32-x86_64\bin\zip.dll
Event: 0.801 Loaded shared library C:\Users\Nayan Mandal\.vscode\extensions\redhat.java-1.35.0-win32-x64\jre\17.0.12-win32-x86_64\bin\instrument.dll
Event: 0.836 Loaded shared library C:\Users\Nayan Mandal\.vscode\extensions\redhat.java-1.35.0-win32-x64\jre\17.0.12-win32-x86_64\bin\net.dll
Event: 0.840 Loaded shared library C:\Users\Nayan Mandal\.vscode\extensions\redhat.java-1.35.0-win32-x64\jre\17.0.12-win32-x86_64\bin\nio.dll
Event: 0.850 Loaded shared library C:\Users\Nayan Mandal\.vscode\extensions\redhat.java-1.35.0-win32-x64\jre\17.0.12-win32-x86_64\bin\zip.dll
Event: 0.897 Loaded shared library C:\Users\Nayan Mandal\.vscode\extensions\redhat.java-1.35.0-win32-x64\jre\17.0.12-win32-x86_64\bin\jimage.dll
Event: 1.295 Loaded shared library c:\Users\Nayan Mandal\.vscode\extensions\redhat.java-1.35.0-win32-x64\jre\17.0.12-win32-x86_64\bin\verify.dll
Event: 4.056 Loaded shared library C:\Users\Nayan Mandal\AppData\Roaming\Code\User\globalStorage\redhat.java\1.35.0\config_win\org.eclipse.equinox.launcher\org.eclipse.equinox.launcher.win32.win32.x86_64_1.2.1100.v20240722-2106\eclipse_11904.dll
Event: 7.107 Loaded shared library C:\Users\Nayan Mandal\AppData\Local\Temp\jna-803531042\jna14352736076559533977.dll

Deoptimization events (20 events):
Event: 22.204 Thread 0x0000022ed6114680 DEOPT PACKING pc=0x0000022ebeb82f1f sp=0x0000004daaafd940
Event: 22.204 Thread 0x0000022ed6114680 DEOPT UNPACKING pc=0x0000022ec585a9e3 sp=0x0000004daaafcec0 mode 0
Event: 22.217 Thread 0x0000022ed6114680 DEOPT PACKING pc=0x0000022ebeb82f1f sp=0x0000004daaafd940
Event: 22.217 Thread 0x0000022ed6114680 DEOPT UNPACKING pc=0x0000022ec585a9e3 sp=0x0000004daaafcec0 mode 0
Event: 22.257 Thread 0x0000022ed6114680 Uncommon trap: trap_request=0xffffff45 fr.pc=0x0000022ec5f75f34 relative=0x0000000000000274
Event: 22.257 Thread 0x0000022ed6114680 Uncommon trap: reason=unstable_if action=reinterpret pc=0x0000022ec5f75f34 method=jdk.internal.jimage.ImageStringsReader.stringFromByteBufferMatches(Ljava/nio/ByteBuffer;ILjava/lang/String;I)I @ 59 c2
Event: 22.257 Thread 0x0000022ed6114680 DEOPT PACKING pc=0x0000022ec5f75f34 sp=0x0000004daaafd3b0
Event: 22.257 Thread 0x0000022ed6114680 DEOPT UNPACKING pc=0x0000022ec5859ea3 sp=0x0000004daaafd328 mode 2
Event: 22.257 Thread 0x0000022ed6114680 Uncommon trap: trap_request=0xffffff45 fr.pc=0x0000022ec60578c0 relative=0x00000000000002e0
Event: 22.257 Thread 0x0000022ed6114680 Uncommon trap: reason=unstable_if action=reinterpret pc=0x0000022ec60578c0 method=jdk.internal.jrtfs.JrtFileSystem.checkNode(Ljdk/internal/jrtfs/JrtPath;)Ljdk/internal/jimage/ImageReader$Node; @ 16 c2
Event: 22.257 Thread 0x0000022ed6114680 DEOPT PACKING pc=0x0000022ec60578c0 sp=0x0000004daaafd790
Event: 22.257 Thread 0x0000022ed6114680 DEOPT UNPACKING pc=0x0000022ec5859ea3 sp=0x0000004daaafd730 mode 2
Event: 22.258 Thread 0x0000022ed6114680 Uncommon trap: trap_request=0xffffff45 fr.pc=0x0000022ec5ede768 relative=0x0000000000000a88
Event: 22.258 Thread 0x0000022ed6114680 Uncommon trap: reason=unstable_if action=reinterpret pc=0x0000022ec5ede768 method=java.util.zip.ZipFile$Source.getEntryPos(Ljava/lang/String;Z)I @ 104 c2
Event: 22.258 Thread 0x0000022ed6114680 DEOPT PACKING pc=0x0000022ec5ede768 sp=0x0000004daaafdcd0
Event: 22.258 Thread 0x0000022ed6114680 DEOPT UNPACKING pc=0x0000022ec5859ea3 sp=0x0000004daaafdc80 mode 2
Event: 22.258 Thread 0x0000022ed6114680 Uncommon trap: trap_request=0x0000005e fr.pc=0x0000022ec5e556bc relative=0x000000000000103c
Event: 22.258 Thread 0x0000022ed6114680 Uncommon trap: reason=unloaded action=reinterpret pc=0x0000022ec5e556bc method=java.util.zip.ZipFile.getZipEntry(Ljava/lang/String;I)Ljava/util/zip/ZipEntry; @ 87 c2
Event: 22.258 Thread 0x0000022ed6114680 DEOPT PACKING pc=0x0000022ec5e556bc sp=0x0000004daaafdcb0
Event: 22.258 Thread 0x0000022ed6114680 DEOPT UNPACKING pc=0x0000022ec5859ea3 sp=0x0000004daaafdc98 mode 2

Classes loaded (20 events):
Event: 20.664 Loading class com/sun/org/apache/xerces/internal/xni/XNIException
Event: 20.664 Loading class com/sun/org/apache/xerces/internal/xni/XNIException done
Event: 20.664 Loading class com/sun/org/apache/xerces/internal/xni/parser/XMLParseException
Event: 20.665 Loading class com/sun/org/apache/xerces/internal/xni/parser/XMLParseException done
Event: 20.987 Loading class java/util/regex/Pattern$Caret
Event: 20.988 Loading class java/util/regex/Pattern$Caret done
Event: 21.558 Loading class java/util/ArrayDeque$DeqSpliterator
Event: 21.559 Loading class java/util/ArrayDeque$DeqSpliterator done
Event: 21.807 Loading class java/util/Hashtable$ValueCollection
Event: 21.807 Loading class java/util/Hashtable$ValueCollection done
Event: 22.138 Loading class java/util/concurrent/CompletableFuture$UniApply
Event: 22.138 Loading class java/util/concurrent/CompletableFuture$UniApply done
Event: 22.139 Loading class java/util/concurrent/ForkJoinPool$DefaultCommonPoolForkJoinWorkerThreadFactory$1
Event: 22.139 Loading class java/util/concurrent/ForkJoinPool$DefaultCommonPoolForkJoinWorkerThreadFactory$1 done
Event: 22.140 Loading class java/util/concurrent/CompletableFuture$UniExceptionally
Event: 22.140 Loading class java/util/concurrent/CompletableFuture$UniExceptionally done
Event: 22.147 Loading class java/util/HashMap$ValueSpliterator
Event: 22.147 Loading class java/util/HashMap$ValueSpliterator done
Event: 22.325 Loading class java/util/stream/ReduceOps$4
Event: 22.325 Loading class java/util/stream/ReduceOps$4 done

Classes unloaded (7 events):
Event: 6.707 Thread 0x0000022ebb6e6ca0 Unloading class 0x0000000100248400 'java/lang/invoke/LambdaForm$MH+0x0000000100248400'
Event: 6.707 Thread 0x0000022ebb6e6ca0 Unloading class 0x0000000100248000 'java/lang/invoke/LambdaForm$MH+0x0000000100248000'
Event: 6.707 Thread 0x0000022ebb6e6ca0 Unloading class 0x0000000100247c00 'java/lang/invoke/LambdaForm$MH+0x0000000100247c00'
Event: 6.707 Thread 0x0000022ebb6e6ca0 Unloading class 0x0000000100247800 'java/lang/invoke/LambdaForm$MH+0x0000000100247800'
Event: 6.707 Thread 0x0000022ebb6e6ca0 Unloading class 0x0000000100247400 'java/lang/invoke/LambdaForm$BMH+0x0000000100247400'
Event: 6.707 Thread 0x0000022ebb6e6ca0 Unloading class 0x0000000100247000 'java/lang/invoke/LambdaForm$DMH+0x0000000100247000'
Event: 6.707 Thread 0x0000022ebb6e6ca0 Unloading class 0x0000000100244400 'java/lang/invoke/LambdaForm$DMH+0x0000000100244400'

Classes redefined (0 events):
No events

Internal exceptions (20 events):
Event: 20.559 Thread 0x0000022ed6114680 Exception <a 'java/io/FileNotFoundException'{0x00000000eae759a8}> (0x00000000eae759a8) 
thrown [s\src\hotspot\share\prims\jni.cpp, line 516]
Event: 20.559 Thread 0x0000022ed6114680 Exception <a 'java/io/FileNotFoundException'{0x00000000eae76738}> (0x00000000eae76738) 
thrown [s\src\hotspot\share\prims\jni.cpp, line 516]
Event: 20.571 Thread 0x0000022ed6114680 Exception <a 'java/lang/NoSuchMethodError'{0x00000000eaf80378}: 'java.lang.Object java.lang.invoke.DirectMethodHandle$Holder.invokeStatic(java.lang.Object, java.lang.Object, int, java.lang.Object)'> (0x00000000eaf80378) 
thrown [s\src\hotspot\share\interpreter\linkResolver.cpp, line 759]
Event: 20.571 Thread 0x0000022ed6114680 Exception <a 'java/lang/NoSuchMethodError'{0x00000000eaf87748}: 'java.lang.Object java.lang.invoke.DirectMethodHandle$Holder.newInvokeSpecial(java.lang.Object, java.lang.Object, int)'> (0x00000000eaf87748) 
thrown [s\src\hotspot\share\interpreter\linkResolver.cpp, line 759]
Event: 20.779 Thread 0x0000022ed6114680 Exception <a 'java/io/FileNotFoundException'{0x00000000eb7dfed8}> (0x00000000eb7dfed8) 
thrown [s\src\hotspot\share\prims\jni.cpp, line 516]
Event: 20.779 Thread 0x0000022ed6114680 Exception <a 'java/io/FileNotFoundException'{0x00000000eb7e0f18}> (0x00000000eb7e0f18) 
thrown [s\src\hotspot\share\prims\jni.cpp, line 516]
Event: 21.139 Thread 0x0000022ed61113e0 Exception <a 'java/lang/LinkageError'{0x00000000eaf08e60}: loader lombok.launch.ShadowClassLoader @6503f90a attempted duplicate class definition for lombok.launch.PatchFixesHider$ValPortal. (lombok.launch.PatchFixesHider$ValPortal is in unnamed module of loader lombok.launch.ShadowClassLoader @6503f90a, parent loader org.eclipse.osgi.internal.loader.EquinoxClassLoader @2a4af664)> (0x00000000eaf08e60) 
thrown [s\src\hotspot\share\classfile\systemDictionary.cpp, line 1723]
Event: 21.353 Thread 0x0000022ed6114170 Exception <a 'sun/nio/fs/WindowsException'{0x00000000eb2e9630}> (0x00000000eb2e9630) 
thrown [s\src\hotspot\share\prims\jni.cpp, line 516]
Event: 21.353 Thread 0x0000022ed6114170 Exception <a 'sun/nio/fs/WindowsException'{0x00000000eb2e9c68}> (0x00000000eb2e9c68) 
thrown [s\src\hotspot\share\prims\jni.cpp, line 516]
Event: 21.773 Thread 0x0000022ed6114680 Exception <a 'java/lang/LinkageError'{0x00000000ebcfbb28}: loader lombok.launch.ShadowClassLoader @262bbf96 attempted duplicate class definition for lombok.launch.PatchFixesHider$FieldInitializer. (lombok.launch.PatchFixesHider$FieldInitializer is in unnamed module of loader lombok.launch.ShadowClassLoader @262bbf96, parent loader org.eclipse.osgi.internal.loader.EquinoxClassLoader @3cf7ec96)> (0x00000000ebcfbb28) 
thrown [s\src\hotspot\share\classfile\systemDictionary.cpp, line 1723]
Event: 22.090 Thread 0x0000022ed6114680 Exception <a 'java/lang/NoSuchMethodError'{0x00000000eab3e8b8}: 'int java.lang.invoke.DirectMethodHandle$Holder.invokeStatic(java.lang.Object)'> (0x00000000eab3e8b8) 
thrown [s\src\hotspot\share\interpreter\linkResolver.cpp, line 759]
Event: 22.105 Thread 0x0000022ed6114680 Exception <a 'sun/nio/fs/WindowsException'{0x00000000eb04f740}> (0x00000000eb04f740) 
thrown [s\src\hotspot\share\prims\jni.cpp, line 516]
Event: 22.105 Thread 0x0000022ed6114680 Exception <a 'sun/nio/fs/WindowsException'{0x00000000eb04ffc0}> (0x00000000eb04ffc0) 
thrown [s\src\hotspot\share\prims\jni.cpp, line 516]
Event: 22.105 Thread 0x0000022ed6114680 Exception <a 'sun/nio/fs/WindowsException'{0x00000000eb050858}> (0x00000000eb050858) 
thrown [s\src\hotspot\share\prims\jni.cpp, line 516]
Event: 22.112 Thread 0x0000022ed6114680 Exception <a 'sun/nio/fs/WindowsException'{0x00000000eb0572c8}> (0x00000000eb0572c8) 
thrown [s\src\hotspot\share\prims\jni.cpp, line 516]
Event: 22.113 Thread 0x0000022ed6114680 Exception <a 'sun/nio/fs/WindowsException'{0x00000000eb057bc0}> (0x00000000eb057bc0) 
thrown [s\src\hotspot\share\prims\jni.cpp, line 516]
Event: 22.132 Thread 0x0000022ed61113e0 Exception <a 'sun/nio/fs/WindowsException'{0x00000000eb1447f0}> (0x00000000eb1447f0) 
thrown [s\src\hotspot\share\prims\jni.cpp, line 516]
Event: 22.132 Thread 0x0000022ed61113e0 Exception <a 'sun/nio/fs/WindowsException'{0x00000000eb144e28}> (0x00000000eb144e28) 
thrown [s\src\hotspot\share\prims\jni.cpp, line 516]
Event: 22.133 Thread 0x0000022ed61113e0 Exception <a 'sun/nio/fs/WindowsException'{0x00000000eb148578}> (0x00000000eb148578) 
thrown [s\src\hotspot\share\prims\jni.cpp, line 516]
Event: 22.133 Thread 0x0000022ed61113e0 Exception <a 'sun/nio/fs/WindowsException'{0x00000000eb148bb0}> (0x00000000eb148bb0) 
thrown [s\src\hotspot\share\prims\jni.cpp, line 516]

VM Operations (20 events):
Event: 20.501 Executing VM operation: ParallelGCFailedAllocation done
Event: 20.654 Executing VM operation: HandshakeAllThreads
Event: 20.663 Executing VM operation: HandshakeAllThreads done
Event: 20.685 Executing VM operation: HandshakeAllThreads
Event: 20.694 Executing VM operation: HandshakeAllThreads done
Event: 21.024 Executing VM operation: ParallelGCFailedAllocation
Event: 21.041 Executing VM operation: ParallelGCFailedAllocation done
Event: 21.282 Executing VM operation: ParallelGCFailedAllocation
Event: 21.324 Executing VM operation: ParallelGCFailedAllocation done
Event: 21.567 Executing VM operation: ParallelGCFailedAllocation
Event: 21.591 Executing VM operation: ParallelGCFailedAllocation done
Event: 21.596 Executing VM operation: HandshakeAllThreads
Event: 21.603 Executing VM operation: HandshakeAllThreads done
Event: 21.738 Executing VM operation: HandshakeAllThreads
Event: 21.741 Executing VM operation: HandshakeAllThreads done
Event: 21.811 Executing VM operation: HandshakeAllThreads
Event: 21.813 Executing VM operation: HandshakeAllThreads done
Event: 21.871 Executing VM operation: ParallelGCFailedAllocation
Event: 21.884 Executing VM operation: ParallelGCFailedAllocation done
Event: 22.328 Executing VM operation: HandshakeAllThreads

Events (20 events):
Event: 15.020 Thread 0x0000022ecf4ce250 flushing nmethod 0x0000022ebed2a710
Event: 15.020 Thread 0x0000022ecf4ce250 flushing nmethod 0x0000022ebed2c290
Event: 15.020 Thread 0x0000022ecf4ce250 flushing nmethod 0x0000022ebed2dc10
Event: 15.020 Thread 0x0000022ecf4ce250 flushing nmethod 0x0000022ebed31990
Event: 15.020 Thread 0x0000022ecf4ce250 flushing nmethod 0x0000022ebed35710
Event: 15.020 Thread 0x0000022ecf4ce250 flushing nmethod 0x0000022ebed36310
Event: 15.020 Thread 0x0000022ecf4ce250 flushing nmethod 0x0000022ebed37310
Event: 15.021 Thread 0x0000022ecf4ce250 flushing nmethod 0x0000022ebed5d790
Event: 15.021 Thread 0x0000022ecf4ce250 flushing nmethod 0x0000022ebed61410
Event: 15.021 Thread 0x0000022ecf4ce250 flushing nmethod 0x0000022ebedcdf10
Event: 17.441 Thread 0x0000022ed6114680 Thread added: 0x0000022ed6114680
Event: 17.821 Thread 0x0000022ed6115fd0 Thread added: 0x0000022ed6115fd0
Event: 19.534 Thread 0x0000022ed61109c0 Thread added: 0x0000022ed61109c0
Event: 19.534 Thread 0x0000022ed61150a0 Thread added: 0x0000022ed61150a0
Event: 19.577 Thread 0x0000022ed6115ac0 Thread added: 0x0000022ed6115ac0
Event: 20.422 Thread 0x0000022ed61118f0 Thread added: 0x0000022ed61118f0
Event: 21.608 Thread 0x0000022ecf4ce250 flushing nmethod 0x0000022ebe6ea210
Event: 22.140 Thread 0x0000022ed6111e00 Thread added: 0x0000022ed6111e00
Event: 22.147 Thread 0x0000022ed6112310 Thread added: 0x0000022ed6112310
Event: 22.149 Thread 0x0000022ed610fa90 Thread added: 0x0000022ed610fa90


Dynamic libraries:
0x00007ff76ac20000 - 0x00007ff76ac2e000 	c:\Users\Nayan Mandal\.vscode\extensions\redhat.java-1.35.0-win32-x64\jre\17.0.12-win32-x86_64\bin\java.exe
0x00007ffd35690000 - 0x00007ffd358a7000 	C:\WINDOWS\SYSTEM32\ntdll.dll
0x00007ffd35130000 - 0x00007ffd351f4000 	C:\WINDOWS\System32\KERNEL32.DLL
0x00007ffd32e60000 - 0x00007ffd3320d000 	C:\WINDOWS\System32\KERNELBASE.dll
0x00007ffd329b0000 - 0x00007ffd32ac1000 	C:\WINDOWS\System32\ucrtbase.dll
0x00007ffd20a10000 - 0x00007ffd20a27000 	c:\Users\Nayan Mandal\.vscode\extensions\redhat.java-1.35.0-win32-x64\jre\17.0.12-win32-x86_64\bin\jli.dll
0x00007ffd33740000 - 0x00007ffd338ee000 	C:\WINDOWS\System32\USER32.dll
0x00007ffd32cc0000 - 0x00007ffd32ce6000 	C:\WINDOWS\System32\win32u.dll
0x00007ffd340d0000 - 0x00007ffd340f9000 	C:\WINDOWS\System32\GDI32.dll
0x00007ffd32b70000 - 0x00007ffd32c89000 	C:\WINDOWS\System32\gdi32full.dll
0x00007ffd32ad0000 - 0x00007ffd32b6a000 	C:\WINDOWS\System32\msvcp_win.dll
0x00007ffd1ea30000 - 0x00007ffd1ea4b000 	c:\Users\Nayan Mandal\.vscode\extensions\redhat.java-1.35.0-win32-x64\jre\17.0.12-win32-x86_64\bin\VCRUNTIME140.dll
0x00007ffd1b6d0000 - 0x00007ffd1b963000 	C:\WINDOWS\WinSxS\amd64_microsoft.windows.common-controls_6595b64144ccf1df_6.0.22621.3672_none_2713b9d173822955\COMCTL32.dll
0x00007ffd33590000 - 0x00007ffd33637000 	C:\WINDOWS\System32\msvcrt.dll
0x00007ffd333c0000 - 0x00007ffd333f1000 	C:\WINDOWS\System32\IMM32.DLL
0x00007ffd2f0f0000 - 0x00007ffd2f0fc000 	c:\Users\Nayan Mandal\.vscode\extensions\redhat.java-1.35.0-win32-x64\jre\17.0.12-win32-x86_64\bin\vcruntime140_1.dll
0x00007ffd06770000 - 0x00007ffd067fd000 	c:\Users\Nayan Mandal\.vscode\extensions\redhat.java-1.35.0-win32-x64\jre\17.0.12-win32-x86_64\bin\msvcp140.dll
0x00007ffcaef50000 - 0x00007ffcafbba000 	c:\Users\Nayan Mandal\.vscode\extensions\redhat.java-1.35.0-win32-x64\jre\17.0.12-win32-x86_64\bin\server\jvm.dll
0x00007ffd334d0000 - 0x00007ffd33582000 	C:\WINDOWS\System32\ADVAPI32.dll
0x00007ffd34250000 - 0x00007ffd342f9000 	C:\WINDOWS\System32\sechost.dll
0x00007ffd32c90000 - 0x00007ffd32cb8000 	C:\WINDOWS\System32\bcrypt.dll
0x00007ffd34120000 - 0x00007ffd34234000 	C:\WINDOWS\System32\RPCRT4.dll
0x00007ffd339a0000 - 0x00007ffd33a11000 	C:\WINDOWS\System32\WS2_32.dll
0x00007ffd32880000 - 0x00007ffd328cd000 	C:\WINDOWS\SYSTEM32\POWRPROF.dll
0x00007ffd2a240000 - 0x00007ffd2a274000 	C:\WINDOWS\SYSTEM32\WINMM.dll
0x00007ffd296e0000 - 0x00007ffd296ea000 	C:\WINDOWS\SYSTEM32\VERSION.dll
0x00007ffd32860000 - 0x00007ffd32873000 	C:\WINDOWS\SYSTEM32\UMPDC.dll
0x00007ffd31a00000 - 0x00007ffd31a18000 	C:\WINDOWS\SYSTEM32\kernel.appcore.dll
0x00007ffd21e10000 - 0x00007ffd21e1a000 	c:\Users\Nayan Mandal\.vscode\extensions\redhat.java-1.35.0-win32-x64\jre\17.0.12-win32-x86_64\bin\jimage.dll
0x00007ffd30250000 - 0x00007ffd30482000 	C:\WINDOWS\SYSTEM32\DBGHELP.DLL
0x00007ffd34b70000 - 0x00007ffd34efe000 	C:\WINDOWS\System32\combase.dll
0x00007ffd34f90000 - 0x00007ffd35067000 	C:\WINDOWS\System32\OLEAUT32.dll
0x00007ffd016b0000 - 0x00007ffd016e2000 	C:\WINDOWS\SYSTEM32\dbgcore.DLL
0x00007ffd33340000 - 0x00007ffd333bb000 	C:\WINDOWS\System32\bcryptPrimitives.dll
0x00007ffd21e00000 - 0x00007ffd21e0e000 	c:\Users\Nayan Mandal\.vscode\extensions\redhat.java-1.35.0-win32-x64\jre\17.0.12-win32-x86_64\bin\instrument.dll
0x00007ffd213a0000 - 0x00007ffd213c5000 	c:\Users\Nayan Mandal\.vscode\extensions\redhat.java-1.35.0-win32-x64\jre\17.0.12-win32-x86_64\bin\java.dll
0x00007ffd1e950000 - 0x00007ffd1e968000 	c:\Users\Nayan Mandal\.vscode\extensions\redhat.java-1.35.0-win32-x64\jre\17.0.12-win32-x86_64\bin\zip.dll
0x00007ffd34300000 - 0x00007ffd34b67000 	C:\WINDOWS\System32\SHELL32.dll
0x00007ffd30930000 - 0x00007ffd3122f000 	C:\WINDOWS\SYSTEM32\windows.storage.dll
0x00007ffd307f0000 - 0x00007ffd3092f000 	C:\WINDOWS\SYSTEM32\wintypes.dll
0x00007ffd33640000 - 0x00007ffd33739000 	C:\WINDOWS\System32\SHCORE.dll
0x00007ffd33400000 - 0x00007ffd3345e000 	C:\WINDOWS\System32\shlwapi.dll
0x00007ffd328e0000 - 0x00007ffd32907000 	C:\WINDOWS\SYSTEM32\profapi.dll
0x00007ffd06c70000 - 0x00007ffd06c89000 	C:\Users\Nayan Mandal\.vscode\extensions\redhat.java-1.35.0-win32-x64\jre\17.0.12-win32-x86_64\bin\net.dll
0x00007ffd2bc70000 - 0x00007ffd2bda6000 	C:\WINDOWS\SYSTEM32\WINHTTP.dll
0x00007ffd31e70000 - 0x00007ffd31ed9000 	C:\WINDOWS\system32\mswsock.dll
0x00007ffcff910000 - 0x00007ffcff926000 	C:\Users\Nayan Mandal\.vscode\extensions\redhat.java-1.35.0-win32-x64\jre\17.0.12-win32-x86_64\bin\nio.dll
0x00007ffd21df0000 - 0x00007ffd21e00000 	c:\Users\Nayan Mandal\.vscode\extensions\redhat.java-1.35.0-win32-x64\jre\17.0.12-win32-x86_64\bin\verify.dll
0x00007ffce2a60000 - 0x00007ffce2aa5000 	C:\Users\Nayan Mandal\AppData\Roaming\Code\User\globalStorage\redhat.java\1.35.0\config_win\org.eclipse.equinox.launcher\org.eclipse.equinox.launcher.win32.win32.x86_64_1.2.1100.v20240722-2106\eclipse_11904.dll
0x00007ffd33a20000 - 0x00007ffd33bc5000 	C:\WINDOWS\System32\ole32.dll
0x00007ffd320c0000 - 0x00007ffd320db000 	C:\WINDOWS\SYSTEM32\CRYPTSP.dll
0x00007ffd31960000 - 0x00007ffd31995000 	C:\WINDOWS\system32\rsaenh.dll
0x00007ffd31f60000 - 0x00007ffd31f88000 	C:\WINDOWS\SYSTEM32\USERENV.dll
0x00007ffd320e0000 - 0x00007ffd320ec000 	C:\WINDOWS\SYSTEM32\CRYPTBASE.dll
0x00007ffd31490000 - 0x00007ffd314bd000 	C:\WINDOWS\SYSTEM32\IPHLPAPI.DLL
0x00007ffd34240000 - 0x00007ffd34249000 	C:\WINDOWS\System32\NSI.dll
0x00007ffd2c070000 - 0x00007ffd2c089000 	C:\WINDOWS\SYSTEM32\dhcpcsvc6.DLL
0x00007ffd2c030000 - 0x00007ffd2c04f000 	C:\WINDOWS\SYSTEM32\dhcpcsvc.DLL
0x00007ffd31500000 - 0x00007ffd315f8000 	C:\WINDOWS\SYSTEM32\DNSAPI.dll
0x00007ffce2560000 - 0x00007ffce25a9000 	C:\Users\Nayan Mandal\AppData\Local\Temp\jna-803531042\jna14352736076559533977.dll
0x00007ffd35310000 - 0x00007ffd35318000 	C:\WINDOWS\System32\PSAPI.DLL

dbghelp: loaded successfully - version: 4.0.5 - missing functions: none
symbol engine: initialized successfully - sym options: 0x614 - pdb path: .;c:\Users\Nayan Mandal\.vscode\extensions\redhat.java-1.35.0-win32-x64\jre\17.0.12-win32-x86_64\bin;C:\WINDOWS\SYSTEM32;C:\WINDOWS\WinSxS\amd64_microsoft.windows.common-controls_6595b64144ccf1df_6.0.22621.3672_none_2713b9d173822955;c:\Users\Nayan Mandal\.vscode\extensions\redhat.java-1.35.0-win32-x64\jre\17.0.12-win32-x86_64\bin\server;C:\Users\Nayan Mandal\AppData\Roaming\Code\User\globalStorage\redhat.java\1.35.0\config_win\org.eclipse.equinox.launcher\org.eclipse.equinox.launcher.win32.win32.x86_64_1.2.1100.v20240722-2106;C:\Users\Nayan Mandal\AppData\Local\Temp\jna-803531042

VM Arguments:
jvm_args: --add-modules=ALL-SYSTEM --add-opens=java.base/java.util=ALL-UNNAMED --add-opens=java.base/java.lang=ALL-UNNAMED --add-opens=java.base/sun.nio.fs=ALL-UNNAMED -Declipse.application=org.eclipse.jdt.ls.core.id1 -Dosgi.bundles.defaultStartLevel=4 -Declipse.product=org.eclipse.jdt.ls.core.product -Djava.import.generatesMetadataFilesAtProjectRoot=false -DDetectVMInstallationsJob.disabled=true -Dfile.encoding=utf8 -XX:+UseParallelGC -XX:GCTimeRatio=4 -XX:AdaptiveSizePolicyWeight=90 -Dsun.zip.disableMemoryMapping=true -Xmx1G -Xms100m -Xlog:disable -javaagent:c:\Users\Nayan Mandal\.vscode\extensions\redhat.java-1.35.0-win32-x64\lombok\lombok-1.18.33.jar -XX:+HeapDumpOnOutOfMemoryError -XX:HeapDumpPath=c:\Users\Nayan Mandal\AppData\Roaming\Code\User\workspaceStorage\14b7aa4224a939eacf2cdfc44a398597\redhat.java -Daether.dependencyCollector.impl=bf 
java_command: c:\Users\Nayan Mandal\.vscode\extensions\redhat.java-1.35.0-win32-x64\server\plugins\org.eclipse.equinox.launcher_1.6.900.v20240613-2009.jar -configuration c:\Users\Nayan Mandal\AppData\Roaming\Code\User\globalStorage\redhat.java\1.35.0\config_win -data c:\Users\Nayan Mandal\AppData\Roaming\Code\User\workspaceStorage\14b7aa4224a939eacf2cdfc44a398597\redhat.java\jdt_ws --pipe=\\.\pipe\lsp-0c9cadc91701f230ae695444d4987267-sock
java_class_path (initial): c:\Users\Nayan Mandal\.vscode\extensions\redhat.java-1.35.0-win32-x64\server\plugins\org.eclipse.equinox.launcher_1.6.900.v20240613-2009.jar
Launcher Type: SUN_STANDARD

[Global flags]
    uintx AdaptiveSizePolicyWeight                 = 90                                        {product} {command line}
     intx CICompilerCount                          = 3                                         {product} {ergonomic}
    uintx GCTimeRatio                              = 4                                         {product} {command line}
     bool HeapDumpOnOutOfMemoryError               = true                                   {manageable} {command line}
    ccstr HeapDumpPath                             = c:\Users\Nayan Mandal\AppData\Roaming\Code\User\workspaceStorage\14b7aa4224a939eacf2cdfc44a398597\redhat.java         {manageable} {command line}
   size_t InitialHeapSize                          = 104857600                                 {product} {command line}
   size_t MaxHeapSize                              = 1073741824                                {product} {command line}
   size_t MaxNewSize                               = 357564416                                 {product} {ergonomic}
   size_t MinHeapDeltaBytes                        = 524288                                    {product} {ergonomic}
   size_t MinHeapSize                              = 104857600                                 {product} {command line}
   size_t NewSize                                  = 34603008                                  {product} {ergonomic}
    uintx NonNMethodCodeHeapSize                   = 5832780                                {pd product} {ergonomic}
    uintx NonProfiledCodeHeapSize                  = 122912730                              {pd product} {ergonomic}
   size_t OldSize                                  = 70254592                                  {product} {ergonomic}
    uintx ProfiledCodeHeapSize                     = 122912730                              {pd product} {ergonomic}
    uintx ReservedCodeCacheSize                    = 251658240                              {pd product} {ergonomic}
     bool SegmentedCodeCache                       = true                                      {product} {ergonomic}
   size_t SoftMaxHeapSize                          = 1073741824                             {manageable} {ergonomic}
     bool UseCompressedClassPointers               = true                           {product lp64_product} {ergonomic}
     bool UseCompressedOops                        = true                           {product lp64_product} {ergonomic}
     bool UseLargePagesIndividualAllocation        = false                                  {pd product} {ergonomic}
     bool UseParallelGC                            = true                                      {product} {command line}

Logging:
Log output configuration:
 #0: stdout all=off uptime,level,tags
 #1: stderr all=off uptime,level,tags

Environment Variables:
PATH=C:\Program Files\Common Files\Oracle\Java\javapath;C:\WINDOWS\system32;C:\WINDOWS;C:\WINDOWS\System32\Wbem;C:\WINDOWS\System32\WindowsPowerShell\v1.0\;C:\WINDOWS\System32\OpenSSH\;C:\Program Files\Git\cmd;C:\Program Files\MySQL\MySQL Shell 8.0\bin\;C:\Users\Nayan Mandal\AppData\Local\Microsoft\WindowsApps;C:\Users\Nayan Mandal\AppData\Local\Programs\Microsoft VS Code\bin;C:\MinGW\bin;
USERNAME=Nayan Mandal
OS=Windows_NT
PROCESSOR_IDENTIFIER=Intel64 Family 6 Model 126 Stepping 5, GenuineIntel
TMP=C:\Users\NAYANM~1\AppData\Local\Temp
TEMP=C:\Users\NAYANM~1\AppData\Local\Temp



Periodic native trim disabled


---------------  S Y S T E M  ---------------

OS:
 Windows 11 , 64 bit Build 22621 (10.0.22621.3958)
OS uptime: 2 days 8:01 hours

CPU: total 4 (initial active 4) (2 cores per cpu, 2 threads per core) family 6 model 126 stepping 5 microcode 0xc2, cx8, cmov, fxsr, ht, mmx, 3dnowpref, sse, sse2, sse3, ssse3, sse4.1, sse4.2, popcnt, lzcnt, tsc, tscinvbit, avx, avx2, aes, erms, clmul, bmi1, bmi2, adx, avx512f, avx512dq, avx512cd, avx512bw, avx512vl, sha, fma, vzeroupper, avx512_vpopcntdq, avx512_vpclmulqdq, avx512_vaes, avx512_vnni, clflush, clflushopt, avx512_vbmi2, avx512_vbmi
Processor Information for all 4 processors :
  Max Mhz: 1190, Current Mhz: 1190, Mhz Limit: 1190

Memory: 4k page, system-wide physical 3863M (121M free)
TotalPageFile size 10531M (AvailPageFile size 4M)
current process WorkingSet (physical memory assigned to process): 239M, peak: 240M
current process commit charge ("private bytes"): 313M, peak: 313M

vm_info: OpenJDK 64-Bit Server VM (17.0.12+7) for windows-amd64 JRE (17.0.12+7), built on Jul 16 2024 22:08:24 by "admin" with MS VC++ 16.10 / 16.11 (VS2019)

END.
