#
# There is insufficient memory for the Java Runtime Environment to continue.
# Native memory allocation (malloc) failed to allocate 65552 bytes. Error detail: Chunk::new
# Possible reasons:
#   The system is out of physical RAM or swap space
#   This process is running with CompressedOops enabled, and the Java Heap may be blocking the growth of the native heap
# Possible solutions:
#   Reduce memory load on the system
#   Increase physical memory or swap space
#   Check if swap backing store is full
#   Decrease Java heap size (-Xmx/-Xms)
#   Decrease number of Java threads
#   Decrease Java thread stack sizes (-Xss)
#   Set larger code cache with -XX:ReservedCodeCacheSize=
#   JVM is running with Unscaled Compressed Oops mode in which the Java heap is
#     placed in the first 4GB address space. The Java Heap base address is the
#     maximum limit for the native heap growth. Please use -XX:HeapBaseMinAddress
#     to set the Java Heap base and to place the Java Heap above 4GB virtual address.
# This output file may be truncated or incomplete.
#
#  Out of Memory Error (arena.cpp:150), pid=14584, tid=7776
#
# JRE version: Java(TM) SE Runtime Environment (22.0.2+9) (build 22.0.2+9-70)
# Java VM: Java HotSpot(TM) 64-Bit Server VM (22.0.2+9-70, mixed mode, sharing, tiered, compressed oops, compressed class ptrs, g1 gc, windows-amd64)
# No core dump will be written. Minidumps are not enabled by default on client versions of Windows
#

---------------  S U M M A R Y ------------

Command Line: -Dcom.sun.management.jmxremote -Dcom.sun.management.jmxremote.port=49838 -Dcom.sun.management.jmxremote.authenticate=false -Dcom.sun.management.jmxremote.ssl=false -Dspring.jmx.enabled=true -Djava.rmi.server.hostname=localhost -Dspring.application.admin.enabled=true -Dspring.boot.project.name=smartcontactmanager -XX:+ShowCodeDetailsInExceptionMessages com.contact.smartcontactmanager.SmartcontactmanagerApplication

Host: Intel(R) Core(TM) i3-1005G1 CPU @ 1.20GHz, 4 cores, 3G,  Windows 11 , 64 bit Build 22621 (10.0.22621.4391)
Time: Sun Jan 19 10:26:38 2025 India Standard Time elapsed time: 99.043379 seconds (0d 0h 1m 39s)

---------------  T H R E A D  ---------------

Current thread (0x0000022655a28890):  JavaThread "C2 CompilerThread0" daemon [_thread_in_native, id=7776, stack(0x0000009c84000000,0x0000009c84100000) (1024K)]


Current CompileTask:
C2:99043 7863       4       org.springframework.security.crypto.bcrypt.BCrypt::key (196 bytes)

Stack: [0x0000009c84000000,0x0000009c84100000]
Native frames: (J=compiled Java code, j=interpreted, Vv=VM code, C=native code)
V  [jvm.dll+0x6e26e9]  (no source info available)
V  [jvm.dll+0x875753]  (no source info available)
V  [jvm.dll+0x877b7e]  (no source info available)
V  [jvm.dll+0x878253]  (no source info available)
V  [jvm.dll+0x27fc86]  (no source info available)
V  [jvm.dll+0xc3d0f]  (no source info available)
V  [jvm.dll+0xc40fb]  (no source info available)
V  [jvm.dll+0xc3bbb]  (no source info available)
V  [jvm.dll+0x70a8a6]  (no source info available)
V  [jvm.dll+0x70b160]  (no source info available)
V  [jvm.dll+0x61a47b]  (no source info available)
V  [jvm.dll+0x6042c9]  (no source info available)
V  [jvm.dll+0x60693a]  (no source info available)
V  [jvm.dll+0x606379]  (no source info available)
V  [jvm.dll+0x606260]  (no source info available)
V  [jvm.dll+0x606260]  (no source info available)
V  [jvm.dll+0x6063dc]  (no source info available)
V  [jvm.dll+0x6063dc]  (no source info available)
V  [jvm.dll+0x60c8e4]  (no source info available)
V  [jvm.dll+0x249915]  (no source info available)
V  [jvm.dll+0x246da6]  (no source info available)
V  [jvm.dll+0x1c4e80]  (no source info available)
V  [jvm.dll+0x2568f3]  (no source info available)
V  [jvm.dll+0x254baa]  (no source info available)
V  [jvm.dll+0x3f57a6]  (no source info available)
V  [jvm.dll+0x81dc0b]  (no source info available)
V  [jvm.dll+0x6e0d85]  (no source info available)
C  [ucrtbase.dll+0x29333]  (no source info available)
C  [KERNEL32.DLL+0x1259d]  (no source info available)
C  [ntdll.dll+0x5af38]  (no source info available)


---------------  P R O C E S S  ---------------

Threads class SMR info:
_java_thread_list=0x000002269c287450, length=34, elements={
0x0000022655a15270, 0x0000022655a16430, 0x0000022655a1c1b0, 0x0000022655a20d10,
0x0000022655a269b0, 0x0000022655a27500, 0x0000022655a28890, 0x0000022655a2d340,
0x0000022655c365c0, 0x0000022655d5ee60, 0x000002269b7e7020, 0x000002269bba79e0,
0x000002269b5fb550, 0x000002269bf230f0, 0x000002269c5ccfb0, 0x000002269c5d0430,
0x000002269c5ce9f0, 0x000002269c5cd640, 0x000002269c5ce360, 0x000002269b297a70,
0x000002269b296d50, 0x000002269b29b580, 0x000002269b299b40, 0x000002269b29c930,
0x000002269b298100, 0x000002269b29cfc0, 0x000002269b298790, 0x000002269b298e20,
0x000002269b29a1d0, 0x000002269b29bc10, 0x000002269b29c2a0, 0x000002269b296030,
0x000002269b2973e0, 0x000002269b29d650
}

Java Threads: ( => current thread )
  0x0000022655a15270 JavaThread "Reference Handler"          daemon [_thread_blocked, id=2768, stack(0x0000009c83a00000,0x0000009c83b00000) (1024K)]
  0x0000022655a16430 JavaThread "Finalizer"                  daemon [_thread_blocked, id=11056, stack(0x0000009c83b00000,0x0000009c83c00000) (1024K)]
  0x0000022655a1c1b0 JavaThread "Signal Dispatcher"          daemon [_thread_blocked, id=9564, stack(0x0000009c83c00000,0x0000009c83d00000) (1024K)]
  0x0000022655a20d10 JavaThread "Attach Listener"            daemon [_thread_blocked, id=15108, stack(0x0000009c83d00000,0x0000009c83e00000) (1024K)]
  0x0000022655a269b0 JavaThread "Service Thread"             daemon [_thread_blocked, id=7044, stack(0x0000009c83e00000,0x0000009c83f00000) (1024K)]
  0x0000022655a27500 JavaThread "Monitor Deflation Thread"   daemon [_thread_blocked, id=11360, stack(0x0000009c83f00000,0x0000009c84000000) (1024K)]
=>0x0000022655a28890 JavaThread "C2 CompilerThread0"         daemon [_thread_in_native, id=7776, stack(0x0000009c84000000,0x0000009c84100000) (1024K)]
  0x0000022655a2d340 JavaThread "C1 CompilerThread0"         daemon [_thread_blocked, id=9532, stack(0x0000009c84100000,0x0000009c84200000) (1024K)]
  0x0000022655c365c0 JavaThread "Common-Cleaner"             daemon [_thread_blocked, id=12656, stack(0x0000009c84200000,0x0000009c84300000) (1024K)]
  0x0000022655d5ee60 JavaThread "Notification Thread"        daemon [_thread_blocked, id=4004, stack(0x0000009c84300000,0x0000009c84400000) (1024K)]
  0x000002269b7e7020 JavaThread "RMI TCP Accept-0"           daemon [_thread_in_native, id=4860, stack(0x0000009c84400000,0x0000009c84500000) (1024K)]
  0x000002269bba79e0 JavaThread "RMI TCP Accept-49838"       daemon [_thread_in_native, id=8892, stack(0x0000009c84500000,0x0000009c84600000) (1024K)]
  0x000002269b5fb550 JavaThread "RMI TCP Accept-0"           daemon [_thread_in_native, id=10680, stack(0x0000009c84900000,0x0000009c84a00000) (1024K)]
  0x000002269bf230f0 JavaThread "WindowsStreamPump"          daemon [_thread_in_native, id=884, stack(0x0000009c84d00000,0x0000009c84e00000) (1024K)]
  0x000002269c5ccfb0 JavaThread "Catalina-utility-1"                [_thread_blocked, id=10612, stack(0x0000009c84c00000,0x0000009c84d00000) (1024K)]
  0x000002269c5d0430 JavaThread "Catalina-utility-2"                [_thread_blocked, id=4172, stack(0x0000009c84e00000,0x0000009c84f00000) (1024K)]
  0x000002269c5ce9f0 JavaThread "container-0"                       [_thread_blocked, id=6416, stack(0x0000009c84f00000,0x0000009c85000000) (1024K)]
  0x000002269c5cd640 JavaThread "mysql-cj-abandoned-connection-cleanup" daemon [_thread_blocked, id=7756, stack(0x0000009c85000000,0x0000009c85100000) (1024K)]
  0x000002269c5ce360 JavaThread "HikariPool-1 housekeeper"   daemon [_thread_blocked, id=7120, stack(0x0000009c85200000,0x0000009c85300000) (1024K)]
  0x000002269b297a70 JavaThread "File Watcher"               daemon [_thread_blocked, id=7812, stack(0x0000009c85400000,0x0000009c85500000) (1024K)]
  0x000002269b296d50 JavaThread "Live Reload Server"         daemon [_thread_in_native, id=13068, stack(0x0000009c85600000,0x0000009c85700000) (1024K)]
  0x000002269b29b580 JavaThread "http-nio-8282-exec-1"       daemon [_thread_blocked, id=2652, stack(0x0000009c85500000,0x0000009c85600000) (1024K)]
  0x000002269b299b40 JavaThread "http-nio-8282-exec-2"       daemon [_thread_blocked, id=11940, stack(0x0000009c85700000,0x0000009c85800000) (1024K)]
  0x000002269b29c930 JavaThread "http-nio-8282-exec-3"       daemon [_thread_blocked, id=4520, stack(0x0000009c85800000,0x0000009c85900000) (1024K)]
  0x000002269b298100 JavaThread "http-nio-8282-exec-4"       daemon [_thread_blocked, id=5888, stack(0x0000009c85900000,0x0000009c85a00000) (1024K)]
  0x000002269b29cfc0 JavaThread "http-nio-8282-exec-5"       daemon [_thread_blocked, id=11976, stack(0x0000009c85a00000,0x0000009c85b00000) (1024K)]
  0x000002269b298790 JavaThread "http-nio-8282-exec-6"       daemon [_thread_blocked, id=10412, stack(0x0000009c85b00000,0x0000009c85c00000) (1024K)]
  0x000002269b298e20 JavaThread "http-nio-8282-exec-7"       daemon [_thread_in_Java, id=4288, stack(0x0000009c85c00000,0x0000009c85d00000) (1024K)]
  0x000002269b29a1d0 JavaThread "http-nio-8282-exec-8"       daemon [_thread_blocked, id=4216, stack(0x0000009c85d00000,0x0000009c85e00000) (1024K)]
  0x000002269b29bc10 JavaThread "http-nio-8282-exec-9"       daemon [_thread_blocked, id=6412, stack(0x0000009c85e00000,0x0000009c85f00000) (1024K)]
  0x000002269b29c2a0 JavaThread "http-nio-8282-exec-10"      daemon [_thread_blocked, id=7584, stack(0x0000009c85f00000,0x0000009c86000000) (1024K)]
  0x000002269b296030 JavaThread "http-nio-8282-Poller"       daemon [_thread_in_native, id=14636, stack(0x0000009c86000000,0x0000009c86100000) (1024K)]
  0x000002269b2973e0 JavaThread "http-nio-8282-Acceptor"     daemon [_thread_in_native, id=9672, stack(0x0000009c86100000,0x0000009c86200000) (1024K)]
  0x000002269b29d650 JavaThread "DestroyJavaVM"                     [_thread_blocked, id=13440, stack(0x0000009c83200000,0x0000009c83300000) (1024K)]
Total: 34

Other Threads:
  0x00000226559f9550 VMThread "VM Thread"                           [id=12168, stack(0x0000009c83900000,0x0000009c83a00000) (1024K)]
  0x00000226559e4990 WatcherThread "VM Periodic Task Thread"        [id=8248, stack(0x0000009c83800000,0x0000009c83900000) (1024K)]
  0x0000022638fe27e0 WorkerThread "GC Thread#0"                     [id=9276, stack(0x0000009c83300000,0x0000009c83400000) (1024K)]
  0x000002269bba8050 WorkerThread "GC Thread#1"                     [id=7480, stack(0x0000009c84600000,0x0000009c84700000) (1024K)]
  0x000002269b26d870 WorkerThread "GC Thread#2"                     [id=14352, stack(0x0000009c84700000,0x0000009c84800000) (1024K)]
  0x000002269b26dc20 WorkerThread "GC Thread#3"                     [id=4776, stack(0x0000009c84800000,0x0000009c84900000) (1024K)]
  0x0000022638feb8a0 ConcurrentGCThread "G1 Main Marker"            [id=7100, stack(0x0000009c83400000,0x0000009c83500000) (1024K)]
  0x0000022638fec560 WorkerThread "G1 Conc#0"                       [id=9760, stack(0x0000009c83500000,0x0000009c83600000) (1024K)]
  0x0000022639041f60 ConcurrentGCThread "G1 Refine#0"               [id=12692, stack(0x0000009c83600000,0x0000009c83700000) (1024K)]
  0x0000022639042ae0 ConcurrentGCThread "G1 Service"                [id=9600, stack(0x0000009c83700000,0x0000009c83800000) (1024K)]
Total: 10

Threads with active compile tasks:
C2 CompilerThread0  99176 7863       4       org.springframework.security.crypto.bcrypt.BCrypt::key (196 bytes)
Total: 1

VM state: not at safepoint (normal execution)

VM Mutex/Monitor currently owned by a thread: None

Heap address: 0x00000000c3a00000, size: 966 MB, Compressed Oops mode: 32-bit

CDS archive(s) mapped at: [0x0000022656000000-0x0000022656c60000-0x0000022656c60000), size 12976128, SharedBaseAddress: 0x0000022656000000, ArchiveRelocationMode: 1.
Compressed class space mapped at: 0x0000022657000000-0x0000022697000000, reserved size: 1073741824
Narrow klass base: 0x0000022656000000, Narrow klass shift: 0, Narrow klass range: 0x41000000

GC Precious Log:
 CardTable entry size: 512
 Card Set container configuration: InlinePtr #cards 5 size 8 Array Of Cards #cards 12 size 40 Howl #buckets 4 coarsen threshold 1843 Howl Bitmap #cards 512 size 80 coarsen threshold 460 Card regions per heap region 1 cards per card region 2048
 CPUs: 4 total, 4 available
 Memory: 3863M
 Large Page Support: Disabled
 NUMA Support: Disabled
 Compressed Oops: Enabled (32-bit)
 Heap Region Size: 1M
 Heap Min Capacity: 8M
 Heap Initial Capacity: 62M
 Heap Max Capacity: 966M
 Pre-touch: Disabled
 Parallel Workers: 4
 Concurrent Workers: 1
 Concurrent Refinement Workers: 4
 Periodic GC: Disabled

Heap:
 garbage-first heap   total reserved 989184K, committed 67584K, used 54686K [0x00000000c3a00000, 0x0000000100000000)
  region size 1024K, 20 young (20480K), 2 survivors (2048K)
 Metaspace       used 84482K, committed 85248K, reserved 1179648K
  class space    used 11784K, committed 12096K, reserved 1048576K

Heap Regions: E=young(eden), S=young(survivor), O=old, HS=humongous(starts), HC=humongous(continues), CS=collection set, F=free, TAMS=top-at-mark-start, PB=parsable bottom
|   0|0x00000000c3a00000, 0x00000000c3b00000, 0x00000000c3b00000|100%|HS|  |TAMS 0x00000000c3a00000| PB 0x00000000c3a00000| Complete |  0
|   1|0x00000000c3b00000, 0x00000000c3c00000, 0x00000000c3c00000|100%| O|  |TAMS 0x00000000c3b00000| PB 0x00000000c3b00000| Untracked |  0
|   2|0x00000000c3c00000, 0x00000000c3d00000, 0x00000000c3d00000|100%| O|  |TAMS 0x00000000c3c00000| PB 0x00000000c3c00000| Untracked |  0
|   3|0x00000000c3d00000, 0x00000000c3e00000, 0x00000000c3e00000|100%| O|  |TAMS 0x00000000c3d00000| PB 0x00000000c3d00000| Untracked |  0
|   4|0x00000000c3e00000, 0x00000000c3f00000, 0x00000000c3f00000|100%| O|  |TAMS 0x00000000c3e00000| PB 0x00000000c3e00000| Untracked |  0
|   5|0x00000000c3f00000, 0x00000000c4000000, 0x00000000c4000000|100%| O|  |TAMS 0x00000000c3f00000| PB 0x00000000c3f00000| Untracked |  0
|   6|0x00000000c4000000, 0x00000000c4100000, 0x00000000c4100000|100%| O|  |TAMS 0x00000000c4000000| PB 0x00000000c4000000| Untracked |  0
|   7|0x00000000c4100000, 0x00000000c4200000, 0x00000000c4200000|100%| O|  |TAMS 0x00000000c4100000| PB 0x00000000c4100000| Untracked |  0
|   8|0x00000000c4200000, 0x00000000c4300000, 0x00000000c4300000|100%| O|  |TAMS 0x00000000c4200000| PB 0x00000000c4200000| Untracked |  0
|   9|0x00000000c4300000, 0x00000000c4400000, 0x00000000c4400000|100%| O|  |TAMS 0x00000000c4300000| PB 0x00000000c4300000| Untracked |  0
|  10|0x00000000c4400000, 0x00000000c4500000, 0x00000000c4500000|100%| O|  |TAMS 0x00000000c4400000| PB 0x00000000c4400000| Untracked |  0
|  11|0x00000000c4500000, 0x00000000c4600000, 0x00000000c4600000|100%| O|  |TAMS 0x00000000c4500000| PB 0x00000000c4500000| Untracked |  0
|  12|0x00000000c4600000, 0x00000000c4700000, 0x00000000c4700000|100%| O|  |TAMS 0x00000000c4600000| PB 0x00000000c4600000| Untracked |  0
|  13|0x00000000c4700000, 0x00000000c4800000, 0x00000000c4800000|100%| O|  |TAMS 0x00000000c4700000| PB 0x00000000c4700000| Untracked |  0
|  14|0x00000000c4800000, 0x00000000c4900000, 0x00000000c4900000|100%| O|Cm|TAMS 0x00000000c4800000| PB 0x00000000c4800000| Complete |  0
|  15|0x00000000c4900000, 0x00000000c4a00000, 0x00000000c4a00000|100%| O|  |TAMS 0x00000000c4900000| PB 0x00000000c4900000| Untracked |  0
|  16|0x00000000c4a00000, 0x00000000c4b00000, 0x00000000c4b00000|100%| O|  |TAMS 0x00000000c4a00000| PB 0x00000000c4a00000| Untracked |  0
|  17|0x00000000c4b00000, 0x00000000c4c00000, 0x00000000c4c00000|100%| O|  |TAMS 0x00000000c4b00000| PB 0x00000000c4b00000| Untracked |  0
|  18|0x00000000c4c00000, 0x00000000c4d00000, 0x00000000c4d00000|100%| O|  |TAMS 0x00000000c4c00000| PB 0x00000000c4c00000| Untracked |  0
|  19|0x00000000c4d00000, 0x00000000c4e00000, 0x00000000c4e00000|100%| O|  |TAMS 0x00000000c4d00000| PB 0x00000000c4d00000| Untracked |  0
|  20|0x00000000c4e00000, 0x00000000c4f00000, 0x00000000c4f00000|100%| O|  |TAMS 0x00000000c4e00000| PB 0x00000000c4e00000| Untracked |  0
|  21|0x00000000c4f00000, 0x00000000c5000000, 0x00000000c5000000|100%| O|  |TAMS 0x00000000c4f00000| PB 0x00000000c4f00000| Untracked |  0
|  22|0x00000000c5000000, 0x00000000c5100000, 0x00000000c5100000|100%| O|  |TAMS 0x00000000c5000000| PB 0x00000000c5000000| Untracked |  0
|  23|0x00000000c5100000, 0x00000000c5200000, 0x00000000c5200000|100%| O|  |TAMS 0x00000000c5100000| PB 0x00000000c5100000| Untracked |  0
|  24|0x00000000c5200000, 0x00000000c5300000, 0x00000000c5300000|100%| O|  |TAMS 0x00000000c5200000| PB 0x00000000c5200000| Untracked |  0
|  25|0x00000000c5300000, 0x00000000c5400000, 0x00000000c5400000|100%| O|  |TAMS 0x00000000c5300000| PB 0x00000000c5300000| Untracked |  0
|  26|0x00000000c5400000, 0x00000000c5500000, 0x00000000c5500000|100%| O|  |TAMS 0x00000000c5400000| PB 0x00000000c5400000| Untracked |  0
|  27|0x00000000c5500000, 0x00000000c5600000, 0x00000000c5600000|100%| O|  |TAMS 0x00000000c5500000| PB 0x00000000c5500000| Untracked |  0
|  28|0x00000000c5600000, 0x00000000c5700000, 0x00000000c5700000|100%| O|  |TAMS 0x00000000c5600000| PB 0x00000000c5600000| Untracked |  0
|  29|0x00000000c5700000, 0x00000000c5800000, 0x00000000c5800000|100%| O|  |TAMS 0x00000000c5700000| PB 0x00000000c5700000| Untracked |  0
|  30|0x00000000c5800000, 0x00000000c5900000, 0x00000000c5900000|100%| O|  |TAMS 0x00000000c5800000| PB 0x00000000c5800000| Untracked |  0
|  31|0x00000000c5900000, 0x00000000c5a00000, 0x00000000c5a00000|100%| O|  |TAMS 0x00000000c5900000| PB 0x00000000c5900000| Untracked |  0
|  32|0x00000000c5a00000, 0x00000000c5b00000, 0x00000000c5b00000|100%| O|Cm|TAMS 0x00000000c5a00000| PB 0x00000000c5a00000| Complete |  0
|  33|0x00000000c5b00000, 0x00000000c5c00000, 0x00000000c5c00000|100%| O|  |TAMS 0x00000000c5b00000| PB 0x00000000c5b00000| Untracked |  0
|  34|0x00000000c5c00000, 0x00000000c5c00000, 0x00000000c5d00000|  0%| F|  |TAMS 0x00000000c5c00000| PB 0x00000000c5c00000| Untracked |  0
|  35|0x00000000c5d00000, 0x00000000c5d00000, 0x00000000c5e00000|  0%| F|  |TAMS 0x00000000c5d00000| PB 0x00000000c5d00000| Untracked |  0
|  36|0x00000000c5e00000, 0x00000000c5e00000, 0x00000000c5f00000|  0%| F|  |TAMS 0x00000000c5e00000| PB 0x00000000c5e00000| Untracked |  0
|  37|0x00000000c5f00000, 0x00000000c5fdeec0, 0x00000000c6000000| 87%| O|  |TAMS 0x00000000c5f00000| PB 0x00000000c5f00000| Untracked |  0
|  38|0x00000000c6000000, 0x00000000c6000000, 0x00000000c6100000|  0%| F|  |TAMS 0x00000000c6000000| PB 0x00000000c6000000| Untracked |  0
|  39|0x00000000c6100000, 0x00000000c6100000, 0x00000000c6200000|  0%| F|  |TAMS 0x00000000c6100000| PB 0x00000000c6100000| Untracked |  0
|  40|0x00000000c6200000, 0x00000000c6288ba0, 0x00000000c6300000| 53%| S|CS|TAMS 0x00000000c6200000| PB 0x00000000c6200000| Complete |  0
|  41|0x00000000c6300000, 0x00000000c6400000, 0x00000000c6400000|100%| S|CS|TAMS 0x00000000c6300000| PB 0x00000000c6300000| Complete |  0
|  42|0x00000000c6400000, 0x00000000c6400000, 0x00000000c6500000|  0%| F|  |TAMS 0x00000000c6400000| PB 0x00000000c6400000| Untracked |  0
|  43|0x00000000c6500000, 0x00000000c6500000, 0x00000000c6600000|  0%| F|  |TAMS 0x00000000c6500000| PB 0x00000000c6500000| Untracked |  0
|  44|0x00000000c6600000, 0x00000000c6600000, 0x00000000c6700000|  0%| F|  |TAMS 0x00000000c6600000| PB 0x00000000c6600000| Untracked |  0
|  45|0x00000000c6700000, 0x00000000c6700000, 0x00000000c6800000|  0%| F|  |TAMS 0x00000000c6700000| PB 0x00000000c6700000| Untracked |  0
|  46|0x00000000c6800000, 0x00000000c6800000, 0x00000000c6900000|  0%| F|  |TAMS 0x00000000c6800000| PB 0x00000000c6800000| Untracked |  0
|  47|0x00000000c6900000, 0x00000000c6900000, 0x00000000c6a00000|  0%| F|  |TAMS 0x00000000c6900000| PB 0x00000000c6900000| Untracked |  0
|  48|0x00000000c6a00000, 0x00000000c6ade158, 0x00000000c6b00000| 86%| E|  |TAMS 0x00000000c6a00000| PB 0x00000000c6a00000| Complete |  0
|  49|0x00000000c6b00000, 0x00000000c6c00000, 0x00000000c6c00000|100%| E|CS|TAMS 0x00000000c6b00000| PB 0x00000000c6b00000| Complete |  0
|  50|0x00000000c6c00000, 0x00000000c6d00000, 0x00000000c6d00000|100%| E|CS|TAMS 0x00000000c6c00000| PB 0x00000000c6c00000| Complete |  0
|  51|0x00000000c6d00000, 0x00000000c6e00000, 0x00000000c6e00000|100%| E|CS|TAMS 0x00000000c6d00000| PB 0x00000000c6d00000| Complete |  0
|  52|0x00000000c6e00000, 0x00000000c6f00000, 0x00000000c6f00000|100%| E|CS|TAMS 0x00000000c6e00000| PB 0x00000000c6e00000| Complete |  0
|  53|0x00000000c6f00000, 0x00000000c7000000, 0x00000000c7000000|100%| E|CS|TAMS 0x00000000c6f00000| PB 0x00000000c6f00000| Complete |  0
|  54|0x00000000c7000000, 0x00000000c7100000, 0x00000000c7100000|100%| E|CS|TAMS 0x00000000c7000000| PB 0x00000000c7000000| Complete |  0
|  55|0x00000000c7100000, 0x00000000c7200000, 0x00000000c7200000|100%| E|CS|TAMS 0x00000000c7100000| PB 0x00000000c7100000| Complete |  0
|  56|0x00000000c7200000, 0x00000000c7300000, 0x00000000c7300000|100%| E|CS|TAMS 0x00000000c7200000| PB 0x00000000c7200000| Complete |  0
|  57|0x00000000c7300000, 0x00000000c7400000, 0x00000000c7400000|100%| E|CS|TAMS 0x00000000c7300000| PB 0x00000000c7300000| Complete |  0
|  58|0x00000000c7400000, 0x00000000c7500000, 0x00000000c7500000|100%| E|CS|TAMS 0x00000000c7400000| PB 0x00000000c7400000| Complete |  0
|  59|0x00000000c7500000, 0x00000000c7600000, 0x00000000c7600000|100%| E|CS|TAMS 0x00000000c7500000| PB 0x00000000c7500000| Complete |  0
|  60|0x00000000c7600000, 0x00000000c7700000, 0x00000000c7700000|100%| E|CS|TAMS 0x00000000c7600000| PB 0x00000000c7600000| Complete |  0
|  61|0x00000000c7700000, 0x00000000c7800000, 0x00000000c7800000|100%| E|CS|TAMS 0x00000000c7700000| PB 0x00000000c7700000| Complete |  0
|  62|0x00000000c7800000, 0x00000000c7900000, 0x00000000c7900000|100%| E|CS|TAMS 0x00000000c7800000| PB 0x00000000c7800000| Complete |  0
|  63|0x00000000c7900000, 0x00000000c7a00000, 0x00000000c7a00000|100%| E|CS|TAMS 0x00000000c7900000| PB 0x00000000c7900000| Complete |  0
|  64|0x00000000c7a00000, 0x00000000c7b00000, 0x00000000c7b00000|100%| E|CS|TAMS 0x00000000c7a00000| PB 0x00000000c7a00000| Complete |  0
|  65|0x00000000c7b00000, 0x00000000c7c00000, 0x00000000c7c00000|100%| E|CS|TAMS 0x00000000c7b00000| PB 0x00000000c7b00000| Complete |  0

Card table byte_map: [0x00000226522f0000,0x00000226524e0000] _byte_map_base: 0x0000022651cd3000

Marking Bits: (CMBitMap*) 0x0000022638fe2ef0
 Bits: [0x00000226524e0000, 0x00000226533f8000)

Polling page: 0x0000022639050000

Metaspace:

Usage:
  Non-class:     70.99 MB used.
      Class:     11.51 MB used.
       Both:     82.50 MB used.

Virtual space:
  Non-class space:      128.00 MB reserved,      71.44 MB ( 56%) committed,  2 nodes.
      Class space:        1.00 GB reserved,      11.81 MB (  1%) committed,  1 nodes.
             Both:        1.12 GB reserved,      83.25 MB (  7%) committed. 

Chunk freelists:
   Non-Class:  7.78 MB
       Class:  4.09 MB
        Both:  11.88 MB

MaxMetaspaceSize: unlimited
CompressedClassSpaceSize: 1.00 GB
Initial GC threshold: 21.00 MB
Current GC threshold: 134.19 MB
CDS: on
 - commit_granule_bytes: 65536.
 - commit_granule_words: 8192.
 - virtual_space_node_default_size: 8388608.
 - enlarge_chunks_in_place: 1.
 - use_allocation_guard: 0.


Internal statistics:

num_allocs_failed_limit: 6.
num_arena_births: 1002.
num_arena_deaths: 0.
num_vsnodes_births: 3.
num_vsnodes_deaths: 0.
num_space_committed: 1332.
num_space_uncommitted: 0.
num_chunks_returned_to_freelist: 6.
num_chunks_taken_from_freelist: 3786.
num_chunk_merges: 3.
num_chunk_splits: 2807.
num_chunks_enlarged: 2251.
num_inconsistent_stats: 0.

CodeHeap 'non-profiled nmethods': size=120000Kb used=3790Kb max_used=3790Kb free=116209Kb
 bounds [0x000002264a5b0000, 0x000002264a970000, 0x0000022651ae0000]
CodeHeap 'profiled nmethods': size=120000Kb used=12509Kb max_used=12509Kb free=107491Kb
 bounds [0x0000022642ae0000, 0x0000022643720000, 0x000002264a010000]
CodeHeap 'non-nmethods': size=5760Kb used=2038Kb max_used=2071Kb free=3722Kb
 bounds [0x000002264a010000, 0x000002264a280000, 0x000002264a5b0000]
 total_blobs=7531 nmethods=6725 adapters=710
 compilation: enabled
              stopped_count=0, restarted_count=0
 full_count=0

Compilation events (20 events):
Event: 98.970 Thread 0x0000022655a28890 nmethod 7853 0x000002264a960a10 code [0x000002264a960ba0, 0x000002264a960c88]
Event: 98.970 Thread 0x0000022655a2d340 7854       1       java.security.DrbgParameters$Instantiation::getCapability (5 bytes)
Event: 98.971 Thread 0x0000022655a2d340 nmethod 7854 0x000002264a960d90 code [0x000002264a960f20, 0x000002264a960fe8]
Event: 98.980 Thread 0x0000022655a2d340 7855       3       org.springframework.security.crypto.bcrypt.BCrypt::streamtowords (111 bytes)
Event: 98.980 Thread 0x0000022655a2d340 nmethod 7855 0x0000022643715a10 code [0x0000022643715bc0, 0x0000022643715f58]
Event: 98.980 Thread 0x0000022655a2d340 7857       3       org.springframework.security.crypto.bcrypt.BCrypt::encipher (253 bytes)
Event: 98.981 Thread 0x0000022655a2d340 nmethod 7857 0x0000022643716190 code [0x0000022643716360, 0x00000226437167f0]
Event: 98.981 Thread 0x0000022655a2d340 7856       3       org.springframework.security.crypto.bcrypt.BCrypt::streamtoword (17 bytes)
Event: 98.981 Thread 0x0000022655a2d340 nmethod 7856 0x0000022643716a90 code [0x0000022643716c40, 0x0000022643716e28]
Event: 98.983 Thread 0x0000022655a28890 7858       4       org.springframework.security.crypto.bcrypt.BCrypt::encipher (253 bytes)
Event: 98.993 Thread 0x0000022655a2d340 7859       3       org.springframework.security.crypto.bcrypt.BCrypt::key (196 bytes)
Event: 98.994 Thread 0x0000022655a2d340 nmethod 7859 0x0000022643716f90 code [0x00000226437171a0, 0x0000022643717910]
Event: 98.997 Thread 0x0000022655a28890 nmethod 7858 0x000002264a961090 code [0x000002264a961240, 0x000002264a961bc8]
Event: 98.997 Thread 0x0000022655a28890 7860       4       org.springframework.security.crypto.bcrypt.BCrypt::streamtowords (111 bytes)
Event: 99.001 Thread 0x0000022655a28890 nmethod 7860 0x000002264a961e90 code [0x000002264a962020, 0x000002264a962370]
Event: 99.001 Thread 0x0000022655a28890 7861 %     4       org.springframework.security.crypto.bcrypt.BCrypt::key @ 151 (196 bytes)
Event: 99.018 Thread 0x0000022655a28890 nmethod 7861% 0x000002264a962590 code [0x000002264a962740, 0x000002264a963270]
Event: 99.018 Thread 0x0000022655a28890 7862       4       org.springframework.security.crypto.bcrypt.BCrypt::streamtoword (17 bytes)
Event: 99.021 Thread 0x0000022655a28890 nmethod 7862 0x000002264a963510 code [0x000002264a9636a0, 0x000002264a9638d0]
Event: 99.021 Thread 0x0000022655a28890 7863       4       org.springframework.security.crypto.bcrypt.BCrypt::key (196 bytes)

GC Heap History (20 events):
Event: 6.996 GC heap before
{Heap before GC invocations=13 (full 0):
 garbage-first heap   total reserved 989184K, committed 45056K, used 36788K [0x00000000c3a00000, 0x0000000100000000)
  region size 1024K, 18 young (18432K), 3 survivors (3072K)
 Metaspace       used 51391K, committed 51968K, reserved 1114112K
  class space    used 6821K, committed 7104K, reserved 1048576K
}
Event: 7.001 GC heap after
{Heap after GC invocations=14 (full 0):
 garbage-first heap   total reserved 989184K, committed 54272K, used 24310K [0x00000000c3a00000, 0x0000000100000000)
  region size 1024K, 3 young (3072K), 3 survivors (3072K)
 Metaspace       used 51391K, committed 51968K, reserved 1114112K
  class space    used 6821K, committed 7104K, reserved 1048576K
}
Event: 7.843 GC heap before
{Heap before GC invocations=15 (full 0):
 garbage-first heap   total reserved 989184K, committed 54272K, used 45814K [0x00000000c3a00000, 0x0000000100000000)
  region size 1024K, 25 young (25600K), 3 survivors (3072K)
 Metaspace       used 56128K, committed 56768K, reserved 1114112K
  class space    used 7451K, committed 7744K, reserved 1048576K
}
Event: 7.849 GC heap after
{Heap after GC invocations=16 (full 0):
 garbage-first heap   total reserved 989184K, committed 54272K, used 26229K [0x00000000c3a00000, 0x0000000100000000)
  region size 1024K, 4 young (4096K), 4 survivors (4096K)
 Metaspace       used 56128K, committed 56768K, reserved 1114112K
  class space    used 7451K, committed 7744K, reserved 1048576K
}
Event: 8.426 GC heap before
{Heap before GC invocations=16 (full 0):
 garbage-first heap   total reserved 989184K, committed 54272K, used 44661K [0x00000000c3a00000, 0x0000000100000000)
  region size 1024K, 22 young (22528K), 4 survivors (4096K)
 Metaspace       used 62248K, committed 62848K, reserved 1114112K
  class space    used 8464K, committed 8768K, reserved 1048576K
}
Event: 8.432 GC heap after
{Heap after GC invocations=17 (full 0):
 garbage-first heap   total reserved 989184K, committed 54272K, used 26432K [0x00000000c3a00000, 0x0000000100000000)
  region size 1024K, 1 young (1024K), 1 survivors (1024K)
 Metaspace       used 62248K, committed 62848K, reserved 1114112K
  class space    used 8464K, committed 8768K, reserved 1048576K
}
Event: 9.127 GC heap before
{Heap before GC invocations=17 (full 0):
 garbage-first heap   total reserved 989184K, committed 54272K, used 46912K [0x00000000c3a00000, 0x0000000100000000)
  region size 1024K, 22 young (22528K), 1 survivors (1024K)
 Metaspace       used 67446K, committed 68096K, reserved 1114112K
  class space    used 9143K, committed 9408K, reserved 1048576K
}
Event: 9.131 GC heap after
{Heap after GC invocations=18 (full 0):
 garbage-first heap   total reserved 989184K, committed 54272K, used 28292K [0x00000000c3a00000, 0x0000000100000000)
  region size 1024K, 3 young (3072K), 3 survivors (3072K)
 Metaspace       used 67446K, committed 68096K, reserved 1114112K
  class space    used 9143K, committed 9408K, reserved 1048576K
}
Event: 9.796 GC heap before
{Heap before GC invocations=19 (full 0):
 garbage-first heap   total reserved 989184K, committed 54272K, used 46724K [0x00000000c3a00000, 0x0000000100000000)
  region size 1024K, 21 young (21504K), 3 survivors (3072K)
 Metaspace       used 70706K, committed 71360K, reserved 1114112K
  class space    used 9803K, committed 10048K, reserved 1048576K
}
Event: 9.801 GC heap after
{Heap after GC invocations=20 (full 0):
 garbage-first heap   total reserved 989184K, committed 54272K, used 30157K [0x00000000c3a00000, 0x0000000100000000)
  region size 1024K, 2 young (2048K), 2 survivors (2048K)
 Metaspace       used 70706K, committed 71360K, reserved 1114112K
  class space    used 9803K, committed 10048K, reserved 1048576K
}
Event: 10.116 GC heap before
{Heap before GC invocations=20 (full 0):
 garbage-first heap   total reserved 989184K, committed 54272K, used 47565K [0x00000000c3a00000, 0x0000000100000000)
  region size 1024K, 19 young (19456K), 2 survivors (2048K)
 Metaspace       used 73311K, committed 73984K, reserved 1114112K
  class space    used 10258K, committed 10560K, reserved 1048576K
}
Event: 10.121 GC heap after
{Heap after GC invocations=21 (full 0):
 garbage-first heap   total reserved 989184K, committed 54272K, used 31308K [0x00000000c3a00000, 0x0000000100000000)
  region size 1024K, 2 young (2048K), 2 survivors (2048K)
 Metaspace       used 73311K, committed 73984K, reserved 1114112K
  class space    used 10258K, committed 10560K, reserved 1048576K
}
Event: 10.448 GC heap before
{Heap before GC invocations=21 (full 0):
 garbage-first heap   total reserved 989184K, committed 54272K, used 46668K [0x00000000c3a00000, 0x0000000100000000)
  region size 1024K, 17 young (17408K), 2 survivors (2048K)
 Metaspace       used 74748K, committed 75456K, reserved 1114112K
  class space    used 10474K, committed 10752K, reserved 1048576K
}
Event: 10.451 GC heap after
{Heap after GC invocations=22 (full 0):
 garbage-first heap   total reserved 989184K, committed 54272K, used 32229K [0x00000000c3a00000, 0x0000000100000000)
  region size 1024K, 3 young (3072K), 3 survivors (3072K)
 Metaspace       used 74748K, committed 75456K, reserved 1114112K
  class space    used 10474K, committed 10752K, reserved 1048576K
}
Event: 10.753 GC heap before
{Heap before GC invocations=23 (full 0):
 garbage-first heap   total reserved 989184K, committed 56320K, used 45541K [0x00000000c3a00000, 0x0000000100000000)
  region size 1024K, 16 young (16384K), 3 survivors (3072K)
 Metaspace       used 76369K, committed 77056K, reserved 1179648K
  class space    used 10719K, committed 11008K, reserved 1048576K
}
Event: 10.757 GC heap after
{Heap after GC invocations=24 (full 0):
 garbage-first heap   total reserved 989184K, committed 56320K, used 33589K [0x00000000c3a00000, 0x0000000100000000)
  region size 1024K, 2 young (2048K), 2 survivors (2048K)
 Metaspace       used 76369K, committed 77056K, reserved 1179648K
  class space    used 10719K, committed 11008K, reserved 1048576K
}
Event: 11.126 GC heap before
{Heap before GC invocations=24 (full 0):
 garbage-first heap   total reserved 989184K, committed 56320K, used 49973K [0x00000000c3a00000, 0x0000000100000000)
  region size 1024K, 18 young (18432K), 2 survivors (2048K)
 Metaspace       used 78213K, committed 78976K, reserved 1179648K
  class space    used 11001K, committed 11328K, reserved 1048576K
}
Event: 11.133 GC heap after
{Heap after GC invocations=25 (full 0):
 garbage-first heap   total reserved 989184K, committed 56320K, used 35607K [0x00000000c3a00000, 0x0000000100000000)
  region size 1024K, 3 young (3072K), 3 survivors (3072K)
 Metaspace       used 78213K, committed 78976K, reserved 1179648K
  class space    used 11001K, committed 11328K, reserved 1048576K
}
Event: 39.954 GC heap before
{Heap before GC invocations=25 (full 0):
 garbage-first heap   total reserved 989184K, committed 56320K, used 47895K [0x00000000c3a00000, 0x0000000100000000)
  region size 1024K, 16 young (16384K), 3 survivors (3072K)
 Metaspace       used 81323K, committed 82048K, reserved 1179648K
  class space    used 11428K, committed 11712K, reserved 1048576K
}
Event: 39.972 GC heap after
{Heap after GC invocations=26 (full 0):
 garbage-first heap   total reserved 989184K, committed 67584K, used 37278K [0x00000000c3a00000, 0x0000000100000000)
  region size 1024K, 2 young (2048K), 2 survivors (2048K)
 Metaspace       used 81323K, committed 82048K, reserved 1179648K
  class space    used 11428K, committed 11712K, reserved 1048576K
}

Dll operation events (12 events):
Event: 0.009 Loaded shared library C:\Program Files\Java\jdk-22\bin\java.dll
Event: 0.069 Loaded shared library C:\Program Files\Java\jdk-22\bin\jsvml.dll
Event: 0.374 Loaded shared library C:\Program Files\Java\jdk-22\bin\jimage.dll
Event: 0.385 Loaded shared library C:\Program Files\Java\jdk-22\bin\net.dll
Event: 0.386 Loaded shared library C:\Program Files\Java\jdk-22\bin\nio.dll
Event: 0.388 Loaded shared library C:\Program Files\Java\jdk-22\bin\zip.dll
Event: 0.484 Loaded shared library C:\Program Files\Java\jdk-22\bin\management.dll
Event: 0.493 Loaded shared library C:\Program Files\Java\jdk-22\bin\management_ext.dll
Event: 0.759 Loaded shared library C:\Program Files\Java\jdk-22\bin\extnet.dll
Event: 1.672 Loaded shared library C:\Program Files\Java\jdk-22\bin\le.dll
Event: 2.620 Loaded shared library C:\Program Files\Java\jdk-22\bin\sunmscapi.dll
Event: 5.629 Loaded shared library C:\Program Files\Java\jdk-22\bin\verify.dll

Deoptimization events (20 events):
Event: 99.027 Thread 0x000002269b298e20 DEOPT PACKING pc=0x0000022643717866 sp=0x0000009c85cfcc40
Event: 99.027 Thread 0x000002269b298e20 DEOPT UNPACKING pc=0x000002264a0688e2 sp=0x0000009c85cfc120 mode 0
Event: 99.027 Thread 0x000002269b298e20 DEOPT PACKING pc=0x0000022643717866 sp=0x0000009c85cfcc40
Event: 99.028 Thread 0x000002269b298e20 DEOPT UNPACKING pc=0x000002264a0688e2 sp=0x0000009c85cfc120 mode 0
Event: 99.029 Thread 0x000002269b298e20 DEOPT PACKING pc=0x0000022643717866 sp=0x0000009c85cfcc40
Event: 99.029 Thread 0x000002269b298e20 DEOPT UNPACKING pc=0x000002264a0688e2 sp=0x0000009c85cfc120 mode 0
Event: 99.030 Thread 0x000002269b298e20 DEOPT PACKING pc=0x0000022643717866 sp=0x0000009c85cfcc40
Event: 99.030 Thread 0x000002269b298e20 DEOPT UNPACKING pc=0x000002264a0688e2 sp=0x0000009c85cfc120 mode 0
Event: 99.030 Thread 0x000002269b298e20 DEOPT PACKING pc=0x0000022643717866 sp=0x0000009c85cfcc40
Event: 99.030 Thread 0x000002269b298e20 DEOPT UNPACKING pc=0x000002264a0688e2 sp=0x0000009c85cfc120 mode 0
Event: 99.031 Thread 0x000002269b298e20 DEOPT PACKING pc=0x0000022643717866 sp=0x0000009c85cfcc40
Event: 99.031 Thread 0x000002269b298e20 DEOPT UNPACKING pc=0x000002264a0688e2 sp=0x0000009c85cfc120 mode 0
Event: 99.032 Thread 0x000002269b298e20 DEOPT PACKING pc=0x0000022643717866 sp=0x0000009c85cfcc40
Event: 99.032 Thread 0x000002269b298e20 DEOPT UNPACKING pc=0x000002264a0688e2 sp=0x0000009c85cfc120 mode 0
Event: 99.033 Thread 0x000002269b298e20 DEOPT PACKING pc=0x0000022643717866 sp=0x0000009c85cfcc40
Event: 99.033 Thread 0x000002269b298e20 DEOPT UNPACKING pc=0x000002264a0688e2 sp=0x0000009c85cfc120 mode 0
Event: 99.034 Thread 0x000002269b298e20 DEOPT PACKING pc=0x0000022643717866 sp=0x0000009c85cfcc40
Event: 99.034 Thread 0x000002269b298e20 DEOPT UNPACKING pc=0x000002264a0688e2 sp=0x0000009c85cfc120 mode 0
Event: 99.034 Thread 0x000002269b298e20 DEOPT PACKING pc=0x0000022643717866 sp=0x0000009c85cfcc40
Event: 99.034 Thread 0x000002269b298e20 DEOPT UNPACKING pc=0x000002264a0688e2 sp=0x0000009c85cfc120 mode 0

Classes loaded (20 events):
Event: 42.430 Loading class java/util/stream/ReferencePipeline$4
Event: 42.430 Loading class java/util/stream/ReferencePipeline$4 done
Event: 42.430 Loading class java/util/function/IntBinaryOperator
Event: 42.431 Loading class java/util/function/IntBinaryOperator done
Event: 42.432 Loading class java/util/stream/ReduceOps$7
Event: 42.432 Loading class java/util/stream/ReduceOps$7 done
Event: 42.433 Loading class java/util/stream/ReduceOps$6ReducingSink
Event: 42.433 Loading class java/util/stream/ReduceOps$6ReducingSink done
Event: 42.433 Loading class java/util/stream/ReferencePipeline$4$1
Event: 42.433 Loading class java/util/stream/ReferencePipeline$4$1 done
Event: 42.485 Loading class java/lang/Throwable$WrappedPrintWriter
Event: 42.486 Loading class java/lang/Throwable$PrintStreamOrWriter
Event: 42.487 Loading class java/lang/Throwable$PrintStreamOrWriter done
Event: 42.488 Loading class java/lang/Throwable$WrappedPrintWriter done
Event: 42.777 Loading class java/util/stream/LongStream
Event: 42.781 Loading class java/util/stream/LongStream done
Event: 42.781 Loading class java/util/stream/DoubleStream
Event: 42.782 Loading class java/util/stream/DoubleStream done
Event: 61.123 Loading class java/lang/StringEditor
Event: 61.123 Loading class java/lang/StringEditor done

Classes unloaded (0 events):
No events

Classes redefined (0 events):
No events

Internal exceptions (20 events):
Event: 8.940 Thread 0x000002269bd17c20 Exception <a 'java/lang/IncompatibleClassChangeError'{0x00000000c5ffcb20}: Found class java.lang.Object, but interface was expected> (0x00000000c5ffcb20) 
thrown [s\open\src\hotspot\share\interpreter\linkResolver.cpp, line 841]
Event: 8.945 Thread 0x000002269bd17c20 Implicit null exception at 0x000002264a84206b to 0x000002264a843dbc
Event: 8.957 Thread 0x000002269bd17c20 Exception <a 'java/lang/IncompatibleClassChangeError'{0x00000000c5e6e480}: Found class java.lang.Object, but interface was expected> (0x00000000c5e6e480) 
thrown [s\open\src\hotspot\share\interpreter\linkResolver.cpp, line 841]
Event: 9.004 Thread 0x000002269bd17c20 Exception <a 'java/lang/IncompatibleClassChangeError'{0x00000000c5dc8cf0}: Found class java.lang.Object, but interface was expected> (0x00000000c5dc8cf0) 
thrown [s\open\src\hotspot\share\interpreter\linkResolver.cpp, line 841]
Event: 9.395 Thread 0x000002269bd17c20 Exception <a 'java/lang/IncompatibleClassChangeError'{0x00000000c6b5a8f8}: Found class java.lang.Object, but interface was expected> (0x00000000c6b5a8f8) 
thrown [s\open\src\hotspot\share\interpreter\linkResolver.cpp, line 841]
Event: 10.237 Thread 0x000002269bd17c20 Exception <a 'java/lang/IncompatibleClassChangeError'{0x00000000c6727958}: Found class java.lang.Object, but interface was expected> (0x00000000c6727958) 
thrown [s\open\src\hotspot\share\interpreter\linkResolver.cpp, line 841]
Event: 10.336 Thread 0x000002269bd17c20 Exception <a 'java/lang/NoSuchMethodError'{0x00000000c64b7638}: 'java.lang.Object java.lang.invoke.DirectMethodHandle$Holder.newInvokeSpecial(java.lang.Object, java.lang.Object, java.lang.Object, java.lang.Object, java.lang.Object, java.lang.Object, java.lang.Object, java.lang.Object)'> (0x00000000c64b7638) 
thrown [s\open\src\hotspot\share\interpreter\linkResolver.cpp, line 774]
Event: 10.698 Thread 0x000002269bd17c20 Exception <a 'java/lang/IncompatibleClassChangeError'{0x00000000c66f85e8}: Found class java.lang.Object, but interface was expected> (0x00000000c66f85e8) 
thrown [s\open\src\hotspot\share\interpreter\linkResolver.cpp, line 841]
Event: 10.787 Thread 0x000002269bd17c20 Exception <a 'java/lang/NoSuchMethodError'{0x00000000c6f3f120}: 'java.lang.Object java.lang.invoke.DirectMethodHandle$Holder.invokeInterface(java.lang.Object, java.lang.Object, java.lang.Object, java.lang.Object)'> (0x00000000c6f3f120) 
thrown [s\open\src\hotspot\share\interpreter\linkResolver.cpp, line 774]
Event: 10.840 Thread 0x000002269bd17c20 Exception <a 'java/lang/NoSuchMethodError'{0x00000000c6d29b30}: 'void java.lang.invoke.DirectMethodHandle$Holder.invokeVirtual(java.lang.Object, java.lang.Object, long)'> (0x00000000c6d29b30) 
thrown [s\open\src\hotspot\share\interpreter\linkResolver.cpp, line 774]
Event: 10.904 Thread 0x000002269bd17c20 Exception <a 'java/lang/NoSuchMethodError'{0x00000000c6a60fe0}: 'int java.lang.invoke.DirectMethodHandle$Holder.invokeStaticInit(java.lang.Object, java.lang.Object, java.lang.Object, java.lang.Object)'> (0x00000000c6a60fe0) 
thrown [s\open\src\hotspot\share\interpreter\linkResolver.cpp, line 774]
Event: 10.984 Thread 0x000002269bd17c20 Exception <a 'java/lang/IncompatibleClassChangeError'{0x00000000c67dcff0}: Found class java.lang.Object, but interface was expected> (0x00000000c67dcff0) 
thrown [s\open\src\hotspot\share\interpreter\linkResolver.cpp, line 841]
Event: 10.994 Thread 0x000002269bd17c20 Implicit null exception at 0x000002264a709268 to 0x000002264a70948c
Event: 11.162 Thread 0x000002269bd17c20 Exception <a 'java/lang/NoSuchMethodError'{0x00000000c7783a00}: 'java.lang.Object java.lang.invoke.DirectMethodHandle$Holder.newInvokeSpecial(java.lang.Object, java.lang.Object, int, java.lang.Object, java.lang.Object)'> (0x00000000c7783a00) 
thrown [s\open\src\hotspot\share\interpreter\linkResolver.cpp, line 774]
Event: 11.206 Thread 0x000002269bd17c20 Implicit null exception at 0x000002264a6c4565 to 0x000002264a6c47ac
Event: 38.473 Thread 0x000002269b29b580 Exception <a 'java/lang/NoSuchMethodError'{0x00000000c6b42588}: 'java.lang.Object java.lang.invoke.DirectMethodHandle$Holder.invokeSpecial(java.lang.Object, java.lang.Object, java.lang.Object, java.lang.Object, java.lang.Object, long)'> (0x00000000c6b42588) 
thrown [s\open\src\hotspot\share\interpreter\linkResolver.cpp, line 774]
Event: 38.475 Thread 0x000002269b29b580 Exception <a 'java/lang/NoSuchMethodError'{0x00000000c6b45f68}: 'java.lang.Object java.lang.invoke.Invokers$Holder.linkToTargetMethod(java.lang.Object, java.lang.Object, java.lang.Object, long, java.lang.Object)'> (0x00000000c6b45f68) 
thrown [s\open\src\hotspot\share\interpreter\linkResolver.cpp, line 774]
Event: 41.602 Thread 0x000002269b299b40 Exception <a 'java/lang/NoSuchMethodError'{0x00000000c74e7448}: 'java.lang.Object java.lang.invoke.DirectMethodHandle$Holder.invokeStatic(java.lang.Object, int, int)'> (0x00000000c74e7448) 
thrown [s\open\src\hotspot\share\interpreter\linkResolver.cpp, line 774]
Event: 42.607 Thread 0x000002269b298e20 Implicit null exception at 0x000002264a87ce61 to 0x000002264a87d0b4
Event: 42.749 Thread 0x000002269b298e20 Implicit null exception at 0x000002264a8a9ca4 to 0x000002264a8aa21c

ZGC Phase Switch (0 events):
No events

VM Operations (20 events):
Event: 54.864 Executing VM operation: Cleanup
Event: 54.864 Executing VM operation: Cleanup done
Event: 59.910 Executing VM operation: Cleanup
Event: 59.910 Executing VM operation: Cleanup done
Event: 60.174 Executing VM operation: HandshakeAllThreads (HandshakeForDeflation)
Event: 60.174 Executing VM operation: HandshakeAllThreads (HandshakeForDeflation) done
Event: 60.174 Executing VM operation: RendezvousGCThreads
Event: 60.174 Executing VM operation: RendezvousGCThreads done
Event: 60.950 Executing VM operation: HandshakeAllThreads (Deoptimize)
Event: 60.950 Executing VM operation: HandshakeAllThreads (Deoptimize) done
Event: 61.965 Executing VM operation: Cleanup
Event: 61.965 Executing VM operation: Cleanup done
Event: 77.079 Executing VM operation: Cleanup
Event: 77.079 Executing VM operation: Cleanup done
Event: 90.164 Executing VM operation: Cleanup
Event: 90.164 Executing VM operation: Cleanup done
Event: 91.178 Executing VM operation: Cleanup
Event: 91.178 Executing VM operation: Cleanup done
Event: 95.207 Executing VM operation: Cleanup
Event: 95.207 Executing VM operation: Cleanup done

Memory protections (0 events):
No events

Nmethod flushes (20 events):
Event: 40.121 Thread 0x00000226559f9550 flushing  nmethod 0x0000022643343990
Event: 40.121 Thread 0x00000226559f9550 flushing  nmethod 0x000002264335d690
Event: 40.121 Thread 0x00000226559f9550 flushing  nmethod 0x000002264335da90
Event: 40.121 Thread 0x00000226559f9550 flushing  nmethod 0x00000226433da190
Event: 40.121 Thread 0x00000226559f9550 flushing  nmethod 0x00000226433fab90
Event: 40.121 Thread 0x00000226559f9550 flushing  nmethod 0x00000226433fe810
Event: 40.121 Thread 0x00000226559f9550 flushing  nmethod 0x00000226433ff310
Event: 40.121 Thread 0x00000226559f9550 flushing  nmethod 0x0000022643405210
Event: 40.121 Thread 0x00000226559f9550 flushing  nmethod 0x000002264340a010
Event: 40.121 Thread 0x00000226559f9550 flushing  nmethod 0x000002264a633490
Event: 40.121 Thread 0x00000226559f9550 flushing  nmethod 0x000002264a663e10
Event: 40.121 Thread 0x00000226559f9550 flushing  nmethod 0x000002264a679390
Event: 40.121 Thread 0x00000226559f9550 flushing  nmethod 0x000002264a67d490
Event: 40.121 Thread 0x00000226559f9550 flushing  nmethod 0x000002264a6dfb10
Event: 40.121 Thread 0x00000226559f9550 flushing  nmethod 0x0000022642e26410
Event: 40.121 Thread 0x00000226559f9550 flushing  nmethod 0x0000022642f20010
Event: 40.121 Thread 0x00000226559f9550 flushing  nmethod 0x0000022642f5f990
Event: 40.121 Thread 0x00000226559f9550 flushing  nmethod 0x0000022642faae10
Event: 40.121 Thread 0x00000226559f9550 flushing  nmethod 0x000002264356d890
Event: 40.121 Thread 0x00000226559f9550 flushing  nmethod 0x000002264357ff90

Events (20 events):
Event: 11.115 Thread 0x000002269bd17c20 Thread added: 0x000002269b29c2a0
Event: 11.117 Thread 0x000002269bd17c20 Thread added: 0x000002269b296d50
Event: 11.117 Thread 0x000002269b29c2a0 Thread exited: 0x000002269b29c2a0
Event: 11.175 Thread 0x000002269bd17c20 Thread added: 0x000002269b29b580
Event: 11.175 Thread 0x000002269bd17c20 Thread added: 0x000002269b299b40
Event: 11.176 Thread 0x000002269bd17c20 Thread added: 0x000002269b29c930
Event: 11.176 Thread 0x000002269bd17c20 Thread added: 0x000002269b298100
Event: 11.176 Thread 0x000002269bd17c20 Thread added: 0x000002269b29cfc0
Event: 11.176 Thread 0x000002269bd17c20 Thread added: 0x000002269b298790
Event: 11.177 Thread 0x000002269bd17c20 Thread added: 0x000002269b298e20
Event: 11.177 Thread 0x000002269bd17c20 Thread added: 0x000002269b29a1d0
Event: 11.177 Thread 0x000002269bd17c20 Thread added: 0x000002269b29bc10
Event: 11.177 Thread 0x000002269bd17c20 Thread added: 0x000002269b29c2a0
Event: 11.197 Thread 0x000002269bd17c20 Thread added: 0x000002269b296030
Event: 11.199 Thread 0x000002269bd17c20 Thread added: 0x000002269b2973e0
Event: 11.233 Thread 0x000002269bd17c20 Thread exited: 0x000002269bd17c20
Event: 11.236 Thread 0x000002269b61cbd0 Thread exited: 0x000002269b61cbd0
Event: 11.236 Thread 0x0000022638f9e5a0 Thread exited: 0x0000022638f9e5a0
Event: 11.236 Thread 0x000002269b29d650 Thread added: 0x000002269b29d650
Event: 12.526 Thread 0x000002269c5cf080 Thread exited: 0x000002269c5cf080


Dynamic libraries:
0x00007ff6da530000 - 0x00007ff6da540000 	C:\Program Files\Java\jdk-22\bin\java.exe
0x00007ffa4f9b0000 - 0x00007ffa4fbc7000 	C:\WINDOWS\SYSTEM32\ntdll.dll
0x00007ffa4e2c0000 - 0x00007ffa4e384000 	C:\WINDOWS\System32\KERNEL32.DLL
0x00007ffa4cd10000 - 0x00007ffa4d0ca000 	C:\WINDOWS\System32\KERNELBASE.dll
0x00007ffa4d580000 - 0x00007ffa4d691000 	C:\WINDOWS\System32\ucrtbase.dll
0x00007ffa194f0000 - 0x00007ffa1950b000 	C:\Program Files\Java\jdk-22\bin\VCRUNTIME140.dll
0x00007ffa0e0b0000 - 0x00007ffa0e0c7000 	C:\Program Files\Java\jdk-22\bin\jli.dll
0x00007ffa4d8b0000 - 0x00007ffa4da5e000 	C:\WINDOWS\System32\USER32.dll
0x00007ffa30450000 - 0x00007ffa306e2000 	C:\WINDOWS\WinSxS\amd64_microsoft.windows.common-controls_6595b64144ccf1df_6.0.22621.4541_none_2710d1c57384c085\COMCTL32.dll
0x00007ffa4d0d0000 - 0x00007ffa4d0f6000 	C:\WINDOWS\System32\win32u.dll
0x00007ffa4dce0000 - 0x00007ffa4dd87000 	C:\WINDOWS\System32\msvcrt.dll
0x00007ffa4d6e0000 - 0x00007ffa4d709000 	C:\WINDOWS\System32\GDI32.dll
0x00007ffa4d430000 - 0x00007ffa4d54b000 	C:\WINDOWS\System32\gdi32full.dll
0x00007ffa4cc70000 - 0x00007ffa4cd0a000 	C:\WINDOWS\System32\msvcp_win.dll
0x00007ffa4d6a0000 - 0x00007ffa4d6d1000 	C:\WINDOWS\System32\IMM32.DLL
0x00007ffa31ee0000 - 0x00007ffa31eec000 	C:\Program Files\Java\jdk-22\bin\vcruntime140_1.dll
0x00007ffa0e020000 - 0x00007ffa0e0ae000 	C:\Program Files\Java\jdk-22\bin\msvcp140.dll
0x00007ff9d5a10000 - 0x00007ff9d6759000 	C:\Program Files\Java\jdk-22\bin\server\jvm.dll
0x00007ffa4f8b0000 - 0x00007ffa4f962000 	C:\WINDOWS\System32\ADVAPI32.dll
0x00007ffa4e520000 - 0x00007ffa4e5c7000 	C:\WINDOWS\System32\sechost.dll
0x00007ffa4d550000 - 0x00007ffa4d578000 	C:\WINDOWS\System32\bcrypt.dll
0x00007ffa4d790000 - 0x00007ffa4d8a4000 	C:\WINDOWS\System32\RPCRT4.dll
0x00007ffa4f640000 - 0x00007ffa4f6b1000 	C:\WINDOWS\System32\WS2_32.dll
0x00007ffa4cb40000 - 0x00007ffa4cb8d000 	C:\WINDOWS\SYSTEM32\POWRPROF.dll
0x00007ffa48980000 - 0x00007ffa489b4000 	C:\WINDOWS\SYSTEM32\WINMM.dll
0x00007ffa45d00000 - 0x00007ffa45d0a000 	C:\WINDOWS\SYSTEM32\VERSION.dll
0x00007ffa4cb20000 - 0x00007ffa4cb33000 	C:\WINDOWS\SYSTEM32\UMPDC.dll
0x00007ffa4bcb0000 - 0x00007ffa4bcc8000 	C:\WINDOWS\SYSTEM32\kernel.appcore.dll
0x00007ffa194e0000 - 0x00007ffa194ea000 	C:\Program Files\Java\jdk-22\bin\jimage.dll
0x00007ffa4a4d0000 - 0x00007ffa4a702000 	C:\WINDOWS\SYSTEM32\DBGHELP.DLL
0x00007ffa4dd90000 - 0x00007ffa4e121000 	C:\WINDOWS\System32\combase.dll
0x00007ffa4f560000 - 0x00007ffa4f637000 	C:\WINDOWS\System32\OLEAUT32.dll
0x00007ffa27690000 - 0x00007ffa276c2000 	C:\WINDOWS\SYSTEM32\dbgcore.DLL
0x00007ffa4d1c0000 - 0x00007ffa4d23b000 	C:\WINDOWS\System32\bcryptPrimitives.dll
0x00007ffa0e000000 - 0x00007ffa0e01e000 	C:\Program Files\Java\jdk-22\bin\java.dll
0x00007ffa4ec60000 - 0x00007ffa4f4d9000 	C:\WINDOWS\System32\SHELL32.dll
0x00007ffa4e5e0000 - 0x00007ffa4e785000 	C:\WINDOWS\System32\ole32.dll
0x00007ffa4abb0000 - 0x00007ffa4b4b9000 	C:\WINDOWS\SYSTEM32\windows.storage.dll
0x00007ffa4aa70000 - 0x00007ffa4abaf000 	C:\WINDOWS\SYSTEM32\wintypes.dll
0x00007ffa4e1c0000 - 0x00007ffa4e2ba000 	C:\WINDOWS\System32\SHCORE.dll
0x00007ffa4e4c0000 - 0x00007ffa4e51e000 	C:\WINDOWS\System32\shlwapi.dll
0x00007ffa4cba0000 - 0x00007ffa4cbcb000 	C:\WINDOWS\SYSTEM32\profapi.dll
0x00007ffa0df20000 - 0x00007ffa0dff7000 	C:\Program Files\Java\jdk-22\bin\jsvml.dll
0x00007ffa18c90000 - 0x00007ffa18ca0000 	C:\Program Files\Java\jdk-22\bin\net.dll
0x00007ffa4c130000 - 0x00007ffa4c199000 	C:\WINDOWS\system32\mswsock.dll
0x00007ffa0df00000 - 0x00007ffa0df16000 	C:\Program Files\Java\jdk-22\bin\nio.dll
0x00007ffa0dee0000 - 0x00007ffa0def7000 	C:\Program Files\Java\jdk-22\bin\zip.dll
0x00007ffa0ded0000 - 0x00007ffa0deda000 	C:\Program Files\Java\jdk-22\bin\management.dll
0x00007ffa0dec0000 - 0x00007ffa0decb000 	C:\Program Files\Java\jdk-22\bin\management_ext.dll
0x00007ffa4d710000 - 0x00007ffa4d718000 	C:\WINDOWS\System32\PSAPI.DLL
0x00007ffa3e0c0000 - 0x00007ffa3e0d7000 	C:\WINDOWS\system32\napinsp.dll
0x00007ffa3e080000 - 0x00007ffa3e09b000 	C:\WINDOWS\system32\pnrpnsp.dll
0x00007ffa3e050000 - 0x00007ffa3e077000 	C:\WINDOWS\system32\nlansp_c.dll
0x00007ffa4b790000 - 0x00007ffa4b892000 	C:\WINDOWS\SYSTEM32\DNSAPI.dll
0x00007ffa4b720000 - 0x00007ffa4b74d000 	C:\WINDOWS\SYSTEM32\IPHLPAPI.DLL
0x00007ffa4db10000 - 0x00007ffa4db19000 	C:\WINDOWS\System32\NSI.dll
0x00007ffa3e030000 - 0x00007ffa3e041000 	C:\WINDOWS\System32\winrnr.dll
0x00007ffa3e010000 - 0x00007ffa3e025000 	C:\WINDOWS\system32\wshbth.dll
0x00007ffa39ed0000 - 0x00007ffa39eda000 	C:\Windows\System32\rasadhlp.dll
0x00007ffa45930000 - 0x00007ffa459b3000 	C:\WINDOWS\System32\fwpuclnt.dll
0x00007ffa4c380000 - 0x00007ffa4c39b000 	C:\WINDOWS\SYSTEM32\CRYPTSP.dll
0x00007ffa4bc10000 - 0x00007ffa4bc45000 	C:\WINDOWS\system32\rsaenh.dll
0x00007ffa4c220000 - 0x00007ffa4c248000 	C:\WINDOWS\SYSTEM32\USERENV.dll
0x00007ffa4c3a0000 - 0x00007ffa4c3ac000 	C:\WINDOWS\SYSTEM32\CRYPTBASE.dll
0x00007ffa0deb0000 - 0x00007ffa0deb9000 	C:\Program Files\Java\jdk-22\bin\extnet.dll
0x00007ffa0dea0000 - 0x00007ffa0deab000 	C:\Program Files\Java\jdk-22\bin\le.dll
0x00007ffa0de40000 - 0x00007ffa0de4e000 	C:\Program Files\Java\jdk-22\bin\sunmscapi.dll
0x00007ffa4d240000 - 0x00007ffa4d3a6000 	C:\WINDOWS\System32\CRYPT32.dll
0x00007ffa4c540000 - 0x00007ffa4c56d000 	C:\WINDOWS\SYSTEM32\ncrypt.dll
0x00007ffa4c500000 - 0x00007ffa4c537000 	C:\WINDOWS\SYSTEM32\NTASN1.dll
0x00007ffa0dda0000 - 0x00007ffa0ddb0000 	C:\Program Files\Java\jdk-22\bin\verify.dll
0x00007ffa0eeb0000 - 0x00007ffa0eeb8000 	C:\WINDOWS\system32\wshunix.dll

dbghelp: loaded successfully - version: 4.0.5 - missing functions: none
symbol engine: initialized successfully - sym options: 0x614 - pdb path: .;C:\Program Files\Java\jdk-22\bin;C:\WINDOWS\SYSTEM32;C:\WINDOWS\WinSxS\amd64_microsoft.windows.common-controls_6595b64144ccf1df_6.0.22621.4541_none_2710d1c57384c085;C:\Program Files\Java\jdk-22\bin\server

VM Arguments:
jvm_args: -Dcom.sun.management.jmxremote -Dcom.sun.management.jmxremote.port=49838 -Dcom.sun.management.jmxremote.authenticate=false -Dcom.sun.management.jmxremote.ssl=false -Dspring.jmx.enabled=true -Djava.rmi.server.hostname=localhost -Dspring.application.admin.enabled=true -Dspring.boot.project.name=smartcontactmanager -XX:+ShowCodeDetailsInExceptionMessages 
java_command: com.contact.smartcontactmanager.SmartcontactmanagerApplication
java_class_path (initial): E:\SpringBoot\Contact Manager New\smartcontactmanager\target\classes;C:\Users\Nayan Mandal\.m2\repository\org\springframework\boot\spring-boot-starter-data-jpa\3.3.6\spring-boot-starter-data-jpa-3.3.6.jar;C:\Users\Nayan Mandal\.m2\repository\org\springframework\boot\spring-boot-starter-aop\3.3.6\spring-boot-starter-aop-3.3.6.jar;C:\Users\Nayan Mandal\.m2\repository\org\aspectj\aspectjweaver\1.9.22.1\aspectjweaver-1.9.22.1.jar;C:\Users\Nayan Mandal\.m2\repository\org\springframework\boot\spring-boot-starter-jdbc\3.3.6\spring-boot-starter-jdbc-3.3.6.jar;C:\Users\Nayan Mandal\.m2\repository\com\zaxxer\HikariCP\5.1.0\HikariCP-5.1.0.jar;C:\Users\Nayan Mandal\.m2\repository\org\springframework\spring-jdbc\6.1.15\spring-jdbc-6.1.15.jar;C:\Users\Nayan Mandal\.m2\repository\org\hibernate\orm\hibernate-core\6.5.3.Final\hibernate-core-6.5.3.Final.jar;C:\Users\Nayan Mandal\.m2\repository\jakarta\persistence\jakarta.persistence-api\3.1.0\jakarta.persistence-api-3.1.0.jar;C:\Users\Nayan Mandal\.m2\repository\jakarta\transaction\jakarta.transaction-api\2.0.1\jakarta.transaction-api-2.0.1.jar;C:\Users\Nayan Mandal\.m2\repository\org\jboss\logging\jboss-logging\3.5.3.Final\jboss-logging-3.5.3.Final.jar;C:\Users\Nayan Mandal\.m2\repository\org\hibernate\common\hibernate-commons-annotations\6.0.6.Final\hibernate-commons-annotations-6.0.6.Final.jar;C:\Users\Nayan Mandal\.m2\repository\io\smallrye\jandex\3.1.2\jandex-3.1.2.jar;C:\Users\Nayan Mandal\.m2\repository\com\fasterxml\classmate\1.7.0\classmate-1.7.0.jar;C:\Users\Nayan Mandal\.m2\repository\net\bytebuddy\byte-buddy\1.14.19\byte-buddy-1.14.19.jar;C:\Users\Nayan Mandal\.m2\repository\org\glassfish\jaxb\jaxb-runtime\4.0.5\jaxb-runtime-4.0.5.jar;C:\Users\Nayan Mandal\.m2\repository\org\glassfish\jaxb\jaxb-core\4.0.5\jaxb-core-4.0.5.jar;C:\Users\Nayan Mandal\.m2\repository\org\glassfish\jaxb\txw2\4.0.5\txw2-4.0.5.jar;C:\Users\Nayan Mandal\.m2\repository\com\sun\istack\istack-commons-runtime\4.1.2\istack-commons-runtime-4.1.2.jar;C:\Users\Nayan Mandal\.m2\repository\jakarta\inject\jakarta.inject-api\2.0.1\jakarta.inject-api-2.0.1.jar;C:\Users\Nayan Mandal\.m2\repository\org\antlr\antlr4-runtime\4.13.0\antlr4-runtime-4.13.0.jar;C:\Users\Nayan Mandal\.m2\repository\org\springframework\data\spring-data-jpa\3.3.6\spring-data-jpa-3.3.6.jar;C:\Users\Nayan Mandal\.m2\repository\org\springframework\data\spring-data-commons\3.3.6\spring-data-commons-3.3.6.jar;C:\Users\Nayan Mandal\.m2\repository\org\springframework\spring-orm\6.1.15\spring-orm-6.1.15.jar;C:\Users\Nayan Mandal\.m2\repository\org\springframework\spring-context\6.1.15\spring-context-6.1.15.jar;C:\Users\Nayan Mandal\.m2\repository\org\springframework\spring-tx\6.1.15\spring-tx-6.1.15.jar;C:\Users\Nayan Mandal\.m2\repository\org\springframework\spring-beans\6.1.15\spring-beans-6.1.15.jar;C:\Users\Nayan Mandal\.m2\repository\jakarta\annotation\jakarta.annotation-api\2.1.1\jakarta.annotation-api-2.1.1.jar;C:\Users\Nayan Mandal\.m2\repository\org\springframework\spring-aspects\6.1.15\spring-aspects-6.1.15.jar;C:\Users\Nayan Mandal\.m2\repository\org\springframework\boot\spring-boot-starter-security\3.3.6\spring-boot-starter-security-3.3.6.jar;C:\Users\Nayan Mandal\.m2\repository\org\springframework\boot\spring-boot-starter\3.3.6\spring-boot-starter-3.3.6.jar;C:\Users\Nayan Mandal\.m2\repository\org\springframework\boot\spring-boot-starter-logging\3.3.6\spring-boot-starter-logging-3.3.6.jar;C:\Users\Nayan Mandal\.m2\repository\ch\qos\logback\logback-classic\1.5.12\logback-classic-1.5.12.jar;C:\Users\Nayan Mandal\.m2\repository\ch\qos\logback\logback-core\1.5.12\logback-core-1.5.12.jar;C:\Users\Nayan Mandal\.m2\repository\org\apache\logging\log4j\log4j-to-slf4j\2.23.1\log4j-to-slf4j-2.23.1.jar;C:\Users\Nayan Mandal\.m2\repository\org\apache\logging\log4j\log4j-api\2.23.1\log4j-api-2.23.1.jar;C:\Users\Nayan Mandal\.m2\repository\org\slf4j\jul-to-slf4j\2.0.16\jul-to-slf4j-2.0.16.jar;C:\Users\Nayan Mandal\.m2\repository\org\yaml\snakeyaml\2.2\snakeyaml-2.2.jar;C:\Users\Nayan Mandal\.m2\repository\org\springframework\spring-aop\6.1.15\spring-aop-6.1.15.jar;C:\Users\Nayan Mandal\.m2\repository\org\springframework\security\spring-security-config\6.3.5\spring-security-config-6.3.5.jar;C:\Users\Nayan Mandal\.m2\repository\org\springframework\security\spring-security-web\6.3.5\spring-security-web-6.3.5.jar;C:\Users\Nayan Mandal\.m2\repository\org\springframework\spring-expression\6.1.15\spring-expression-6.1.15.jar;C:\Users\Nayan Mandal\.m2\repository\org\springframework\boot\spring-boot-starter-thymeleaf\3.3.6\spring-boot-starter-thymeleaf-3.3.6.jar;C:\Users\Nayan Mandal\.m2\repository\org\thymeleaf\thymeleaf-spring6\3.1.2.RELEASE\thymeleaf-spring6-3.1.2.RELEASE.jar;C:\Users\Nayan Mandal\.m2\repository\org\thymeleaf\thymeleaf\3.1.2.RELEASE\thymeleaf-3.1.2.RELEASE.jar;C:\Users\Nayan Mandal\.m2\repository\org\attoparser\attoparser\2.0.7.RELEASE\attoparser-2.0.7.RELEASE.jar;C:\Users\Nayan Mandal\.m2\repository\org\unbescape\unbescape\1.1.6.RELEASE\unbescape-1.1.6.RELEASE.jar;C:\Users\Nayan Mandal\.m2\repository\org\springframework\boot\spring-boot-starter-web\3.3.6\spring-boot-starter-web-3.3.6.jar;C:\Users\Nayan Mandal\.m2\repository\org\springframework\boot\spring-boot-starter-json\3.3.6\spring-boot-starter-json-3.3.6.jar;C:\Users\Nayan Mandal\.m2\repository\com\fasterxml\jackson\core\jackson-databind\2.17.3\jackson-databind-2.17.3.jar;C:\Users\Nayan Mandal\.m2\repository\com\fasterxml\jackson\core\jackson-annotations\2.17.3\jackson-annotations-2.17.3.jar;C:\Users\Nayan Mandal\.m2\repository\com\fasterxml\jackson\core\jackson-core\2.17.3\jackson-core-2.17.3.jar;C:\Users\Nayan Mandal\.m2\repository\com\fasterxml\jackson\datatype\jackson-datatype-jdk8\2.17.3\jackson-datatype-jdk8-2.17.3.jar;C:\Users\Nayan Mandal\.m2\repository\com\fasterxml\jackson\datatype\jackson-datatype-jsr310\2.17.3\jackson-datatype-jsr310-2.17.3.jar;C:\Users\Nayan Mandal\.m2\repository\com\fasterxml\jackson\module\jackson-module-parameter-names\2.17.3\jackson-module-parameter-names-2.17.3.jar;C:\Users\Nayan Mandal\.m2\repository\org\springframework\boot\spring-boot-starter-tomcat\3.3.6\spring-boot-starter-tomcat-3.3.6.jar;C:\Users\Nayan Mandal\.m2\repository\org\apache\tomcat\embed\tomcat-embed-core\10.1.33\tomcat-embed-core-10.1.33.jar;C:\Users\Nayan Mandal\.m2\repository\org\apache\tomcat\embed\tomcat-embed-websocket\10.1.33\tomcat-embed-websocket-10.1.33.jar;C:\Users\Nayan Mandal\.m2\repository\org\springframework\spring-web\6.1.15\spring-web-6.1.15.jar;C:\Users\Nayan Mandal\.m2\repository\io\micrometer\micrometer-observation\1.13.8\micrometer-observation-1.13.8.jar;C:\Users\Nayan Mandal\.m2\repository\io\micrometer\micrometer-commons\1.13.8\micrometer-commons-1.13.8.jar;C:\Users\Nayan Mandal\.m2\repository\org\springframework\spring-webmvc\6.1.15\spring-webmvc-6.1.15.jar;C:\Users\Nayan Mandal\.m2\repository\org\thymeleaf\extras\thymeleaf-extras-springsecurity6\3.1.2.RELEASE\thymeleaf-extras-springsecurity6-3.1.2.RELEASE.jar;C:\Users\Nayan Mandal\.m2\repository\org\slf4j\slf4j-api\2.0.16\slf4j-api-2.0.16.jar;C:\Users\Nayan Mandal\.m2\repository\org\springframework\boot\spring-boot-devtools\3.3.6\spring-boot-devtools-3.3.6.jar;C:\Users\Nayan Mandal\.m2\repository\org\springframework\boot\spring-boot\3.3.6\spring-boot-3.3.6.jar;C:\Users\Nayan Mandal\.m2\repository\org\springframework\boot\spring-boot-autoconfigure\3.3.6\spring-boot-autoconfigure-3.3.6.jar;C:\Users\Nayan Mandal\.m2\repository\com\mysql\mysql-connector-j\8.3.0\mysql-connector-j-8.3.0.jar;C:\Users\Nayan Mandal\.m2\repository\jakarta\xml\bind\jakarta.xml.bind-api\4.0.2\jakarta.xml.bind-api-4.0.2.jar;C:\Users\Nayan Mandal\.m2\repository\jakarta\activation\jakarta.activation-api\2.1.3\jakarta.activation-api-2.1.3.jar;C:\Users\Nayan Mandal\.m2\repository\org\springframework\spring-core\6.1.15\spring-core-6.1.15.jar;C:\Users\Nayan Mandal\.m2\repository\org\springframework\spring-jcl\6.1.15\spring-jcl-6.1.15.jar;C:\Users\Nayan Mandal\.m2\repository\org\springframework\security\spring-security-core\6.3.5\spring-security-core-6.3.5.jar;C:\Users\Nayan Mandal\.m2\repository\org\springframework\security\spring-security-crypto\6.3.5\spring-security-crypto-6.3.5.jar;C:\Users\Nayan Mandal\.m2\repository\org\springframework\boot\spring-boot-starter-mail\3.4.1\spring-boot-starter-mail-3.4.1.jar;C:\Users\Nayan Mandal\.m2\repository\org\springframework\spring-context-support\6.1.15\spring-context-support-6.1.15.jar;C:\Users\Nayan Mandal\.m2\repository\org\eclipse\angus\jakarta.mail\2.0.3\jakarta.mail-2.0.3.jar;C:\Users\Nayan Mandal\.m2\repository\org\eclipse\angus\angus-activation\2.0.2\angus-activation-2.0.2.jar;C:\Users\Nayan Mandal\.m2\repository\org\springframework\boot\spring-boot-starter-validation\3.3.6\spring-boot-starter-validation-3.3.6.jar;C:\Users\Nayan Mandal\.m2\repository\org\apache\tomcat\embed\tomcat-embed-el\10.1.33\tomcat-embed-el-10.1.33.jar;C:\Users\Nayan Mandal\.m2\repository\org\hibernate\validator\hibernate-validator\8.0.1.Final\hibernate-validator-8.0.1.Final.jar;C:\Users\Nayan Mandal\.m2\repository\jakarta\validation\jakarta.validation-api\3.0.2\jakarta.validation-api-3.0.2.jar
Launcher Type: SUN_STANDARD

[Global flags]
     intx CICompilerCount                          = 3                                         {product} {ergonomic}
     uint ConcGCThreads                            = 1                                         {product} {ergonomic}
     uint G1ConcRefinementThreads                  = 4                                         {product} {ergonomic}
   size_t G1HeapRegionSize                         = 1048576                                   {product} {ergonomic}
   size_t InitialHeapSize                          = 65011712                                  {product} {ergonomic}
     bool ManagementServer                         = true                                      {product} {command line}
   size_t MarkStackSize                            = 4194304                                   {product} {ergonomic}
   size_t MaxHeapSize                              = 1012924416                                {product} {ergonomic}
   size_t MaxNewSize                               = 607125504                                 {product} {ergonomic}
   size_t MinHeapDeltaBytes                        = 1048576                                   {product} {ergonomic}
   size_t MinHeapSize                              = 8388608                                   {product} {ergonomic}
    uintx NonNMethodCodeHeapSize                   = 5832780                                {pd product} {ergonomic}
    uintx NonProfiledCodeHeapSize                  = 122912730                              {pd product} {ergonomic}
    uintx ProfiledCodeHeapSize                     = 122912730                              {pd product} {ergonomic}
    uintx ReservedCodeCacheSize                    = 251658240                              {pd product} {ergonomic}
     bool SegmentedCodeCache                       = true                                      {product} {ergonomic}
     bool ShowCodeDetailsInExceptionMessages       = true                                   {manageable} {command line}
   size_t SoftMaxHeapSize                          = 1012924416                             {manageable} {ergonomic}
     bool UseCompressedOops                        = true                           {product lp64_product} {ergonomic}
     bool UseG1GC                                  = true                                      {product} {ergonomic}
     bool UseLargePagesIndividualAllocation        = false                                  {pd product} {ergonomic}

Logging:
Log output configuration:
 #0: stdout all=warning uptime,level,tags foldmultilines=false
 #1: stderr all=off uptime,level,tags foldmultilines=false

Environment Variables:
PATH=C:\Program Files\Common Files\Oracle\Java\javapath;C:\WINDOWS\system32;C:\WINDOWS;C:\WINDOWS\System32\Wbem;C:\WINDOWS\System32\WindowsPowerShell\v1.0\;C:\WINDOWS\System32\OpenSSH\;C:\Program Files\Git\cmd;C:\Program Files\nodejs\;C:\Program Files\MySQL\MySQL Shell 8.0\bin\;C:\Users\Nayan Mandal\AppData\Local\Microsoft\WindowsApps;C:\Users\Nayan Mandal\AppData\Local\Programs\Microsoft VS Code\bin;C:\MinGW\bin;C:\Users\Nayan Mandal\AppData\Local\Microsoft\WinGet\Packages\Schniz.fnm_Microsoft.Winget.Source_8wekyb3d8bbwe;C:\Users\Nayan Mandal\AppData\Roaming\npm
USERNAME=Nayan Mandal
LANG=en_US.UTF-8
OS=Windows_NT
PROCESSOR_IDENTIFIER=Intel64 Family 6 Model 126 Stepping 5, GenuineIntel
TMP=C:\Users\NAYANM~1\AppData\Local\Temp
TEMP=C:\Users\NAYANM~1\AppData\Local\Temp




Periodic native trim disabled

---------------  S Y S T E M  ---------------

OS:
 Windows 11 , 64 bit Build 22621 (10.0.22621.4391)
OS uptime: 0 days 0:05 hours

CPU: total 4 (initial active 4) (2 cores per cpu, 2 threads per core) family 6 model 126 stepping 5 microcode 0xc2, cx8, cmov, fxsr, ht, mmx, 3dnowpref, sse, sse2, sse3, ssse3, sse4.1, sse4.2, popcnt, lzcnt, tsc, tscinvbit, avx, avx2, aes, erms, clmul, bmi1, bmi2, adx, avx512f, avx512dq, avx512cd, avx512bw, avx512vl, sha, fma, vzeroupper, avx512_vpopcntdq, avx512_vpclmulqdq, avx512_vaes, avx512_vnni, clflush, clflushopt, avx512_vbmi2, avx512_vbmi, rdtscp, rdpid, fsrm, gfni, avx512_bitalg, f16c, pku, avx512_ifma
Processor Information for all 4 processors :
  Max Mhz: 1190, Current Mhz: 1190, Mhz Limit: 1190

Memory: 4k page, system-wide physical 3863M (192M free)
TotalPageFile size 8640M (AvailPageFile size 5M)
current process WorkingSet (physical memory assigned to process): 88M, peak: 270M
current process commit charge ("private bytes"): 293M, peak: 302M

vm_info: Java HotSpot(TM) 64-Bit Server VM (22.0.2+9-70) for windows-amd64 JRE (22.0.2+9-70), built on 2024-06-04T16:52:23Z by "mach5one" with MS VC++ 17.6 (VS2022)

END.
